================================================================================
GEOREFERENCING REPORT
================================================================================
Date: 2026-06-25 23:47:56
Source Raster: atlas/1_introductory/2_history_of_exploration/5_main_expeditions_by_periods_p_7-12/maps/P_10-11_VIIb/P_10-11_VIIb.tiff
Target Raster: atlas/1_introductory/2_history_of_exploration/5_main_expeditions_by_periods_p_7-12/maps/P_10-11_VIIb.tiff
Tie Points: atlas/1_introductory/2_history_of_exploration/5_main_expeditions_by_periods_p_7-12/maps/P_10-11_VIIb/P_10-11_VIIb.gpkg

Target CRS: EPSG:3031
Number of tie points: 19
Source dimensions: 8311 x 5192 pixels
Source bands: 3

--------------------------------------------------------------------------------
CONTROL POINTS
--------------------------------------------------------------------------------
ID    Pixel X    Pixel Y    Map X        Map Y        Target X     Target Y    
--------------------------------------------------------------------------------
1     3944.2     1006.6     -177989      1338671      0            -1089179    
2     4799.4     153.5      542350       2057186      1089179      0           
3     3082.1     165.4      -904108      2047150      -1089179     0           
4     2222.0     171.0      -1628477     2042435      -2194494     0           
5     3941.1     161.1      -180575      2050799      0            0           
6     7373.6     134.9      2710441      2072849      4524538      0           
7     6592.1     2339.9     2052220      215696       3465997      -2908317    
8     965.1      1886.3     -2687147     597745       -3918365     -2262269    
9     3969.6     4448.9     -156548      -1560651     0            -5791904    
10    5139.6     3376.1     828844       -657071      1547483      -4251675    
11    2785.4     3389.3     -1153953     -668172      -1547483     -4251675    
12    2209.9     5002.4     -1638666     -2026812     -2450326     -6732214    
13    3950.9     1871.2     -172363      610481       0            -2194494    
14    6187.8     1421.1     1711743      989583       2886579      -1666567    
15    5660.5     148.4      1267556      2061501      2194494      0           
16    6516.4     141.5      1988505      2067279      3333134      0           
17    5437.7     995.9      1079906      1347700      1900488      -1097247    
18    548.1      763.2      -3038364     1543714      -4455800     -785678     
19    6116.6     3854.7     1651753      -1060124     2895952      -5015936    

--------------------------------------------------------------------------------
RESIDUAL ANALYSIS
--------------------------------------------------------------------------------
ID    dX (m)       dY (m)       Residual (m)   
--------------------------------------------------------------------------------
1     -9481.97     -33325.52    34648.21       
2     33775.92     32437.12     46829.26       
3     -39387.89    21662.04     44951.64       
4     -61604.85    16768.76     63846.29       
5     -2354.05     24843.44     24954.72       
6     -26773.95    49585.69     56352.33       
7     -21814.50    -31776.11    38543.40       
8     -8142.13     -44613.31    45350.21       
9     -21511.19    -1897.07     21594.68       
10    -21113.62    -90006.76    92450.00       
11    -12481.54    -100496.41   101268.54      
12    114646.00    192891.51    224389.93      
13    -12127.69    -101248.70   101972.45      
14    39780.52     -25416.24    47206.72       
15    57288.40     36684.15     68027.11       
16    40871.58     43305.20     59546.84       
17    48045.48     -15402.61    50454.02       
18    -2551.39     4194.29      4909.35        
19    -95063.12    21810.52     97533.05       
--------------------------------------------------------------------------------

TRANSFORMATION STATISTICS
--------------------------------------------------------------------------------
Transformation type: Affine (1st-order polynomial, 6 parameters)
Number of GCPs used: 19
Degrees of freedom:  16

Residual Errors:
  Mean error:       64464.67 m
  RMSE (total):     79250.87 m
  RMSE X:           45931.15 m
  RMSE Y:           64583.51 m
  Std deviation:    46097.79 m
  Maximum error:   224389.93 m
  Minimum error:     4909.35 m

Transformation Matrix:
  a (scale X):        1310.946195
  b (rotation):        -13.189364
  c (translation X):     -5166807.44
  d (rotation):         -3.141438
  e (scale Y):       -1356.994871
  f (translation Y):       255857.06

Derived Parameters:
  Pixel size X:      1310.95 m/pixel
  Pixel size Y:      1356.99 m/pixel
  Rotation:          -0.5764 degrees

QUALITY ASSESSMENT
--------------------------------------------------------------------------------
Overall quality: POOR (RMSE: 79250.87 m)
WARNING: Point 12 has unusually high residual.
         Consider checking this control point.

================================================================================