================================================================================
GEOREFERENCING REPORT
================================================================================
Date: 2026-03-13 09:22:20
Source Raster: atlas/3_regional/12_continent_and_islands/45_wilkes_land_p_152-168/maps/P_163-164_Ib/P_163-164_Ib.tiff
Target Raster: atlas/3_regional/12_continent_and_islands/45_wilkes_land_p_152-168/maps/P_163-164_Ib.tiff
Tie Points: atlas/3_regional/12_continent_and_islands/45_wilkes_land_p_152-168/maps/P_163-164_Ib/P_163-164_Ib.gpkg

Target CRS: EPSG:3031
Number of tie points: 13
Source dimensions: 5181 x 8279 pixels
Source bands: 3

--------------------------------------------------------------------------------
CONTROL POINTS
--------------------------------------------------------------------------------
ID    Pixel X    Pixel Y    Map X        Map Y        Target X     Target Y    
--------------------------------------------------------------------------------
1     -792.2     752.7      -2860096     2863546      -2553329     2142497     
2     6007.0     783.0      2888687      2837927      2553329      2142497     
3     5984.1     7402.3     2869304      -2758760     2553329      -2142497    
4     -1240.0    6631.1     -3238728     -2106642     -2886579     -1666567    
5     2591.9     4077.6     1147         52347        0            0           
6     -357.9     4062.5     -2492877     65103        -2194494     0           
7     2618.4     632.1      23551        2965583      0            2194494     
8     5557.0     4091.0     2508174      41032        2194494      0           
9     2590.2     7514.3     -285         -2853438     0            -2194494    
10    2593.3     5802.7     2389         -1406298     0            -1089179    
11    4075.7     4084.2     1255775      46768        1089179      0           
12    1120.7     4070.0     -1242710     58770        -1089179     0           
13    2598.4     2359.3     6667         1505155      0            1089179     

--------------------------------------------------------------------------------
RESIDUAL ANALYSIS
--------------------------------------------------------------------------------
ID    dX (m)       dY (m)       Residual (m)   
--------------------------------------------------------------------------------
1     7128.10      -15321.06    16898.07       
2     -9364.03     -14538.82    17293.42       
3     -11986.97    15032.29     19226.47       
4     18039.92     13403.10     22474.03       
5     -5490.22     -191.54      5493.57        
6     -19293.39    717.87       19306.74       
7     6778.99      20427.36     21522.82       
8     19821.94     41.43        19821.98       
9     790.08       -15070.82    15091.51       
10    -601.57      -20065.66    20074.68       
11    16219.97     -11.56       16219.98       
12    -17665.75    308.75       17668.45       
13    -4377.08     15268.66     15883.66       
--------------------------------------------------------------------------------

TRANSFORMATION STATISTICS
--------------------------------------------------------------------------------
Transformation type: Affine (1st-order polynomial, 6 parameters)
Number of GCPs used: 13
Degrees of freedom:  10

Residual Errors:
  Mean error:       17459.64 m
  RMSE (total):     17924.45 m
  RMSE X:           12539.70 m
  RMSE Y:           12807.88 m
  Std deviation:     4055.46 m
  Maximum error:    22474.03 m
  Minimum error:     5493.57 m

Transformation Matrix:
  a (scale X):         748.635658
  b (rotation):          2.196428
  c (translation X):     -1954802.66
  d (rotation):          2.979921
  e (scale Y):        -642.872584
  f (translation Y):      2613455.07

Derived Parameters:
  Pixel size X:       748.64 m/pixel
  Pixel size Y:       642.87 m/pixel
  Rotation:           0.1681 degrees

QUALITY ASSESSMENT
--------------------------------------------------------------------------------
Overall quality: POOR (RMSE: 17924.45 m)

================================================================================