================================================================================
GEOREFERENCING REPORT
================================================================================
Date: 2026-06-25 00:20:53
Source Raster: atlas/1_introductory/3_map_coverage/6_published_maps_of_antarctica_p_13-14/maps/P_13-14_I_B/P_13-14_I_B.tiff
Target Raster: atlas/1_introductory/3_map_coverage/6_published_maps_of_antarctica_p_13-14/maps/P_13-14_I_B.tiff
Tie Points: atlas/1_introductory/3_map_coverage/6_published_maps_of_antarctica_p_13-14/maps/P_13-14_I_B/P_13-14_I_B.gpkg

Target CRS: EPSG:3031
Number of tie points: 13
Source dimensions: 2669 x 2913 pixels
Source bands: 3

--------------------------------------------------------------------------------
CONTROL POINTS
--------------------------------------------------------------------------------
ID    Pixel X    Pixel Y    Map X        Map Y        Target X     Target Y    
--------------------------------------------------------------------------------
1     144.3      264.9      -2860096     2863546      -2553329     2142497     
2     2536.6     275.5      2888687      2837927      2553329      2142497     
3     2528.5     2604.5     2869304      -2758760     2553329      -2142497    
4     -13.3      2333.2     -3238728     -2106642     -2886579     -1666567    
5     1335.0     1434.7     1147         52347        0            0           
6     297.1      1429.4     -2492877     65103        -2194494     0           
7     1344.3     222.4      23551        2965583      0            2194494     
8     2378.3     1439.4     2508174      41032        2194494      0           
9     1334.4     2643.9     -285         -2853438     0            -2194494    
10    1335.5     2041.7     2389         -1406298     0            -1089179    
11    1857.1     1437.0     1255775      46768        1089179      0           
12    817.4      1432.0     -1242710     58770        -1089179     0           
13    1337.3     830.1      6667         1505155      0            1089179     

--------------------------------------------------------------------------------
RESIDUAL ANALYSIS
--------------------------------------------------------------------------------
ID    dX (m)       dY (m)       Residual (m)   
--------------------------------------------------------------------------------
1     7128.10      -15321.06    16898.07       
2     -9364.03     -14538.82    17293.42       
3     -11986.97    15032.29     19226.47       
4     18039.92     13403.10     22474.03       
5     -5490.22     -191.54      5493.57        
6     -19293.39    717.87       19306.74       
7     6778.99      20427.36     21522.82       
8     19821.94     41.43        19821.98       
9     790.08       -15070.82    15091.51       
10    -601.57      -20065.66    20074.68       
11    16219.97     -11.56       16219.98       
12    -17665.75    308.75       17668.45       
13    -4377.08     15268.66     15883.66       
--------------------------------------------------------------------------------

TRANSFORMATION STATISTICS
--------------------------------------------------------------------------------
Transformation type: Affine (1st-order polynomial, 6 parameters)
Number of GCPs used: 13
Degrees of freedom:  10

Residual Errors:
  Mean error:       17459.64 m
  RMSE (total):     17924.45 m
  RMSE X:           12539.70 m
  RMSE Y:           12807.88 m
  Std deviation:     4055.46 m
  Maximum error:    22474.03 m
  Minimum error:     5493.57 m

Transformation Matrix:
  a (scale X):        2127.687816
  b (rotation):          6.242441
  c (translation X):     -2854861.38
  d (rotation):          8.469194
  e (scale Y):       -1827.099940
  f (translation Y):      2609872.42

Derived Parameters:
  Pixel size X:      2127.69 m/pixel
  Pixel size Y:      1827.10 m/pixel
  Rotation:           0.1681 degrees

QUALITY ASSESSMENT
--------------------------------------------------------------------------------
Overall quality: POOR (RMSE: 17924.45 m)

================================================================================