================================================================================
GEOREFERENCING REPORT
================================================================================
Date: 2026-03-13 09:20:13
Source Raster: atlas/2_general/7_climate/26_atmospheric_pressure_and_winds_p_79-86/maps/P_79_II_A/P_79_II_A.tiff
Target Raster: atlas/2_general/7_climate/26_atmospheric_pressure_and_winds_p_79-86/maps/P_79_II_A.tiff
Tie Points: atlas/2_general/7_climate/26_atmospheric_pressure_and_winds_p_79-86/maps/P_79_II_A/P_79_II_A.gpkg

Target CRS: EPSG:3031
Number of tie points: 13
Source dimensions: 1714 x 1727 pixels
Source bands: 3

--------------------------------------------------------------------------------
CONTROL POINTS
--------------------------------------------------------------------------------
ID    Pixel X    Pixel Y    Map X        Map Y        Target X     Target Y    
--------------------------------------------------------------------------------
1     151.4      157.0      -2860096     2863546      -2553329     2142497     
2     1569.7     163.3      2888687      2837927      2553329      2142497     
3     1564.9     1544.1     2869304      -2758760     2553329      -2142497    
4     58.0       1383.2     -3238728     -2106642     -2886579     -1666567    
5     857.3      850.6      1147         52347        0            0           
6     242.0      847.4      -2492877     65103        -2194494     0           
7     862.8      131.8      23551        2965583      0            2194494     
8     1475.8     853.4      2508174      41032        2194494      0           
9     856.9      1567.5     -285         -2853438     0            -2194494    
10    857.6      1210.5     2389         -1406298     0            -1089179    
11    1166.8     852.0      1255775      46768        1089179      0           
12    550.4      849.0      -1242710     58770        -1089179     0           
13    858.6      492.2      6667         1505155      0            1089179     

--------------------------------------------------------------------------------
RESIDUAL ANALYSIS
--------------------------------------------------------------------------------
ID    dX (m)       dY (m)       Residual (m)   
--------------------------------------------------------------------------------
1     7128.10      -15321.06    16898.07       
2     -9364.03     -14538.82    17293.42       
3     -11986.97    15032.29     19226.47       
4     18039.92     13403.10     22474.03       
5     -5490.22     -191.54      5493.57        
6     -19293.39    717.87       19306.74       
7     6778.99      20427.36     21522.82       
8     19821.94     41.43        19821.98       
9     790.08       -15070.82    15091.51       
10    -601.57      -20065.66    20074.68       
11    16219.97     -11.56       16219.98       
12    -17665.75    308.75       17668.45       
13    -4377.08     15268.66     15883.66       
--------------------------------------------------------------------------------

TRANSFORMATION STATISTICS
--------------------------------------------------------------------------------
Transformation type: Affine (1st-order polynomial, 6 parameters)
Number of GCPs used: 13
Degrees of freedom:  10

Residual Errors:
  Mean error:       17459.64 m
  RMSE (total):     17924.45 m
  RMSE X:           12539.70 m
  RMSE Y:           12807.88 m
  Std deviation:     4055.46 m
  Maximum error:    22474.03 m
  Minimum error:     5493.57 m

Transformation Matrix:
  a (scale X):        3588.856172
  b (rotation):         10.529375
  c (translation X):     -3091111.72
  d (rotation):         14.285329
  e (scale Y):       -3081.842575
  f (translation Y):      2608932.03

Derived Parameters:
  Pixel size X:      3588.86 m/pixel
  Pixel size Y:      3081.84 m/pixel
  Rotation:           0.1681 degrees

QUALITY ASSESSMENT
--------------------------------------------------------------------------------
Overall quality: POOR (RMSE: 17924.45 m)

================================================================================