================================================================================
GEOREFERENCING REPORT
================================================================================
Date: 2026-03-15 00:49:31
Source Raster: atlas/2_general/10_biology/39_marine_vertebrates_p_130-131/maps/P_131_IX/P_131_IX.tiff
Target Raster: atlas/2_general/10_biology/39_marine_vertebrates_p_130-131/maps/P_131_IX.tiff
Tie Points: atlas/2_general/10_biology/39_marine_vertebrates_p_130-131/maps/P_131_IX/P_131_IX.gpkg

Target CRS: EPSG:3031
Number of tie points: 13
Source dimensions: 4158 x 4812 pixels
Source bands: 3

--------------------------------------------------------------------------------
CONTROL POINTS
--------------------------------------------------------------------------------
ID    Pixel X    Pixel Y    Map X        Map Y        Target X     Target Y    
--------------------------------------------------------------------------------
1     112.9      437.5      -2860096     2863546      -2553329     2142497     
2     4064.8     455.1      2888687      2837927      2553329      2142497     
3     4051.4     4302.5     2869304      -2758760     2553329      -2142497    
4     -147.4     3854.2     -3238728     -2106642     -2886579     -1666567    
5     2079.8     2370.0     1147         52347        0            0           
6     365.3      2361.2     -2492877     65103        -2194494     0           
7     2095.2     367.4      23551        2965583      0            2194494     
8     3803.2     2377.8     2508174      41032        2194494      0           
9     2078.8     4367.5     -285         -2853438     0            -2194494    
10    2080.6     3372.7     2389         -1406298     0            -1089179    
11    2942.3     2373.9     1255775      46768        1089179      0           
12    1224.7     2365.6     -1242710     58770        -1089179     0           
13    2083.6     1371.3     6667         1505155      0            1089179     

--------------------------------------------------------------------------------
RESIDUAL ANALYSIS
--------------------------------------------------------------------------------
ID    dX (m)       dY (m)       Residual (m)   
--------------------------------------------------------------------------------
1     7128.10      -15321.06    16898.07       
2     -9364.03     -14538.82    17293.42       
3     -11986.97    15032.29     19226.47       
4     18039.92     13403.10     22474.03       
5     -5490.22     -191.54      5493.57        
6     -19293.39    717.87       19306.74       
7     6778.99      20427.36     21522.82       
8     19821.94     41.43        19821.98       
9     790.08       -15070.82    15091.51       
10    -601.57      -20065.66    20074.68       
11    16219.97     -11.56       16219.98       
12    -17665.75    308.75       17668.45       
13    -4377.08     15268.66     15883.66       
--------------------------------------------------------------------------------

TRANSFORMATION STATISTICS
--------------------------------------------------------------------------------
Transformation type: Affine (1st-order polynomial, 6 parameters)
Number of GCPs used: 13
Degrees of freedom:  10

Residual Errors:
  Mean error:       17459.64 m
  RMSE (total):     17924.45 m
  RMSE X:           12539.70 m
  RMSE Y:           12807.88 m
  Std deviation:     4055.46 m
  Maximum error:    22474.03 m
  Minimum error:     5493.57 m

Transformation Matrix:
  a (scale X):        1288.020492
  b (rotation):          3.778934
  c (translation X):     -2693256.59
  d (rotation):          5.126925
  e (scale Y):       -1106.056136
  f (translation Y):      2610515.68

Derived Parameters:
  Pixel size X:      1288.02 m/pixel
  Pixel size Y:      1106.06 m/pixel
  Rotation:           0.1681 degrees

QUALITY ASSESSMENT
--------------------------------------------------------------------------------
Overall quality: POOR (RMSE: 17924.45 m)

================================================================================