================================================================================
GEOREFERENCING REPORT
================================================================================
Date: 2026-06-25 00:24:53
Source Raster: atlas/3_regional/12_continent_and_islands/48_oceanic_islands_p_178-180/maps/P_180_VIII/P_180_VIII.tiff
Target Raster: atlas/3_regional/12_continent_and_islands/48_oceanic_islands_p_178-180/maps/P_180_VIII.tiff
Tie Points: atlas/3_regional/12_continent_and_islands/48_oceanic_islands_p_178-180/maps/P_180_VIII/P_180_VIII.gpkg

Target CRS: EPSG:3031
Number of tie points: 13
Source dimensions: 2477 x 1189 pixels
Source bands: 3

--------------------------------------------------------------------------------
CONTROL POINTS
--------------------------------------------------------------------------------
ID    Pixel X    Pixel Y    Map X        Map Y        Target X     Target Y    
--------------------------------------------------------------------------------
1     226.4      -418.8     -2860096     2863546      -2553329     2142497     
2     2260.7     -409.7     2888687      2837927      2553329      2142497     
3     2253.8     1570.7     2869304      -2758760     2553329      -2142497    
4     92.5       1340.0     -3238728     -2106642     -2886579     -1666567    
5     1238.9     576.0      1147         52347        0            0           
6     356.4      571.5      -2492877     65103        -2194494     0           
7     1246.8     -454.9     23551        2965583      0            2194494     
8     2126.0     580.0      2508174      41032        2194494      0           
9     1238.4     1604.2     -285         -2853438     0            -2194494    
10    1239.3     1092.1     2389         -1406298     0            -1089179    
11    1682.9     578.0      1255775      46768        1089179      0           
12    798.8      573.7      -1242710     58770        -1089179     0           
13    1240.9     61.9       6667         1505155      0            1089179     

--------------------------------------------------------------------------------
RESIDUAL ANALYSIS
--------------------------------------------------------------------------------
ID    dX (m)       dY (m)       Residual (m)   
--------------------------------------------------------------------------------
1     7128.10      -15321.06    16898.07       
2     -9364.03     -14538.82    17293.42       
3     -11986.97    15032.29     19226.47       
4     18039.92     13403.10     22474.03       
5     -5490.22     -191.54      5493.57        
6     -19293.39    717.87       19306.74       
7     6778.99      20427.36     21522.82       
8     19821.94     41.43        19821.98       
9     790.08       -15070.82    15091.51       
10    -601.57      -20065.66    20074.68       
11    16219.97     -11.56       16219.98       
12    -17665.75    308.75       17668.45       
13    -4377.08     15268.66     15883.66       
--------------------------------------------------------------------------------

TRANSFORMATION STATISTICS
--------------------------------------------------------------------------------
Transformation type: Affine (1st-order polynomial, 6 parameters)
Number of GCPs used: 13
Degrees of freedom:  10

Residual Errors:
  Mean error:       17459.64 m
  RMSE (total):     17924.45 m
  RMSE X:           12539.70 m
  RMSE Y:           12807.88 m
  Std deviation:     4055.46 m
  Maximum error:    22474.03 m
  Minimum error:     5493.57 m

Transformation Matrix:
  a (scale X):        2502.202103
  b (rotation):          7.341231
  c (translation X):     -3109711.54
  d (rotation):          9.959937
  e (scale Y):       -2148.704936
  f (translation Y):      1225073.20

Derived Parameters:
  Pixel size X:      2502.20 m/pixel
  Pixel size Y:      2148.70 m/pixel
  Rotation:           0.1681 degrees

QUALITY ASSESSMENT
--------------------------------------------------------------------------------
Overall quality: POOR (RMSE: 17924.45 m)

================================================================================