================================================================================
GEOREFERENCING REPORT
================================================================================
Date: 2026-01-05 23:47:59
Source Raster: atlas/2_general/8_glaciation/29_ice_sheet_morphology_p_94-95/maps/P_94-95_II_A_georeferencing/P_94-95_II_A.tiff
Target Raster: atlas/2_general/8_glaciation/29_ice_sheet_morphology_p_94-95/maps/P_94-95_II_A.tiff
Tie Points: atlas/2_general/8_glaciation/29_ice_sheet_morphology_p_94-95/maps/P_94-95_II_A_georeferencing/P_94-95_II_A.gpkg

Target CRS: EPSG:3031
Number of tie points: 13
Source dimensions: 791 x 3541 pixels
Source bands: 3

--------------------------------------------------------------------------------
CONTROL POINTS
--------------------------------------------------------------------------------
ID    Pixel X    Pixel Y    Map X        Map Y        Target X     Target Y    
--------------------------------------------------------------------------------
1     -1051.3    322.0      -2860096     2863546      -2553329     2142497     
2     1856.8     334.9      2888687      2837927      2553329      2142497     
3     1847.0     3166.0     2869304      -2758760     2553329      -2142497    
4     -1242.8    2836.2     -3238728     -2106642     -2886579     -1666567    
5     396.1      1744.0     1147         52347        0            0           
6     -865.5     1737.6     -2492877     65103        -2194494     0           
7     407.4      270.3      23551        2965583      0            2194494     
8     1664.3     1749.7     2508174      41032        2194494      0           
9     395.4      3213.9     -285         -2853438     0            -2194494    
10    396.7      2481.9     2389         -1406298     0            -1089179    
11    1030.7     1746.8     1255775      46768        1089179      0           
12    -233.1     1740.8     -1242710     58770        -1089179     0           
13    398.9      1009.1     6667         1505155      0            1089179     

--------------------------------------------------------------------------------
RESIDUAL ANALYSIS
--------------------------------------------------------------------------------
ID    dX (m)       dY (m)       Residual (m)   
--------------------------------------------------------------------------------
1     7128.10      -15321.06    16898.07       
2     -9364.03     -14538.82    17293.42       
3     -11986.97    15032.29     19226.47       
4     18039.92     13403.10     22474.03       
5     -5490.22     -191.54      5493.57        
6     -19293.39    717.87       19306.74       
7     6778.99      20427.36     21522.82       
8     19821.94     41.43        19821.98       
9     790.08       -15070.82    15091.51       
10    -601.57      -20065.66    20074.68       
11    16219.97     -11.56       16219.98       
12    -17665.75    308.75       17668.45       
13    -4377.08     15268.66     15883.66       
--------------------------------------------------------------------------------

TRANSFORMATION STATISTICS
--------------------------------------------------------------------------------
Transformation type: Polynomial (affine)
Number of GCPs used: 13

Residual Errors:
  Mean error:       17459.64 m
  RMSE (total):     17924.45 m
  RMSE X:           12539.70 m
  RMSE Y:           12807.88 m
  Std deviation:     4055.46 m
  Maximum error:    22474.03 m
  Minimum error:     5493.57 m

Transformation Matrix:
  a (scale X):        1750.340189
  b (rotation):          5.135338
  c (translation X):      -707721.53
  d (rotation):          6.967174
  e (scale Y):       -1503.061883
  f (translation Y):      2618419.04

Derived Parameters:
  Pixel size X:      1750.34 m/pixel
  Pixel size Y:      1503.06 m/pixel
  Rotation:           0.1681 degrees

QUALITY ASSESSMENT
--------------------------------------------------------------------------------
Overall quality: POOR (RMSE: 17924.45 m)

================================================================================