================================================================================
GEOREFERENCING REPORT
================================================================================
Date: 2026-06-25 00:21:51
Source Raster: atlas/2_general/5_aeronomy_and_physics_of_the_earth/20_gravity_measurements_p_49-54/maps/P_52-53_IIIa/P_52-53_IIIa.tiff
Target Raster: atlas/2_general/5_aeronomy_and_physics_of_the_earth/20_gravity_measurements_p_49-54/maps/P_52-53_IIIa.tiff
Tie Points: atlas/2_general/5_aeronomy_and_physics_of_the_earth/20_gravity_measurements_p_49-54/maps/P_52-53_IIIa/P_52-53_IIIa.gpkg

Target CRS: EPSG:3031
Number of tie points: 31
Source dimensions: 5183 x 8277 pixels
Source bands: 3

--------------------------------------------------------------------------------
CONTROL POINTS
--------------------------------------------------------------------------------
ID    Pixel X    Pixel Y    Map X        Map Y        Target X     Target Y    
--------------------------------------------------------------------------------
1     4275.3     4143.3     1424042      -4042        -543593      0           
2     3409.7     4142.2     691965       -3109        -1089179     0           
3     2544.3     4140.8     -39905       -1969        -1638783     0           
4     1683.3     4139.6     -768043      -933         -2194494     0           
5     822.4      4138.1     -1496182     311          -2758502     0           
6     4693.0     1592.6     1777280      2153113      -284572      1613886     
7     4841.5     2443.6     1902903      1433370      -189134      1072632     
8     4984.7     3294.7     2023966      713627       -94394       535335      
9     4981.3     4994.3     2021063      -723785      -94394       -535335     
10    4834.7     5844.9     1897099      -1443113     -189134      -1072632    
11    4684.7     6696.2     1770231      -2163063     -284572      -1613886    
12    4534.3     7542.7     1643053      -2878971     -381070      -2161155    
13    277.6      2366.6     -1956904     1498566      -3132121     1139999     
14    1179.4     811.7      -1194251     2813568      -2553329     2142497     
15    1822.3     181.4      -650505      3346586      -2142497     2553329     
16    2489.2     6360.0     -86496       -1878753     -1681080     -1410594    
17    1888.3     5320.9     -594690      -999959      -2062150     -750561     
18    1171.0     7463.9     -1201299     -2812324     -2553329     -2142497    
19    2986.9     405.7      334374       3156856      -1379251     2388933     
20    3473.9     2158.6     746277       1674459      -1053390     1255381     
21    2359.9     7444.5     -195898      -2795948     -1773131     -2113135    
22    1402.2     1981.1     -1005816     1824544      -2388933     1379251     
23    2896.9     2847.8     258295       1091534      -1419228     819392      
24    3639.6     5008.1     886411       -735394      -943257      -544590     
25    2697.1     5027.2     89346        -751563      -1539953     -560497     
26    3466.9     6127.9     740369       -1682440     -1053390     -1255381    
27    1894.4     2959.7     -589559      996902       -2062150     750561      
28    4545.6     743.9      1652589      2870886      -381070      2161155     
29    3815.9     3032.0     1035459      935749       -834360      700111      
30    3513.1     3552.4     779445       495652       -1023494     372521      
31    4389.2     4576.3     1520332      -370236      -470766      -271797     

--------------------------------------------------------------------------------
RESIDUAL ANALYSIS
--------------------------------------------------------------------------------
ID    dX (m)       dY (m)       Residual (m)   
--------------------------------------------------------------------------------
1     328.77       214.63       392.62         
2     -9956.57     1051.08      10011.89       
3     -16067.36    2043.90      16196.84       
4     -13237.43    2957.84      13563.86       
5     -2111.29     4028.20      4547.96        
6     4458.35      13891.52     14589.42       
7     6096.55      12059.02     13512.51       
8     4969.53      6270.76      8001.17        
9     6140.16      -7622.42     9787.90        
10    8441.71      -13053.48    15545.28       
11    9238.72      -14996.66    17614.02       
12    10850.65     -7875.30     13407.34       
13    18162.56     -5416.79     18953.10       
14    15369.26     -15851.22    22078.84       
15    16154.99     -24605.89    29435.24       
16    -4741.15     -3433.51     5853.85        
17    -11608.04    -302.72      11611.99       
18    23224.14     24268.76     33590.67       
19    1176.57      -3544.68     3734.85        
20    -8444.87     11427.70     14209.44       
21    6393.16      7081.08      9540.13        
22    -3625.59     1117.43      3793.89        
23    -11765.18    7673.62      14046.49       
24    -6515.76     -6921.18     9505.67        
25    -14997.56    -3069.83     15308.52       
26    -5050.65     -10673.66    11808.30       
27    -12399.88    5255.31      13467.56       
28    4593.60      8223.49      9419.50        
29    -6163.03     9269.51      11131.34       
30    -10388.81    4842.13      11461.83       
31    1474.48      -4308.65     4553.96        
--------------------------------------------------------------------------------

TRANSFORMATION STATISTICS
--------------------------------------------------------------------------------
Transformation type: Affine (1st-order polynomial, 6 parameters)
Number of GCPs used: 31
Degrees of freedom:  28

Residual Errors:
  Mean error:       12602.45 m
  RMSE (total):     14361.38 m
  RMSE X:           10372.91 m
  RMSE Y:            9932.36 m
  Std deviation:     6886.75 m
  Maximum error:    33590.67 m
  Minimum error:      392.62 m

Transformation Matrix:
  a (scale X):         642.156622
  b (rotation):          1.985292
  c (translation X):     -3296920.13
  d (rotation):         -0.153177
  e (scale Y):        -638.114528
  f (translation Y):      2644756.52

Derived Parameters:
  Pixel size X:       642.16 m/pixel
  Pixel size Y:       638.11 m/pixel
  Rotation:           0.1771 degrees

QUALITY ASSESSMENT
--------------------------------------------------------------------------------
Overall quality: POOR (RMSE: 14361.38 m)

================================================================================