================================================================================
GEOREFERENCING REPORT
================================================================================
Date: 2026-03-15 00:52:02
Source Raster: atlas/2_general/9_waters_of_the_southern_ocean/37_sea_ice_and_icebergs_p_124-126/maps/P_124_II/P_124_II.tiff
Target Raster: atlas/2_general/9_waters_of_the_southern_ocean/37_sea_ice_and_icebergs_p_124-126/maps/P_124_II.tiff
Tie Points: atlas/2_general/9_waters_of_the_southern_ocean/37_sea_ice_and_icebergs_p_124-126/maps/P_124_II/P_124_II.gpkg

Target CRS: EPSG:3031
Number of tie points: 13
Source dimensions: 4137 x 2875 pixels
Source bands: 3

--------------------------------------------------------------------------------
CONTROL POINTS
--------------------------------------------------------------------------------
ID    Pixel X    Pixel Y    Map X        Map Y        Target X     Target Y    
--------------------------------------------------------------------------------
1     378.2      -254.9     -2860096     2863546      -2553329     2142497     
2     3775.7     -239.7     2888687      2837927      2553329      2142497     
3     3764.3     3067.9     2869304      -2758760     2553329      -2142497    
4     154.4      2682.5     -3238728     -2106642     -2886579     -1666567    
5     2069.2     1406.6     1147         52347        0            0           
6     595.2      1399.0     -2492877     65103        -2194494     0           
7     2082.4     -315.2     23551        2965583      0            2194494     
8     3550.8     1413.3     2508174      41032        2194494      0           
9     2068.3     3123.9     -285         -2853438     0            -2194494    
10    2069.9     2268.6     2389         -1406298     0            -1089179    
11    2810.7     1409.9     1255775      46768        1089179      0           
12    1334.1     1402.8     -1242710     58770        -1089179     0           
13    2072.4     548.0      6667         1505155      0            1089179     

--------------------------------------------------------------------------------
RESIDUAL ANALYSIS
--------------------------------------------------------------------------------
ID    dX (m)       dY (m)       Residual (m)   
--------------------------------------------------------------------------------
1     7128.10      -15321.06    16898.07       
2     -9364.03     -14538.82    17293.42       
3     -11986.97    15032.29     19226.47       
4     18039.92     13403.10     22474.03       
5     -5490.22     -191.54      5493.57        
6     -19293.39    717.87       19306.74       
7     6778.99      20427.36     21522.82       
8     19821.94     41.43        19821.98       
9     790.08       -15070.82    15091.51       
10    -601.57      -20065.66    20074.68       
11    16219.97     -11.56       16219.98       
12    -17665.75    308.75       17668.45       
13    -4377.08     15268.66     15883.66       
--------------------------------------------------------------------------------

TRANSFORMATION STATISTICS
--------------------------------------------------------------------------------
Transformation type: Affine (1st-order polynomial, 6 parameters)
Number of GCPs used: 13
Degrees of freedom:  10

Residual Errors:
  Mean error:       17459.64 m
  RMSE (total):     17924.45 m
  RMSE X:           12539.70 m
  RMSE Y:           12807.88 m
  Std deviation:     4055.46 m
  Maximum error:    22474.03 m
  Minimum error:     5493.57 m

Transformation Matrix:
  a (scale X):        1498.176120
  b (rotation):          4.395511
  c (translation X):     -3111665.72
  d (rotation):          5.963443
  e (scale Y):       -1286.522148
  f (translation Y):      1797043.70

Derived Parameters:
  Pixel size X:      1498.18 m/pixel
  Pixel size Y:      1286.52 m/pixel
  Rotation:           0.1681 degrees

QUALITY ASSESSMENT
--------------------------------------------------------------------------------
Overall quality: POOR (RMSE: 17924.45 m)

================================================================================