================================================================================
GEOREFERENCING REPORT
================================================================================
Date: 2026-03-15 00:53:25
Source Raster: atlas/3_regional/12_continent_and_islands/48_oceanic_islands_p_178-180/maps/P_180_VII/P_180_VII.tiff
Target Raster: atlas/3_regional/12_continent_and_islands/48_oceanic_islands_p_178-180/maps/P_180_VII.tiff
Tie Points: atlas/3_regional/12_continent_and_islands/48_oceanic_islands_p_178-180/maps/P_180_VII/P_180_VII.gpkg

Target CRS: EPSG:3031
Number of tie points: 2
Source dimensions: 4818 x 2436 pixels
Source bands: 3

--------------------------------------------------------------------------------
CONTROL POINTS
--------------------------------------------------------------------------------
ID    Pixel X    Pixel Y    Map X        Map Y        Target X     Target Y    
--------------------------------------------------------------------------------
1     1620.8     823.8      -1145127     572702       3978503      1216350     
2     3384.8     819.3      1417738      579324       3988966      1181585     

--------------------------------------------------------------------------------
RESIDUAL ANALYSIS
--------------------------------------------------------------------------------
ID    dX (m)       dY (m)       Residual (m)   
--------------------------------------------------------------------------------
1     0.00         0.00         0.00           
2     0.00         0.00         0.00           
--------------------------------------------------------------------------------

TRANSFORMATION STATISTICS
--------------------------------------------------------------------------------
Transformation type: Affine (1st-order polynomial, 6 parameters)
Number of GCPs used: 2
Degrees of freedom:  0

Residual Errors:
  Mean error:           0.00 m
  RMSE (total):         0.00 m
  RMSE X:               0.00 m
  RMSE Y:               0.00 m
  Std deviation:        0.00 m
  Maximum error:        0.00 m
  Minimum error:        0.00 m

Transformation Matrix:
  a (scale X):           5.931482
  b (rotation):          0.000000
  c (translation X):      3968888.86
  d (rotation):          0.000000
  e (scale Y):        7628.415801
  f (translation Y):     -5068069.53

Derived Parameters:
  Pixel size X:         5.93 m/pixel
  Pixel size Y:      7628.42 m/pixel
  Rotation:           0.0000 degrees

QUALITY ASSESSMENT
--------------------------------------------------------------------------------
Overall quality: EXCELLENT (RMSE: 0.00 m)
WARNING: Less than 4 GCPs used. Consider adding more points.

================================================================================