================================================================================
GEOREFERENCING REPORT
================================================================================
Date: 2026-06-25 00:20:50
Source Raster: atlas/1_introductory/2_history_of_exploration/5_main_expeditions_by_periods_p_7-12/maps/P_8_III_B/P_8_III_B.tiff
Target Raster: atlas/1_introductory/2_history_of_exploration/5_main_expeditions_by_periods_p_7-12/maps/P_8_III_B.tiff
Tie Points: atlas/1_introductory/2_history_of_exploration/5_main_expeditions_by_periods_p_7-12/maps/P_8_III_B/P_8_III_B.gpkg

Target CRS: EPSG:3031
Number of tie points: 13
Source dimensions: 1100 x 1869 pixels
Source bands: 3

--------------------------------------------------------------------------------
CONTROL POINTS
--------------------------------------------------------------------------------
ID    Pixel X    Pixel Y    Map X        Map Y        Target X     Target Y    
--------------------------------------------------------------------------------
1     -213.6     169.9      -2860096     2863546      -2553329     2142497     
2     1321.3     176.8      2888687      2837927      2553329      2142497     
3     1316.1     1671.1     2869304      -2758760     2553329      -2142497    
4     -314.7     1497.0     -3238728     -2106642     -2886579     -1666567    
5     550.3      920.5      1147         52347        0            0           
6     -115.6     917.1      -2492877     65103        -2194494     0           
7     556.3      142.7      23551        2965583      0            2194494     
8     1219.7     923.5      2508174      41032        2194494      0           
9     549.9      1696.4     -285         -2853438     0            -2194494    
10    550.6      1310.0     2389         -1406298     0            -1089179    
11    885.3      922.0      1255775      46768        1089179      0           
12    218.2      918.8      -1242710     58770        -1089179     0           
13    551.8      532.6      6667         1505155      0            1089179     

--------------------------------------------------------------------------------
RESIDUAL ANALYSIS
--------------------------------------------------------------------------------
ID    dX (m)       dY (m)       Residual (m)   
--------------------------------------------------------------------------------
1     7128.10      -15321.06    16898.07       
2     -9364.03     -14538.82    17293.42       
3     -11986.97    15032.29     19226.47       
4     18039.92     13403.10     22474.03       
5     -5490.22     -191.54      5493.57        
6     -19293.39    717.87       19306.74       
7     6778.99      20427.36     21522.82       
8     19821.94     41.43        19821.98       
9     790.08       -15070.82    15091.51       
10    -601.57      -20065.66    20074.68       
11    16219.97     -11.56       16219.98       
12    -17665.75    308.75       17668.45       
13    -4377.08     15268.66     15883.66       
--------------------------------------------------------------------------------

TRANSFORMATION STATISTICS
--------------------------------------------------------------------------------
Transformation type: Affine (1st-order polynomial, 6 parameters)
Number of GCPs used: 13
Degrees of freedom:  10

Residual Errors:
  Mean error:       17459.64 m
  RMSE (total):     17924.45 m
  RMSE X:           12539.70 m
  RMSE Y:           12807.88 m
  Std deviation:     4055.46 m
  Maximum error:    22474.03 m
  Minimum error:     5493.57 m

Transformation Matrix:
  a (scale X):        3316.187592
  b (rotation):          9.729390
  c (translation X):     -1839365.16
  d (rotation):         13.199980
  e (scale Y):       -2847.695092
  f (translation Y):      2613914.57

Derived Parameters:
  Pixel size X:      3316.19 m/pixel
  Pixel size Y:      2847.70 m/pixel
  Rotation:           0.1681 degrees

QUALITY ASSESSMENT
--------------------------------------------------------------------------------
Overall quality: POOR (RMSE: 17924.45 m)

================================================================================