================================================================================
GEOREFERENCING REPORT
================================================================================
Date: 2026-03-15 00:52:53
Source Raster: atlas/3_regional/12_continent_and_islands/45_wilkes_land_p_152-168/maps/P_163-164_I_B/P_163-164_I_B.tiff
Target Raster: atlas/3_regional/12_continent_and_islands/45_wilkes_land_p_152-168/maps/P_163-164_I_B.tiff
Tie Points: atlas/3_regional/12_continent_and_islands/45_wilkes_land_p_152-168/maps/P_163-164_I_B/P_163-164_I_B.gpkg

Target CRS: EPSG:3031
Number of tie points: 13
Source dimensions: 5012 x 3711 pixels
Source bands: 3

--------------------------------------------------------------------------------
CONTROL POINTS
--------------------------------------------------------------------------------
ID    Pixel X    Pixel Y    Map X        Map Y        Target X     Target Y    
--------------------------------------------------------------------------------
1     458.2      -194.8     -2860096     2863546      -2553329     2142497     
2     4574.3     -176.5     2888687      2837927      2553329      2142497     
3     4560.4     3830.8     2869304      -2758760     2553329      -2142497    
4     187.1      3363.9     -3238728     -2106642     -2886579     -1666567    
5     2506.8     1818.0     1147         52347        0            0           
6     721.1      1808.9     -2492877     65103        -2194494     0           
7     2522.9     -267.9     23551        2965583      0            2194494     
8     4301.9     1826.1     2508174      41032        2194494      0           
9     2505.8     3898.6     -285         -2853438     0            -2194494    
10    2507.7     2862.4     2389         -1406298     0            -1089179    
11    3405.1     1822.0     1255775      46768        1089179      0           
12    1616.2     1813.4     -1242710     58770        -1089179     0           
13    2510.8     777.8      6667         1505155      0            1089179     

--------------------------------------------------------------------------------
RESIDUAL ANALYSIS
--------------------------------------------------------------------------------
ID    dX (m)       dY (m)       Residual (m)   
--------------------------------------------------------------------------------
1     7128.10      -15321.06    16898.07       
2     -9364.03     -14538.82    17293.42       
3     -11986.97    15032.29     19226.47       
4     18039.92     13403.10     22474.03       
5     -5490.22     -191.54      5493.57        
6     -19293.39    717.87       19306.74       
7     6778.99      20427.36     21522.82       
8     19821.94     41.43        19821.98       
9     790.08       -15070.82    15091.51       
10    -601.57      -20065.66    20074.68       
11    16219.97     -11.56       16219.98       
12    -17665.75    308.75       17668.45       
13    -4377.08     15268.66     15883.66       
--------------------------------------------------------------------------------

TRANSFORMATION STATISTICS
--------------------------------------------------------------------------------
Transformation type: Affine (1st-order polynomial, 6 parameters)
Number of GCPs used: 13
Degrees of freedom:  10

Residual Errors:
  Mean error:       17459.64 m
  RMSE (total):     17924.45 m
  RMSE X:           12539.70 m
  RMSE Y:           12807.88 m
  Std deviation:     4055.46 m
  Maximum error:    22474.03 m
  Minimum error:     5493.57 m

Transformation Matrix:
  a (scale X):        1236.623027
  b (rotation):          3.628139
  c (translation X):     -3112079.19
  d (rotation):          4.922339
  e (scale Y):       -1061.919818
  f (translation Y):      1918060.34

Derived Parameters:
  Pixel size X:      1236.62 m/pixel
  Pixel size Y:      1061.92 m/pixel
  Rotation:           0.1681 degrees

QUALITY ASSESSMENT
--------------------------------------------------------------------------------
Overall quality: POOR (RMSE: 17924.45 m)

================================================================================