================================================================================
GEOREFERENCING REPORT
================================================================================
Date: 2026-06-16 00:21:07
Source Raster: atlas/3_regional/12_continent_and_islands/44_mac_robertson_land_and_princess_elizabeth_land_p_142-151/maps/P_145-146_I_B/P_145-146_I_B.tiff
Target Raster: atlas/3_regional/12_continent_and_islands/44_mac_robertson_land_and_princess_elizabeth_land_p_142-151/maps/P_145-146_I_B.tiff
Tie Points: atlas/3_regional/12_continent_and_islands/44_mac_robertson_land_and_princess_elizabeth_land_p_142-151/maps/P_145-146_I_B/P_145-146_I_B.gpkg

Target CRS: EPSG:3031
Number of tie points: 13
Source dimensions: 3155 x 3705 pixels
Source bands: 3

--------------------------------------------------------------------------------
CONTROL POINTS
--------------------------------------------------------------------------------
ID    Pixel X    Pixel Y    Map X        Map Y        Target X     Target Y    
--------------------------------------------------------------------------------
1     63.7       336.9      -2860096     2863546      -2553329     2142497     
2     3106.4     350.4      2888687      2837927      2553329      2142497     
3     3096.2     3312.7     2869304      -2758760     2553329      -2142497    
4     -136.7     2967.5     -3238728     -2106642     -2886579     -1666567    
5     1578.1     1824.8     1147         52347        0            0           
6     258.1      1818.0     -2492877     65103        -2194494     0           
7     1590.0     282.9      23551        2965583      0            2194494     
8     2905.0     1830.8     2508174      41032        2194494      0           
9     1577.3     3362.8     -285         -2853438     0            -2194494    
10    1578.8     2596.8     2389         -1406298     0            -1089179    
11    2242.2     1827.7     1255775      46768        1089179      0           
12    919.8      1821.4     -1242710     58770        -1089179     0           
13    1581.0     1055.8     6667         1505155      0            1089179     

--------------------------------------------------------------------------------
RESIDUAL ANALYSIS
--------------------------------------------------------------------------------
ID    dX (m)       dY (m)       Residual (m)   
--------------------------------------------------------------------------------
1     7128.10      -15321.06    16898.07       
2     -9364.03     -14538.82    17293.42       
3     -11986.97    15032.29     19226.47       
4     18039.92     13403.10     22474.03       
5     -5490.22     -191.54      5493.57        
6     -19293.39    717.87       19306.74       
7     6778.99      20427.36     21522.82       
8     19821.94     41.43        19821.98       
9     790.08       -15070.82    15091.51       
10    -601.57      -20065.66    20074.68       
11    16219.97     -11.56       16219.98       
12    -17665.75    308.75       17668.45       
13    -4377.08     15268.66     15883.66       
--------------------------------------------------------------------------------

TRANSFORMATION STATISTICS
--------------------------------------------------------------------------------
Transformation type: Affine (1st-order polynomial, 6 parameters)
Number of GCPs used: 13
Degrees of freedom:  10

Residual Errors:
  Mean error:       17459.64 m
  RMSE (total):     17924.45 m
  RMSE X:           12539.70 m
  RMSE Y:           12807.88 m
  Std deviation:     4055.46 m
  Maximum error:    22474.03 m
  Minimum error:     5493.57 m

Transformation Matrix:
  a (scale X):        1672.862243
  b (rotation):          4.908024
  c (translation X):     -2654402.17
  d (rotation):          6.658775
  e (scale Y):       -1436.529589
  f (translation Y):      2610670.34

Derived Parameters:
  Pixel size X:      1672.86 m/pixel
  Pixel size Y:      1436.53 m/pixel
  Rotation:           0.1681 degrees

QUALITY ASSESSMENT
--------------------------------------------------------------------------------
Overall quality: POOR (RMSE: 17924.45 m)

================================================================================