================================================================================
GEOREFERENCING REPORT
================================================================================
Date: 2026-01-05 23:46:01
Source Raster: atlas/2_general/10_biology/38_marine_biology_p_127-129/maps/P_129_V_A_georeferencing/P_129_V_A.tiff
Target Raster: atlas/2_general/10_biology/38_marine_biology_p_127-129/maps/P_129_V_A.tiff
Tie Points: atlas/2_general/10_biology/38_marine_biology_p_127-129/maps/P_129_V_A_georeferencing/P_129_V_A.gpkg

Target CRS: EPSG:3031
Number of tie points: 13
Source dimensions: 1027 x 927 pixels
Source bands: 3

--------------------------------------------------------------------------------
CONTROL POINTS
--------------------------------------------------------------------------------
ID    Pixel X    Pixel Y    Map X        Map Y        Target X     Target Y    
--------------------------------------------------------------------------------
1     93.9       43.4       -2860096     2863546      -2553329     2142497     
2     937.3      47.1       2888687      2837927      2553329      2142497     
3     934.5      868.2      2869304      -2758760     2553329      -2142497    
4     38.3       772.6      -3238728     -2106642     -2886579     -1666567    
5     513.7      455.8      1147         52347        0            0           
6     147.8      453.9      -2492877     65103        -2194494     0           
7     517.0      28.4       23551        2965583      0            2194494     
8     881.5      457.5      2508174      41032        2194494      0           
9     513.5      882.1      -285         -2853438     0            -2194494    
10    513.9      669.8      2389         -1406298     0            -1089179    
11    697.7      456.6      1255775      46768        1089179      0           
12    331.2      454.9      -1242710     58770        -1089179     0           
13    514.5      242.7      6667         1505155      0            1089179     

--------------------------------------------------------------------------------
RESIDUAL ANALYSIS
--------------------------------------------------------------------------------
ID    dX (m)       dY (m)       Residual (m)   
--------------------------------------------------------------------------------
1     7128.10      -15321.06    16898.07       
2     -9364.03     -14538.82    17293.42       
3     -11986.97    15032.29     19226.47       
4     18039.92     13403.10     22474.03       
5     -5490.22     -191.54      5493.57        
6     -19293.39    717.87       19306.74       
7     6778.99      20427.36     21522.82       
8     19821.94     41.43        19821.98       
9     790.08       -15070.82    15091.51       
10    -601.57      -20065.66    20074.68       
11    16219.97     -11.56       16219.98       
12    -17665.75    308.75       17668.45       
13    -4377.08     15268.66     15883.66       
--------------------------------------------------------------------------------

TRANSFORMATION STATISTICS
--------------------------------------------------------------------------------
Transformation type: Polynomial (affine)
Number of GCPs used: 13

Residual Errors:
  Mean error:       17459.64 m
  RMSE (total):     17924.45 m
  RMSE X:           12539.70 m
  RMSE Y:           12807.88 m
  Std deviation:     4055.46 m
  Maximum error:    22474.03 m
  Minimum error:     5493.57 m

Transformation Matrix:
  a (scale X):        6035.009356
  b (rotation):         17.706164
  c (translation X):     -3113553.98
  d (rotation):         24.022165
  e (scale Y):       -5182.416871
  f (translation Y):      2349718.33

Derived Parameters:
  Pixel size X:      6035.01 m/pixel
  Pixel size Y:      5182.42 m/pixel
  Rotation:           0.1681 degrees

QUALITY ASSESSMENT
--------------------------------------------------------------------------------
Overall quality: POOR (RMSE: 17924.45 m)

================================================================================