================================================================================
GEOREFERENCING REPORT
================================================================================
Date: 2026-06-16 00:20:39
Source Raster: atlas/2_general/10_biology/39_marine_vertebrates_p_130-131/maps/P_131_X_A/P_131_X_A.tiff
Target Raster: atlas/2_general/10_biology/39_marine_vertebrates_p_130-131/maps/P_131_X_A.tiff
Tie Points: atlas/2_general/10_biology/39_marine_vertebrates_p_130-131/maps/P_131_X_A/P_131_X_A.gpkg

Target CRS: EPSG:3031
Number of tie points: 13
Source dimensions: 1270 x 1526 pixels
Source bands: 3

--------------------------------------------------------------------------------
CONTROL POINTS
--------------------------------------------------------------------------------
ID    Pixel X    Pixel Y    Map X        Map Y        Target X     Target Y    
--------------------------------------------------------------------------------
1     11.5       138.7      -2860096     2863546      -2553329     2142497     
2     1264.7     144.3      2888687      2837927      2553329      2142497     
3     1260.5     1364.4     2869304      -2758760     2553329      -2142497    
4     -71.0      1222.2     -3238728     -2106642     -2886579     -1666567    
5     635.3      751.6      1147         52347        0            0           
6     91.6       748.8      -2492877     65103        -2194494     0           
7     640.1      116.5      23551        2965583      0            2194494     
8     1181.8     754.1      2508174      41032        2194494      0           
9     634.9      1385.0     -285         -2853438     0            -2194494    
10    635.5      1069.6     2389         -1406298     0            -1089179    
11    908.8      752.8      1255775      46768        1089179      0           
12    364.1      750.2      -1242710     58770        -1089179     0           
13    636.5      434.9      6667         1505155      0            1089179     

--------------------------------------------------------------------------------
RESIDUAL ANALYSIS
--------------------------------------------------------------------------------
ID    dX (m)       dY (m)       Residual (m)   
--------------------------------------------------------------------------------
1     7128.10      -15321.06    16898.07       
2     -9364.03     -14538.82    17293.42       
3     -11986.97    15032.29     19226.47       
4     18039.92     13403.10     22474.03       
5     -5490.22     -191.54      5493.57        
6     -19293.39    717.87       19306.74       
7     6778.99      20427.36     21522.82       
8     19821.94     41.43        19821.98       
9     790.08       -15070.82    15091.51       
10    -601.57      -20065.66    20074.68       
11    16219.97     -11.56       16219.98       
12    -17665.75    308.75       17668.45       
13    -4377.08     15268.66     15883.66       
--------------------------------------------------------------------------------

TRANSFORMATION STATISTICS
--------------------------------------------------------------------------------
Transformation type: Affine (1st-order polynomial, 6 parameters)
Number of GCPs used: 13
Degrees of freedom:  10

Residual Errors:
  Mean error:       17459.64 m
  RMSE (total):     17924.45 m
  RMSE X:           12539.70 m
  RMSE Y:           12807.88 m
  Std deviation:     4055.46 m
  Maximum error:    22474.03 m
  Minimum error:     5493.57 m

Transformation Matrix:
  a (scale X):        4061.569206
  b (rotation):         11.916272
  c (translation X):     -2594558.43
  d (rotation):         16.166948
  e (scale Y):       -3487.773346
  f (translation Y):      2610908.55

Derived Parameters:
  Pixel size X:      4061.57 m/pixel
  Pixel size Y:      3487.77 m/pixel
  Rotation:           0.1681 degrees

QUALITY ASSESSMENT
--------------------------------------------------------------------------------
Overall quality: POOR (RMSE: 17924.45 m)

================================================================================