================================================================================
GEOREFERENCING REPORT
================================================================================
Date: 2026-06-16 00:20:55
Source Raster: atlas/2_general/7_climate/26_atmospheric_pressure_and_winds_p_79-86/maps/P_80_III_A/P_80_III_A.tiff
Target Raster: atlas/2_general/7_climate/26_atmospheric_pressure_and_winds_p_79-86/maps/P_80_III_A.tiff
Tie Points: atlas/2_general/7_climate/26_atmospheric_pressure_and_winds_p_79-86/maps/P_80_III_A/P_80_III_A.gpkg

Target CRS: EPSG:3031
Number of tie points: 13
Source dimensions: 1713 x 1731 pixels
Source bands: 3

--------------------------------------------------------------------------------
CONTROL POINTS
--------------------------------------------------------------------------------
ID    Pixel X    Pixel Y    Map X        Map Y        Target X     Target Y    
--------------------------------------------------------------------------------
1     149.2      157.4      -2860096     2863546      -2553329     2142497     
2     1570.8     163.7      2888687      2837927      2553329      2142497     
3     1566.0     1547.7     2869304      -2758760     2553329      -2142497    
4     55.6       1386.4     -3238728     -2106642     -2886579     -1666567    
5     856.8      852.6      1147         52347        0            0           
6     240.0      849.4      -2492877     65103        -2194494     0           
7     862.3      132.2      23551        2965583      0            2194494     
8     1476.7     855.4      2508174      41032        2194494      0           
9     856.4      1571.1     -285         -2853438     0            -2194494    
10    857.1      1213.3     2389         -1406298     0            -1089179    
11    1167.0     853.9      1255775      46768        1089179      0           
12    549.2      851.0      -1242710     58770        -1089179     0           
13    858.1      493.3      6667         1505155      0            1089179     

--------------------------------------------------------------------------------
RESIDUAL ANALYSIS
--------------------------------------------------------------------------------
ID    dX (m)       dY (m)       Residual (m)   
--------------------------------------------------------------------------------
1     7128.10      -15321.06    16898.07       
2     -9364.03     -14538.82    17293.42       
3     -11986.97    15032.29     19226.47       
4     18039.92     13403.10     22474.03       
5     -5490.22     -191.54      5493.57        
6     -19293.39    717.87       19306.74       
7     6778.99      20427.36     21522.82       
8     19821.94     41.43        19821.98       
9     790.08       -15070.82    15091.51       
10    -601.57      -20065.66    20074.68       
11    16219.97     -11.56       16219.98       
12    -17665.75    308.75       17668.45       
13    -4377.08     15268.66     15883.66       
--------------------------------------------------------------------------------

TRANSFORMATION STATISTICS
--------------------------------------------------------------------------------
Transformation type: Affine (1st-order polynomial, 6 parameters)
Number of GCPs used: 13
Degrees of freedom:  10

Residual Errors:
  Mean error:       17459.64 m
  RMSE (total):     17924.45 m
  RMSE X:           12539.70 m
  RMSE Y:           12807.88 m
  Std deviation:     4055.46 m
  Maximum error:    22474.03 m
  Minimum error:     5493.57 m

Transformation Matrix:
  a (scale X):        3580.563032
  b (rotation):         10.505044
  c (translation X):     -3082214.22
  d (rotation):         14.252318
  e (scale Y):       -3074.721044
  f (translation Y):      2608967.45

Derived Parameters:
  Pixel size X:      3580.56 m/pixel
  Pixel size Y:      3074.72 m/pixel
  Rotation:           0.1681 degrees

QUALITY ASSESSMENT
--------------------------------------------------------------------------------
Overall quality: POOR (RMSE: 17924.45 m)

================================================================================