================================================================================
GEOREFERENCING REPORT
================================================================================
Date: 2026-06-30 23:10:26
Source Raster: atlas/2_general/4_general_maps/13_marie_byrd_land_p_23/maps/P_23_VI/P_23_VI.tiff
Target Raster: atlas/2_general/4_general_maps/13_marie_byrd_land_p_23/maps/P_23_VI.tiff
Tie Points: atlas/2_general/4_general_maps/13_marie_byrd_land_p_23/maps/P_23_VI/P_23_VI.gpkg

Target CRS: EPSG:3031
Number of tie points: 20
Source dimensions: 8443 x 5092 pixels
Source bands: 3

--------------------------------------------------------------------------------
CONTROL POINTS
--------------------------------------------------------------------------------
ID    Pixel X    Pixel Y    Map X        Map Y        Target X     Target Y    
--------------------------------------------------------------------------------
1     3709.7     4200.0     -424301      -1371299     -349415      -416417     
2     4322.3     4232.9     83577        -1398586     -470766      -271797     
3     5359.6     4880.7     943626       -1935699     -535335      94394       
4     5144.7     4655.8     765440       -1749241     -543593      0           
5     4118.0     2432.5     -85817       94124        -834360      -700111     
6     4215.5     696.1      -4996        1533733      -1255381     -1053390    
7     2436.8     894.6      -1479688     1369190      -819392      -1419228    
8     1596.2     1216.2     -2176623     1102560      -560497      -1539953    
9     6760.8     1506.7     2105344      861702       -1613886     -284572     
10    5962.1     1094.7     1443145      1203218      -1539953     -560497     
11    8096.8     2696.9     3213009      -125122      -1613886     284572      
12    7319.3     4835.2     2568351      -1897974     -943257      544590      
13    6736.1     3783.5     2084814      -1026015     -1072632     189134      
14    2351.9     2782.2     -1550027     -195808      -372521      -1023494    
15    1830.9     3087.6     -1982022     -449010      -189134      -1072632    
16    1367.0     3477.7     -2366634     -772465      0            -1089179    
17    2407.9     4959.0     -1503596     -2000624     94394        -535335     
18    666.5      4460.5     -2947449     -1587253     372521       -1023494    
19    975.9      3938.5     -2690868     -1154478     189134       -1072632    
20    5839.0     2974.5     1341058      -355283      -1072632     -189134     

--------------------------------------------------------------------------------
RESIDUAL ANALYSIS
--------------------------------------------------------------------------------
ID    dX (m)       dY (m)       Residual (m)   
--------------------------------------------------------------------------------
1     10483.37     7639.27      12971.49       
2     8794.23      9013.36      12592.82       
3     641.81       17340.02     17351.89       
4     3195.14      14647.67     14992.10       
5     3510.05      3944.64      5280.21        
6     5992.30      6049.21      8514.73        
7     -5380.96     11183.10     12410.33       
8     -11419.95    10411.56     15453.67       
9     7594.98      -11278.63    13597.47       
10    9557.20      -5036.22     10802.95       
11    -4536.98     -21568.38    22040.40       
12    -19587.11    1770.04      19666.93       
13    -6810.91     -1128.19     6903.71        
14    -1763.00     2002.40      2667.92        
15    -4122.27     -1368.15     4343.38        
16    -5000.42     -6153.47     7929.02        
17    18049.02     -5480.08     18862.62       
18    -3066.81     -19439.48    19679.90       
19    -5222.55     -12334.44    13394.53       
20    -907.14      -214.23      932.10         
--------------------------------------------------------------------------------

TRANSFORMATION STATISTICS
--------------------------------------------------------------------------------
Transformation type: Affine (1st-order polynomial, 6 parameters)
Number of GCPs used: 20
Degrees of freedom:  17

Residual Errors:
  Mean error:       12019.41 m
  RMSE (total):     13379.01 m
  RMSE X:            8406.80 m
  RMSE Y:           10407.86 m
  Std deviation:     5876.37 m
  Maximum error:    22040.40 m
  Minimum error:      932.10 m

Transformation Matrix:
  a (scale X):        -213.164500
  b (rotation):        229.074639
  c (translation X):      -510257.87
  d (rotation):        226.779027
  e (scale Y):         214.977089
  f (translation Y):     -2152966.80

Derived Parameters:
  Pixel size X:       213.16 m/pixel
  Pixel size Y:       214.98 m/pixel
  Rotation:         132.9396 degrees

QUALITY ASSESSMENT
--------------------------------------------------------------------------------
Overall quality: POOR (RMSE: 13379.01 m)

================================================================================