================================================================================
GEOREFERENCING REPORT
================================================================================
Date: 2026-03-15 00:50:52
Source Raster: atlas/2_general/6_geology_and_relief/23_relief_and_bottom_sediments_p_64-72/maps/P_72_VIII/P_72_VIII.tiff
Target Raster: atlas/2_general/6_geology_and_relief/23_relief_and_bottom_sediments_p_64-72/maps/P_72_VIII.tiff
Tie Points: atlas/2_general/6_geology_and_relief/23_relief_and_bottom_sediments_p_64-72/maps/P_72_VIII/P_72_VIII.gpkg

Target CRS: EPSG:3031
Number of tie points: 13
Source dimensions: 5413 x 4830 pixels
Source bands: 3

--------------------------------------------------------------------------------
CONTROL POINTS
--------------------------------------------------------------------------------
ID    Pixel X    Pixel Y    Map X        Map Y        Target X     Target Y    
--------------------------------------------------------------------------------
1     494.8      200.7      -2860096     2863546      -2553329     2142497     
2     4940.3     220.5      2888687      2837927      2553329      2142497     
3     4925.3     4548.3     2869304      -2758760     2553329      -2142497    
4     202.0      4044.0     -3238728     -2106642     -2886579     -1666567    
5     2707.4     2374.5     1147         52347        0            0           
6     778.8      2364.7     -2492877     65103        -2194494     0           
7     2724.7     121.8      23551        2965583      0            2194494     
8     4646.0     2383.3     2508174      41032        2194494      0           
9     2706.3     4621.5     -285         -2853438     0            -2194494    
10    2708.3     3502.5     2389         -1406298     0            -1089179    
11    3677.6     2378.8     1255775      46768        1089179      0           
12    1745.5     2369.6     -1242710     58770        -1089179     0           
13    2711.7     1251.1     6667         1505155      0            1089179     

--------------------------------------------------------------------------------
RESIDUAL ANALYSIS
--------------------------------------------------------------------------------
ID    dX (m)       dY (m)       Residual (m)   
--------------------------------------------------------------------------------
1     7128.10      -15321.06    16898.07       
2     -9364.03     -14538.82    17293.42       
3     -11986.97    15032.29     19226.47       
4     18039.92     13403.10     22474.03       
5     -5490.22     -191.54      5493.57        
6     -19293.39    717.87       19306.74       
7     6778.99      20427.36     21522.82       
8     19821.94     41.43        19821.98       
9     790.08       -15070.82    15091.51       
10    -601.57      -20065.66    20074.68       
11    16219.97     -11.56       16219.98       
12    -17665.75    308.75       17668.45       
13    -4377.08     15268.66     15883.66       
--------------------------------------------------------------------------------

TRANSFORMATION STATISTICS
--------------------------------------------------------------------------------
Transformation type: Affine (1st-order polynomial, 6 parameters)
Number of GCPs used: 13
Degrees of freedom:  10

Residual Errors:
  Mean error:       17459.64 m
  RMSE (total):     17924.45 m
  RMSE X:           12539.70 m
  RMSE Y:           12807.88 m
  Std deviation:     4055.46 m
  Maximum error:    22474.03 m
  Minimum error:     5493.57 m

Transformation Matrix:
  a (scale X):        1145.012860
  b (rotation):          3.359363
  c (translation X):     -3113460.03
  d (rotation):          4.557688
  e (scale Y):        -983.251825
  f (translation Y):      2322221.27

Derived Parameters:
  Pixel size X:      1145.01 m/pixel
  Pixel size Y:       983.25 m/pixel
  Rotation:           0.1681 degrees

QUALITY ASSESSMENT
--------------------------------------------------------------------------------
Overall quality: POOR (RMSE: 17924.45 m)

================================================================================