================================================================================
GEOREFERENCING REPORT
================================================================================
Date: 2026-06-26 23:43:24
Source Raster: atlas/1_introductory/2_history_of_exploration/5_main_expeditions_by_periods_p_7-12/maps/P_8_III/P_8_III.tiff
Target Raster: atlas/1_introductory/2_history_of_exploration/5_main_expeditions_by_periods_p_7-12/maps/P_8_III.tiff
Tie Points: atlas/1_introductory/2_history_of_exploration/5_main_expeditions_by_periods_p_7-12/maps/P_8_III/P_8_III.gpkg

Target CRS: EPSG:3031
Number of tie points: 19
Source dimensions: 4129 x 4819 pixels
Source bands: 3

--------------------------------------------------------------------------------
CONTROL POINTS
--------------------------------------------------------------------------------
ID    Pixel X    Pixel Y    Map X        Map Y        Target X     Target Y    
--------------------------------------------------------------------------------
1     2980.8     1609.4     1330986      1162267      2553329      2142497     
2     2989.2     3272.6     1343144      -1253734     2553329      -2142497    
3     1995.1     2444.2     -100782      -50390       0            0           
4     1128.9     2448.9     -1359055     -57288       -2194494     0           
5     1989.5     1581.8     -108974      1202364      0            2194494     
6     2857.9     2441.2     1152489      -46078       2194494      0           
7     1997.6     3309.8     -97160       -1307800     0            -2194494    
8     1996.2     2877.0     -99144       -679095      0            -1089179    
9     2425.7     2442.7     524646       -48234       1089179      0           
10    1563.0     2446.6     -728539      -53839       -1089179     0           
11    1992.0     2013.5     -105266      575211       0            1089179     
12    868.2      1804.2     -1737778     879259       -2886579     1666567     
13    2003.3     4596.2     -88882       -3176411     0            -5791904    
14    3078.7     4303.0     1473266      -2750519     2895952      -5015936    
15    3610.5     1849.5     2245631      813379       4251675      1547483     
16    1984.7     293.3      -115959      3073993      0            5791904     
17    495.5      1591.6     -2279132     1188136      -3918365     2262269     
18    1179.5     2153.5     -1285587     371880       -2062150     750561      
19    1543.7     1231.3     -756477      1711382      -1139999     3132121     

--------------------------------------------------------------------------------
RESIDUAL ANALYSIS
--------------------------------------------------------------------------------
ID    dX (m)       dY (m)       Residual (m)   
--------------------------------------------------------------------------------
1     18214.92     55822.34     58718.97       
2     35280.84     -75929.57    83725.97       
3     12543.40     -12867.25    17969.50       
4     -39838.49    -20491.20    44799.50       
5     323.99       82834.15     82834.78       
6     55989.53     -9952.61     56867.23       
7     16592.95     -117062.98   118233.11      
8     14260.22     -73032.10    74411.30       
9     40178.42     -11405.15    41765.81       
10    -19251.55    -16684.69    25475.50       
11    5739.30      41633.91     42027.64       
12    -22229.51    26547.89     34625.73       
13    27782.26     64300.89     70046.12       
14    -77865.65    60714.94     98738.87       
15    -47545.56    9408.55      48467.53       
16    -8549.82     -93017.52    93409.63       
17    43469.48     -2349.43     43532.93       
18    -40167.37    13220.12     42286.98       
19    -14927.35    78309.71     79719.74       
--------------------------------------------------------------------------------

TRANSFORMATION STATISTICS
--------------------------------------------------------------------------------
Transformation type: Affine (1st-order polynomial, 6 parameters)
Number of GCPs used: 19
Degrees of freedom:  16

Residual Errors:
  Mean error:       60929.31 m
  RMSE (total):     66303.50 m
  RMSE X:           34290.57 m
  RMSE Y:           56747.78 m
  Std deviation:    26149.06 m
  Maximum error:   118233.11 m
  Minimum error:    17969.50 m

Transformation Matrix:
  a (scale X):        2593.838207
  b (rotation):         -2.792813
  c (translation X):     -5155645.52
  d (rotation):         -5.757218
  e (scale Y):       -2655.472035
  f (translation Y):      6489096.30

Derived Parameters:
  Pixel size X:      2593.84 m/pixel
  Pixel size Y:      2655.47 m/pixel
  Rotation:          -0.0617 degrees

QUALITY ASSESSMENT
--------------------------------------------------------------------------------
Overall quality: POOR (RMSE: 66303.50 m)

================================================================================