================================================================================
GEOREFERENCING REPORT
================================================================================
Date: 2026-06-16 00:21:04
Source Raster: atlas/2_general/9_waters_of_the_southern_ocean/37_sea_ice_and_icebergs_p_124-126/maps/P_124_I/P_124_I.tiff
Target Raster: atlas/2_general/9_waters_of_the_southern_ocean/37_sea_ice_and_icebergs_p_124-126/maps/P_124_I.tiff
Tie Points: atlas/2_general/9_waters_of_the_southern_ocean/37_sea_ice_and_icebergs_p_124-126/maps/P_124_I/P_124_I.gpkg

Target CRS: EPSG:3031
Number of tie points: 13
Source dimensions: 4099 x 4823 pixels
Source bands: 3

--------------------------------------------------------------------------------
CONTROL POINTS
--------------------------------------------------------------------------------
ID    Pixel X    Pixel Y    Map X        Map Y        Target X     Target Y    
--------------------------------------------------------------------------------
1     78.9       438.5      -2860096     2863546      -2553329     2142497     
2     4039.8     456.2      2888687      2837927      2553329      2142497     
3     4026.5     4312.3     2869304      -2758760     2553329      -2142497    
4     -182.0     3863.0     -3238728     -2106642     -2886579     -1666567    
5     2050.3     2375.4     1147         52347        0            0           
6     331.9      2366.6     -2492877     65103        -2194494     0           
7     2065.7     368.2      23551        2965583      0            2194494     
8     3777.6     2383.2     2508174      41032        2194494      0           
9     2049.3     4377.5     -285         -2853438     0            -2194494    
10    2051.1     3380.4     2389         -1406298     0            -1089179    
11    2914.7     2379.3     1255775      46768        1089179      0           
12    1193.3     2371.0     -1242710     58770        -1089179     0           
13    2054.1     1374.4     6667         1505155      0            1089179     

--------------------------------------------------------------------------------
RESIDUAL ANALYSIS
--------------------------------------------------------------------------------
ID    dX (m)       dY (m)       Residual (m)   
--------------------------------------------------------------------------------
1     7128.10      -15321.06    16898.07       
2     -9364.03     -14538.82    17293.42       
3     -11986.97    15032.29     19226.47       
4     18039.92     13403.10     22474.03       
5     -5490.22     -191.54      5493.57        
6     -19293.39    717.87       19306.74       
7     6778.99      20427.36     21522.82       
8     19821.94     41.43        19821.98       
9     790.08       -15070.82    15091.51       
10    -601.57      -20065.66    20074.68       
11    16219.97     -11.56       16219.98       
12    -17665.75    308.75       17668.45       
13    -4377.08     15268.66     15883.66       
--------------------------------------------------------------------------------

TRANSFORMATION STATISTICS
--------------------------------------------------------------------------------
Transformation type: Affine (1st-order polynomial, 6 parameters)
Number of GCPs used: 13
Degrees of freedom:  10

Residual Errors:
  Mean error:       17459.64 m
  RMSE (total):     17924.45 m
  RMSE X:           12539.70 m
  RMSE Y:           12807.88 m
  Std deviation:     4055.46 m
  Maximum error:    22474.03 m
  Minimum error:     5493.57 m

Transformation Matrix:
  a (scale X):        1285.082855
  b (rotation):          3.770315
  c (translation X):     -2649239.30
  d (rotation):          5.115232
  e (scale Y):       -1103.533512
  f (translation Y):      2610690.89

Derived Parameters:
  Pixel size X:      1285.08 m/pixel
  Pixel size Y:      1103.53 m/pixel
  Rotation:           0.1681 degrees

QUALITY ASSESSMENT
--------------------------------------------------------------------------------
Overall quality: POOR (RMSE: 17924.45 m)

================================================================================