================================================================================
GEOREFERENCING REPORT
================================================================================
Date: 2026-01-05 23:48:01
Source Raster: atlas/2_general/8_glaciation/30_nourishment_and_physical_properties_p_96/maps/P_96_III_georeferencing/P_96_III.tiff
Target Raster: atlas/2_general/8_glaciation/30_nourishment_and_physical_properties_p_96/maps/P_96_III.tiff
Tie Points: atlas/2_general/8_glaciation/30_nourishment_and_physical_properties_p_96/maps/P_96_III_georeferencing/P_96_III.gpkg

Target CRS: EPSG:3031
Number of tie points: 13
Source dimensions: 2409 x 2371 pixels
Source bands: 3

--------------------------------------------------------------------------------
CONTROL POINTS
--------------------------------------------------------------------------------
ID    Pixel X    Pixel Y    Map X        Map Y        Target X     Target Y    
--------------------------------------------------------------------------------
1     220.2      200.0      -2860096     2863546      -2553329     2142497     
2     2198.6     208.8      2888687      2837927      2553329      2142497     
3     2192.0     2134.9     2869304      -2758760     2553329      -2142497    
4     89.9       1910.5     -3238728     -2106642     -2886579     -1666567    
5     1204.9     1167.5     1147         52347        0            0           
6     346.6      1163.1     -2492877     65103        -2194494     0           
7     1212.6     164.9      23551        2965583      0            2194494     
8     2067.7     1171.4     2508174      41032        2194494      0           
9     1204.4     2167.5     -285         -2853438     0            -2194494    
10    1205.3     1669.5     2389         -1406298     0            -1089179    
11    1636.7     1169.4     1255775      46768        1089179      0           
12    776.8      1165.3     -1242710     58770        -1089179     0           
13    1206.8     667.5      6667         1505155      0            1089179     

--------------------------------------------------------------------------------
RESIDUAL ANALYSIS
--------------------------------------------------------------------------------
ID    dX (m)       dY (m)       Residual (m)   
--------------------------------------------------------------------------------
1     7128.10      -15321.06    16898.07       
2     -9364.03     -14538.82    17293.42       
3     -11986.97    15032.29     19226.47       
4     18039.92     13403.10     22474.03       
5     -5490.22     -191.54      5493.57        
6     -19293.39    717.87       19306.74       
7     6778.99      20427.36     21522.82       
8     19821.94     41.43        19821.98       
9     790.08       -15070.82    15091.51       
10    -601.57      -20065.66    20074.68       
11    16219.97     -11.56       16219.98       
12    -17665.75    308.75       17668.45       
13    -4377.08     15268.66     15883.66       
--------------------------------------------------------------------------------

TRANSFORMATION STATISTICS
--------------------------------------------------------------------------------
Transformation type: Polynomial (affine)
Number of GCPs used: 13

Residual Errors:
  Mean error:       17459.64 m
  RMSE (total):     17924.45 m
  RMSE X:           12539.70 m
  RMSE Y:           12807.88 m
  Std deviation:     4055.46 m
  Maximum error:    22474.03 m
  Minimum error:     5493.57 m

Transformation Matrix:
  a (scale X):        2572.832963
  b (rotation):          7.548456
  c (translation X):     -3114295.87
  d (rotation):         10.241081
  e (scale Y):       -2209.357462
  f (translation Y):      2566861.39

Derived Parameters:
  Pixel size X:      2572.83 m/pixel
  Pixel size Y:      2209.36 m/pixel
  Rotation:           0.1681 degrees

QUALITY ASSESSMENT
--------------------------------------------------------------------------------
Overall quality: POOR (RMSE: 17924.45 m)

================================================================================