================================================================================
GEOREFERENCING REPORT
================================================================================
Date: 2026-03-13 09:21:35
Source Raster: atlas/3_regional/12_continent_and_islands/43_queen_maud_land_and_enderby_land_p_136-141/maps/P_141_V_B/P_141_V_B.tiff
Target Raster: atlas/3_regional/12_continent_and_islands/43_queen_maud_land_and_enderby_land_p_136-141/maps/P_141_V_B.tiff
Tie Points: atlas/3_regional/12_continent_and_islands/43_queen_maud_land_and_enderby_land_p_136-141/maps/P_141_V_B/P_141_V_B.gpkg

Target CRS: EPSG:3031
Number of tie points: 13
Source dimensions: 2924 x 2288 pixels
Source bands: 3

--------------------------------------------------------------------------------
CONTROL POINTS
--------------------------------------------------------------------------------
ID    Pixel X    Pixel Y    Map X        Map Y        Target X     Target Y    
--------------------------------------------------------------------------------
1     267.3      -52.1      -2860096     2863546      -2553329     2142497     
2     2668.6     -41.4      2888687      2837927      2553329      2142497     
3     2660.5     2296.4     2869304      -2758760     2553329      -2142497    
4     109.1      2024.0     -3238728     -2106642     -2886579     -1666567    
5     1462.5     1122.1     1147         52347        0            0           
6     420.7      1116.8     -2492877     65103        -2194494     0           
7     1471.8     -94.8      23551        2965583      0            2194494     
8     2509.7     1126.9     2508174      41032        2194494      0           
9     1461.9     2335.9     -285         -2853438     0            -2194494    
10    1463.0     1731.4     2389         -1406298     0            -1089179    
11    1986.6     1124.5     1255775      46768        1089179      0           
12    942.9      1119.5     -1242710     58770        -1089179     0           
13    1464.8     515.3      6667         1505155      0            1089179     

--------------------------------------------------------------------------------
RESIDUAL ANALYSIS
--------------------------------------------------------------------------------
ID    dX (m)       dY (m)       Residual (m)   
--------------------------------------------------------------------------------
1     7128.10      -15321.06    16898.07       
2     -9364.03     -14538.82    17293.42       
3     -11986.97    15032.29     19226.47       
4     18039.92     13403.10     22474.03       
5     -5490.22     -191.54      5493.57        
6     -19293.39    717.87       19306.74       
7     6778.99      20427.36     21522.82       
8     19821.94     41.43        19821.98       
9     790.08       -15070.82    15091.51       
10    -601.57      -20065.66    20074.68       
11    16219.97     -11.56       16219.98       
12    -17665.75    308.75       17668.45       
13    -4377.08     15268.66     15883.66       
--------------------------------------------------------------------------------

TRANSFORMATION STATISTICS
--------------------------------------------------------------------------------
Transformation type: Affine (1st-order polynomial, 6 parameters)
Number of GCPs used: 13
Degrees of freedom:  10

Residual Errors:
  Mean error:       17459.64 m
  RMSE (total):     17924.45 m
  RMSE X:           12539.70 m
  RMSE Y:           12807.88 m
  Std deviation:     4055.46 m
  Maximum error:    22474.03 m
  Minimum error:     5493.57 m

Transformation Matrix:
  a (scale X):        2119.683519
  b (rotation):          6.218957
  c (translation X):     -3112461.66
  d (rotation):          8.437333
  e (scale Y):       -1820.226445
  f (translation Y):      2030007.17

Derived Parameters:
  Pixel size X:      2119.68 m/pixel
  Pixel size Y:      1820.23 m/pixel
  Rotation:           0.1681 degrees

QUALITY ASSESSMENT
--------------------------------------------------------------------------------
Overall quality: POOR (RMSE: 17924.45 m)

================================================================================