================================================================================
GEOREFERENCING REPORT
================================================================================
Date: 2026-07-01 23:51:27
Source Raster: atlas/2_general/5_aeronomy_and_physics_of_the_earth/15_ionosphere_p_25-30/maps/P_25_I_Zh/P_25_I_Zh.tiff
Target Raster: atlas/2_general/5_aeronomy_and_physics_of_the_earth/15_ionosphere_p_25-30/maps/P_25_I_Zh.tiff
Tie Points: atlas/2_general/5_aeronomy_and_physics_of_the_earth/15_ionosphere_p_25-30/maps/P_25_I_Zh/P_25_I_Zh.gpkg

Target CRS: EPSG:3031
Number of tie points: 17
Source dimensions: 1547 x 1816 pixels
Source bands: 3

--------------------------------------------------------------------------------
CONTROL POINTS
--------------------------------------------------------------------------------
ID    Pixel X    Pixel Y    Map X        Map Y        Target X     Target Y    
--------------------------------------------------------------------------------
1     773.0      922.9      -1976        -57257       0            0           
2     486.1      919.9      -1107717     -45904       -2194494     0           
3     775.0      635.6      5878         1049883      0            2194494     
4     1059.3     924.2      1101744      -62545       2194494      0           
5     771.4      1208.5     -8197        -1158488     0            -2194494    
6     772.5      1065.1     -3842        -605462      0            -1089179    
7     915.8      923.1      548406       -58190       1089179      0           
8     630.0      921.4      -553136      -51814       -1089179     0           
9     774.6      779.7      4089         494680       0            1089179     
10    777.8      208.5      16531        2696209      0            5791904     
11    1486.5     926.7      2748380      -72032       5791904      0           
12    768.8      1635.7     -18305       -2805125     0            -5791904    
13    59.5       918.0      -2752021     -38439       -5791904     0           
14    467.1      1222.9     -1180966     -1213698     -2356882     -2356882    
15    1074.8     1226.3     1161463      -1226917     2356882      -2356882    
16    1078.2     621.3      1174371      1104937      2356882      2356882     
17    471.9      616.3      -1162460     1124455      -2356882     2356882     

--------------------------------------------------------------------------------
RESIDUAL ANALYSIS
--------------------------------------------------------------------------------
ID    dX (m)       dY (m)       Residual (m)   
--------------------------------------------------------------------------------
1     -672.48      -5808.92     5847.71        
2     -94275.50    2932.80      94321.11       
3     826.51       91671.94     91675.66       
4     88666.43     -2022.07     88689.48       
5     1128.61      -91034.36    91041.36       
6     2770.29      -51482.67    51557.16       
7     48984.82     -393.90      48986.40       
8     -51998.83    -1898.13     52033.46       
9     4523.42      47647.38     47861.62       
10    933.67       -97569.28    97573.74       
11    -101475.83   319.47       101476.34      
12    2151.87      97570.24     97593.97       
13    100720.59    -3562.78     100783.58      
14    -67892.76    -58589.02    89677.75       
15    65361.48     -54686.37    85221.60       
16    61000.66     58847.57     84759.17       
17    -60752.96    68058.10     91229.53       
--------------------------------------------------------------------------------

TRANSFORMATION STATISTICS
--------------------------------------------------------------------------------
Transformation type: Affine (1st-order polynomial, 6 parameters)
Number of GCPs used: 17
Degrees of freedom:  14

Residual Errors:
  Mean error:       77666.45 m
  RMSE (total):     81838.16 m
  RMSE X:           58723.97 m
  RMSE Y:           56999.82 m
  Std deviation:    25795.48 m
  Maximum error:   101476.34 m
  Minimum error:     5847.71 m

Transformation Matrix:
  a (scale X):        7975.804832
  b (rotation):         51.359019
  c (translation X):     -6213266.13
  d (rotation):         51.452464
  e (scale Y):       -7979.384367
  f (translation Y):      7318227.22

Derived Parameters:
  Pixel size X:      7975.80 m/pixel
  Pixel size Y:      7979.38 m/pixel
  Rotation:           0.3689 degrees

QUALITY ASSESSMENT
--------------------------------------------------------------------------------
Overall quality: POOR (RMSE: 81838.16 m)

================================================================================