================================================================================
GEOREFERENCING REPORT
================================================================================
Date: 2026-06-25 00:21:51
Source Raster: atlas/2_general/5_aeronomy_and_physics_of_the_earth/20_gravity_measurements_p_49-54/maps/P_51_II_V/P_51_II_V.tiff
Target Raster: atlas/2_general/5_aeronomy_and_physics_of_the_earth/20_gravity_measurements_p_49-54/maps/P_51_II_V.tiff
Tie Points: atlas/2_general/5_aeronomy_and_physics_of_the_earth/20_gravity_measurements_p_49-54/maps/P_51_II_V/P_51_II_V.gpkg

Target CRS: EPSG:3031
Number of tie points: 7
Source dimensions: 3859 x 1964 pixels
Source bands: 3

--------------------------------------------------------------------------------
CONTROL POINTS
--------------------------------------------------------------------------------
ID    Pixel X    Pixel Y    Map X        Map Y        Target X     Target Y    
--------------------------------------------------------------------------------
1     149.7      1421.2     -3228386     -796687      1410594      -1681080    
2     1324.6     1225.6     -1097263     -441848      1097247      -1900488    
3     3687.3     1435.6     3188471      -822817      381070       -2161155    
4     3252.7     444.7      2400124      974592       640660       -2390975    
5     2512.8     1230.6     1058043      -450882      750561       -2062150    
6     587.1      434.8      -2435035     992661       1750315      -1750315    
7     1920.7     326.7      -15982       1188589      1046115      -2243401    

--------------------------------------------------------------------------------
RESIDUAL ANALYSIS
--------------------------------------------------------------------------------
ID    dX (m)       dY (m)       Residual (m)   
--------------------------------------------------------------------------------
1     69432.75     56762.17     89681.94       
2     39795.39     34852.72     52899.76       
3     -80565.80    -68321.46    105634.61      
4     45373.25     36760.80     58395.96       
5     -9733.61     -6718.23     11826.99       
6     -175718.74   -147726.85   229565.45      
7     111416.76    94390.86     146025.09      
--------------------------------------------------------------------------------

TRANSFORMATION STATISTICS
--------------------------------------------------------------------------------
Transformation type: Affine (1st-order polynomial, 6 parameters)
Number of GCPs used: 7
Degrees of freedom:  4

Residual Errors:
  Mean error:       99147.12 m
  RMSE (total):    119267.71 m
  RMSE X:           91292.05 m
  RMSE Y:           76749.90 m
  Std deviation:    66292.04 m
  Maximum error:   229565.45 m
  Minimum error:    11826.99 m

Transformation Matrix:
  a (scale X):        -332.441246
  b (rotation):       -243.265511
  c (translation X):      1875534.68
  d (rotation):       -171.888095
  e (scale Y):         201.275330
  f (translation Y):     -1884632.92

Derived Parameters:
  Pixel size X:       332.44 m/pixel
  Pixel size Y:       201.28 m/pixel
  Rotation:        -143.8050 degrees

QUALITY ASSESSMENT
--------------------------------------------------------------------------------
Overall quality: POOR (RMSE: 119267.71 m)

================================================================================