================================================================================
GEOREFERENCING REPORT
================================================================================
Date: 2026-06-16 00:21:17
Source Raster: atlas/3_regional/12_continent_and_islands/48_oceanic_islands_p_178-180/maps/P_179_V/P_179_V.tiff
Target Raster: atlas/3_regional/12_continent_and_islands/48_oceanic_islands_p_178-180/maps/P_179_V.tiff
Tie Points: atlas/3_regional/12_continent_and_islands/48_oceanic_islands_p_178-180/maps/P_179_V/P_179_V.gpkg

Target CRS: EPSG:3031
Number of tie points: 13
Source dimensions: 1983 x 2518 pixels
Source bands: 3

--------------------------------------------------------------------------------
CONTROL POINTS
--------------------------------------------------------------------------------
ID    Pixel X    Pixel Y    Map X        Map Y        Target X     Target Y    
--------------------------------------------------------------------------------
1     -37.3      228.9      -2860096     2863546      -2553329     2142497     
2     2030.6     238.2      2888687      2837927      2553329      2142497     
3     2023.6     2251.4     2869304      -2758760     2553329      -2142497    
4     -173.5     2016.8     -3238728     -2106642     -2886579     -1666567    
5     991.9      1240.2     1147         52347        0            0           
6     94.8       1235.6     -2492877     65103        -2194494     0           
7     1000.0     192.2      23551        2965583      0            2194494     
8     1893.7     1244.2     2508174      41032        2194494      0           
9     991.4      2285.4     -285         -2853438     0            -2194494    
10    992.4      1764.9     2389         -1406298     0            -1089179    
11    1443.2     1242.2     1255775      46768        1089179      0           
12    544.5      1237.9     -1242710     58770        -1089179     0           
13    993.9      717.6      6667         1505155      0            1089179     

--------------------------------------------------------------------------------
RESIDUAL ANALYSIS
--------------------------------------------------------------------------------
ID    dX (m)       dY (m)       Residual (m)   
--------------------------------------------------------------------------------
1     7128.10      -15321.06    16898.07       
2     -9364.03     -14538.82    17293.42       
3     -11986.97    15032.29     19226.47       
4     18039.92     13403.10     22474.03       
5     -5490.22     -191.54      5493.57        
6     -19293.39    717.87       19306.74       
7     6778.99      20427.36     21522.82       
8     19821.94     41.43        19821.98       
9     790.08       -15070.82    15091.51       
10    -601.57      -20065.66    20074.68       
11    16219.97     -11.56       16219.98       
12    -17665.75    308.75       17668.45       
13    -4377.08     15268.66     15883.66       
--------------------------------------------------------------------------------

TRANSFORMATION STATISTICS
--------------------------------------------------------------------------------
Transformation type: Affine (1st-order polynomial, 6 parameters)
Number of GCPs used: 13
Degrees of freedom:  10

Residual Errors:
  Mean error:       17459.64 m
  RMSE (total):     17924.45 m
  RMSE X:           12539.70 m
  RMSE Y:           12807.88 m
  Std deviation:     4055.46 m
  Maximum error:    22474.03 m
  Minimum error:     5493.57 m

Transformation Matrix:
  a (scale X):        2461.459336
  b (rotation):          7.221696
  c (translation X):     -2455998.92
  d (rotation):          9.797761
  e (scale Y):       -2113.718080
  f (translation Y):      2611460.08

Derived Parameters:
  Pixel size X:      2461.46 m/pixel
  Pixel size Y:      2113.72 m/pixel
  Rotation:           0.1681 degrees

QUALITY ASSESSMENT
--------------------------------------------------------------------------------
Overall quality: POOR (RMSE: 17924.45 m)

================================================================================