================================================================================
GEOREFERENCING REPORT
================================================================================
Date: 2026-06-25 00:25:53
Source Raster: atlas/3_regional/13_southern_ocean/51_pacific_sector_ross_sea_and_bellingshausen_sea_p_208-225/maps/P_211-212_IIIc/P_211-212_IIIc.tiff
Target Raster: atlas/3_regional/13_southern_ocean/51_pacific_sector_ross_sea_and_bellingshausen_sea_p_208-225/maps/P_211-212_IIIc.tiff
Tie Points: atlas/3_regional/13_southern_ocean/51_pacific_sector_ross_sea_and_bellingshausen_sea_p_208-225/maps/P_211-212_IIIc/P_211-212_IIIc.gpkg

Target CRS: EPSG:9354
Number of tie points: 13
Source dimensions: 7541 x 8271 pixels
Source bands: 3

--------------------------------------------------------------------------------
CONTROL POINTS
--------------------------------------------------------------------------------
ID    Pixel X    Pixel Y    Map X        Map Y        Target X     Target Y    
--------------------------------------------------------------------------------
1     459.1      820.1      -2802507     2805887      -2501917     2099358     
2     7115.0     849.8      2830522      2780785      2501917      2099358     
3     7092.5     7329.5     2811530      -2703212     2501917      -2099358    
4     20.8       6574.5     -3173516     -2064224     -2828457     -1633010    
5     3771.8     4074.9     1124         51293        0            0           
6     884.3      4060.1     -2442683     63792        -2150308     0           
7     3797.8     702.0      23077        2905870      0            2150308     
8     6674.4     4088.0     2457671      40206        2150308      0           
9     3770.2     7439.2     -280         -2795983     0            -2150308    
10    3773.3     5763.7     2341         -1377982     0            -1067249    
11    5224.4     4081.4     1230490      45826        1067249      0           
12    2331.7     4067.5     -1217687     57587        -1067249     0           
13    3778.2     2392.9     6532         1474848      0            1067249     

--------------------------------------------------------------------------------
RESIDUAL ANALYSIS
--------------------------------------------------------------------------------
ID    dX (m)       dY (m)       Residual (m)   
--------------------------------------------------------------------------------
1     6984.58      -15012.56    16557.82       
2     -9175.48     -14246.08    16945.21       
3     -11745.61    14729.61     18839.34       
4     17676.68     13133.22     22021.51       
5     -5379.68     -187.68      5382.95        
6     -18904.92    703.41       18918.00       
7     6642.50      20016.05     21089.46       
8     19422.82     40.60        19422.86       
9     774.17       -14767.36    14787.64       
10    -589.45      -19661.64    19670.47       
11    15893.38     -11.33       15893.38       
12    -17310.04    302.53       17312.69       
13    -4288.94     14961.22     15563.84       
--------------------------------------------------------------------------------

TRANSFORMATION STATISTICS
--------------------------------------------------------------------------------
Transformation type: Affine (1st-order polynomial, 6 parameters)
Number of GCPs used: 13
Degrees of freedom:  10

Residual Errors:
  Mean error:       17108.09 m
  RMSE (total):     17563.54 m
  RMSE X:           12287.21 m
  RMSE Y:           12549.99 m
  Std deviation:     3973.81 m
  Maximum error:    22021.51 m
  Minimum error:     5382.95 m

Transformation Matrix:
  a (scale X):         749.359764
  b (rotation):          2.198553
  c (translation X):     -2840794.72
  d (rotation):          2.982803
  e (scale Y):        -643.494393
  f (translation Y):      2610733.24

Derived Parameters:
  Pixel size X:       749.36 m/pixel
  Pixel size Y:       643.49 m/pixel
  Rotation:           0.1681 degrees

QUALITY ASSESSMENT
--------------------------------------------------------------------------------
Overall quality: POOR (RMSE: 17563.54 m)

================================================================================