================================================================================
GEOREFERENCING REPORT
================================================================================
Date: 2026-06-16 00:21:11
Source Raster: atlas/3_regional/12_continent_and_islands/45_wilkes_land_p_152-168/maps/P_160_I_A/P_160_I_A.tiff
Target Raster: atlas/3_regional/12_continent_and_islands/45_wilkes_land_p_152-168/maps/P_160_I_A.tiff
Tie Points: atlas/3_regional/12_continent_and_islands/45_wilkes_land_p_152-168/maps/P_160_I_A/P_160_I_A.gpkg

Target CRS: EPSG:3031
Number of tie points: 13
Source dimensions: 1711 x 1653 pixels
Source bands: 3

--------------------------------------------------------------------------------
CONTROL POINTS
--------------------------------------------------------------------------------
ID    Pixel X    Pixel Y    Map X        Map Y        Target X     Target Y    
--------------------------------------------------------------------------------
1     156.4      126.6      -2860096     2863546      -2553329     2142497     
2     1561.6     132.8      2888687      2837927      2553329      2142497     
3     1556.8     1500.8     2869304      -2758760     2553329      -2142497    
4     63.9       1341.4     -3238728     -2106642     -2886579     -1666567    
5     855.8      813.7      1147         52347        0            0           
6     246.2      810.6      -2492877     65103        -2194494     0           
7     861.3      101.6      23551        2965583      0            2194494     
8     1468.6     816.5      2508174      41032        2194494      0           
9     855.4      1524.0     -285         -2853438     0            -2194494    
10    856.1      1170.2     2389         -1406298     0            -1089179    
11    1162.4     815.1      1255775      46768        1089179      0           
12    551.7      812.1      -1242710     58770        -1089179     0           
13    857.1      458.6      6667         1505155      0            1089179     

--------------------------------------------------------------------------------
RESIDUAL ANALYSIS
--------------------------------------------------------------------------------
ID    dX (m)       dY (m)       Residual (m)   
--------------------------------------------------------------------------------
1     7128.10      -15321.06    16898.07       
2     -9364.03     -14538.82    17293.42       
3     -11986.97    15032.29     19226.47       
4     18039.92     13403.10     22474.03       
5     -5490.22     -191.54      5493.57        
6     -19293.39    717.87       19306.74       
7     6778.99      20427.36     21522.82       
8     19821.94     41.43        19821.98       
9     790.08       -15070.82    15091.51       
10    -601.57      -20065.66    20074.68       
11    16219.97     -11.56       16219.98       
12    -17665.75    308.75       17668.45       
13    -4377.08     15268.66     15883.66       
--------------------------------------------------------------------------------

TRANSFORMATION STATISTICS
--------------------------------------------------------------------------------
Transformation type: Affine (1st-order polynomial, 6 parameters)
Number of GCPs used: 13
Degrees of freedom:  10

Residual Errors:
  Mean error:       17459.64 m
  RMSE (total):     17924.45 m
  RMSE X:           12539.70 m
  RMSE Y:           12807.88 m
  Std deviation:     4055.46 m
  Maximum error:    22474.03 m
  Minimum error:     5493.57 m

Transformation Matrix:
  a (scale X):        3622.416487
  b (rotation):         10.627838
  c (translation X):     -3114131.08
  d (rotation):         14.418915
  e (scale Y):       -3110.661675
  f (translation Y):      2518629.99

Derived Parameters:
  Pixel size X:      3622.42 m/pixel
  Pixel size Y:      3110.66 m/pixel
  Rotation:           0.1681 degrees

QUALITY ASSESSMENT
--------------------------------------------------------------------------------
Overall quality: POOR (RMSE: 17924.45 m)

================================================================================