================================================================================
GEOREFERENCING REPORT
================================================================================
Date: 2026-01-05 23:47:09
Source Raster: atlas/2_general/6_geology_and_relief/22_geology_p_58-63/maps/P_61-62_IVb_georeferencing/P_61-62_IVb.tiff
Target Raster: atlas/2_general/6_geology_and_relief/22_geology_p_58-63/maps/P_61-62_IVb.tiff
Tie Points: atlas/2_general/6_geology_and_relief/22_geology_p_58-63/maps/P_61-62_IVb_georeferencing/P_61-62_IVb.gpkg

Target CRS: EPSG:3031
Number of tie points: 13
Source dimensions: 5192 x 8268 pixels
Source bands: 3

--------------------------------------------------------------------------------
CONTROL POINTS
--------------------------------------------------------------------------------
ID    Pixel X    Pixel Y    Map X        Map Y        Target X     Target Y    
--------------------------------------------------------------------------------
1     -782.2     751.7      -2860096     2863546      -2553329     2142497     
2     6008.0     782.0      2888687      2837927      2553329      2142497     
3     5985.1     7392.5     2869304      -2758760     2553329      -2142497    
4     -1229.4    6622.2     -3238728     -2106642     -2886579     -1666567    
5     2597.4     4072.2     1147         52347        0            0           
6     -348.4     4057.1     -2492877     65103        -2194494     0           
7     2623.8     631.2      23551        2965583      0            2194494     
8     5558.5     4085.5     2508174      41032        2194494      0           
9     2595.7     7504.3     -285         -2853438     0            -2194494    
10    2598.8     5795.0     2389         -1406298     0            -1089179    
11    4079.2     4078.8     1255775      46768        1089179      0           
12    1128.2     4064.6     -1242710     58770        -1089179     0           
13    2603.9     2356.2     6667         1505155      0            1089179     

--------------------------------------------------------------------------------
RESIDUAL ANALYSIS
--------------------------------------------------------------------------------
ID    dX (m)       dY (m)       Residual (m)   
--------------------------------------------------------------------------------
1     7128.10      -15321.06    16898.07       
2     -9364.03     -14538.82    17293.42       
3     -11986.97    15032.29     19226.47       
4     18039.92     13403.10     22474.03       
5     -5490.22     -191.54      5493.57        
6     -19293.39    717.87       19306.74       
7     6778.99      20427.36     21522.82       
8     19821.94     41.43        19821.98       
9     790.08       -15070.82    15091.51       
10    -601.57      -20065.66    20074.68       
11    16219.97     -11.56       16219.98       
12    -17665.75    308.75       17668.45       
13    -4377.08     15268.66     15883.66       
--------------------------------------------------------------------------------

TRANSFORMATION STATISTICS
--------------------------------------------------------------------------------
Transformation type: Polynomial (affine)
Number of GCPs used: 13

Residual Errors:
  Mean error:       17459.64 m
  RMSE (total):     17924.45 m
  RMSE X:           12539.70 m
  RMSE Y:           12807.88 m
  Std deviation:     4055.46 m
  Maximum error:    22474.03 m
  Minimum error:     5493.57 m

Transformation Matrix:
  a (scale X):         749.631665
  b (rotation):          2.199351
  c (translation X):     -1961505.79
  d (rotation):          2.983885
  e (scale Y):        -643.727882
  f (translation Y):      2613428.39

Derived Parameters:
  Pixel size X:       749.63 m/pixel
  Pixel size Y:       643.73 m/pixel
  Rotation:           0.1681 degrees

QUALITY ASSESSMENT
--------------------------------------------------------------------------------
Overall quality: POOR (RMSE: 17924.45 m)

================================================================================