================================================================================
GEOREFERENCING REPORT
================================================================================
Date: 2026-03-15 00:50:17
Source Raster: atlas/2_general/5_aeronomy_and_physics_of_the_earth/20_gravity_measurements_p_49-54/maps/P_51_II_A/P_51_II_A.tiff
Target Raster: atlas/2_general/5_aeronomy_and_physics_of_the_earth/20_gravity_measurements_p_49-54/maps/P_51_II_A.tiff
Tie Points: atlas/2_general/5_aeronomy_and_physics_of_the_earth/20_gravity_measurements_p_49-54/maps/P_51_II_A/P_51_II_A.gpkg

Target CRS: EPSG:3031
Number of tie points: 10
Source dimensions: 5739 x 2298 pixels
Source bands: 3

--------------------------------------------------------------------------------
CONTROL POINTS
--------------------------------------------------------------------------------
ID    Pixel X    Pixel Y    Map X        Map Y        Target X     Target Y    
--------------------------------------------------------------------------------
1     4438.8     2083.6     1914119      -1139908     2119719      -567977     
2     3264.6     1879.9     481936       -891481      2186144      -191263     
3     2071.1     1878.3     -973853      -889498      2186144      191263      
4     895.7      2070.2     -2407538     -1123631     2119719      567977      
5     469.4      375.1      -2927458     943917       2664508      713953      
6     1933.8     132.5      -1141253     1239796      2748005      240419      
7     5587.1     613.0      3314673      653805       2592144      -943463     
8     4154.0     235.1      1566744      1114693      2716594      -479009     
9     2676.1     104.9      -235947      1273558      2758502      0           
10    2002.0     1006.9     -1058068     173319       2465900      215738      

--------------------------------------------------------------------------------
RESIDUAL ANALYSIS
--------------------------------------------------------------------------------
ID    dX (m)       dY (m)       Residual (m)   
--------------------------------------------------------------------------------
1     402.89       -4122.00     4141.64        
2     -1355.60     -1500.03     2021.82        
3     -1831.88     1281.09      2235.39        
4     1735.56      3757.92      4139.34        
5     2965.26      -2285.78     3744.01        
6     -1114.57     -1175.40     1619.82        
7     2951.88      2695.59      3997.47        
8     -903.31      1384.82      1653.39        
9     -2067.48     -326.14      2093.05        
10    -782.75      289.92       834.72         
--------------------------------------------------------------------------------

TRANSFORMATION STATISTICS
--------------------------------------------------------------------------------
Transformation type: Affine (1st-order polynomial, 6 parameters)
Number of GCPs used: 10
Degrees of freedom:  7

Residual Errors:
  Mean error:        2648.07 m
  RMSE (total):      2894.90 m
  RMSE X:            1811.62 m
  RMSE Y:            2257.98 m
  Std deviation:     1169.70 m
  Maximum error:     4141.64 m
  Minimum error:      834.72 m

Transformation Matrix:
  a (scale X):           0.837922
  b (rotation):       -322.328147
  c (translation X):      2787992.86
  d (rotation):       -322.825245
  e (scale Y):          -1.371392
  f (translation Y):       863716.51

Derived Parameters:
  Pixel size X:         0.84 m/pixel
  Pixel size Y:         1.37 m/pixel
  Rotation:         -89.8511 degrees

QUALITY ASSESSMENT
--------------------------------------------------------------------------------
Overall quality: POOR (RMSE: 2894.90 m)

================================================================================