================================================================================
GEOREFERENCING REPORT
================================================================================
Date: 2026-03-13 09:23:50
Source Raster: atlas/3_regional/13_southern_ocean/50_indian_sector_and_davis_sea_p_190-207/maps/P_205-206_XIV_A/P_205-206_XIV_A.tiff
Target Raster: atlas/3_regional/13_southern_ocean/50_indian_sector_and_davis_sea_p_190-207/maps/P_205-206_XIV_A.tiff
Tie Points: atlas/3_regional/13_southern_ocean/50_indian_sector_and_davis_sea_p_190-207/maps/P_205-206_XIV_A/P_205-206_XIV_A.gpkg

Target CRS: EPSG:9354
Number of tie points: 13
Source dimensions: 2087 x 1948 pixels
Source bands: 3

--------------------------------------------------------------------------------
CONTROL POINTS
--------------------------------------------------------------------------------
ID    Pixel X    Pixel Y    Map X        Map Y        Target X     Target Y    
--------------------------------------------------------------------------------
1     208.0      137.4      -2802507     2805887      -2501917     2099358     
2     1887.4     144.9      2830522      2780785      2501917      2099358     
3     1881.7     1779.9     2811530      -2703212     2501917      -2099358    
4     97.3       1589.4     -3173516     -2064224     -2828457     -1633010    
5     1043.8     958.7      1124         51293        0            0           
6     315.2      955.0      -2442683     63792        -2150308     0           
7     1050.4     107.6      23077        2905870      0            2150308     
8     1776.2     962.0      2457671      40206        2150308      0           
9     1043.4     1807.6     -280         -2795983     0            -2150308    
10    1044.2     1384.8     2341         -1377982     0            -1067249    
11    1410.4     960.3      1230490      45826        1067249      0           
12    680.5      956.8      -1217687     57587        -1067249     0           
13    1045.4     534.3      6532         1474848      0            1067249     

--------------------------------------------------------------------------------
RESIDUAL ANALYSIS
--------------------------------------------------------------------------------
ID    dX (m)       dY (m)       Residual (m)   
--------------------------------------------------------------------------------
1     6984.58      -15012.56    16557.82       
2     -9175.48     -14246.08    16945.21       
3     -11745.61    14729.61     18839.34       
4     17676.68     13133.22     22021.51       
5     -5379.68     -187.68      5382.95        
6     -18904.92    703.41       18918.00       
7     6642.50      20016.05     21089.46       
8     19422.82     40.60        19422.86       
9     774.17       -14767.36    14787.64       
10    -589.45      -19661.64    19670.47       
11    15893.38     -11.33       15893.38       
12    -17310.04    302.53       17312.69       
13    -4288.94     14961.22     15563.84       
--------------------------------------------------------------------------------

TRANSFORMATION STATISTICS
--------------------------------------------------------------------------------
Transformation type: Affine (1st-order polynomial, 6 parameters)
Number of GCPs used: 13
Degrees of freedom:  10

Residual Errors:
  Mean error:       17108.09 m
  RMSE (total):     17563.54 m
  RMSE X:           12287.21 m
  RMSE Y:           12549.99 m
  Std deviation:     3973.81 m
  Maximum error:    22021.51 m
  Minimum error:     5382.95 m

Transformation Matrix:
  a (scale X):        2969.791379
  b (rotation):          8.713096
  c (translation X):     -3113705.47
  d (rotation):         11.821161
  e (scale Y):       -2550.235806
  f (translation Y):      2432403.13

Derived Parameters:
  Pixel size X:      2969.79 m/pixel
  Pixel size Y:      2550.24 m/pixel
  Rotation:           0.1681 degrees

QUALITY ASSESSMENT
--------------------------------------------------------------------------------
Overall quality: POOR (RMSE: 17563.54 m)

================================================================================