================================================================================
GEOREFERENCING REPORT
================================================================================
Date: 2026-01-16 15:37:32
Source Raster: atlas/3_regional/12_continent_and_islands/48_oceanic_islands_p_178-180/maps/P_180_IX_georeferencing/P_180_IX.tiff
Target Raster: atlas/3_regional/12_continent_and_islands/48_oceanic_islands_p_178-180/maps/P_180_IX.tiff
Tie Points: atlas/3_regional/12_continent_and_islands/48_oceanic_islands_p_178-180/maps/P_180_IX_georeferencing/P_180_IX.gpkg

Target CRS: EPSG:3031
Number of tie points: 3
Source dimensions: 2016 x 5832 pixels
Source bands: 3

--------------------------------------------------------------------------------
CONTROL POINTS
--------------------------------------------------------------------------------
ID    Pixel X    Pixel Y    Map X        Map Y        Target X     Target Y    
--------------------------------------------------------------------------------
1     579.9      5030.5     -513829      -2538011     1426522      -3684143    
2     575.8      3572.1     -518738      -787500      1430108      -3693405    
3     575.0      2113.2     -519765      963582       1433701      -3702682    

--------------------------------------------------------------------------------
RESIDUAL ANALYSIS
--------------------------------------------------------------------------------
ID    dX (m)       dY (m)       Residual (m)   
--------------------------------------------------------------------------------
1     0.00         0.00         0.00           
2     0.00         0.00         0.00           
3     0.00         0.00         0.00           
--------------------------------------------------------------------------------

TRANSFORMATION STATISTICS
--------------------------------------------------------------------------------
Transformation type: Polynomial (affine)
Number of GCPs used: 3

Residual Errors:
  Mean error:           0.00 m
  RMSE (total):         0.00 m
  RMSE X:               0.00 m
  RMSE Y:               0.00 m
  Std deviation:        0.00 m
  Maximum error:        0.00 m
  Minimum error:        0.00 m

Transformation Matrix:
  a (scale X):           1.467145
  b (rotation):         -2.463093
  c (translation X):      1438062.00
  d (rotation):         -3.789057
  e (scale Y):           6.361196
  f (translation Y):     -3713945.97

Derived Parameters:
  Pixel size X:         1.47 m/pixel
  Pixel size Y:         6.36 m/pixel
  Rotation:         -59.2198 degrees

QUALITY ASSESSMENT
--------------------------------------------------------------------------------
Overall quality: EXCELLENT (RMSE: 0.00 m)
WARNING: Less than 4 GCPs used. Consider adding more points.

================================================================================