================================================================================
GEOREFERENCING REPORT
================================================================================
Date: 2026-06-25 00:23:43
Source Raster: atlas/3_regional/12_continent_and_islands/43_queen_maud_land_and_enderby_land_p_136-141/maps/P_139_III_B/P_139_III_B.tiff
Target Raster: atlas/3_regional/12_continent_and_islands/43_queen_maud_land_and_enderby_land_p_136-141/maps/P_139_III_B.tiff
Tie Points: atlas/3_regional/12_continent_and_islands/43_queen_maud_land_and_enderby_land_p_136-141/maps/P_139_III_B/P_139_III_B.gpkg

Target CRS: EPSG:3031
Number of tie points: 13
Source dimensions: 1682 x 2588 pixels
Source bands: 3

--------------------------------------------------------------------------------
CONTROL POINTS
--------------------------------------------------------------------------------
ID    Pixel X    Pixel Y    Map X        Map Y        Target X     Target Y    
--------------------------------------------------------------------------------
1     -216.4     235.3      -2860096     2863546      -2553329     2142497     
2     1909.0     244.8      2888687      2837927      2553329      2142497     
3     1901.8     2314.0     2869304      -2758760     2553329      -2142497    
4     -356.4     2072.9     -3238728     -2106642     -2886579     -1666567    
5     841.4      1274.6     1147         52347        0            0           
6     -80.7      1269.9     -2492877     65103        -2194494     0           
7     849.7      197.6      23551        2965583      0            2194494     
8     1768.3     1278.8     2508174      41032        2194494      0           
9     840.9      2349.0     -285         -2853438     0            -2194494    
10    841.9      1813.9     2389         -1406298     0            -1089179    
11    1305.3     1276.7     1255775      46768        1089179      0           
12    381.6      1272.3     -1242710     58770        -1089179     0           
13    843.5      737.5      6667         1505155      0            1089179     

--------------------------------------------------------------------------------
RESIDUAL ANALYSIS
--------------------------------------------------------------------------------
ID    dX (m)       dY (m)       Residual (m)   
--------------------------------------------------------------------------------
1     7128.10      -15321.06    16898.07       
2     -9364.03     -14538.82    17293.42       
3     -11986.97    15032.29     19226.47       
4     18039.92     13403.10     22474.03       
5     -5490.22     -191.54      5493.57        
6     -19293.39    717.87       19306.74       
7     6778.99      20427.36     21522.82       
8     19821.94     41.43        19821.98       
9     790.08       -15070.82    15091.51       
10    -601.57      -20065.66    20074.68       
11    16219.97     -11.56       16219.98       
12    -17665.75    308.75       17668.45       
13    -4377.08     15268.66     15883.66       
--------------------------------------------------------------------------------

TRANSFORMATION STATISTICS
--------------------------------------------------------------------------------
Transformation type: Affine (1st-order polynomial, 6 parameters)
Number of GCPs used: 13
Degrees of freedom:  10

Residual Errors:
  Mean error:       17459.64 m
  RMSE (total):     17924.45 m
  RMSE X:           12539.70 m
  RMSE Y:           12807.88 m
  Std deviation:     4055.46 m
  Maximum error:    22474.03 m
  Minimum error:     5493.57 m

Transformation Matrix:
  a (scale X):        2394.881997
  b (rotation):          7.026364
  c (translation X):     -2029557.74
  d (rotation):          9.532752
  e (scale Y):       -2056.546417
  f (translation Y):      2613157.51

Derived Parameters:
  Pixel size X:      2394.88 m/pixel
  Pixel size Y:      2056.55 m/pixel
  Rotation:           0.1681 degrees

QUALITY ASSESSMENT
--------------------------------------------------------------------------------
Overall quality: POOR (RMSE: 17924.45 m)

================================================================================