================================================================================
GEOREFERENCING REPORT
================================================================================
Date: 2026-01-05 23:47:37
Source Raster: atlas/2_general/7_climate/25_air_temperatures_p_76-78/maps/P_78_V_georeferencing/P_78_V.tiff
Target Raster: atlas/2_general/7_climate/25_air_temperatures_p_76-78/maps/P_78_V.tiff
Tie Points: atlas/2_general/7_climate/25_air_temperatures_p_76-78/maps/P_78_V_georeferencing/P_78_V.gpkg

Target CRS: EPSG:3031
Number of tie points: 13
Source dimensions: 4202 x 4825 pixels
Source bands: 3

--------------------------------------------------------------------------------
CONTROL POINTS
--------------------------------------------------------------------------------
ID    Pixel X    Pixel Y    Map X        Map Y        Target X     Target Y    
--------------------------------------------------------------------------------
1     129.6      438.7      -2860096     2863546      -2553329     2142497     
2     4092.1     456.4      2888687      2837927      2553329      2142497     
3     4078.8     4314.1     2869304      -2758760     2553329      -2142497    
4     -131.4     3864.6     -3238728     -2106642     -2886579     -1666567    
5     2101.8     2376.4     1147         52347        0            0           
6     382.7      2367.6     -2492877     65103        -2194494     0           
7     2117.2     368.4      23551        2965583      0            2194494     
8     3829.8     2384.2     2508174      41032        2194494      0           
9     2100.8     4379.3     -285         -2853438     0            -2194494    
10    2102.6     3381.8     2389         -1406298     0            -1089179    
11    2966.6     2380.3     1255775      46768        1089179      0           
12    1244.4     2372.0     -1242710     58770        -1089179     0           
13    2105.6     1375.0     6667         1505155      0            1089179     

--------------------------------------------------------------------------------
RESIDUAL ANALYSIS
--------------------------------------------------------------------------------
ID    dX (m)       dY (m)       Residual (m)   
--------------------------------------------------------------------------------
1     7128.10      -15321.06    16898.07       
2     -9364.03     -14538.82    17293.42       
3     -11986.97    15032.29     19226.47       
4     18039.92     13403.10     22474.03       
5     -5490.22     -191.54      5493.57        
6     -19293.39    717.87       19306.74       
7     6778.99      20427.36     21522.82       
8     19821.94     41.43        19821.98       
9     790.08       -15070.82    15091.51       
10    -601.57      -20065.66    20074.68       
11    16219.97     -11.56       16219.98       
12    -17665.75    308.75       17668.45       
13    -4377.08     15268.66     15883.66       
--------------------------------------------------------------------------------

TRANSFORMATION STATISTICS
--------------------------------------------------------------------------------
Transformation type: Polynomial (affine)
Number of GCPs used: 13

Residual Errors:
  Mean error:       17459.64 m
  RMSE (total):     17924.45 m
  RMSE X:           12539.70 m
  RMSE Y:           12807.88 m
  Std deviation:     4055.46 m
  Maximum error:    22474.03 m
  Minimum error:     5493.57 m

Transformation Matrix:
  a (scale X):        1284.550178
  b (rotation):          3.768752
  c (translation X):     -2714301.91
  d (rotation):          5.113112
  e (scale Y):       -1103.076088
  f (translation Y):      2610431.91

Derived Parameters:
  Pixel size X:      1284.55 m/pixel
  Pixel size Y:      1103.08 m/pixel
  Rotation:           0.1681 degrees

QUALITY ASSESSMENT
--------------------------------------------------------------------------------
Overall quality: POOR (RMSE: 17924.45 m)

================================================================================