================================================================================
GEOREFERENCING REPORT
================================================================================
Date: 2026-01-08 23:35:22
Source Raster: atlas/2_general/6_geology_and_relief/23_relief_and_bottom_sediments_p_64-72/maps/P_66_III_georeferencing/P_66_III.tiff
Target Raster: atlas/2_general/6_geology_and_relief/23_relief_and_bottom_sediments_p_64-72/maps/P_66_III.tiff
Tie Points: atlas/2_general/6_geology_and_relief/23_relief_and_bottom_sediments_p_64-72/maps/P_66_III_georeferencing/P_66_III.gpkg

Target CRS: EPSG:3031
Number of tie points: 14
Source dimensions: 4844 x 4179 pixels
Source bands: 3

--------------------------------------------------------------------------------
CONTROL POINTS
--------------------------------------------------------------------------------
ID    Pixel X    Pixel Y    Map X        Map Y        Target X     Target Y    
--------------------------------------------------------------------------------
1     458.4      402.4      -2837605     2438060      -2553329     2142497     
2     4420.5     418.8      2887942      2414361      2553329      2142497     
3     4405.6     3741.2     2866490      -2386784     2553329      -2142497    
4     195.2      3354.6     -3217925     -1828132     -2886579     -1666567    
5     2430.0     2073.5     11592        23140        0            0           
6     708.7      2066.2     -2475893     33714        -2194494     0           
7     2436.2     349.5      20588        2514417      0            2194494     
8     4157.1     2080.0     2507403      13757        2194494      0           
9     2427.1     3798.0     7321         -2468860     0            -2194494    
10    2427.9     2935.4     8552         -1222459     0            -1089179    
11    3293.7     2076.2     1259743      19238        1089179      0           
12    1570.3     2068.2     -1230747     30816        -1089179     0           
13    2432.4     1210.8     14962        1269733      0            1089179     
14    1321.1     3388.8     -1590870     -1877544     -1410594     -1681080    

--------------------------------------------------------------------------------
RESIDUAL ANALYSIS
--------------------------------------------------------------------------------
ID    dX (m)       dY (m)       Residual (m)   
--------------------------------------------------------------------------------
1     11517.00     -11509.83    16282.43       
2     -7845.64     -13576.85    15680.72       
3     -11152.84    15713.27     19268.96       
4     20845.92     14833.83     25585.05       
5     -2342.24     -121.89      2345.41        
6     -18043.40    1022.26      18072.33       
7     -2524.10     13628.63     13860.40       
8     20752.34     -182.86      20753.14       
9     2039.76      -14497.96    14640.75       
10    -956.37      -15024.69    15055.10       
11    17487.92     548.34       17496.52       
12    -17021.19    2572.75      17214.53       
13    -3438.17     15663.81     16036.71       
14    -9318.99     -9068.81     13003.34       
--------------------------------------------------------------------------------

TRANSFORMATION STATISTICS
--------------------------------------------------------------------------------
Transformation type: Polynomial (affine)
Number of GCPs used: 14

Residual Errors:
  Mean error:       16092.53 m
  RMSE (total):     16821.63 m
  RMSE X:           12593.94 m
  RMSE Y:           11151.68 m
  Std deviation:     4898.76 m
  Maximum error:    25585.05 m
  Minimum error:     2345.41 m

Transformation Matrix:
  a (scale X):        1283.976845
  b (rotation):          4.741674
  c (translation X):     -3132265.85
  d (rotation):          4.780249
  e (scale Y):       -1280.894319
  f (translation Y):      2644179.92

Derived Parameters:
  Pixel size X:      1283.98 m/pixel
  Pixel size Y:      1280.89 m/pixel
  Rotation:           0.2116 degrees

QUALITY ASSESSMENT
--------------------------------------------------------------------------------
Overall quality: POOR (RMSE: 16821.63 m)

================================================================================