================================================================================
GEOREFERENCING REPORT
================================================================================
Date: 2026-06-25 00:21:07
Source Raster: atlas/2_general/10_biology/40_terrestrial_biology_and_regionalization_p_132/maps/P_132_XII_G/P_132_XII_G.tiff
Target Raster: atlas/2_general/10_biology/40_terrestrial_biology_and_regionalization_p_132/maps/P_132_XII_G.tiff
Tie Points: atlas/2_general/10_biology/40_terrestrial_biology_and_regionalization_p_132/maps/P_132_XII_G/P_132_XII_G.gpkg

Target CRS: EPSG:3031
Number of tie points: 15
Source dimensions: 1446 x 1671 pixels
Source bands: 3

--------------------------------------------------------------------------------
CONTROL POINTS
--------------------------------------------------------------------------------
ID    Pixel X    Pixel Y    Map X        Map Y        Target X     Target Y    
--------------------------------------------------------------------------------
1     638.5      904.2      -354129      -287966      0            0           
2     351.8      904.0      -1554888     -286931      -2194494     0           
3     638.1      619.5      -355683      904765       0            2194494     
4     922.0      905.4      833423       -292628      2194494      0           
5     638.8      1189.7     -352576      -1483805     0            -2194494    
6     638.8      1046.3     -352576      -883037      0            -1089179    
7     779.3      904.1      235763       -287449      1089179      0           
8     495.0      904.0      -955156      -286931      -1089179     0           
9     638.6      761.9      -353611      308140       0            1089179     
10    66.4       904.4      -2750468     -288484      -4524538     0           
11    637.4      187.3      -358790      2715355      0            5791904     
12    1142.8     396.7      1758399      1838027      4095495      4095495     
13    1144.7     1410.0     1766685      -2406709     4095495      -4095495    
14    637.1      1621.4     -359826      -3292324     0            -5791904    
15    131.0      395.9      -2480123     1841652      -4095495     4095495     

--------------------------------------------------------------------------------
RESIDUAL ANALYSIS
--------------------------------------------------------------------------------
ID    dX (m)       dY (m)       Residual (m)   
--------------------------------------------------------------------------------
1     12596.17     449.48       12604.19       
2     -81113.48    4531.55      81239.96       
3     6780.46      93954.13     94198.48       
4     81147.75     -10563.95    81832.47       
5     18419.32     -99016.09    100714.74      
6     16981.33     -51888.16    54596.22       
7     47530.82     413.71       47532.62       
8     -43561.23    3485.13      43700.42       
9     12156.27     54770.47     56103.29       
10    -29398.41    3637.16      29622.55       
11    -3474.94     -30226.15    30425.24       
12    -62292.21    -20474.64    65570.80       
13    -36341.12    27895.99     45813.36       
14    8931.14      29156.20     30493.43       
15    51638.12     -6124.82     52000.08       
--------------------------------------------------------------------------------

TRANSFORMATION STATISTICS
--------------------------------------------------------------------------------
Transformation type: Affine (1st-order polynomial, 6 parameters)
Number of GCPs used: 15
Degrees of freedom:  12

Residual Errors:
  Mean error:       55096.52 m
  RMSE (total):     60335.18 m
  RMSE X:           42524.32 m
  RMSE Y:           42802.06 m
  Std deviation:    24590.79 m
  Maximum error:   100714.74 m
  Minimum error:    12604.19 m

Transformation Matrix:
  a (scale X):        7982.887268
  b (rotation):         10.027025
  c (translation X):     -5093258.94
  d (rotation):         -7.309213
  e (scale Y):       -8035.894106
  f (translation Y):      7271506.79

Derived Parameters:
  Pixel size X:      7982.89 m/pixel
  Pixel size Y:      8035.89 m/pixel
  Rotation:           0.0720 degrees

QUALITY ASSESSMENT
--------------------------------------------------------------------------------
Overall quality: POOR (RMSE: 60335.18 m)

================================================================================