================================================================================
GEOREFERENCING REPORT
================================================================================
Date: 2026-07-03 00:04:39
Source Raster: atlas/2_general/5_aeronomy_and_physics_of_the_earth/15_ionosphere_p_25-30/maps/P_26_II_G/P_26_II_G.tiff
Target Raster: atlas/2_general/5_aeronomy_and_physics_of_the_earth/15_ionosphere_p_25-30/maps/P_26_II_G.tiff
Tie Points: atlas/2_general/5_aeronomy_and_physics_of_the_earth/15_ionosphere_p_25-30/maps/P_26_II_G/P_26_II_G.gpkg

Target CRS: EPSG:3031
Number of tie points: 13
Source dimensions: 1541 x 1830 pixels
Source bands: 3

--------------------------------------------------------------------------------
CONTROL POINTS
--------------------------------------------------------------------------------
ID    Pixel X    Pixel Y    Map X        Map Y        Target X     Target Y    
--------------------------------------------------------------------------------
1     783.2      939.5      48490        -93804       0            0           
2     498.9      940.6      -1038744     -98003       -2194494     0           
3     782.7      653.0      46702        1002295      0            2194494     
4     1071.7     938.1      1152054      -88206       2194494      0           
5     784.7      1227.0     54167        -1193558     0            -2194494    
6     783.9      1082.6     51367        -641232      0            -1089179    
7     929.1      938.7      606493       -90694       1089179      0           
8     642.7      939.8      -488984      -95048       -1089179     0           
9     783.3      796.8      49112        452223       0            1089179     
10    781.5      225.7      41958        2636490      0            5791904     
11    1498.9     936.9      2786249      -83929       5791904      0           
12    785.7      1653.1     58132        -2823243     0            -5791904    
13    71.7       942.1      -2673095     -103524      -5791904     0           

--------------------------------------------------------------------------------
RESIDUAL ANALYSIS
--------------------------------------------------------------------------------
ID    dX (m)       dY (m)       Residual (m)   
--------------------------------------------------------------------------------
1     -10269.12    163.86       10270.43       
2     -100556.99   -158.89      100557.12      
3     -7155.34     108357.66    108593.66      
4     114342.98    3299.38      114390.57      
5     -5235.47     -115738.10   115856.45      
6     -7655.24     -60709.36    61190.11       
7     73179.10     2336.42      73216.39       
8     -50566.22    1751.39      50596.54       
9     -5538.47     58069.31     58332.83       
10    -6877.36     -55913.42    56334.79       
11    -48879.64    -489.90      48882.10       
12    -7119.25     58013.74     58448.93       
13    62331.02     1017.90      62339.33       
--------------------------------------------------------------------------------

TRANSFORMATION STATISTICS
--------------------------------------------------------------------------------
Transformation type: Affine (1st-order polynomial, 6 parameters)
Number of GCPs used: 13
Degrees of freedom:  10

Residual Errors:
  Mean error:       70693.02 m
  RMSE (total):     76686.60 m
  RMSE X:           53882.96 m
  RMSE Y:           54566.13 m
  Std deviation:    29720.90 m
  Maximum error:   115856.45 m
  Minimum error:    10270.43 m

Transformation Matrix:
  a (scale X):        8038.288471
  b (rotation):        -23.982210
  c (translation X):     -6283137.59
  d (rotation):        -29.899661
  e (scale Y):       -8035.810348
  f (translation Y):      7573410.24

Derived Parameters:
  Pixel size X:      8038.29 m/pixel
  Pixel size Y:      8035.81 m/pixel
  Rotation:          -0.1709 degrees

QUALITY ASSESSMENT
--------------------------------------------------------------------------------
Overall quality: POOR (RMSE: 76686.60 m)

================================================================================