================================================================================
GEOREFERENCING REPORT
================================================================================
Date: 2026-06-25 23:47:54
Source Raster: atlas/1_introductory/2_history_of_exploration/5_main_expeditions_by_periods_p_7-12/maps/P_10-11_VIIa/P_10-11_VIIa.tiff
Target Raster: atlas/1_introductory/2_history_of_exploration/5_main_expeditions_by_periods_p_7-12/maps/P_10-11_VIIa.tiff
Tie Points: atlas/1_introductory/2_history_of_exploration/5_main_expeditions_by_periods_p_7-12/maps/P_10-11_VIIa/P_10-11_VIIa.gpkg

Target CRS: EPSG:3031
Number of tie points: 14
Source dimensions: 8236 x 5098 pixels
Source bands: 3

--------------------------------------------------------------------------------
CONTROL POINTS
--------------------------------------------------------------------------------
ID    Pixel X    Pixel Y    Map X        Map Y        Target X     Target Y    
--------------------------------------------------------------------------------
1     3903.4     4396.0     -182399      -1569851     0            1089179     
2     3906.3     3531.9     -179966      -835369      0            2194494     
3     3910.7     2672.9     -176203      -105297      0            3333134     
4     3913.5     1811.9     -173808      626448       0            4524538     
5     3917.3     958.1      -170576      1352110      0            5791904     
6     7141.9     4090.5     2570122      -1310198     4251675      1547483     
7     5523.4     4673.5     1194526      -1805631     2062150      750561      
8     2249.3     3271.5     -1588294     -614036      -2142497     2553329     
9     1670.2     3957.6     -2080458     -1197212     -2886579     1666567     
10    673.6      4067.2     -2927469     -1290353     -4251675     1547483     
11    1360.3     4796.8     -2343837     -1910481     -3282496     578793      
12    3349.0     4595.2     -653616      -1739102     -700111      834360      
13    4646.1     4828.7     448867       -1937549     943257       544590      
14    6123.3     2626.9     1704330      -66216       2908317      3465997     

--------------------------------------------------------------------------------
RESIDUAL ANALYSIS
--------------------------------------------------------------------------------
ID    dX (m)       dY (m)       Residual (m)   
--------------------------------------------------------------------------------
1     247.93       8099.00      8102.80        
2     1964.41      59027.17     59059.85       
3     5733.57      69696.70     69932.14       
4     7399.26      30226.82     31119.28       
5     10364.29     -94775.59    95340.61       
6     -30866.23    -23865.42    39016.44       
7     50401.39     -15649.27    52774.99       
8     -15960.05    39616.90     42710.92       
9     -25062.38    5193.73      25594.88       
10    41310.33     -27758.17    49770.06       
11    -31107.63    -31548.30    44305.53       
12    -21835.68    -6527.74     22790.53       
13    26111.85     -22109.01    34214.57       
14    -18701.05    10373.17     21385.32       
--------------------------------------------------------------------------------

TRANSFORMATION STATISTICS
--------------------------------------------------------------------------------
Transformation type: Affine (1st-order polynomial, 6 parameters)
Number of GCPs used: 14
Degrees of freedom:  11

Residual Errors:
  Mean error:       42579.85 m
  RMSE (total):     47716.94 m
  RMSE X:           25010.59 m
  RMSE Y:           40637.13 m
  Std deviation:    21537.46 m
  Maximum error:    95340.61 m
  Minimum error:     8102.80 m

Transformation Matrix:
  a (scale X):        1303.450341
  b (rotation):          2.331571
  c (translation X):     -5097882.12
  d (rotation):          5.431473
  e (scale Y):       -1337.961966
  f (translation Y):      6957814.82

Derived Parameters:
  Pixel size X:      1303.45 m/pixel
  Pixel size Y:      1337.96 m/pixel
  Rotation:           0.1025 degrees

QUALITY ASSESSMENT
--------------------------------------------------------------------------------
Overall quality: POOR (RMSE: 47716.94 m)

================================================================================