================================================================================
GEOREFERENCING REPORT
================================================================================
Date: 2026-06-25 00:23:49
Source Raster: atlas/3_regional/12_continent_and_islands/44_mac_robertson_land_and_princess_elizabeth_land_p_142-151/maps/P_143_II/P_143_II.tiff
Target Raster: atlas/3_regional/12_continent_and_islands/44_mac_robertson_land_and_princess_elizabeth_land_p_142-151/maps/P_143_II.tiff
Tie Points: atlas/3_regional/12_continent_and_islands/44_mac_robertson_land_and_princess_elizabeth_land_p_142-151/maps/P_143_II/P_143_II.gpkg

Target CRS: EPSG:3031
Number of tie points: 13
Source dimensions: 4814 x 8683 pixels
Source bands: 3

--------------------------------------------------------------------------------
CONTROL POINTS
--------------------------------------------------------------------------------
ID    Pixel X    Pixel Y    Map X        Map Y        Target X     Target Y    
--------------------------------------------------------------------------------
1     -1140.7    789.5      -2860096     2863546      -2553329     2142497     
2     5990.2     821.3      2888687      2837927      2553329      2142497     
3     5966.2     7763.5     2869304      -2758760     2553329      -2142497    
4     -1610.4    6954.6     -3238728     -2106642     -2886579     -1666567    
5     2408.4     4276.6     1147         52347        0            0           
6     -685.2     4260.7     -2492877     65103        -2194494     0           
7     2436.2     662.9      23551        2965583      0            2194494     
8     5518.2     4290.6     2508174      41032        2194494      0           
9     2406.6     7881.0     -285         -2853438     0            -2194494    
10    2410.0     6085.9     2389         -1406298     0            -1089179    
11    3964.7     4283.5     1255775      46768        1089179      0           
12    865.5      4268.6     -1242710     58770        -1089179     0           
13    2415.3     2474.5     6667         1505155      0            1089179     

--------------------------------------------------------------------------------
RESIDUAL ANALYSIS
--------------------------------------------------------------------------------
ID    dX (m)       dY (m)       Residual (m)   
--------------------------------------------------------------------------------
1     7128.10      -15321.06    16898.07       
2     -9364.03     -14538.82    17293.42       
3     -11986.97    15032.29     19226.47       
4     18039.92     13403.10     22474.03       
5     -5490.22     -191.54      5493.57        
6     -19293.39    717.87       19306.74       
7     6778.99      20427.36     21522.82       
8     19821.94     41.43        19821.98       
9     790.08       -15070.82    15091.51       
10    -601.57      -20065.66    20074.68       
11    16219.97     -11.56       16219.98       
12    -17665.75    308.75       17668.45       
13    -4377.08     15268.66     15883.66       
--------------------------------------------------------------------------------

TRANSFORMATION STATISTICS
--------------------------------------------------------------------------------
Transformation type: Affine (1st-order polynomial, 6 parameters)
Number of GCPs used: 13
Degrees of freedom:  10

Residual Errors:
  Mean error:       17459.64 m
  RMSE (total):     17924.45 m
  RMSE X:           12539.70 m
  RMSE Y:           12807.88 m
  Std deviation:     4055.46 m
  Maximum error:    22474.03 m
  Minimum error:     5493.57 m

Transformation Matrix:
  a (scale X):         713.803364
  b (rotation):          2.094234
  c (translation X):     -1733586.68
  d (rotation):          2.841272
  e (scale Y):        -612.961203
  f (translation Y):      2614335.62

Derived Parameters:
  Pixel size X:       713.80 m/pixel
  Pixel size Y:       612.96 m/pixel
  Rotation:           0.1681 degrees

QUALITY ASSESSMENT
--------------------------------------------------------------------------------
Overall quality: POOR (RMSE: 17924.45 m)

================================================================================