================================================================================
GEOREFERENCING REPORT
================================================================================
Date: 2026-06-26 00:01:05
Source Raster: atlas/1_introductory/2_history_of_exploration/5_main_expeditions_by_periods_p_7-12/maps/P_9_VI_G/P_9_VI_G.tiff
Target Raster: atlas/1_introductory/2_history_of_exploration/5_main_expeditions_by_periods_p_7-12/maps/P_9_VI_G.tiff
Tie Points: atlas/1_introductory/2_history_of_exploration/5_main_expeditions_by_periods_p_7-12/maps/P_9_VI_G/P_9_VI_G.gpkg

Target CRS: EPSG:3031
Number of tie points: 10
Source dimensions: 824 x 794 pixels
Source bands: 3

--------------------------------------------------------------------------------
CONTROL POINTS
--------------------------------------------------------------------------------
ID    Pixel X    Pixel Y    Map X        Map Y        Target X     Target Y    
--------------------------------------------------------------------------------
1     415.1      490.1      26122        -790966      0            0           
2     416.0      299.7      33725        826415       0            2194494     
3     603.8      491.9      1629209      -806173      2194494      0           
4     223.8      488.5      -1598862     -776976      -2194494     0           
5     414.3      678.8      19735        -2393749     0            -2194494    
6     36.0       486.9      -3194346     -763594      -4524538     0           
7     740.7      678.2      2792215      -2388883     3918365      -2262269    
8     227.2      160.5      -1570274     2008886      -2262269     3918365     
9     87.7       299.1      -2755178     831281       -3918365     2262269     
10    87.0       676.6      -2761260     -2375501     -3918365     -2262269    

--------------------------------------------------------------------------------
RESIDUAL ANALYSIS
--------------------------------------------------------------------------------
ID    dX (m)       dY (m)       Residual (m)   
--------------------------------------------------------------------------------
1     1201.69      -10231.22    10301.55       
2     -2531.96     55546.24     55603.92       
3     53180.88     -24995.55    58762.09       
4     -81450.85    2744.44      81497.08       
5     6510.16      -55602.93    55982.75       
6     12789.64     14989.43     19704.26       
7     -26938.77    30190.15     40461.62       
8     1601.21      -22347.84    22405.13       
9     7817.25      -16712.75    18450.63       
10    27820.74     26420.03     38366.80       
--------------------------------------------------------------------------------

TRANSFORMATION STATISTICS
--------------------------------------------------------------------------------
Transformation type: Affine (1st-order polynomial, 6 parameters)
Number of GCPs used: 10
Degrees of freedom:  7

Residual Errors:
  Mean error:       40153.58 m
  RMSE (total):     45570.35 m
  RMSE X:           33525.55 m
  RMSE Y:           30865.75 m
  Std deviation:    21548.71 m
  Maximum error:    81497.08 m
  Minimum error:    10301.55 m

Transformation Matrix:
  a (scale X):       11903.889450
  b (rotation):         75.571059
  c (translation X):     -4976842.46
  d (rotation):         34.373676
  e (scale Y):      -11871.707067
  f (translation Y):      5793919.65

Derived Parameters:
  Pixel size X:     11903.89 m/pixel
  Pixel size Y:     11871.71 m/pixel
  Rotation:           0.3637 degrees

QUALITY ASSESSMENT
--------------------------------------------------------------------------------
Overall quality: POOR (RMSE: 45570.35 m)

================================================================================