================================================================================
GEOREFERENCING REPORT
================================================================================
Date: 2026-03-15 00:53:39
Source Raster: atlas/3_regional/13_southern_ocean/49_atlantic_sector_and_weddell_sea_p_181-189/maps/P_189_XI_A/P_189_XI_A.tiff
Target Raster: atlas/3_regional/13_southern_ocean/49_atlantic_sector_and_weddell_sea_p_181-189/maps/P_189_XI_A.tiff
Tie Points: atlas/3_regional/13_southern_ocean/49_atlantic_sector_and_weddell_sea_p_181-189/maps/P_189_XI_A/P_189_XI_A.gpkg

Target CRS: EPSG:9354
Number of tie points: 13
Source dimensions: 1401 x 1312 pixels
Source bands: 3

--------------------------------------------------------------------------------
CONTROL POINTS
--------------------------------------------------------------------------------
ID    Pixel X    Pixel Y    Map X        Map Y        Target X     Target Y    
--------------------------------------------------------------------------------
1     139.6      94.4       -2802507     2805887      -2501917     2099358     
2     1267.0     99.4       2830522      2780785      2501917      2099358     
3     1263.2     1197.0     2811530      -2703212     2501917      -2099358    
4     65.3       1069.1     -3173516     -2064224     -2828457     -1633010    
5     700.7      645.7      1124         51293        0            0           
6     211.6      643.2      -2442683     63792        -2150308     0           
7     705.1      74.4       23077        2905870      0            2150308     
8     1192.4     648.0      2457671      40206        2150308      0           
9     700.4      1215.6     -280         -2795983     0            -2150308    
10    701.0      931.8      2341         -1377982     0            -1067249    
11    946.8      646.8      1230490      45826        1067249      0           
12    456.8      644.5      -1217687     57587        -1067249     0           
13    701.8      360.8      6532         1474848      0            1067249     

--------------------------------------------------------------------------------
RESIDUAL ANALYSIS
--------------------------------------------------------------------------------
ID    dX (m)       dY (m)       Residual (m)   
--------------------------------------------------------------------------------
1     6984.58      -15012.56    16557.82       
2     -9175.48     -14246.08    16945.21       
3     -11745.61    14729.61     18839.34       
4     17676.68     13133.22     22021.51       
5     -5379.68     -187.68      5382.95        
6     -18904.92    703.41       18918.00       
7     6642.50      20016.05     21089.46       
8     19422.82     40.60        19422.86       
9     774.17       -14767.36    14787.64       
10    -589.45      -19661.64    19670.47       
11    15893.38     -11.33       15893.38       
12    -17310.04    302.53       17312.69       
13    -4288.94     14961.22     15563.84       
--------------------------------------------------------------------------------

TRANSFORMATION STATISTICS
--------------------------------------------------------------------------------
Transformation type: Affine (1st-order polynomial, 6 parameters)
Number of GCPs used: 13
Degrees of freedom:  10

Residual Errors:
  Mean error:       17108.09 m
  RMSE (total):     17563.54 m
  RMSE X:           12287.21 m
  RMSE Y:           12549.99 m
  Std deviation:     3973.81 m
  Maximum error:    22021.51 m
  Minimum error:     5382.95 m

Transformation Matrix:
  a (scale X):        4423.950470
  b (rotation):         12.979465
  c (translation X):     -3113733.44
  d (rotation):         17.609396
  e (scale Y):       -3798.959405
  f (translation Y):      2440590.82

Derived Parameters:
  Pixel size X:      4423.95 m/pixel
  Pixel size Y:      3798.96 m/pixel
  Rotation:           0.1681 degrees

QUALITY ASSESSMENT
--------------------------------------------------------------------------------
Overall quality: POOR (RMSE: 17563.54 m)

================================================================================