================================================================================
GEOREFERENCING REPORT
================================================================================
Date: 2026-01-05 23:50:18
Source Raster: atlas/3_regional/13_southern_ocean/49_atlantic_sector_and_weddell_sea_p_181-189/maps/P_188_VI_georeferencing/P_188_VI.tiff
Target Raster: atlas/3_regional/13_southern_ocean/49_atlantic_sector_and_weddell_sea_p_181-189/maps/P_188_VI.tiff
Tie Points: atlas/3_regional/13_southern_ocean/49_atlantic_sector_and_weddell_sea_p_181-189/maps/P_188_VI_georeferencing/P_188_VI.gpkg

Target CRS: EPSG:9354
Number of tie points: 13
Source dimensions: 2384 x 2038 pixels
Source bands: 3

--------------------------------------------------------------------------------
CONTROL POINTS
--------------------------------------------------------------------------------
ID    Pixel X    Pixel Y    Map X        Map Y        Target X     Target Y    
--------------------------------------------------------------------------------
1     237.5      63.4       -2802507     2805887      -2501917     2099358     
2     2156.0     71.9       2830522      2780785      2501917      2099358     
3     2149.5     1939.6     2811530      -2703212     2501917      -2099358    
4     111.2      1722.0     -3173516     -2064224     -2828457     -1633010    
5     1192.4     1001.5     1124         51293        0            0           
6     360.1      997.3      -2442683     63792        -2150308     0           
7     1199.9     29.3       23077        2905870      0            2150308     
8     2029.0     1005.3     2457671      40206        2150308      0           
9     1191.9     1971.2     -280         -2795983     0            -2150308    
10    1192.8     1488.3     2341         -1377982     0            -1067249    
11    1611.1     1003.4     1230490      45826        1067249      0           
12    777.3      999.4      -1217687     57587        -1067249     0           
13    1194.2     516.7      6532         1474848      0            1067249     

--------------------------------------------------------------------------------
RESIDUAL ANALYSIS
--------------------------------------------------------------------------------
ID    dX (m)       dY (m)       Residual (m)   
--------------------------------------------------------------------------------
1     6984.58      -15012.56    16557.82       
2     -9175.48     -14246.08    16945.21       
3     -11745.61    14729.61     18839.34       
4     17676.68     13133.22     22021.51       
5     -5379.68     -187.68      5382.95        
6     -18904.92    703.41       18918.00       
7     6642.50      20016.05     21089.46       
8     19422.82     40.60        19422.86       
9     774.17       -14767.36    14787.64       
10    -589.45      -19661.64    19670.47       
11    15893.38     -11.33       15893.38       
12    -17310.04    302.53       17312.69       
13    -4288.94     14961.22     15563.84       
--------------------------------------------------------------------------------

TRANSFORMATION STATISTICS
--------------------------------------------------------------------------------
Transformation type: Polynomial (affine)
Number of GCPs used: 13

Residual Errors:
  Mean error:       17108.09 m
  RMSE (total):     17563.54 m
  RMSE X:           12287.21 m
  RMSE Y:           12549.99 m
  Std deviation:     3973.81 m
  Maximum error:    22021.51 m
  Minimum error:     5382.95 m

Transformation Matrix:
  a (scale X):        2599.813175
  b (rotation):          7.627613
  c (translation X):     -3112991.45
  d (rotation):         10.348474
  e (scale Y):       -2232.526060
  f (translation Y):      2223417.51

Derived Parameters:
  Pixel size X:      2599.81 m/pixel
  Pixel size Y:      2232.53 m/pixel
  Rotation:           0.1681 degrees

QUALITY ASSESSMENT
--------------------------------------------------------------------------------
Overall quality: POOR (RMSE: 17563.54 m)

================================================================================