================================================================================
GEOREFERENCING REPORT
================================================================================
Date: 2026-06-16 00:21:12
Source Raster: atlas/3_regional/12_continent_and_islands/45_wilkes_land_p_152-168/maps/P_165_II/P_165_II.tiff
Target Raster: atlas/3_regional/12_continent_and_islands/45_wilkes_land_p_152-168/maps/P_165_II.tiff
Tie Points: atlas/3_regional/12_continent_and_islands/45_wilkes_land_p_152-168/maps/P_165_II/P_165_II.gpkg

Target CRS: EPSG:3031
Number of tie points: 13
Source dimensions: 6954 x 4794 pixels
Source bands: 3

--------------------------------------------------------------------------------
CONTROL POINTS
--------------------------------------------------------------------------------
ID    Pixel X    Pixel Y    Map X        Map Y        Target X     Target Y    
--------------------------------------------------------------------------------
1     635.7      -447.7     -2860096     2863546      -2553329     2142497     
2     6346.7     -422.3     2888687      2837927      2553329      2142497     
3     6327.4     5137.6     2869304      -2758760     2553329      -2142497    
4     259.6      4489.8     -3238728     -2106642     -2886579     -1666567    
5     3478.1     2345.0     1147         52347        0            0           
6     1000.5     2332.3     -2492877     65103        -2194494     0           
7     3500.4     -549.1     23551        2965583      0            2194494     
8     5968.7     2356.2     2508174      41032        2194494      0           
9     3476.7     5231.7     -285         -2853438     0            -2194494    
10    3479.4     3794.1     2389         -1406298     0            -1089179    
11    4724.5     2350.5     1255775      46768        1089179      0           
12    2242.5     2338.6     -1242710     58770        -1089179     0           
13    3483.6     901.7      6667         1505155      0            1089179     

--------------------------------------------------------------------------------
RESIDUAL ANALYSIS
--------------------------------------------------------------------------------
ID    dX (m)       dY (m)       Residual (m)   
--------------------------------------------------------------------------------
1     7128.10      -15321.06    16898.07       
2     -9364.03     -14538.82    17293.42       
3     -11986.97    15032.29     19226.47       
4     18039.92     13403.10     22474.03       
5     -5490.22     -191.54      5493.57        
6     -19293.39    717.87       19306.74       
7     6778.99      20427.36     21522.82       
8     19821.94     41.43        19821.98       
9     790.08       -15070.82    15091.51       
10    -601.57      -20065.66    20074.68       
11    16219.97     -11.56       16219.98       
12    -17665.75    308.75       17668.45       
13    -4377.08     15268.66     15883.66       
--------------------------------------------------------------------------------

TRANSFORMATION STATISTICS
--------------------------------------------------------------------------------
Transformation type: Affine (1st-order polynomial, 6 parameters)
Number of GCPs used: 13
Degrees of freedom:  10

Residual Errors:
  Mean error:       17459.64 m
  RMSE (total):     17924.45 m
  RMSE X:           12539.70 m
  RMSE Y:           12807.88 m
  Std deviation:     4055.46 m
  Maximum error:    22474.03 m
  Minimum error:     5493.57 m

Transformation Matrix:
  a (scale X):         891.279064
  b (rotation):          2.614931
  c (translation X):     -3111615.16
  d (rotation):          3.547708
  e (scale Y):        -765.364125
  f (translation Y):      1782245.92

Derived Parameters:
  Pixel size X:       891.28 m/pixel
  Pixel size Y:       765.36 m/pixel
  Rotation:           0.1681 degrees

QUALITY ASSESSMENT
--------------------------------------------------------------------------------
Overall quality: POOR (RMSE: 17924.45 m)

================================================================================