================================================================================
GEOREFERENCING REPORT
================================================================================
Date: 2026-06-30 23:10:20
Source Raster: atlas/2_general/4_general_maps/10_antarctic_continent_p_19-20/maps/P_19-20_IIIb/P_19-20_IIIb.tiff
Target Raster: atlas/2_general/4_general_maps/10_antarctic_continent_p_19-20/maps/P_19-20_IIIb.tiff
Tie Points: atlas/2_general/4_general_maps/10_antarctic_continent_p_19-20/maps/P_19-20_IIIb/P_19-20_IIIb.gpkg

Target CRS: EPSG:3031
Number of tie points: 21
Source dimensions: 5191 x 8280 pixels
Source bands: 3

--------------------------------------------------------------------------------
CONTROL POINTS
--------------------------------------------------------------------------------
ID    Pixel X    Pixel Y    Map X        Map Y        Target X     Target Y    
--------------------------------------------------------------------------------
1     884.2      4149.0     -1446792     -7638        543593       0           
2     182.6      3301.8     -2039909     708658       94394        535335      
3     462.4      1610.5     -1803338     2138478      284572       1613886     
4     3463.0     4138.1     733367       1631         2194494      0           
5     4324.1     4134.3     1461401      4793         2758502      0           
6     2602.0     4142.0     5464         -1661        1638783      0           
7     1739.7     4145.9     -723480      -4953        1089179      0           
8     336.5      5837.4     -1909799     -1434989     189134       -1072632    
9     632.6      7538.1     -1659455     -2872779     381070       -2161155    
10    3751.6     6287.2     977388       -1815270     2388933      -1379251    
11    2797.2     7437.9     170526       -2788104     1773131      -2113135    
12    2183.7     7873.0     -348180      -3155954     1379251      -2388933    
13    2647.3     1927.2     43795        1870766      1681080      1410594     
14    3303.5     1370.1     598537       2341742      2113135      1773131     
15    2153.8     416.1      -373388      3148214      1379251      2388933     
16    1727.4     1161.6     -733918      2517936      1097247      1900488     
17    2249.7     2851.1     -292307      1089675      1419228      819392      
18    2441.2     3258.9     -130407      744910       1539953      560497      
19    1511.5     5009.2     -916435      -734805      2716594      479009      
20    3260.1     5317.4     561895       -995371      2062150      -750561     
21    874.4      2658.6     -1455065     1252355      544590       943257      

--------------------------------------------------------------------------------
RESIDUAL ANALYSIS
--------------------------------------------------------------------------------
ID    dX (m)       dY (m)       Residual (m)   
--------------------------------------------------------------------------------
1     131968.01    72758.24     150696.11      
2     141168.26    85283.15     164929.36      
3     90923.82     61415.77     109722.55      
4     43626.07     19911.03     47955.01       
5     1411.61      2312.88      2709.62        
6     77639.66     37409.19     86182.16       
7     104800.92    54935.83     118326.57      
8     184132.27    98741.99     208937.00      
9     201451.82    113326.55    231140.09      
10    61769.71     44033.54     75858.08       
11    119376.52    78016.89     142609.22      
12    149070.86    95018.66     176778.58      
13    24000.91     15418.49     28526.72       
14    -20175.84    -12773.13    23879.23       
15    308.01       -3412.11     3425.99        
16    36948.21     27138.18     45843.76       
17    61126.19     36128.37     71004.72       
18    63600.43     34714.94     72457.86       
19    -1645794.58  -960459.45   1905550.35     
20    73726.79     35227.99     81710.78       
21    98920.37     64853.02     118284.21      
--------------------------------------------------------------------------------

TRANSFORMATION STATISTICS
--------------------------------------------------------------------------------
Transformation type: Affine (1st-order polynomial, 6 parameters)
Number of GCPs used: 21
Degrees of freedom:  18

Residual Errors:
  Mean error:      184120.38 m
  RMSE (total):    431259.93 m
  RMSE X:          372462.46 m
  RMSE Y:          217386.40 m
  Std deviation:   389980.53 m
  Maximum error:  1905550.35 m
  Minimum error:     2709.62 m

Transformation Matrix:
  a (scale X):         605.995297
  b (rotation):         17.526497
  c (translation X):        67051.67
  d (rotation):        -23.160308
  e (scale Y):        -627.435733
  f (translation Y):      2696488.05

Derived Parameters:
  Pixel size X:       606.00 m/pixel
  Pixel size Y:       627.44 m/pixel
  Rotation:           1.6566 degrees

QUALITY ASSESSMENT
--------------------------------------------------------------------------------
Overall quality: POOR (RMSE: 431259.93 m)
WARNING: Point 19 has unusually high residual.
         Consider checking this control point.

================================================================================