================================================================================
GEOREFERENCING REPORT
================================================================================
Date: 2026-03-15 00:49:57
Source Raster: atlas/2_general/5_aeronomy_and_physics_of_the_earth/15_ionosphere_p_25-30/maps/P_27_III_Z/P_27_III_Z.tiff
Target Raster: atlas/2_general/5_aeronomy_and_physics_of_the_earth/15_ionosphere_p_25-30/maps/P_27_III_Z.tiff
Tie Points: atlas/2_general/5_aeronomy_and_physics_of_the_earth/15_ionosphere_p_25-30/maps/P_27_III_Z/P_27_III_Z.gpkg

Target CRS: EPSG:3031
Number of tie points: 16
Source dimensions: 1605 x 1837 pixels
Source bands: 3

--------------------------------------------------------------------------------
CONTROL POINTS
--------------------------------------------------------------------------------
ID    Pixel X    Pixel Y    Map X        Map Y        Target X     Target Y    
--------------------------------------------------------------------------------
1     776.0      900.3      -101031      69262        0            0           
2     487.1      899.2      -1201978     73486        -2194494     0           
3     778.0      612.2      -93496       1167127      0            2194494     
4     1063.4     901.7      994209       64125        2194494      0           
5     774.2      1187.2     -107880      -1023808     0            -2194494    
6     775.1      1042.9     -104227      -474020      0            -1089179    
7     918.5      901.5      442137       64810        1089179      0           
8     632.2      899.8      -648993      71203        -1089179     0           
9     777.1      757.1      -96693       615055       0            1089179     
10    1129.1     1519.8     1244673      -2291428     2895952      -5015936    
11    1283.2     397.9      1831906      1983591      4457500      2573539     
12    414.9      1515.8     -1476872     -2275902     -2895952     -5015936    
13    221.0      1045.6     -2215708     -484294      -4370368     -1171037    
14    422.4      279.3      -1448561     2435660      -2895952     5015936     
15    1328.3     1050.8     2003601      -504158      4370368      -1171037    
16    405.1      682.4      -1514316     899539       -2886579     1666567     

--------------------------------------------------------------------------------
RESIDUAL ANALYSIS
--------------------------------------------------------------------------------
ID    dX (m)       dY (m)       Residual (m)   
--------------------------------------------------------------------------------
1     33962.02     -112328.82   117350.68      
2     -99167.30    27284.26     102852.25      
3     72449.16     -128419.15   147446.12      
4     155004.40    -253074.41   296770.99      
5     -2978.42     -86802.54    86853.62       
6     16041.38     -101202.19   102465.65      
7     93099.00     -185909.98   207918.12      
8     -35363.83    -43161.55    55798.92       
9     54347.91     -118606.11   130464.95      
10    -65299.65    57150.06     86776.57       
11    -297436.96   883746.23    932457.04      
12    -27184.50    412366.30    413261.38      
13    -78062.66    211940.15    225859.26      
14    129479.15    -270259.51   299674.91      
15    101591.45    -330414.67   345680.02      
16    -50481.17    37691.92     63000.23       
--------------------------------------------------------------------------------

TRANSFORMATION STATISTICS
--------------------------------------------------------------------------------
Transformation type: Affine (1st-order polynomial, 6 parameters)
Number of GCPs used: 16
Degrees of freedom:  13

Residual Errors:
  Mean error:      225914.42 m
  RMSE (total):    308994.63 m
  RMSE X:          106829.40 m
  RMSE Y:          289939.93 m
  Std deviation:   210808.82 m
  Maximum error:   932457.04 m
  Minimum error:    55798.92 m

Transformation Matrix:
  a (scale X):        8056.589510
  b (rotation):        -78.293184
  c (translation X):     -6147355.08
  d (rotation):       -454.203610
  e (scale Y):       -7564.100676
  f (translation Y):      7050265.97

Derived Parameters:
  Pixel size X:      8056.59 m/pixel
  Pixel size Y:      7564.10 m/pixel
  Rotation:          -0.5568 degrees

QUALITY ASSESSMENT
--------------------------------------------------------------------------------
Overall quality: POOR (RMSE: 308994.63 m)
WARNING: Point 11 has unusually high residual.
         Consider checking this control point.

================================================================================