================================================================================
GEOREFERENCING REPORT
================================================================================
Date: 2026-03-15 00:49:59
Source Raster: atlas/2_general/5_aeronomy_and_physics_of_the_earth/16_aurora_p_31-32/maps/P_31_I/P_31_I.tiff
Target Raster: atlas/2_general/5_aeronomy_and_physics_of_the_earth/16_aurora_p_31-32/maps/P_31_I.tiff
Tie Points: atlas/2_general/5_aeronomy_and_physics_of_the_earth/16_aurora_p_31-32/maps/P_31_I/P_31_I.gpkg

Target CRS: EPSG:3031
Number of tie points: 13
Source dimensions: 4128 x 4812 pixels
Source bands: 3

--------------------------------------------------------------------------------
CONTROL POINTS
--------------------------------------------------------------------------------
ID    Pixel X    Pixel Y    Map X        Map Y        Target X     Target Y    
--------------------------------------------------------------------------------
1     1006.6     1637.6     -1538231     1117760      -2553329     2142497     
2     2980.4     1635.6     1333118      1120731      2553329      2142497     
3     2975.8     3297.4     1326413      -1296700     2553329      -2142497    
4     870.2      3104.7     -1736575     -1016327     -2886579     -1666567    
5     1988.1     2464.1     -110422      -84580       0            0           
6     1125.7     2462.0     -1364892     -81481       -2194494     0           
7     1987.4     1462.5     -111433      1372545      0            2194494     
8     2851.6     2462.8     1145649      -82685       2194494      0           
9     1987.1     3327.5     -111934      -1340547     0            -2194494    
10    1988.0     2895.0     -110562      -711411      0            -1089179    
11    2421.8     2462.8     520460       -82685       1089179      0           
12    1556.9     2463.1     -737621      -83078       -1089179     0           
13    1989.1     2036.0     -108925      538308       0            1089179     

--------------------------------------------------------------------------------
RESIDUAL ANALYSIS
--------------------------------------------------------------------------------
ID    dX (m)       dY (m)       Residual (m)   
--------------------------------------------------------------------------------
1     22901.59     -110694.95   113039.18      
2     -9925.44     -102998.14   103475.27      
3     -11812.66    43580.74     45153.29       
4     14459.41     44838.50     47112.26       
5     -2450.77     -25190.26    25309.20       
6     -24690.38    -21024.46    32429.04       
7     -10241.67    274772.77    274963.58      
8     22598.64     -20804.00    30716.53       
9     53.97        19209.25     19209.32       
10    -115.40      -9084.48     9085.21        
11    23167.94     -21372.22    31520.24       
12    -21573.91    -23189.32    31672.98       
13    -2371.34     -48043.43    48101.92       
--------------------------------------------------------------------------------

TRANSFORMATION STATISTICS
--------------------------------------------------------------------------------
Transformation type: Affine (1st-order polynomial, 6 parameters)
Number of GCPs used: 13
Degrees of freedom:  10

Residual Errors:
  Mean error:       62445.23 m
  RMSE (total):     92298.05 m
  RMSE X:           15715.37 m
  RMSE Y:           90950.30 m
  Std deviation:    67967.07 m
  Maximum error:   274963.58 m
  Minimum error:     9085.21 m

Transformation Matrix:
  a (scale X):        2570.534292
  b (rotation):          5.994179
  c (translation X):     -5127681.41
  d (rotation):          1.322136
  e (scale Y):       -2490.300613
  f (translation Y):      6108637.81

Derived Parameters:
  Pixel size X:      2570.53 m/pixel
  Pixel size Y:      2490.30 m/pixel
  Rotation:           0.1336 degrees

QUALITY ASSESSMENT
--------------------------------------------------------------------------------
Overall quality: POOR (RMSE: 92298.05 m)
WARNING: Point 7 has unusually high residual.
         Consider checking this control point.

================================================================================