================================================================================
GEOREFERENCING REPORT
================================================================================
Date: 2026-06-25 23:47:58
Source Raster: atlas/1_introductory/2_history_of_exploration/5_main_expeditions_by_periods_p_7-12/maps/P_12_IX/P_12_IX.tiff
Target Raster: atlas/1_introductory/2_history_of_exploration/5_main_expeditions_by_periods_p_7-12/maps/P_12_IX.tiff
Tie Points: atlas/1_introductory/2_history_of_exploration/5_main_expeditions_by_periods_p_7-12/maps/P_12_IX/P_12_IX.gpkg

Target CRS: EPSG:3031
Number of tie points: 15
Source dimensions: 4126 x 4818 pixels
Source bands: 3

--------------------------------------------------------------------------------
CONTROL POINTS
--------------------------------------------------------------------------------
ID    Pixel X    Pixel Y    Map X        Map Y        Target X     Target Y    
--------------------------------------------------------------------------------
1     958.5      1630.2     -1604755     1131480      -2553329     2142497     
2     2936.9     1645.5     1269609      1109278      2553329      2142497     
3     2923.7     3308.8     1250449      -1307365     2553329      -2142497    
4     1941.3     2463.1     -176849      -78667       0            0           
5     1079.4     2461.1     -1429118     -75625       -2194494     0           
6     1948.8     1604.1     -165900      1169497      0            2194494     
7     2805.0     2475.2     1078005      -96154       2194494      0           
8     1935.4     3331.7     -185365      -1340516     0            -2194494    
9     1938.8     2899.7     -180499      -712937      0            -1089179    
10    2372.3     2471.6     449362       -90984       1089179      0           
11    1511.8     2465.0     -800779      -81404       -1089179     0           
12    1945.7     2037.2     -170462      540245       0            1089179     
13    1957.6     318.6      -153127      3037180      0            5791904     
14    1926.2     4619.0     -198747      -3210936     0            -5791904    
15    458.1      1597.8     -2331786     1178621      -3918365     2262269     

--------------------------------------------------------------------------------
RESIDUAL ANALYSIS
--------------------------------------------------------------------------------
ID    dX (m)       dY (m)       Residual (m)   
--------------------------------------------------------------------------------
1     -11690.15    43536.63     45078.80       
2     -4247.40     70136.19     70264.68       
3     -855.60      -60899.47    60905.48       
4     -5875.66     8274.50      10148.43       
5     -39329.37    -15430.41    42248.04       
6     -5754.60     94623.86     94798.68       
7     32401.29     5644.13      32889.21       
8     -1455.81     -103024.45   103034.73      
9     -2531.69     -61541.12    61593.17       
10    19221.58     401.43       19225.78       
11    -26681.31    -11306.22    28977.97       
12    -4111.70     50091.29     50259.76       
13    -11995.23    -89941.13    90737.49       
14    3745.11      76525.03     76616.62       
15    59160.54     -7090.26     59583.90       
--------------------------------------------------------------------------------

TRANSFORMATION STATISTICS
--------------------------------------------------------------------------------
Transformation type: Affine (1st-order polynomial, 6 parameters)
Number of GCPs used: 15
Degrees of freedom:  12

Residual Errors:
  Mean error:       56424.18 m
  RMSE (total):     62414.74 m
  RMSE X:           22486.13 m
  RMSE Y:           58223.48 m
  Std deviation:    26681.66 m
  Maximum error:   103034.73 m
  Minimum error:    10148.43 m

Transformation Matrix:
  a (scale X):        2584.814753
  b (rotation):         22.532898
  c (translation X):     -5079219.90
  d (rotation):         33.949713
  e (scale Y):       -2654.646034
  f (translation Y):      6481147.08

Derived Parameters:
  Pixel size X:      2584.81 m/pixel
  Pixel size Y:      2654.65 m/pixel
  Rotation:           0.4995 degrees

QUALITY ASSESSMENT
--------------------------------------------------------------------------------
Overall quality: POOR (RMSE: 62414.74 m)

================================================================================