================================================================================
GEOREFERENCING REPORT
================================================================================
Date: 2026-01-05 23:47:05
Source Raster: atlas/2_general/6_geology_and_relief/22_geology_p_58-63/maps/P_60_II_georeferencing/P_60_II.tiff
Target Raster: atlas/2_general/6_geology_and_relief/22_geology_p_58-63/maps/P_60_II.tiff
Tie Points: atlas/2_general/6_geology_and_relief/22_geology_p_58-63/maps/P_60_II_georeferencing/P_60_II.gpkg

Target CRS: EPSG:3031
Number of tie points: 13
Source dimensions: 4135 x 4849 pixels
Source bands: 3

--------------------------------------------------------------------------------
CONTROL POINTS
--------------------------------------------------------------------------------
ID    Pixel X    Pixel Y    Map X        Map Y        Target X     Target Y    
--------------------------------------------------------------------------------
1     86.3       440.9      -2860096     2863546      -2553329     2142497     
2     4068.5     458.6      2888687      2837927      2553329      2142497     
3     4055.1     4335.5     2869304      -2758760     2553329      -2142497    
4     -176.0     3883.8     -3238728     -2106642     -2886579     -1666567    
5     2068.3     2388.2     1147         52347        0            0           
6     340.6      2379.4     -2492877     65103        -2194494     0           
7     2083.8     370.2      23551        2965583      0            2194494     
8     3804.9     2396.1     2508174      41032        2194494      0           
9     2067.3     4401.1     -285         -2853438     0            -2194494    
10    2069.2     3398.7     2389         -1406298     0            -1089179    
11    2937.4     2392.1     1255775      46768        1089179      0           
12    1206.7     2383.8     -1242710     58770        -1089179     0           
13    2072.1     1381.9     6667         1505155      0            1089179     

--------------------------------------------------------------------------------
RESIDUAL ANALYSIS
--------------------------------------------------------------------------------
ID    dX (m)       dY (m)       Residual (m)   
--------------------------------------------------------------------------------
1     7128.10      -15321.06    16898.07       
2     -9364.03     -14538.82    17293.42       
3     -11986.97    15032.29     19226.47       
4     18039.92     13403.10     22474.03       
5     -5490.22     -191.54      5493.57        
6     -19293.39    717.87       19306.74       
7     6778.99      20427.36     21522.82       
8     19821.94     41.43        19821.98       
9     790.08       -15070.82    15091.51       
10    -601.57      -20065.66    20074.68       
11    16219.97     -11.56       16219.98       
12    -17665.75    308.75       17668.45       
13    -4377.08     15268.66     15883.66       
--------------------------------------------------------------------------------

TRANSFORMATION STATISTICS
--------------------------------------------------------------------------------
Transformation type: Polynomial (affine)
Number of GCPs used: 13

Residual Errors:
  Mean error:       17459.64 m
  RMSE (total):     17924.45 m
  RMSE X:           12539.70 m
  RMSE Y:           12807.88 m
  Std deviation:     4055.46 m
  Maximum error:    22474.03 m
  Minimum error:     5493.57 m

Transformation Matrix:
  a (scale X):        1278.192330
  b (rotation):          3.750099
  c (translation X):     -2658124.63
  d (rotation):          5.087804
  e (scale Y):       -1097.616442
  f (translation Y):      2610655.52

Derived Parameters:
  Pixel size X:      1278.19 m/pixel
  Pixel size Y:      1097.62 m/pixel
  Rotation:           0.1681 degrees

QUALITY ASSESSMENT
--------------------------------------------------------------------------------
Overall quality: POOR (RMSE: 17924.45 m)

================================================================================