================================================================================
GEOREFERENCING REPORT
================================================================================
Date: 2026-06-25 00:25:35
Source Raster: atlas/3_regional/13_southern_ocean/50_indian_sector_and_davis_sea_p_190-207/maps/P_203_V/P_203_V.tiff
Target Raster: atlas/3_regional/13_southern_ocean/50_indian_sector_and_davis_sea_p_190-207/maps/P_203_V.tiff
Tie Points: atlas/3_regional/13_southern_ocean/50_indian_sector_and_davis_sea_p_190-207/maps/P_203_V/P_203_V.gpkg

Target CRS: EPSG:9354
Number of tie points: 13
Source dimensions: 2721 x 1619 pixels
Source bands: 3

--------------------------------------------------------------------------------
CONTROL POINTS
--------------------------------------------------------------------------------
ID    Pixel X    Pixel Y    Map X        Map Y        Target X     Target Y    
--------------------------------------------------------------------------------
1     271.1      -281.2     -2802507     2805887      -2501917     2099358     
2     2460.8     -271.4     2830522      2780785      2501917      2099358     
3     2453.4     1860.3     2811530      -2703212     2501917      -2099358    
4     126.9      1611.9     -3173516     -2064224     -2828457     -1633010    
5     1360.9     789.6      1124         51293        0            0           
6     411.0      784.7      -2442683     63792        -2150308     0           
7     1369.5     -320.1     23077        2905870      0            2150308     
8     2315.8     793.9      2457671      40206        2150308      0           
9     1360.4     1896.3     -280         -2795983     0            -2150308    
10    1361.4     1345.1     2341         -1377982     0            -1067249    
11    1838.8     791.7      1230490      45826        1067249      0           
12    887.2      787.1      -1217687     57587        -1067249     0           
13    1363.0     236.2      6532         1474848      0            1067249     

--------------------------------------------------------------------------------
RESIDUAL ANALYSIS
--------------------------------------------------------------------------------
ID    dX (m)       dY (m)       Residual (m)   
--------------------------------------------------------------------------------
1     6984.58      -15012.56    16557.82       
2     -9175.48     -14246.08    16945.21       
3     -11745.61    14729.61     18839.34       
4     17676.68     13133.22     22021.51       
5     -5379.68     -187.68      5382.95        
6     -18904.92    703.41       18918.00       
7     6642.50      20016.05     21089.46       
8     19422.82     40.60        19422.86       
9     774.17       -14767.36    14787.64       
10    -589.45      -19661.64    19670.47       
11    15893.38     -11.33       15893.38       
12    -17310.04    302.53       17312.69       
13    -4288.94     14961.22     15563.84       
--------------------------------------------------------------------------------

TRANSFORMATION STATISTICS
--------------------------------------------------------------------------------
Transformation type: Affine (1st-order polynomial, 6 parameters)
Number of GCPs used: 13
Degrees of freedom:  10

Residual Errors:
  Mean error:       17108.09 m
  RMSE (total):     17563.54 m
  RMSE X:           12287.21 m
  RMSE Y:           12549.99 m
  Std deviation:     3973.81 m
  Maximum error:    22021.51 m
  Minimum error:     5382.95 m

Transformation Matrix:
  a (scale X):        2277.822348
  b (rotation):          6.682922
  c (translation X):     -3110628.74
  d (rotation):          9.066800
  e (scale Y):       -1956.024302
  f (translation Y):      1531875.13

Derived Parameters:
  Pixel size X:      2277.82 m/pixel
  Pixel size Y:      1956.02 m/pixel
  Rotation:           0.1681 degrees

QUALITY ASSESSMENT
--------------------------------------------------------------------------------
Overall quality: POOR (RMSE: 17563.54 m)

================================================================================