================================================================================
GEOREFERENCING REPORT
================================================================================
Date: 2026-03-13 09:20:14
Source Raster: atlas/2_general/7_climate/26_atmospheric_pressure_and_winds_p_79-86/maps/P_81_V/P_81_V.tiff
Target Raster: atlas/2_general/7_climate/26_atmospheric_pressure_and_winds_p_79-86/maps/P_81_V.tiff
Tie Points: atlas/2_general/7_climate/26_atmospheric_pressure_and_winds_p_79-86/maps/P_81_V/P_81_V.gpkg

Target CRS: EPSG:3031
Number of tie points: 13
Source dimensions: 3668 x 3650 pixels
Source bands: 3

--------------------------------------------------------------------------------
CONTROL POINTS
--------------------------------------------------------------------------------
ID    Pixel X    Pixel Y    Map X        Map Y        Target X     Target Y    
--------------------------------------------------------------------------------
1     335.3      324.5      -2860096     2863546      -2553329     2142497     
2     3347.7     337.9      2888687      2837927      2553329      2142497     
3     3337.5     3270.6     2869304      -2758760     2553329      -2142497    
4     136.9      2928.9     -3238728     -2106642     -2886579     -1666567    
5     1834.6     1797.6     1147         52347        0            0           
6     527.7      1790.9     -2492877     65103        -2194494     0           
7     1846.3     271.0      23551        2965583      0            2194494     
8     3148.3     1803.5     2508174      41032        2194494      0           
9     1833.9     3320.2     -285         -2853438     0            -2194494    
10    1835.3     2561.9     2389         -1406298     0            -1089179    
11    2492.0     1800.5     1255775      46768        1089179      0           
12    1182.8     1794.2     -1242710     58770        -1089179     0           
13    1837.5     1036.3     6667         1505155      0            1089179     

--------------------------------------------------------------------------------
RESIDUAL ANALYSIS
--------------------------------------------------------------------------------
ID    dX (m)       dY (m)       Residual (m)   
--------------------------------------------------------------------------------
1     7128.10      -15321.06    16898.07       
2     -9364.03     -14538.82    17293.42       
3     -11986.97    15032.29     19226.47       
4     18039.92     13403.10     22474.03       
5     -5490.22     -191.54      5493.57        
6     -19293.39    717.87       19306.74       
7     6778.99      20427.36     21522.82       
8     19821.94     41.43        19821.98       
9     790.08       -15070.82    15091.51       
10    -601.57      -20065.66    20074.68       
11    16219.97     -11.56       16219.98       
12    -17665.75    308.75       17668.45       
13    -4377.08     15268.66     15883.66       
--------------------------------------------------------------------------------

TRANSFORMATION STATISTICS
--------------------------------------------------------------------------------
Transformation type: Affine (1st-order polynomial, 6 parameters)
Number of GCPs used: 13
Degrees of freedom:  10

Residual Errors:
  Mean error:       17459.64 m
  RMSE (total):     17924.45 m
  RMSE X:           12539.70 m
  RMSE Y:           12807.88 m
  Std deviation:     4055.46 m
  Maximum error:    22474.03 m
  Minimum error:     5493.57 m

Transformation Matrix:
  a (scale X):        1689.736807
  b (rotation):          4.957533
  c (translation X):     -3114394.67
  d (rotation):          6.725944
  e (scale Y):       -1451.020209
  f (translation Y):      2595780.00

Derived Parameters:
  Pixel size X:      1689.74 m/pixel
  Pixel size Y:      1451.02 m/pixel
  Rotation:           0.1681 degrees

QUALITY ASSESSMENT
--------------------------------------------------------------------------------
Overall quality: POOR (RMSE: 17924.45 m)

================================================================================