================================================================================
GEOREFERENCING REPORT
================================================================================
Date: 2026-07-01 23:51:27
Source Raster: atlas/2_general/5_aeronomy_and_physics_of_the_earth/15_ionosphere_p_25-30/maps/P_25_I_Ye/P_25_I_Ye.tiff
Target Raster: atlas/2_general/5_aeronomy_and_physics_of_the_earth/15_ionosphere_p_25-30/maps/P_25_I_Ye.tiff
Tie Points: atlas/2_general/5_aeronomy_and_physics_of_the_earth/15_ionosphere_p_25-30/maps/P_25_I_Ye/P_25_I_Ye.gpkg

Target CRS: EPSG:3031
Number of tie points: 17
Source dimensions: 1605 x 1830 pixels
Source bands: 3

--------------------------------------------------------------------------------
CONTROL POINTS
--------------------------------------------------------------------------------
ID    Pixel X    Pixel Y    Map X        Map Y        Target X     Target Y    
--------------------------------------------------------------------------------
1     827.8      899.6      96701        58993        0            0           
2     541.6      897.0      -997843      68946        -2194494     0           
3     828.9      613.7      101056       1152604      0            2194494     
4     1114.4     901.3      1193111      52461        2194494      0           
5     825.9      1186.5     89547        -1038350     0            -2194494    
6     826.4      1042.5     91569        -487812      0            -1089179    
7     970.6      900.3      643195       56038        1089179      0           
8     685.2      898.0      -448860      65214        -1089179     0           
9     828.1      756.6      97945        605954       0            1089179     
10    114.9      894.5      -2630172     78278        -5791904     0           
11    1540.0     904.3      2821085      40953        5791904      0           
12    830.6      185.9      107587       2788976      0            5791904     
13    823.9      1613.1     81771        -2670368     0            -5791904    
14    523.1      1200.7     -1068759     -1092782     -2356882     -2356882    
15    1130.8     1202.8     1255941      -1101024     2356882      -2356882    
16    1131.7     599.2      1259207      1207813      2356882      2356882     
17    527.3      594.4      -1052585     1226320      -2356882     2356882     

--------------------------------------------------------------------------------
RESIDUAL ANALYSIS
--------------------------------------------------------------------------------
ID    dX (m)       dY (m)       Residual (m)   
--------------------------------------------------------------------------------
1     425.57       -1142.53     1219.22        
2     -90343.53    4313.04      90446.43       
3     -1199.62     86416.73     86425.06       
4     95057.41     567.34       95059.11       
5     -3757.09     -96529.33    96602.42       
6     -4930.95     -53031.17    53259.92       
7     52234.52     337.50       52235.61       
8     -49467.26    4205.31      49645.69       
9     -2336.69     51016.23     51069.71       
10    99032.00     946.57       99036.53       
11    -103388.10   -670.32      103390.27      
12    -3597.77     -96350.03    96417.18       
13    -3999.12     95306.46     95390.32       
14    -64630.60    -63927.81    90905.89       
15    75147.83     -48602.98    89495.51       
16    59341.59     55435.61     81206.72       
17    -53588.19    61709.40     81729.70       
--------------------------------------------------------------------------------

TRANSFORMATION STATISTICS
--------------------------------------------------------------------------------
Transformation type: Affine (1st-order polynomial, 6 parameters)
Number of GCPs used: 17
Degrees of freedom:  14

Residual Errors:
  Mean error:       77266.78 m
  RMSE (total):     81565.04 m
  RMSE X:           58992.34 m
  RMSE Y:           56327.26 m
  Std deviation:    26128.54 m
  Maximum error:   103390.27 m
  Minimum error:     1219.22 m

Transformation Matrix:
  a (scale X):        7986.041424
  b (rotation):         37.483231
  c (translation X):     -6643982.26
  d (rotation):         53.516282
  e (scale Y):       -7981.756416
  f (translation Y):      7134766.06

Derived Parameters:
  Pixel size X:      7986.04 m/pixel
  Pixel size Y:      7981.76 m/pixel
  Rotation:           0.2689 degrees

QUALITY ASSESSMENT
--------------------------------------------------------------------------------
Overall quality: POOR (RMSE: 81565.04 m)

================================================================================