================================================================================
GEOREFERENCING REPORT
================================================================================
Date: 2026-06-25 23:47:59
Source Raster: atlas/1_introductory/2_history_of_exploration/5_main_expeditions_by_periods_p_7-12/maps/P_12_VIII/P_12_VIII.tiff
Target Raster: atlas/1_introductory/2_history_of_exploration/5_main_expeditions_by_periods_p_7-12/maps/P_12_VIII.tiff
Tie Points: atlas/1_introductory/2_history_of_exploration/5_main_expeditions_by_periods_p_7-12/maps/P_12_VIII/P_12_VIII.gpkg

Target CRS: EPSG:3031
Number of tie points: 22
Source dimensions: 4126 x 4840 pixels
Source bands: 3

--------------------------------------------------------------------------------
CONTROL POINTS
--------------------------------------------------------------------------------
ID    Pixel X    Pixel Y    Map X        Map Y        Target X     Target Y    
--------------------------------------------------------------------------------
1     1029.9     1630.7     -1494165     1141554      -2553329     2142497     
2     3008.7     1641.7     1367806      1125625      2553329      2142497     
3     2995.3     3304.7     1348342      -1279461     2553329      -2142497    
4     891.4      3106.0     -1694512     -992207      -2886579     -1666567    
5     2013.1     2465.3     -72189       -65513       0            0           
6     1149.7     2461.0     -1320885     -59278       -2194494     0           
7     2020.0     1603.6     -62229       1180674      0            2194494     
8     2876.3     2471.3     1176202      -74181       2194494      0           
9     2009.0     3326.5     -78044       -1311091     0            -2194494    
10    2010.7     2898.0     -75611       -691267      0            -1089179    
11    2443.3     2468.8     549992       -70531       1089179      0           
12    1581.6     2463.5     -696195      -62928       -1089179     0           
13    2015.8     2034.9     -68235       556972       0            1089179     
14    403.3      1868.3     -2400368     797846       -4251675     1547483     
15    954.0      602.6      -1603995     2628500      -2895952     5015936     
16    2764.4     453.0      1014365      2844815      1980948      5442609     
17    2030.1     319.4      -47516       3038092      0            5791904     
18    3733.7     2477.8     2416268      -83533       4524538      0           
19    3074.6     4336.7     1463114      -2772072     2895952      -5015936    
20    1997.1     4617.2     -95265       -3177786     0            -5791904    
21    3633.9     1889.5     2271957      767280       4251675      1547483     
22    918.1      1144.2     -1655849     1845205      -2908317     3465997     

--------------------------------------------------------------------------------
RESIDUAL ANALYSIS
--------------------------------------------------------------------------------
ID    dX (m)       dY (m)       Residual (m)   
--------------------------------------------------------------------------------
1     -40984.35    70786.08     81794.78       
2     33916.11     74178.52     81564.43       
3     45850.29     -79699.47    91947.02       
4     -28588.83    -60357.30    66785.66       
5     3673.15      1901.13      4135.98        
6     -62564.25    -898.90      62570.70       
7     -2736.99     107390.28    107425.15      
8     69407.68     207.39       69407.99       
9     17504.41     -102418.41   103903.49      
10    9752.22      -63804.51    64545.50       
11    40973.81     -231.72      40974.46       
12    -36883.36    -477.22      36886.44       
13    -1378.25     61579.04     61594.46       
14    23533.41     21094.55     31603.82       
15    73640.51     -59713.60    94808.43       
16    -67283.65    -57173.65    88294.49       
17    -12532.50    -61937.01    63192.22       
18    -15466.15    -2844.64     15725.57       
19    -59716.29    40402.88     72100.12       
20    22939.44     49760.91     54793.85       
21    -20548.40    18216.46     27460.44       
22    7491.96      44039.19     44671.91       
--------------------------------------------------------------------------------

TRANSFORMATION STATISTICS
--------------------------------------------------------------------------------
Transformation type: Affine (1st-order polynomial, 6 parameters)
Number of GCPs used: 22
Degrees of freedom:  19

Residual Errors:
  Mean error:       62099.41 m
  RMSE (total):     67862.62 m
  RMSE X:           38972.98 m
  RMSE Y:           55555.75 m
  Std deviation:    27367.83 m
  Maximum error:   107425.15 m
  Minimum error:     4135.98 m

Transformation Matrix:
  a (scale X):        2618.313458
  b (rotation):         28.366724
  c (translation X):     -5337150.53
  d (rotation):         16.570142
  e (scale Y):       -2669.148941
  f (translation Y):      6548790.09

Derived Parameters:
  Pixel size X:      2618.31 m/pixel
  Pixel size Y:      2669.15 m/pixel
  Rotation:           0.6207 degrees

QUALITY ASSESSMENT
--------------------------------------------------------------------------------
Overall quality: POOR (RMSE: 67862.62 m)

================================================================================