================================================================================
GEOREFERENCING REPORT
================================================================================
Date: 2026-01-05 23:51:21
Source Raster: atlas/3_regional/13_southern_ocean/51_pacific_sector_ross_sea_and_bellingshausen_sea_p_208-225/maps/P_216_VI_A_georeferencing/P_216_VI_A.tiff
Target Raster: atlas/3_regional/13_southern_ocean/51_pacific_sector_ross_sea_and_bellingshausen_sea_p_208-225/maps/P_216_VI_A.tiff
Tie Points: atlas/3_regional/13_southern_ocean/51_pacific_sector_ross_sea_and_bellingshausen_sea_p_208-225/maps/P_216_VI_A_georeferencing/P_216_VI_A.gpkg

Target CRS: EPSG:9354
Number of tie points: 13
Source dimensions: 4134 x 2401 pixels
Source bands: 3

--------------------------------------------------------------------------------
CONTROL POINTS
--------------------------------------------------------------------------------
ID    Pixel X    Pixel Y    Map X        Map Y        Target X     Target Y    
--------------------------------------------------------------------------------
1     411.9      -456.6     -2802507     2805887      -2501917     2099358     
2     3738.6     -441.8     2830522      2780785      2501917      2099358     
3     3727.4     2796.9     2811530      -2703212     2501917      -2099358    
4     192.8      2419.6     -3173516     -2064224     -2828457     -1633010    
5     2067.7     1170.2     1124         51293        0            0           
6     624.4      1162.8     -2442683     63792        -2150308     0           
7     2080.6     -515.6     23077        2905870      0            2150308     
8     3518.4     1176.8     2457671      40206        2150308      0           
9     2066.8     2851.7     -280         -2795983     0            -2150308    
10    2068.4     2014.3     2341         -1377982     0            -1067249    
11    2793.7     1173.4     1230490      45826        1067249      0           
12    1347.9     1166.5     -1217687     57587        -1067249     0           
13    2070.9     329.5      6532         1474848      0            1067249     

--------------------------------------------------------------------------------
RESIDUAL ANALYSIS
--------------------------------------------------------------------------------
ID    dX (m)       dY (m)       Residual (m)   
--------------------------------------------------------------------------------
1     6984.58      -15012.56    16557.82       
2     -9175.48     -14246.08    16945.21       
3     -11745.61    14729.61     18839.34       
4     17676.68     13133.22     22021.51       
5     -5379.68     -187.68      5382.95        
6     -18904.92    703.41       18918.00       
7     6642.50      20016.05     21089.46       
8     19422.82     40.60        19422.86       
9     774.17       -14767.36    14787.64       
10    -589.45      -19661.64    19670.47       
11    15893.38     -11.33       15893.38       
12    -17310.04    302.53       17312.69       
13    -4288.94     14961.22     15563.84       
--------------------------------------------------------------------------------

TRANSFORMATION STATISTICS
--------------------------------------------------------------------------------
Transformation type: Polynomial (affine)
Number of GCPs used: 13

Residual Errors:
  Mean error:       17108.09 m
  RMSE (total):     17563.54 m
  RMSE X:           12287.21 m
  RMSE Y:           12549.99 m
  Std deviation:     3973.81 m
  Maximum error:    22021.51 m
  Minimum error:     5382.95 m

Transformation Matrix:
  a (scale X):        1499.263331
  b (rotation):          4.398701
  c (translation X):     -3110499.56
  d (rotation):          5.967770
  e (scale Y):       -1287.455764
  f (translation Y):      1494064.10

Derived Parameters:
  Pixel size X:      1499.26 m/pixel
  Pixel size Y:      1287.46 m/pixel
  Rotation:           0.1681 degrees

QUALITY ASSESSMENT
--------------------------------------------------------------------------------
Overall quality: POOR (RMSE: 17563.54 m)

================================================================================