================================================================================
GEOREFERENCING REPORT
================================================================================
Date: 2026-01-05 23:47:50
Source Raster: atlas/2_general/7_climate/27_precipitation_p_87/maps/P_87_V_georeferencing/P_87_V.tiff
Target Raster: atlas/2_general/7_climate/27_precipitation_p_87/maps/P_87_V.tiff
Tie Points: atlas/2_general/7_climate/27_precipitation_p_87/maps/P_87_V_georeferencing/P_87_V.gpkg

Target CRS: EPSG:3031
Number of tie points: 13
Source dimensions: 2377 x 2691 pixels
Source bands: 3

--------------------------------------------------------------------------------
CONTROL POINTS
--------------------------------------------------------------------------------
ID    Pixel X    Pixel Y    Map X        Map Y        Target X     Target Y    
--------------------------------------------------------------------------------
1     89.0       244.7      -2860096     2863546      -2553329     2142497     
2     2299.0     254.5      2888687      2837927      2553329      2142497     
3     2291.5     2406.0     2869304      -2758760     2553329      -2142497    
4     -56.6      2155.4     -3238728     -2106642     -2886579     -1666567    
5     1188.9     1325.4     1147         52347        0            0           
6     230.2      1320.5     -2492877     65103        -2194494     0           
7     1197.6     205.4      23551        2965583      0            2194494     
8     2152.7     1329.7     2508174      41032        2194494      0           
9     1188.4     2442.4     -285         -2853438     0            -2194494    
10    1189.4     1886.1     2389         -1406298     0            -1089179    
11    1671.3     1327.5     1255775      46768        1089179      0           
12    710.8      1322.9     -1242710     58770        -1089179     0           
13    1191.1     766.9      6667         1505155      0            1089179     

--------------------------------------------------------------------------------
RESIDUAL ANALYSIS
--------------------------------------------------------------------------------
ID    dX (m)       dY (m)       Residual (m)   
--------------------------------------------------------------------------------
1     7128.10      -15321.06    16898.07       
2     -9364.03     -14538.82    17293.42       
3     -11986.97    15032.29     19226.47       
4     18039.92     13403.10     22474.03       
5     -5490.22     -191.54      5493.57        
6     -19293.39    717.87       19306.74       
7     6778.99      20427.36     21522.82       
8     19821.94     41.43        19821.98       
9     790.08       -15070.82    15091.51       
10    -601.57      -20065.66    20074.68       
11    16219.97     -11.56       16219.98       
12    -17665.75    308.75       17668.45       
13    -4377.08     15268.66     15883.66       
--------------------------------------------------------------------------------

TRANSFORMATION STATISTICS
--------------------------------------------------------------------------------
Transformation type: Polynomial (affine)
Number of GCPs used: 13

Residual Errors:
  Mean error:       17459.64 m
  RMSE (total):     17924.45 m
  RMSE X:           12539.70 m
  RMSE Y:           12807.88 m
  Std deviation:     4055.46 m
  Maximum error:    22474.03 m
  Minimum error:     5493.57 m

Transformation Matrix:
  a (scale X):        2303.216131
  b (rotation):          6.757425
  c (translation X):     -2752834.36
  d (rotation):          9.167879
  e (scale Y):       -1977.830593
  f (translation Y):      2610278.53

Derived Parameters:
  Pixel size X:      2303.22 m/pixel
  Pixel size Y:      1977.83 m/pixel
  Rotation:           0.1681 degrees

QUALITY ASSESSMENT
--------------------------------------------------------------------------------
Overall quality: POOR (RMSE: 17924.45 m)

================================================================================