================================================================================
GEOREFERENCING REPORT
================================================================================
Date: 2026-06-28 23:19:57
Source Raster: atlas/2_general/4_general_maps/8_antarctica_p_16-17/maps/P_16-17_Ia/P_16-17_Ia.tiff
Target Raster: atlas/2_general/4_general_maps/8_antarctica_p_16-17/maps/P_16-17_Ia.tiff
Tie Points: atlas/2_general/4_general_maps/8_antarctica_p_16-17/maps/P_16-17_Ia/P_16-17_Ia.gpkg

Target CRS: EPSG:3031
Number of tie points: 22
Source dimensions: 8278 x 5201 pixels
Source bands: 3

--------------------------------------------------------------------------------
CONTROL POINTS
--------------------------------------------------------------------------------
ID    Pixel X    Pixel Y    Map X        Map Y        Target X     Target Y    
--------------------------------------------------------------------------------
1     3937.4     4393.9     -170499      -1516564     0            1089179     
2     3950.8     958.3      -159160      1388665      0            5791904     
3     5629.7     4960.9     1260579      -1995961     2161155      381070      
4     7169.3     4088.7     2562484      -1258433     4251675      1547483     
5     3940.6     3532.0     -167740      -787702      0            2194494     
6     1396.2     4795.6     -2319359     -1856182     -3282496     578793      
7     1704.6     3953.9     -2058598     -1144437     -2886579     1666567     
8     6172.4     3971.6     1719497      -1159441     2886579      1666567     
9     3943.1     2673.0     -165670      -61341       0            3333134     
10    2651.4     3013.8     -1257907     -349479      -1666567     2886579     
11    3089.9     5094.5     -887116      -2108923     -1072632     189134      
12    3190.8     4820.0     -801835      -1876877     -943257      544590      
13    4778.8     5101.6     541030       -2114959     1072632      189134      
14    4678.3     4826.9     456007       -1882654     943257       544590      
15    4487.0     4596.8     294260       -1688119     700111       834360      
16    4230.6     4447.3     77456        -1561684     372521       1023494     
17    3641.8     4444.0     -420481      -1558924     -372521      1023494     
18    3383.4     4592.5     -638989      -1684476     -700111      834360      
19    2446.1     4386.2     -1431532     -1510032     -1900488     1097247     
20    5045.6     3939.0     766652       -1131826     1410594      1681080     
21    6706.9     1972.0     2171430      531471       3722964      4436856     
22    1188.0     1950.9     -2495441     549321       -3722964     4436856     

--------------------------------------------------------------------------------
RESIDUAL ANALYSIS
--------------------------------------------------------------------------------
ID    dX (m)       dY (m)       Residual (m)   
--------------------------------------------------------------------------------
1     2413.11      14082.06     14287.32       
2     3478.56      -54828.17    54938.41       
3     60205.42     -30681.30    67572.44       
4     -18318.93    -10081.36    20909.73       
5     2548.12      71294.64     71340.16       
6     -40972.52    -34846.21    53786.66       
7     -37106.94    14724.03     39921.45       
8     40730.56     21804.16     46199.57       
9     1629.01      91188.08     91202.63       
10    -21649.02    69208.87     72515.84       
11    -31373.22    -36543.24    48163.13       
12    -29995.21    -21195.40    36728.15       
13    35081.34     -34448.23    49166.87       
14    31467.50     -20085.66    37331.46       
15    23021.86     -907.11      23039.72       
16    14141.47     9838.29      17227.10       
17    -11956.75    10152.25     15685.41       
18    -22043.84    -2756.52     22215.52       
19    -50021.24    6081.89      50389.62       
20    40944.77     43515.21     59749.87       
21    -105373.51   -47839.78    115724.76      
22    113149.44    -57676.47    127001.46      
--------------------------------------------------------------------------------

TRANSFORMATION STATISTICS
--------------------------------------------------------------------------------
Transformation type: Affine (1st-order polynomial, 6 parameters)
Number of GCPs used: 22
Degrees of freedom:  19

Residual Errors:
  Mean error:       51595.33 m
  RMSE (total):     59616.27 m
  RMSE X:           44065.77 m
  RMSE Y:           40153.56 m
  Std deviation:    29866.73 m
  Maximum error:   127001.46 m
  Minimum error:    14287.32 m

Transformation Matrix:
  a (scale X):        1309.553176
  b (rotation):          4.801150
  c (translation X):     -5174881.32
  d (rotation):          6.940899
  e (scale Y):       -1348.721201
  f (translation Y):      7002139.18

Derived Parameters:
  Pixel size X:      1309.55 m/pixel
  Pixel size Y:      1348.72 m/pixel
  Rotation:           0.2101 degrees

QUALITY ASSESSMENT
--------------------------------------------------------------------------------
Overall quality: POOR (RMSE: 59616.27 m)

================================================================================