================================================================================
GEOREFERENCING REPORT
================================================================================
Date: 2026-06-29 22:52:15
Source Raster: atlas/2_general/4_general_maps/9_queen_maud_land_p_18/maps/P_18_II/P_18_II.tiff
Target Raster: atlas/2_general/4_general_maps/9_queen_maud_land_p_18/maps/P_18_II.tiff
Tie Points: atlas/2_general/4_general_maps/9_queen_maud_land_p_18/maps/P_18_II/P_18_II.gpkg

Target CRS: EPSG:3031
Number of tie points: 23
Source dimensions: 8258 x 4798 pixels
Source bands: 3

--------------------------------------------------------------------------------
CONTROL POINTS
--------------------------------------------------------------------------------
ID    Pixel X    Pixel Y    Map X        Map Y        Target X     Target Y    
--------------------------------------------------------------------------------
1     1619.5     841.6      -2127238     1320133      0            2194494     
2     2180.5     2483.2     -1651677     -71365       0            1638783     
3     2744.3     4127.8     -1173789     -1465451     0            1089179     
4     608.2      3336.9     -2984410     -795053      -560497      1539953     
5     3052.5     2263.4     -912490      114957       284572       1613886     
6     2774.9     552.9      -1147855     1564898      381070       2161155     
7     3957.5     458.1      -145342      1645265      750561       2062150     
8     5141.1     566.7      857905       1553171      1097247      1900488     
9     6292.0     868.1      1833472      1297714      1410594      1681080     
10    7370.7     1360.5     2747901      880316       1681080      1410594     
11    6173.2     4734.3     1732798      -1979556     943257       544590      
12    5708.0     2502.0     1338467      -87318       1053390      1255381     
13    3936.9     3929.4     -162803      -1297302     372521       1023494     
14    5123.2     4140.9     842772       -1476574     700111       834360      
15    5674.8     4392.7     1310312      -1689951     834360       700111      
16    3946.5     2192.3     -154698      175254       560497       1539953     
17    6523.0     2876.3     2029301      -404581      1255381      1053390     
18    4539.0     3985.8     347572       -1345052     544590       943257      
19    4840.2     2275.2     602857       104911       819392       1419228     
20    1358.6     2842.8     -2348332     -376168      -284572      1613886     
21    529.0      1319.8     -3051584     914786       -381070      2161155     
22    2190.7     4369.4     -1643011     -1670226     -189134      1072632     
23    3332.8     3980.3     -674947      -1340438     189134       1072632     

--------------------------------------------------------------------------------
RESIDUAL ANALYSIS
--------------------------------------------------------------------------------
ID    dX (m)       dY (m)       Residual (m)   
--------------------------------------------------------------------------------
1     7376.38      -4227.60     8501.97        
2     -527.20      915.53       1056.48        
3     -7934.92     -1253.61     8033.34        
4     -2747.86     11991.62     12302.43       
5     -199.49      -1371.37     1385.80        
6     3516.34      -7646.45     8416.23        
7     -1384.46     -6292.14     6442.65        
8     -5037.75     -3201.59     5969.01        
9     -5803.76     3492.86      6773.76        
10    -5809.98     11831.43     13180.99       
11    11351.88     -3297.93     11821.23       
12    1186.04      2887.02      3121.15        
13    -1765.66     -3321.45     3761.59        
14    3471.79      -3800.84     5147.79        
15    7521.92      -3573.73     8327.71        
16    -590.78      -1410.15     1528.91        
17    3293.76      6150.93      6977.31        
18    561.06       -4071.19     4109.67        
19    -561.90      -706.44      902.66         
20    -806.27      5860.89      5916.09        
21    10379.36     2313.39      10634.04       
22    -10592.45    2038.93      10786.90       
23    -4896.03     -3308.09     5908.86        
--------------------------------------------------------------------------------

TRANSFORMATION STATISTICS
--------------------------------------------------------------------------------
Transformation type: Affine (1st-order polynomial, 6 parameters)
Number of GCPs used: 23
Degrees of freedom:  20

Residual Errors:
  Mean error:        6565.50 m
  RMSE (total):      7478.55 m
  RMSE X:            5480.18 m
  RMSE Y:            5088.84 m
  Std deviation:     3580.90 m
  Maximum error:    13180.99 m
  Minimum error:      902.66 m

Transformation Matrix:
  a (scale X):         299.678583
  b (rotation):       -107.233145
  c (translation X):      -387693.77
  d (rotation):       -106.535114
  e (scale Y):        -298.981319
  f (translation Y):      2614425.34

Derived Parameters:
  Pixel size X:       299.68 m/pixel
  Pixel size Y:       298.98 m/pixel
  Rotation:         -19.6886 degrees

QUALITY ASSESSMENT
--------------------------------------------------------------------------------
Overall quality: POOR (RMSE: 7478.55 m)

================================================================================