================================================================================
GEOREFERENCING REPORT
================================================================================
Date: 2026-01-08 23:35:23
Source Raster: atlas/2_general/6_geology_and_relief/23_relief_and_bottom_sediments_p_64-72/maps/P_70-71_VIIa_georeferencing/P_70-71_VIIa.tiff
Target Raster: atlas/2_general/6_geology_and_relief/23_relief_and_bottom_sediments_p_64-72/maps/P_70-71_VIIa.tiff
Tie Points: atlas/2_general/6_geology_and_relief/23_relief_and_bottom_sediments_p_64-72/maps/P_70-71_VIIa_georeferencing/P_70-71_VIIa.gpkg

Target CRS: EPSG:3031
Number of tie points: 15
Source dimensions: 8283 x 5226 pixels
Source bands: 3

--------------------------------------------------------------------------------
CONTROL POINTS
--------------------------------------------------------------------------------
ID    Pixel X    Pixel Y    Map X        Map Y        Target X     Target Y    
--------------------------------------------------------------------------------
1     2461.5     1227.4     -1419752     1170944      -1980948     5442609     
2     7253.0     1326.1     2629563      1087585      4605106      5488152     
3     3934.5     1823.1     -174934      667537       0            4524538     
4     535.8      4669.3     -3047233     -1737810     -4455800     785678      
5     3931.1     5087.1     -177836      -2090868     0            217326      
6     633.6      2498.7     -2964570     96560        -4436856     3722964     
7     3930.1     3546.3     -178649      -788697      0            2194494     
8     3935.6     967.5      -174005      1390604      0            5791904     
9     3931.8     2685.9     -177256      -61567       0            3333134     
10    5631.4     4974.9     1259126      -1996015     2161155      381070      
11    7981.1     3808.2     3244890      -1010099     5442609      1980948     
12    2269.3     3286.1     -1582175     -568805      -2142497     2553329     
13    3930.1     4411.3     -178649      -1519775     0            1089179     
14    3180.8     4840.8     -811855      -1882702     -943257      544590      
15    4739.0     4978.4     504944       -1999033     943257       544590      

--------------------------------------------------------------------------------
RESIDUAL ANALYSIS
--------------------------------------------------------------------------------
ID    dX (m)       dY (m)       Residual (m)   
--------------------------------------------------------------------------------
1     53425.94     -43604.20    68961.28       
2     -127017.76   -136755.71   186643.06      
3     33623.93     97501.15     103136.04      
4     -95691.09    -62098.98    114074.84      
5     -17334.85    3438.16      17672.52       
6     46991.82     -70786.01    84964.06       
7     3267.60      103950.11    104001.46      
8     47247.62     -16145.48    49930.10       
9     17694.38     125523.21    126764.22      
10    96732.03     21342.74     99058.56       
11    -26183.14    36435.09     44867.28       
12    -71261.43    66368.88     97380.80       
13    -9021.17     42783.11     43723.86       
14    -73752.26    -5053.73     73925.21       
15    121278.38    -162898.33   203086.95      
--------------------------------------------------------------------------------

TRANSFORMATION STATISTICS
--------------------------------------------------------------------------------
Transformation type: Polynomial (affine)
Number of GCPs used: 15

Residual Errors:
  Mean error:       94546.01 m
  RMSE (total):    106483.43 m
  RMSE X:           68161.62 m
  RMSE Y:           81809.01 m
  Std deviation:    48987.46 m
  Maximum error:   203086.95 m
  Minimum error:    17672.52 m

Transformation Matrix:
  a (scale X):        1337.163030
  b (rotation):        -14.205452
  c (translation X):     -5201550.06
  d (rotation):         17.822387
  e (scale Y):       -1348.418563
  f (translation Y):      7010235.61

Derived Parameters:
  Pixel size X:      1337.16 m/pixel
  Pixel size Y:      1348.42 m/pixel
  Rotation:          -0.6087 degrees

QUALITY ASSESSMENT
--------------------------------------------------------------------------------
Overall quality: POOR (RMSE: 106483.43 m)

================================================================================