================================================================================
GEOREFERENCING REPORT
================================================================================
Date: 2026-03-13 09:18:33
Source Raster: atlas/2_general/11_physical-geographic_regionalization/41_landscape_map_p_133-134/maps/P_133-134_Ib/P_133-134_Ib.tiff
Target Raster: atlas/2_general/11_physical-geographic_regionalization/41_landscape_map_p_133-134/maps/P_133-134_Ib.tiff
Tie Points: atlas/2_general/11_physical-geographic_regionalization/41_landscape_map_p_133-134/maps/P_133-134_Ib/P_133-134_Ib.gpkg

Target CRS: EPSG:3031
Number of tie points: 13
Source dimensions: 5197 x 8290 pixels
Source bands: 3

--------------------------------------------------------------------------------
CONTROL POINTS
--------------------------------------------------------------------------------
ID    Pixel X    Pixel Y    Map X        Map Y        Target X     Target Y    
--------------------------------------------------------------------------------
1     -788.7     753.7      -2860096     2863546      -2553329     2142497     
2     6019.5     784.1      2888687      2837927      2553329      2142497     
3     5996.6     7412.2     2869304      -2758760     2553329      -2142497    
4     -1237.1    6639.9     -3238728     -2106642     -2886579     -1666567    
5     2599.9     4083.0     1147         52347        0            0           
6     -353.8     4067.9     -2492877     65103        -2194494     0           
7     2626.4     632.9      23551        2965583      0            2194494     
8     5568.9     4096.4     2508174      41032        2194494      0           
9     2598.2     7524.3     -285         -2853438     0            -2194494    
10    2601.3     5810.5     2389         -1406298     0            -1089179    
11    4085.7     4089.6     1255775      46768        1089179      0           
12    1126.8     4075.4     -1242710     58770        -1089179     0           
13    2606.4     2362.5     6667         1505155      0            1089179     

--------------------------------------------------------------------------------
RESIDUAL ANALYSIS
--------------------------------------------------------------------------------
ID    dX (m)       dY (m)       Residual (m)   
--------------------------------------------------------------------------------
1     7128.10      -15321.06    16898.07       
2     -9364.03     -14538.82    17293.42       
3     -11986.97    15032.29     19226.47       
4     18039.92     13403.10     22474.03       
5     -5490.22     -191.54      5493.57        
6     -19293.39    717.87       19306.74       
7     6778.99      20427.36     21522.82       
8     19821.94     41.43        19821.98       
9     790.08       -15070.82    15091.51       
10    -601.57      -20065.66    20074.68       
11    16219.97     -11.56       16219.98       
12    -17665.75    308.75       17668.45       
13    -4377.08     15268.66     15883.66       
--------------------------------------------------------------------------------

TRANSFORMATION STATISTICS
--------------------------------------------------------------------------------
Transformation type: Affine (1st-order polynomial, 6 parameters)
Number of GCPs used: 13
Degrees of freedom:  10

Residual Errors:
  Mean error:       17459.64 m
  RMSE (total):     17924.45 m
  RMSE X:           12539.70 m
  RMSE Y:           12807.88 m
  Std deviation:     4055.46 m
  Maximum error:    22474.03 m
  Minimum error:     5493.57 m

Transformation Matrix:
  a (scale X):         747.642293
  b (rotation):          2.193514
  c (translation X):     -1958210.48
  d (rotation):          2.975967
  e (scale Y):        -642.019557
  f (translation Y):      2613441.51

Derived Parameters:
  Pixel size X:       747.64 m/pixel
  Pixel size Y:       642.02 m/pixel
  Rotation:           0.1681 degrees

QUALITY ASSESSMENT
--------------------------------------------------------------------------------
Overall quality: POOR (RMSE: 17924.45 m)

================================================================================