================================================================================
GEOREFERENCING REPORT
================================================================================
Date: 2026-06-26 23:32:28
Source Raster: atlas/1_introductory/2_history_of_exploration/5_main_expeditions_by_periods_p_7-12/maps/P_8_IV/P_8_IV.tiff
Target Raster: atlas/1_introductory/2_history_of_exploration/5_main_expeditions_by_periods_p_7-12/maps/P_8_IV.tiff
Tie Points: atlas/1_introductory/2_history_of_exploration/5_main_expeditions_by_periods_p_7-12/maps/P_8_IV/P_8_IV.gpkg

Target CRS: EPSG:3031
Number of tie points: 24
Source dimensions: 4129 x 4784 pixels
Source bands: 3

--------------------------------------------------------------------------------
CONTROL POINTS
--------------------------------------------------------------------------------
ID    Pixel X    Pixel Y    Map X        Map Y        Target X     Target Y    
--------------------------------------------------------------------------------
1     934.3      1607.5     -1653666     1147873      -2553329     2142497     
2     2916.8     1597.0     1247086      1163313      2553329      2142497     
3     2923.2     3262.2     1256418      -1273328     2553329      -2142497    
4     813.3      3087.4     -1830775     -1017574     -2886579     -1666567    
5     1928.9     2433.6     -198366      -60811       0            0           
6     1065.4     2437.8     -1461916     -67050       -2194494     0           
7     1926.1     1569.6     -202523      1203395      0            2194494     
8     2793.9     2429.7     1067266      -55169       2194494      0           
9     1933.5     3297.6     -191678      -1325107     0            -2194494    
10    1931.3     2865.3     -194932      -692468      0            -1089179    
11    2360.1     2431.3     432590       -57497       1089179      0           
12    1499.6     2435.4     -826584      -63454       -1089179     0           
13    1928.1     2001.9     -199599      570826       0            1089179     
14    206.8      2441.4     -2718139     -72309       -4524538     0           
15    1938.4     4583.3     -184496      -3206363     0            -5791904    
16    3011.6     4290.1     1385749      -2777249     2895952      -5015936    
17    2377.3     3647.5     457751       -1837001     1139999      -3132121    
18    3545.7     1835.6     2167303      814187       4251675      1547483     
19    2656.3     408.6      865907       2902084      1980948      5442609     
20    1920.2     282.3      -211149      3086869      0            5791904     
21    1482.1     1220.7     -852104      1713875      -1139999     3132121     
22    537.5      792.6      -2234270     2340292      -3722964     4436856     
23    1785.0     2840.5     -409005      -656249      -372521      -1023494    
24    1183.9     2871.5     -1288573     -701571      -1900488     -1097247    

--------------------------------------------------------------------------------
RESIDUAL ANALYSIS
--------------------------------------------------------------------------------
ID    dX (m)       dY (m)       Residual (m)   
--------------------------------------------------------------------------------
1     -38752.36    75387.58     84764.57       
2     34801.60     66625.40     75167.12       
3     44811.40     -70176.04    83263.06       
4     -27698.12    -42854.42    51026.34       
5     3496.35      6079.69      7013.35        
6     -58476.96    10779.92     59462.27       
7     -475.12      105743.82    105744.89      
8     69185.57     270.24       69186.10       
9     11985.37     -93780.03    94542.81       
10    7903.86      -51027.80    51636.30       
11    41088.23     4093.26      41291.62       
12    -29204.58    9249.12      30634.19       
13    3019.72      63124.28     63196.46       
14    28186.82     17165.33     33002.20       
15    19673.38     89696.33     91828.50       
16    -70959.90    72514.43     101457.63      
17    30340.30     -93301.13    98110.32       
18    -21172.22    16425.79     26796.82       
19    -68778.99    -73372.61    100568.82      
20    -10735.37    -73688.89    74466.77       
21    -19104.11    102702.62    104464.33      
22    97295.74     -47771.52    108390.86      
23    -1769.39     -48274.27    48306.68       
24    -44661.24    -45611.12    63835.73       
--------------------------------------------------------------------------------

TRANSFORMATION STATISTICS
--------------------------------------------------------------------------------
Transformation type: Affine (1st-order polynomial, 6 parameters)
Number of GCPs used: 24
Degrees of freedom:  21

Residual Errors:
  Mean error:       69506.57 m
  RMSE (total):     75015.38 m
  RMSE X:           41192.54 m
  RMSE Y:           62693.55 m
  Std deviation:    28216.01 m
  Maximum error:   108390.86 m
  Minimum error:     7013.35 m

Transformation Matrix:
  a (scale X):        2613.004693
  b (rotation):         -3.996385
  c (translation X):     -5027084.49
  d (rotation):        -18.553185
  e (scale Y):       -2655.231755
  f (translation Y):      6503533.67

Derived Parameters:
  Pixel size X:      2613.00 m/pixel
  Pixel size Y:      2655.23 m/pixel
  Rotation:          -0.0876 degrees

QUALITY ASSESSMENT
--------------------------------------------------------------------------------
Overall quality: POOR (RMSE: 75015.38 m)

================================================================================