================================================================================
GEOREFERENCING REPORT
================================================================================
Date: 2026-06-25 00:23:47
Source Raster: atlas/3_regional/12_continent_and_islands/44_mac_robertson_land_and_princess_elizabeth_land_p_142-151/maps/P_142_I/P_142_I.tiff
Target Raster: atlas/3_regional/12_continent_and_islands/44_mac_robertson_land_and_princess_elizabeth_land_p_142-151/maps/P_142_I.tiff
Tie Points: atlas/3_regional/12_continent_and_islands/44_mac_robertson_land_and_princess_elizabeth_land_p_142-151/maps/P_142_I/P_142_I.gpkg

Target CRS: EPSG:3031
Number of tie points: 13
Source dimensions: 4824 x 6095 pixels
Source bands: 3

--------------------------------------------------------------------------------
CONTROL POINTS
--------------------------------------------------------------------------------
ID    Pixel X    Pixel Y    Map X        Map Y        Target X     Target Y    
--------------------------------------------------------------------------------
1     -78.3      554.2      -2860096     2863546      -2553329     2142497     
2     4927.2     576.5      2888687      2837927      2553329      2142497     
3     4910.3     5449.6     2869304      -2758760     2553329      -2142497    
4     -408.0     4881.8     -3238728     -2106642     -2886579     -1666567    
5     2413.0     3001.9     1147         52347        0            0           
6     241.4      2990.8     -2492877     65103        -2194494     0           
7     2432.5     465.3      23551        2965583      0            2194494     
8     4595.9     3011.8     2508174      41032        2194494      0           
9     2411.8     5532.0     -285         -2853438     0            -2194494    
10    2414.1     4272.0     2389         -1406298     0            -1089179    
11    3505.4     3006.8     1255775      46768        1089179      0           
12    1330.0     2996.3     -1242710     58770        -1089179     0           
13    2417.8     1736.9     6667         1505155      0            1089179     

--------------------------------------------------------------------------------
RESIDUAL ANALYSIS
--------------------------------------------------------------------------------
ID    dX (m)       dY (m)       Residual (m)   
--------------------------------------------------------------------------------
1     7128.10      -15321.06    16898.07       
2     -9364.03     -14538.82    17293.42       
3     -11986.97    15032.29     19226.47       
4     18039.92     13403.10     22474.03       
5     -5490.22     -191.54      5493.57        
6     -19293.39    717.87       19306.74       
7     6778.99      20427.36     21522.82       
8     19821.94     41.43        19821.98       
9     790.08       -15070.82    15091.51       
10    -601.57      -20065.66    20074.68       
11    16219.97     -11.56       16219.98       
12    -17665.75    308.75       17668.45       
13    -4377.08     15268.66     15883.66       
--------------------------------------------------------------------------------

TRANSFORMATION STATISTICS
--------------------------------------------------------------------------------
Transformation type: Affine (1st-order polynomial, 6 parameters)
Number of GCPs used: 13
Degrees of freedom:  10

Residual Errors:
  Mean error:       17459.64 m
  RMSE (total):     17924.45 m
  RMSE X:           12539.70 m
  RMSE Y:           12807.88 m
  Std deviation:     4055.46 m
  Maximum error:    22474.03 m
  Minimum error:     5493.57 m

Transformation Matrix:
  a (scale X):        1016.891650
  b (rotation):          2.983467
  c (translation X):     -2468204.65
  d (rotation):          4.047705
  e (scale Y):        -873.230866
  f (translation Y):      2611411.49

Derived Parameters:
  Pixel size X:      1016.89 m/pixel
  Pixel size Y:       873.23 m/pixel
  Rotation:           0.1681 degrees

QUALITY ASSESSMENT
--------------------------------------------------------------------------------
Overall quality: POOR (RMSE: 17924.45 m)

================================================================================