================================================================================
GEOREFERENCING REPORT
================================================================================
Date: 2026-06-25 00:20:57
Source Raster: atlas/1_introductory/3_map_coverage/7_mapping_progress_comparison_p_15/maps/P_15_II/P_15_II.tiff
Target Raster: atlas/1_introductory/3_map_coverage/7_mapping_progress_comparison_p_15/maps/P_15_II.tiff
Tie Points: atlas/1_introductory/3_map_coverage/7_mapping_progress_comparison_p_15/maps/P_15_II/P_15_II.gpkg

Target CRS: EPSG:3031
Number of tie points: 13
Source dimensions: 2179 x 1951 pixels
Source bands: 3

--------------------------------------------------------------------------------
CONTROL POINTS
--------------------------------------------------------------------------------
ID    Pixel X    Pixel Y    Map X        Map Y        Target X     Target Y    
--------------------------------------------------------------------------------
1     199.2      84.1       -2860096     2863546      -2553329     2142497     
2     1988.7     92.1       2888687      2837927      2553329      2142497     
3     1982.7     1834.3     2869304      -2758760     2553329      -2142497    
4     81.3       1631.3     -3238728     -2106642     -2886579     -1666567    
5     1089.9     959.2      1147         52347        0            0           
6     313.5      955.2      -2492877     65103        -2194494     0           
7     1096.8     52.4       23551        2965583      0            2194494     
8     1870.3     962.7      2508174      41032        2194494      0           
9     1089.4     1863.7     -285         -2853438     0            -2194494    
10    1090.2     1413.3     2389         -1406298     0            -1089179    
11    1480.4     960.9      1255775      46768        1089179      0           
12    702.7      957.2      -1242710     58770        -1089179     0           
13    1091.6     507.0      6667         1505155      0            1089179     

--------------------------------------------------------------------------------
RESIDUAL ANALYSIS
--------------------------------------------------------------------------------
ID    dX (m)       dY (m)       Residual (m)   
--------------------------------------------------------------------------------
1     7128.10      -15321.06    16898.07       
2     -9364.03     -14538.82    17293.42       
3     -11986.97    15032.29     19226.47       
4     18039.92     13403.10     22474.03       
5     -5490.22     -191.54      5493.57        
6     -19293.39    717.87       19306.74       
7     6778.99      20427.36     21522.82       
8     19821.94     41.43        19821.98       
9     790.08       -15070.82    15091.51       
10    -601.57      -20065.66    20074.68       
11    16219.97     -11.56       16219.98       
12    -17665.75    308.75       17668.45       
13    -4377.08     15268.66     15883.66       
--------------------------------------------------------------------------------

TRANSFORMATION STATISTICS
--------------------------------------------------------------------------------
Transformation type: Affine (1st-order polynomial, 6 parameters)
Number of GCPs used: 13
Degrees of freedom:  10

Residual Errors:
  Mean error:       17459.64 m
  RMSE (total):     17924.45 m
  RMSE X:           12539.70 m
  RMSE Y:           12807.88 m
  Std deviation:     4055.46 m
  Maximum error:    22474.03 m
  Minimum error:     5493.57 m

Transformation Matrix:
  a (scale X):        2844.403217
  b (rotation):          8.345218
  c (translation X):     -3113487.93
  d (rotation):         11.322057
  e (scale Y):       -2442.561784
  f (translation Y):      2330387.13

Derived Parameters:
  Pixel size X:      2844.40 m/pixel
  Pixel size Y:      2442.56 m/pixel
  Rotation:           0.1681 degrees

QUALITY ASSESSMENT
--------------------------------------------------------------------------------
Overall quality: POOR (RMSE: 17924.45 m)

================================================================================