================================================================================
GEOREFERENCING REPORT
================================================================================
Date: 2026-01-05 23:48:17
Source Raster: atlas/2_general/9_waters_of_the_southern_ocean/33_current_systems_p_103-107/maps/P_106-107_VIIa_georeferencing/P_106-107_VIIa.tiff
Target Raster: atlas/2_general/9_waters_of_the_southern_ocean/33_current_systems_p_103-107/maps/P_106-107_VIIa.tiff
Tie Points: atlas/2_general/9_waters_of_the_southern_ocean/33_current_systems_p_103-107/maps/P_106-107_VIIa_georeferencing/P_106-107_VIIa.gpkg

Target CRS: EPSG:3031
Number of tie points: 13
Source dimensions: 8275 x 5207 pixels
Source bands: 3

--------------------------------------------------------------------------------
CONTROL POINTS
--------------------------------------------------------------------------------
ID    Pixel X    Pixel Y    Map X        Map Y        Target X     Target Y    
--------------------------------------------------------------------------------
1     756.5      -781.6     -2860096     2863546      -2553329     2142497     
2     7552.3     -751.3     2888687      2837927      2553329      2142497     
3     7529.4     5864.7     2869304      -2758760     2553329      -2142497    
4     308.9      5093.9     -3238728     -2106642     -2886579     -1666567    
5     4138.9     2541.6     1147         52347        0            0           
6     1190.6     2526.5     -2492877     65103        -2194494     0           
7     4165.3     -902.2     23551        2965583      0            2194494     
8     7102.5     2555.0     2508174      41032        2194494      0           
9     4137.2     5976.7     -285         -2853438     0            -2194494    
10    4140.3     4265.9     2389         -1406298     0            -1089179    
11    5622.0     2548.2     1255775      46768        1089179      0           
12    2668.4     2534.0     -1242710     58770        -1089179     0           
13    4145.4     824.2      6667         1505155      0            1089179     

--------------------------------------------------------------------------------
RESIDUAL ANALYSIS
--------------------------------------------------------------------------------
ID    dX (m)       dY (m)       Residual (m)   
--------------------------------------------------------------------------------
1     7128.10      -15321.06    16898.07       
2     -9364.03     -14538.82    17293.42       
3     -11986.97    15032.29     19226.47       
4     18039.92     13403.10     22474.03       
5     -5490.22     -191.54      5493.57        
6     -19293.39    717.87       19306.74       
7     6778.99      20427.36     21522.82       
8     19821.94     41.43        19821.98       
9     790.08       -15070.82    15091.51       
10    -601.57      -20065.66    20074.68       
11    16219.97     -11.56       16219.98       
12    -17665.75    308.75       17668.45       
13    -4377.08     15268.66     15883.66       
--------------------------------------------------------------------------------

TRANSFORMATION STATISTICS
--------------------------------------------------------------------------------
Transformation type: Polynomial (affine)
Number of GCPs used: 13

Residual Errors:
  Mean error:       17459.64 m
  RMSE (total):     17924.45 m
  RMSE X:           12539.70 m
  RMSE Y:           12807.88 m
  Std deviation:     4055.46 m
  Maximum error:    22474.03 m
  Minimum error:     5493.57 m

Transformation Matrix:
  a (scale X):         748.997536
  b (rotation):          2.197490
  c (translation X):     -3111068.34
  d (rotation):          2.981361
  e (scale Y):        -643.183339
  f (translation Y):      1622195.94

Derived Parameters:
  Pixel size X:       749.00 m/pixel
  Pixel size Y:       643.18 m/pixel
  Rotation:           0.1681 degrees

QUALITY ASSESSMENT
--------------------------------------------------------------------------------
Overall quality: POOR (RMSE: 17924.45 m)

================================================================================