================================================================================
GEOREFERENCING REPORT
================================================================================
Date: 2026-01-05 23:46:39
Source Raster: atlas/2_general/5_aeronomy_and_physics_of_the_earth/18_geomagnetism_p_34-41/maps/P_36_VI_georeferencing/P_36_VI.tiff
Target Raster: atlas/2_general/5_aeronomy_and_physics_of_the_earth/18_geomagnetism_p_34-41/maps/P_36_VI.tiff
Tie Points: atlas/2_general/5_aeronomy_and_physics_of_the_earth/18_geomagnetism_p_34-41/maps/P_36_VI_georeferencing/P_36_VI.gpkg

Target CRS: EPSG:3031
Number of tie points: 13
Source dimensions: 4165 x 4814 pixels
Source bands: 3

--------------------------------------------------------------------------------
CONTROL POINTS
--------------------------------------------------------------------------------
ID    Pixel X    Pixel Y    Map X        Map Y        Target X     Target Y    
--------------------------------------------------------------------------------
1     115.6      437.7      -2860096     2863546      -2553329     2142497     
2     4069.1     455.3      2888687      2837927      2553329      2142497     
3     4055.8     4304.2     2869304      -2758760     2553329      -2142497    
4     -144.8     3855.8     -3238728     -2106642     -2886579     -1666567    
5     2083.3     2371.0     1147         52347        0            0           
6     368.1      2362.2     -2492877     65103        -2194494     0           
7     2098.7     367.5      23551        2965583      0            2194494     
8     3807.4     2378.8     2508174      41032        2194494      0           
9     2082.3     4369.4     -285         -2853438     0            -2194494    
10    2084.1     3374.1     2389         -1406298     0            -1089179    
11    2946.1     2374.8     1255775      46768        1089179      0           
12    1227.9     2366.6     -1242710     58770        -1089179     0           
13    2087.1     1371.9     6667         1505155      0            1089179     

--------------------------------------------------------------------------------
RESIDUAL ANALYSIS
--------------------------------------------------------------------------------
ID    dX (m)       dY (m)       Residual (m)   
--------------------------------------------------------------------------------
1     7128.10      -15321.06    16898.07       
2     -9364.03     -14538.82    17293.42       
3     -11986.97    15032.29     19226.47       
4     18039.92     13403.10     22474.03       
5     -5490.22     -191.54      5493.57        
6     -19293.39    717.87       19306.74       
7     6778.99      20427.36     21522.82       
8     19821.94     41.43        19821.98       
9     790.08       -15070.82    15091.51       
10    -601.57      -20065.66    20074.68       
11    16219.97     -11.56       16219.98       
12    -17665.75    308.75       17668.45       
13    -4377.08     15268.66     15883.66       
--------------------------------------------------------------------------------

TRANSFORMATION STATISTICS
--------------------------------------------------------------------------------
Transformation type: Polynomial (affine)
Number of GCPs used: 13

Residual Errors:
  Mean error:       17459.64 m
  RMSE (total):     17924.45 m
  RMSE X:           12539.70 m
  RMSE Y:           12807.88 m
  Std deviation:     4055.46 m
  Maximum error:    22474.03 m
  Minimum error:     5493.57 m

Transformation Matrix:
  a (scale X):        1287.485378
  b (rotation):          3.777364
  c (translation X):     -2696650.28
  d (rotation):          5.124795
  e (scale Y):       -1105.596620
  f (translation Y):      2610502.17

Derived Parameters:
  Pixel size X:      1287.49 m/pixel
  Pixel size Y:      1105.60 m/pixel
  Rotation:           0.1681 degrees

QUALITY ASSESSMENT
--------------------------------------------------------------------------------
Overall quality: POOR (RMSE: 17924.45 m)

================================================================================