================================================================================
GEOREFERENCING REPORT
================================================================================
Date: 2026-03-15 00:51:23
Source Raster: atlas/2_general/8_glaciation/29_ice_sheet_morphology_p_94-95/maps/P_94-95_II_Ye/P_94-95_II_Ye.tiff
Target Raster: atlas/2_general/8_glaciation/29_ice_sheet_morphology_p_94-95/maps/P_94-95_II_Ye.tiff
Tie Points: atlas/2_general/8_glaciation/29_ice_sheet_morphology_p_94-95/maps/P_94-95_II_Ye/P_94-95_II_Ye.gpkg

Target CRS: EPSG:3031
Number of tie points: 13
Source dimensions: 4416 x 994 pixels
Source bands: 3

--------------------------------------------------------------------------------
CONTROL POINTS
--------------------------------------------------------------------------------
ID    Pixel X    Pixel Y    Map X        Map Y        Target X     Target Y    
--------------------------------------------------------------------------------
1     403.7      -1309.5    -2860096     2863546      -2553329     2142497     
2     4030.3     -1293.3    2888687      2837927      2553329      2142497     
3     4018.1     2237.4     2869304      -2758760     2553329      -2142497    
4     164.8      1826.0     -3238728     -2106642     -2886579     -1666567    
5     2208.7     464.0      1147         52347        0            0           
6     635.4      455.9      -2492877     65103        -2194494     0           
7     2222.9     -1373.9    23551        2965583      0            2194494     
8     3790.3     471.1      2508174      41032        2194494      0           
9     2207.8     2297.1     -285         -2853438     0            -2194494    
10    2209.5     1384.2     2389         -1406298     0            -1089179    
11    3000.2     467.5      1255775      46768        1089179      0           
12    1424.0     459.9      -1242710     58770        -1089179     0           
13    2212.2     -452.5     6667         1505155      0            1089179     

--------------------------------------------------------------------------------
RESIDUAL ANALYSIS
--------------------------------------------------------------------------------
ID    dX (m)       dY (m)       Residual (m)   
--------------------------------------------------------------------------------
1     7128.10      -15321.06    16898.07       
2     -9364.03     -14538.82    17293.42       
3     -11986.97    15032.29     19226.47       
4     18039.92     13403.10     22474.03       
5     -5490.22     -191.54      5493.57        
6     -19293.39    717.87       19306.74       
7     6778.99      20427.36     21522.82       
8     19821.94     41.43        19821.98       
9     790.08       -15070.82    15091.51       
10    -601.57      -20065.66    20074.68       
11    16219.97     -11.56       16219.98       
12    -17665.75    308.75       17668.45       
13    -4377.08     15268.66     15883.66       
--------------------------------------------------------------------------------

TRANSFORMATION STATISTICS
--------------------------------------------------------------------------------
Transformation type: Affine (1st-order polynomial, 6 parameters)
Number of GCPs used: 13
Degrees of freedom:  10

Residual Errors:
  Mean error:       17459.64 m
  RMSE (total):     17924.45 m
  RMSE X:           12539.70 m
  RMSE Y:           12807.88 m
  Std deviation:     4055.46 m
  Maximum error:    22474.03 m
  Minimum error:     5493.57 m

Transformation Matrix:
  a (scale X):        1403.522330
  b (rotation):          4.117806
  c (translation X):     -3107393.72
  d (rotation):          5.586676
  e (scale Y):       -1205.240518
  f (translation Y):       546672.65

Derived Parameters:
  Pixel size X:      1403.52 m/pixel
  Pixel size Y:      1205.24 m/pixel
  Rotation:           0.1681 degrees

QUALITY ASSESSMENT
--------------------------------------------------------------------------------
Overall quality: POOR (RMSE: 17924.45 m)

================================================================================