================================================================================
GEOREFERENCING REPORT
================================================================================
Date: 2026-06-25 00:22:45
Source Raster: atlas/2_general/7_climate/27_precipitation_p_87/maps/P_87_III/P_87_III.tiff
Target Raster: atlas/2_general/7_climate/27_precipitation_p_87/maps/P_87_III.tiff
Tie Points: atlas/2_general/7_climate/27_precipitation_p_87/maps/P_87_III/P_87_III.gpkg

Target CRS: EPSG:3031
Number of tie points: 13
Source dimensions: 2408 x 2659 pixels
Source bands: 3

--------------------------------------------------------------------------------
CONTROL POINTS
--------------------------------------------------------------------------------
ID    Pixel X    Pixel Y    Map X        Map Y        Target X     Target Y    
--------------------------------------------------------------------------------
1     117.6      241.8      -2860096     2863546      -2553329     2142497     
2     2301.3     251.5      2888687      2837927      2553329      2142497     
3     2293.9     2377.4     2869304      -2758760     2553329      -2142497    
4     -26.3      2129.7     -3238728     -2106642     -2886579     -1666567    
5     1204.4     1309.6     1147         52347        0            0           
6     257.1      1304.8     -2492877     65103        -2194494     0           
7     1212.9     203.0      23551        2965583      0            2194494     
8     2156.7     1313.9     2508174      41032        2194494      0           
9     1203.9     2413.4     -285         -2853438     0            -2194494    
10    1204.9     1863.7     2389         -1406298     0            -1089179    
11    1681.0     1311.7     1255775      46768        1089179      0           
12    731.9      1307.2     -1242710     58770        -1089179     0           
13    1206.5     757.8      6667         1505155      0            1089179     

--------------------------------------------------------------------------------
RESIDUAL ANALYSIS
--------------------------------------------------------------------------------
ID    dX (m)       dY (m)       Residual (m)   
--------------------------------------------------------------------------------
1     7128.10      -15321.06    16898.07       
2     -9364.03     -14538.82    17293.42       
3     -11986.97    15032.29     19226.47       
4     18039.92     13403.10     22474.03       
5     -5490.22     -191.54      5493.57        
6     -19293.39    717.87       19306.74       
7     6778.99      20427.36     21522.82       
8     19821.94     41.43        19821.98       
9     790.08       -15070.82    15091.51       
10    -601.57      -20065.66    20074.68       
11    16219.97     -11.56       16219.98       
12    -17665.75    308.75       17668.45       
13    -4377.08     15268.66     15883.66       
--------------------------------------------------------------------------------

TRANSFORMATION STATISTICS
--------------------------------------------------------------------------------
Transformation type: Affine (1st-order polynomial, 6 parameters)
Number of GCPs used: 13
Degrees of freedom:  10

Residual Errors:
  Mean error:       17459.64 m
  RMSE (total):     17924.45 m
  RMSE X:           12539.70 m
  RMSE Y:           12807.88 m
  Std deviation:     4055.46 m
  Maximum error:    22474.03 m
  Minimum error:     5493.57 m

Transformation Matrix:
  a (scale X):        2330.934415
  b (rotation):          6.838748
  c (translation X):     -2821907.02
  d (rotation):          9.278211
  e (scale Y):       -2001.632992
  f (translation Y):      2610003.59

Derived Parameters:
  Pixel size X:      2330.93 m/pixel
  Pixel size Y:      2001.63 m/pixel
  Rotation:           0.1681 degrees

QUALITY ASSESSMENT
--------------------------------------------------------------------------------
Overall quality: POOR (RMSE: 17924.45 m)

================================================================================