================================================================================
GEOREFERENCING REPORT
================================================================================
Date: 2026-06-16 00:21:08
Source Raster: atlas/3_regional/12_continent_and_islands/44_mac_robertson_land_and_princess_elizabeth_land_p_142-151/maps/P_148_I/P_148_I.tiff
Target Raster: atlas/3_regional/12_continent_and_islands/44_mac_robertson_land_and_princess_elizabeth_land_p_142-151/maps/P_148_I.tiff
Tie Points: atlas/3_regional/12_continent_and_islands/44_mac_robertson_land_and_princess_elizabeth_land_p_142-151/maps/P_148_I/P_148_I.gpkg

Target CRS: EPSG:3031
Number of tie points: 13
Source dimensions: 8306 x 4786 pixels
Source bands: 3

--------------------------------------------------------------------------------
CONTROL POINTS
--------------------------------------------------------------------------------
ID    Pixel X    Pixel Y    Map X        Map Y        Target X     Target Y    
--------------------------------------------------------------------------------
1     759.3      -1004.8    -2860096     2863546      -2553329     2142497     
2     7580.6     -974.4     2888687      2837927      2553329      2142497     
3     7557.6     5666.5     2869304      -2758760     2553329      -2142497    
4     310.0      4892.7     -3238728     -2106642     -2886579     -1666567    
5     4154.4     2330.9     1147         52347        0            0           
6     1195.0     2315.8     -2492877     65103        -2194494     0           
7     4180.9     -1125.9    23551        2965583      0            2194494     
8     7129.1     2344.3     2508174      41032        2194494      0           
9     4152.7     5778.8     -285         -2853438     0            -2194494    
10    4155.8     4061.7     2389         -1406298     0            -1089179    
11    5643.1     2337.5     1255775      46768        1089179      0           
12    2678.4     2323.3     -1242710     58770        -1089179     0           
13    4160.9     607.0      6667         1505155      0            1089179     

--------------------------------------------------------------------------------
RESIDUAL ANALYSIS
--------------------------------------------------------------------------------
ID    dX (m)       dY (m)       Residual (m)   
--------------------------------------------------------------------------------
1     7128.10      -15321.06    16898.07       
2     -9364.03     -14538.82    17293.42       
3     -11986.97    15032.29     19226.47       
4     18039.92     13403.10     22474.03       
5     -5490.22     -191.54      5493.57        
6     -19293.39    717.87       19306.74       
7     6778.99      20427.36     21522.82       
8     19821.94     41.43        19821.98       
9     790.08       -15070.82    15091.51       
10    -601.57      -20065.66    20074.68       
11    16219.97     -11.56       16219.98       
12    -17665.75    308.75       17668.45       
13    -4377.08     15268.66     15883.66       
--------------------------------------------------------------------------------

TRANSFORMATION STATISTICS
--------------------------------------------------------------------------------
Transformation type: Affine (1st-order polynomial, 6 parameters)
Number of GCPs used: 13
Degrees of freedom:  10

Residual Errors:
  Mean error:       17459.64 m
  RMSE (total):     17924.45 m
  RMSE X:           12539.70 m
  RMSE Y:           12807.88 m
  Std deviation:     4055.46 m
  Maximum error:    22474.03 m
  Minimum error:     5493.57 m

Transformation Matrix:
  a (scale X):         746.202096
  b (rotation):          2.189289
  c (translation X):     -3110586.14
  d (rotation):          2.970234
  e (scale Y):        -640.782823
  f (translation Y):      1481061.41

Derived Parameters:
  Pixel size X:       746.20 m/pixel
  Pixel size Y:       640.78 m/pixel
  Rotation:           0.1681 degrees

QUALITY ASSESSMENT
--------------------------------------------------------------------------------
Overall quality: POOR (RMSE: 17924.45 m)

================================================================================