================================================================================
GEOREFERENCING REPORT
================================================================================
Date: 2026-06-25 23:48:00
Source Raster: atlas/2_general/5_aeronomy_and_physics_of_the_earth/17_cosmic_rays_p_33/maps/P_33_I/P_33_I.tiff
Target Raster: atlas/2_general/5_aeronomy_and_physics_of_the_earth/17_cosmic_rays_p_33/maps/P_33_I.tiff
Tie Points: atlas/2_general/5_aeronomy_and_physics_of_the_earth/17_cosmic_rays_p_33/maps/P_33_I/P_33_I.gpkg

Target CRS: EPSG:3031
Number of tie points: 16
Source dimensions: 2048 x 1487 pixels
Source bands: 3

--------------------------------------------------------------------------------
CONTROL POINTS
--------------------------------------------------------------------------------
ID    Pixel X    Pixel Y    Map X        Map Y        Target X     Target Y    
--------------------------------------------------------------------------------
1     473.0      1015.0     -1883207     -928041      -2886579     -1666567    
2     1029.4     692.3      18402        174857       0            0           
3     602.1      692.8      -1442138     173344       -2194494     0           
4     1031.9     263.8      27135        1639537      0            2194494     
5     1455.4     692.2      1474442      175216       2194494      0           
6     1026.6     1118.3     8921         -1281030     0            -2194494    
7     1028.5     905.3      15237        -553036      0            -1089179    
8     1242.6     692.6      747154       173915       1089179      0           
9     815.1      692.4      -714164      174519       -1089179     0           
10    1031.4     477.5      25253        909209       0            1089179     
11    286.7      262.7      -2520054     1643493      -3918365     2262269     
12    1858.7     472.1      2852967      927540       4370368      1171037     
13    1025.8     1334.2     6208         -2018953     0            -3333134    
14    1769.9     1119.2     2549612      -1284148     3918365      -2262269    
15    286.4      1122.7     -2521024     -1295928     -3918365     -2262269    
16    659.4      477.5      -1246154     909180       -1900488     1097247     

--------------------------------------------------------------------------------
RESIDUAL ANALYSIS
--------------------------------------------------------------------------------
ID    dX (m)       dY (m)       Residual (m)   
--------------------------------------------------------------------------------
1     -18575.21    -11364.44    21775.88       
2     5473.04      -2553.69     6039.50        
3     -40794.07    -2903.76     40897.29       
4     9793.86      31265.82     32763.87       
5     44844.02     -3953.74     45017.98       
6     -51.06       -22995.85    22995.91       
7     5127.81      -20767.72    21391.41       
8     34356.06     -4961.43     34712.46       
9     -29254.06    -2089.45     29328.58       
10    11433.23     25481.24     27928.70       
11    20218.35     -27085.30    33799.34       
12    -20748.80    -32267.82    38363.07       
13    360.63       -7008.03     7017.30        
14    -20449.80    36639.42     41960.00       
15    36947.26     25495.83     44890.28       
16    -38681.27    19068.93     43126.15       
--------------------------------------------------------------------------------

TRANSFORMATION STATISTICS
--------------------------------------------------------------------------------
Transformation type: Affine (1st-order polynomial, 6 parameters)
Number of GCPs used: 16
Degrees of freedom:  13

Residual Errors:
  Mean error:       30750.48 m
  RMSE (total):     32990.42 m
  RMSE X:           25566.30 m
  RMSE Y:           20850.23 m
  Std deviation:    11948.88 m
  Maximum error:    45017.98 m
  Minimum error:     6039.50 m

Transformation Matrix:
  a (scale X):        5243.872362
  b (rotation):         21.181869
  c (translation X):     -5407149.94
  d (rotation):         -4.568880
  e (scale Y):       -5200.007394
  f (translation Y):      3602331.59

Derived Parameters:
  Pixel size X:      5243.87 m/pixel
  Pixel size Y:      5200.01 m/pixel
  Rotation:           0.2314 degrees

QUALITY ASSESSMENT
--------------------------------------------------------------------------------
Overall quality: POOR (RMSE: 32990.42 m)

================================================================================