================================================================================
GEOREFERENCING REPORT
================================================================================
Date: 2026-03-13 09:20:39
Source Raster: atlas/2_general/9_waters_of_the_southern_ocean/31_oceanographic_coverage_and_boundaries_p_97-99/maps/P_97-98_Ib/P_97-98_Ib.tiff
Target Raster: atlas/2_general/9_waters_of_the_southern_ocean/31_oceanographic_coverage_and_boundaries_p_97-99/maps/P_97-98_Ib.tiff
Tie Points: atlas/2_general/9_waters_of_the_southern_ocean/31_oceanographic_coverage_and_boundaries_p_97-99/maps/P_97-98_Ib/P_97-98_Ib.gpkg

Target CRS: EPSG:3031
Number of tie points: 13
Source dimensions: 8262 x 5191 pixels
Source bands: 3

--------------------------------------------------------------------------------
CONTROL POINTS
--------------------------------------------------------------------------------
ID    Pixel X    Pixel Y    Map X        Map Y        Target X     Target Y    
--------------------------------------------------------------------------------
1     755.3      -784.3     -2860096     2863546      -2553329     2142497     
2     7540.5     -754.1     2888687      2837927      2553329      2142497     
3     7517.6     5851.6     2869304      -2758760     2553329      -2142497    
4     308.4      5081.9     -3238728     -2106642     -2886579     -1666567    
5     4132.4     2533.7     1147         52347        0            0           
6     1188.7     2518.7     -2492877     65103        -2194494     0           
7     4158.8     -904.7     23551        2965583      0            2194494     
8     7091.4     2547.1     2508174      41032        2194494      0           
9     4130.7     5963.4     -285         -2853438     0            -2194494    
10    4133.8     4255.3     2389         -1406298     0            -1089179    
11    5613.2     2540.3     1255775      46768        1089179      0           
12    2664.2     2526.1     -1242710     58770        -1089179     0           
13    4138.9     819.0      6667         1505155      0            1089179     

--------------------------------------------------------------------------------
RESIDUAL ANALYSIS
--------------------------------------------------------------------------------
ID    dX (m)       dY (m)       Residual (m)   
--------------------------------------------------------------------------------
1     7128.10      -15321.06    16898.07       
2     -9364.03     -14538.82    17293.42       
3     -11986.97    15032.29     19226.47       
4     18039.92     13403.10     22474.03       
5     -5490.22     -191.54      5493.57        
6     -19293.39    717.87       19306.74       
7     6778.99      20427.36     21522.82       
8     19821.94     41.43        19821.98       
9     790.08       -15070.82    15091.51       
10    -601.57      -20065.66    20074.68       
11    16219.97     -11.56       16219.98       
12    -17665.75    308.75       17668.45       
13    -4377.08     15268.66     15883.66       
--------------------------------------------------------------------------------

TRANSFORMATION STATISTICS
--------------------------------------------------------------------------------
Transformation type: Affine (1st-order polynomial, 6 parameters)
Number of GCPs used: 13
Degrees of freedom:  10

Residual Errors:
  Mean error:       17459.64 m
  RMSE (total):     17924.45 m
  RMSE X:           12539.70 m
  RMSE Y:           12807.88 m
  Std deviation:     4055.46 m
  Maximum error:    22474.03 m
  Minimum error:     5493.57 m

Transformation Matrix:
  a (scale X):         750.176060
  b (rotation):          2.200948
  c (translation X):     -3111059.73
  d (rotation):          2.986052
  e (scale Y):        -644.195368
  f (translation Y):      1619677.19

Derived Parameters:
  Pixel size X:       750.18 m/pixel
  Pixel size Y:       644.20 m/pixel
  Rotation:           0.1681 degrees

QUALITY ASSESSMENT
--------------------------------------------------------------------------------
Overall quality: POOR (RMSE: 17924.45 m)

================================================================================