================================================================================
GEOREFERENCING REPORT
================================================================================
Date: 2026-01-08 23:35:25
Source Raster: atlas/2_general/6_geology_and_relief/23_relief_and_bottom_sediments_p_64-72/maps/P_70-71_VIIb_georeferencing/P_70-71_VIIb.tiff
Target Raster: atlas/2_general/6_geology_and_relief/23_relief_and_bottom_sediments_p_64-72/maps/P_70-71_VIIb.tiff
Tie Points: atlas/2_general/6_geology_and_relief/23_relief_and_bottom_sediments_p_64-72/maps/P_70-71_VIIb_georeferencing/P_70-71_VIIb.gpkg

Target CRS: EPSG:3031
Number of tie points: 14
Source dimensions: 8293 x 5170 pixels
Source bands: 3

--------------------------------------------------------------------------------
CONTROL POINTS
--------------------------------------------------------------------------------
ID    Pixel X    Pixel Y    Map X        Map Y        Target X     Target Y    
--------------------------------------------------------------------------------
1     1371.4     138.8      -2342393     2064793      -3333134     0           
2     5715.8     4964.3     1324606      -2008321     2450326      -6732214    
3     7244.5     2881.0     2614934      -249880      4436856      -3722964    
4     1733.5     2763.7     -2036820     -150847      -2886579     -1666567    
5     3947.9     138.3      -167620      2065258      0            0           
6     2228.1     138.8      -1619326     2064793      -2194494     0           
7     633.2      4074.4     -2965499     -1257158     -4605106     -5488152    
8     5667.2     134.7      1283623      2068276      2194494      0           
9     3951.8     4426.4     -164369      -1554257     0            -5791904    
10    3947.1     982.8      -168316      1352408      0            -1089179    
11    4805.1     135.9      555912       2067231      1089179      0           
12    3087.4     139.4      -893937      2064329      -1089179     0           
13    3948.5     1846.0     -167155      623768       0            -2194494    
14    6523.4     132.1      2006341      2070482      3333134      0           

--------------------------------------------------------------------------------
RESIDUAL ANALYSIS
--------------------------------------------------------------------------------
ID    dX (m)       dY (m)       Residual (m)   
--------------------------------------------------------------------------------
1     -90131.87    285062.63    298972.33      
2     -101824.69   257886.22    277260.84      
3     -53796.50    -102805.02   116029.89      
4     -57845.53    -1566773.34  1567840.81     
5     2509.49      81747.41     81785.92       
6     -89772.84    217221.36    235041.02      
7     196543.78    599454.65    630852.86      
8     94063.17     -49660.01    106367.28      
9     3533.27      172449.81    172486.00      
10    605.31       48221.36     48225.16       
11    53062.62     16971.22     55710.54       
12    -52431.66    148430.79    157419.11      
13    1609.39      5787.17      6006.79        
14    93876.06     -113994.23   147673.28      
--------------------------------------------------------------------------------

TRANSFORMATION STATISTICS
--------------------------------------------------------------------------------
Transformation type: Polynomial (affine)
Number of GCPs used: 14

Residual Errors:
  Mean error:      278690.85 m
  RMSE (total):    477409.18 m
  RMSE X:           82231.32 m
  RMSE Y:          470273.89 m
  Std deviation:   387622.16 m
  Maximum error:  1567840.81 m
  Minimum error:     6006.79 m

Transformation Matrix:
  a (scale X):        1329.630953
  b (rotation):         -0.955427
  c (translation X):     -5246633.11
  d (rotation):        -79.195737
  e (scale Y):       -1329.472042
  f (translation Y):       578217.99

Derived Parameters:
  Pixel size X:      1329.63 m/pixel
  Pixel size Y:      1329.47 m/pixel
  Rotation:          -0.0412 degrees

QUALITY ASSESSMENT
--------------------------------------------------------------------------------
Overall quality: POOR (RMSE: 477409.18 m)
WARNING: Point 4 has unusually high residual.
         Consider checking this control point.

================================================================================