================================================================================
GEOREFERENCING REPORT
================================================================================
Date: 2026-06-16 00:21:08
Source Raster: atlas/3_regional/12_continent_and_islands/44_mac_robertson_land_and_princess_elizabeth_land_p_142-151/maps/P_147_II/P_147_II.tiff
Target Raster: atlas/3_regional/12_continent_and_islands/44_mac_robertson_land_and_princess_elizabeth_land_p_142-151/maps/P_147_II.tiff
Tie Points: atlas/3_regional/12_continent_and_islands/44_mac_robertson_land_and_princess_elizabeth_land_p_142-151/maps/P_147_II/P_147_II.gpkg

Target CRS: EPSG:3031
Number of tie points: 13
Source dimensions: 5118 x 5640 pixels
Source bands: 3

--------------------------------------------------------------------------------
CONTROL POINTS
--------------------------------------------------------------------------------
ID    Pixel X    Pixel Y    Map X        Map Y        Target X     Target Y    
--------------------------------------------------------------------------------
1     254.6      512.8      -2860096     2863546      -2553329     2142497     
2     4886.5     533.4      2888687      2837927      2553329      2142497     
3     4870.8     5042.8     2869304      -2758760     2553329      -2142497    
4     -50.5      4517.4     -3238728     -2106642     -2886579     -1666567    
5     2559.9     2777.8     1147         52347        0            0           
6     550.5      2767.5     -2492877     65103        -2194494     0           
7     2578.0     430.6      23551        2965583      0            2194494     
8     4579.9     2786.9     2508174      41032        2194494      0           
9     2558.8     5119.1     -285         -2853438     0            -2194494    
10    2560.9     3953.1     2389         -1406298     0            -1089179    
11    3570.8     2782.3     1255775      46768        1089179      0           
12    1557.7     2772.6     -1242710     58770        -1089179     0           
13    2564.4     1607.3     6667         1505155      0            1089179     

--------------------------------------------------------------------------------
RESIDUAL ANALYSIS
--------------------------------------------------------------------------------
ID    dX (m)       dY (m)       Residual (m)   
--------------------------------------------------------------------------------
1     7128.10      -15321.06    16898.07       
2     -9364.03     -14538.82    17293.42       
3     -11986.97    15032.29     19226.47       
4     18039.92     13403.10     22474.03       
5     -5490.22     -191.54      5493.57        
6     -19293.39    717.87       19306.74       
7     6778.99      20427.36     21522.82       
8     19821.94     41.43        19821.98       
9     790.08       -15070.82    15091.51       
10    -601.57      -20065.66    20074.68       
11    16219.97     -11.56       16219.98       
12    -17665.75    308.75       17668.45       
13    -4377.08     15268.66     15883.66       
--------------------------------------------------------------------------------

TRANSFORMATION STATISTICS
--------------------------------------------------------------------------------
Transformation type: Affine (1st-order polynomial, 6 parameters)
Number of GCPs used: 13
Degrees of freedom:  10

Residual Errors:
  Mean error:       17459.64 m
  RMSE (total):     17924.45 m
  RMSE X:           12539.70 m
  RMSE Y:           12807.88 m
  Std deviation:     4055.46 m
  Maximum error:    22474.03 m
  Minimum error:     5493.57 m

Transformation Matrix:
  a (scale X):        1098.928122
  b (rotation):          3.224154
  c (translation X):     -2827619.05
  d (rotation):          4.374249
  e (scale Y):        -943.677682
  f (translation Y):      2609980.86

Derived Parameters:
  Pixel size X:      1098.93 m/pixel
  Pixel size Y:       943.68 m/pixel
  Rotation:           0.1681 degrees

QUALITY ASSESSMENT
--------------------------------------------------------------------------------
Overall quality: POOR (RMSE: 17924.45 m)

================================================================================