================================================================================
GEOREFERENCING REPORT
================================================================================
Date: 2026-06-25 00:21:31
Source Raster: atlas/2_general/5_aeronomy_and_physics_of_the_earth/15_ionosphere_p_25-30/maps/P_28_IV_Ye/P_28_IV_Ye.tiff
Target Raster: atlas/2_general/5_aeronomy_and_physics_of_the_earth/15_ionosphere_p_25-30/maps/P_28_IV_Ye.tiff
Tie Points: atlas/2_general/5_aeronomy_and_physics_of_the_earth/15_ionosphere_p_25-30/maps/P_28_IV_Ye/P_28_IV_Ye.gpkg

Target CRS: EPSG:3031
Number of tie points: 13
Source dimensions: 1605 x 1826 pixels
Source bands: 3

--------------------------------------------------------------------------------
CONTROL POINTS
--------------------------------------------------------------------------------
ID    Pixel X    Pixel Y    Map X        Map Y        Target X     Target Y    
--------------------------------------------------------------------------------
1     56.4       166.0      -2860096     2863546      -2553329     2142497     
2     1556.0     172.7      2888687      2837927      2553329      2142497     
3     1551.0     1632.6     2869304      -2758760     2553329      -2142497    
4     -42.3      1462.5     -3238728     -2106642     -2886579     -1666567    
5     802.8      899.3      1147         52347        0            0           
6     152.2      896.0      -2492877     65103        -2194494     0           
7     808.6      139.4      23551        2965583      0            2194494     
8     1456.8     902.3      2508174      41032        2194494      0           
9     802.4      1657.3     -285         -2853438     0            -2194494    
10    803.1      1279.8     2389         -1406298     0            -1089179    
11    1130.1     900.8      1255775      46768        1089179      0           
12    478.3      897.7      -1242710     58770        -1089179     0           
13    804.2      520.4      6667         1505155      0            1089179     

--------------------------------------------------------------------------------
RESIDUAL ANALYSIS
--------------------------------------------------------------------------------
ID    dX (m)       dY (m)       Residual (m)   
--------------------------------------------------------------------------------
1     7128.10      -15321.06    16898.07       
2     -9364.03     -14538.82    17293.42       
3     -11986.97    15032.29     19226.47       
4     18039.92     13403.10     22474.03       
5     -5490.22     -191.54      5493.57        
6     -19293.39    717.87       19306.74       
7     6778.99      20427.36     21522.82       
8     19821.94     41.43        19821.98       
9     790.08       -15070.82    15091.51       
10    -601.57      -20065.66    20074.68       
11    16219.97     -11.56       16219.98       
12    -17665.75    308.75       17668.45       
13    -4377.08     15268.66     15883.66       
--------------------------------------------------------------------------------

TRANSFORMATION STATISTICS
--------------------------------------------------------------------------------
Transformation type: Affine (1st-order polynomial, 6 parameters)
Number of GCPs used: 13
Degrees of freedom:  10

Residual Errors:
  Mean error:       17459.64 m
  RMSE (total):     17924.45 m
  RMSE X:           12539.70 m
  RMSE Y:           12807.88 m
  Std deviation:     4055.46 m
  Maximum error:    22474.03 m
  Minimum error:     5493.57 m

Transformation Matrix:
  a (scale X):        3394.279632
  b (rotation):          9.958505
  c (translation X):     -2739371.39
  d (rotation):         13.510823
  e (scale Y):       -2914.754724
  f (translation Y):      2610332.12

Derived Parameters:
  Pixel size X:      3394.28 m/pixel
  Pixel size Y:      2914.75 m/pixel
  Rotation:           0.1681 degrees

QUALITY ASSESSMENT
--------------------------------------------------------------------------------
Overall quality: POOR (RMSE: 17924.45 m)

================================================================================