================================================================================
GEOREFERENCING REPORT
================================================================================
Date: 2026-06-25 00:26:05
Source Raster: atlas/3_regional/13_southern_ocean/51_pacific_sector_ross_sea_and_bellingshausen_sea_p_208-225/maps/P_216_VI_V/P_216_VI_V.tiff
Target Raster: atlas/3_regional/13_southern_ocean/51_pacific_sector_ross_sea_and_bellingshausen_sea_p_208-225/maps/P_216_VI_V.tiff
Tie Points: atlas/3_regional/13_southern_ocean/51_pacific_sector_ross_sea_and_bellingshausen_sea_p_208-225/maps/P_216_VI_V/P_216_VI_V.gpkg

Target CRS: EPSG:9354
Number of tie points: 13
Source dimensions: 4121 x 2402 pixels
Source bands: 3

--------------------------------------------------------------------------------
CONTROL POINTS
--------------------------------------------------------------------------------
ID    Pixel X    Pixel Y    Map X        Map Y        Target X     Target Y    
--------------------------------------------------------------------------------
1     410.6      -450.9     -2802507     2805887      -2501917     2099358     
2     3726.9     -436.1     2830522      2780785      2501917      2099358     
3     3715.7     2792.4     2811530      -2703212     2501917      -2099358    
4     192.2      2416.2     -3173516     -2064224     -2828457     -1633010    
5     2061.2     1170.8     1124         51293        0            0           
6     622.5      1163.4     -2442683     63792        -2150308     0           
7     2074.1     -509.7     23077        2905870      0            2150308     
8     3507.4     1177.3     2457671      40206        2150308      0           
9     2060.3     2847.0     -280         -2795983     0            -2150308    
10    2061.9     2012.2     2341         -1377982     0            -1067249    
11    2784.9     1174.0     1230490      45826        1067249      0           
12    1343.6     1167.1     -1217687     57587        -1067249     0           
13    2064.3     332.7      6532         1474848      0            1067249     

--------------------------------------------------------------------------------
RESIDUAL ANALYSIS
--------------------------------------------------------------------------------
ID    dX (m)       dY (m)       Residual (m)   
--------------------------------------------------------------------------------
1     6984.58      -15012.56    16557.82       
2     -9175.48     -14246.08    16945.21       
3     -11745.61    14729.61     18839.34       
4     17676.68     13133.22     22021.51       
5     -5379.68     -187.68      5382.95        
6     -18904.92    703.41       18918.00       
7     6642.50      20016.05     21089.46       
8     19422.82     40.60        19422.86       
9     774.17       -14767.36    14787.64       
10    -589.45      -19661.64    19670.47       
11    15893.38     -11.33       15893.38       
12    -17310.04    302.53       17312.69       
13    -4288.94     14961.22     15563.84       
--------------------------------------------------------------------------------

TRANSFORMATION STATISTICS
--------------------------------------------------------------------------------
Transformation type: Affine (1st-order polynomial, 6 parameters)
Number of GCPs used: 13
Degrees of freedom:  10

Residual Errors:
  Mean error:       17108.09 m
  RMSE (total):     17563.54 m
  RMSE X:           12287.21 m
  RMSE Y:           12549.99 m
  Std deviation:     3973.81 m
  Maximum error:    22021.51 m
  Minimum error:     5382.95 m

Transformation Matrix:
  a (scale X):        1503.992868
  b (rotation):          4.412577
  c (translation X):     -3110518.42
  d (rotation):          5.986596
  e (scale Y):       -1291.517138
  f (translation Y):      1499585.54

Derived Parameters:
  Pixel size X:      1503.99 m/pixel
  Pixel size Y:      1291.52 m/pixel
  Rotation:           0.1681 degrees

QUALITY ASSESSMENT
--------------------------------------------------------------------------------
Overall quality: POOR (RMSE: 17563.54 m)

================================================================================