================================================================================
GEOREFERENCING REPORT
================================================================================
Date: 2026-06-25 00:23:24
Source Raster: atlas/2_general/9_waters_of_the_southern_ocean/35_physical_and_chemical_properties_p_109-117/maps/P_113_XII/P_113_XII.tiff
Target Raster: atlas/2_general/9_waters_of_the_southern_ocean/35_physical_and_chemical_properties_p_109-117/maps/P_113_XII.tiff
Tie Points: atlas/2_general/9_waters_of_the_southern_ocean/35_physical_and_chemical_properties_p_109-117/maps/P_113_XII/P_113_XII.gpkg

Target CRS: EPSG:3031
Number of tie points: 13
Source dimensions: 4123 x 4781 pixels
Source bands: 3

--------------------------------------------------------------------------------
CONTROL POINTS
--------------------------------------------------------------------------------
ID    Pixel X    Pixel Y    Map X        Map Y        Target X     Target Y    
--------------------------------------------------------------------------------
1     108.1      434.7      -2860096     2863546      -2553329     2142497     
2     4034.5     452.2      2888687      2837927      2553329      2142497     
3     4021.2     4274.7     2869304      -2758760     2553329      -2142497    
4     -150.6     3829.3     -3238728     -2106642     -2886579     -1666567    
5     2062.3     2354.7     1147         52347        0            0           
6     358.9      2346.0     -2492877     65103        -2194494     0           
7     2077.6     365.0      23551        2965583      0            2194494     
8     3774.6     2362.5     2508174      41032        2194494      0           
9     2061.3     4339.4     -285         -2853438     0            -2194494    
10    2063.1     3351.0     2389         -1406298     0            -1089179    
11    2919.2     2358.6     1255775      46768        1089179      0           
12    1212.7     2350.4     -1242710     58770        -1089179     0           
13    2066.1     1362.5     6667         1505155      0            1089179     

--------------------------------------------------------------------------------
RESIDUAL ANALYSIS
--------------------------------------------------------------------------------
ID    dX (m)       dY (m)       Residual (m)   
--------------------------------------------------------------------------------
1     7128.10      -15321.06    16898.07       
2     -9364.03     -14538.82    17293.42       
3     -11986.97    15032.29     19226.47       
4     18039.92     13403.10     22474.03       
5     -5490.22     -191.54      5493.57        
6     -19293.39    717.87       19306.74       
7     6778.99      20427.36     21522.82       
8     19821.94     41.43        19821.98       
9     790.08       -15070.82    15091.51       
10    -601.57      -20065.66    20074.68       
11    16219.97     -11.56       16219.98       
12    -17665.75    308.75       17668.45       
13    -4377.08     15268.66     15883.66       
--------------------------------------------------------------------------------

TRANSFORMATION STATISTICS
--------------------------------------------------------------------------------
Transformation type: Affine (1st-order polynomial, 6 parameters)
Number of GCPs used: 13
Degrees of freedom:  10

Residual Errors:
  Mean error:       17459.64 m
  RMSE (total):     17924.45 m
  RMSE X:           12539.70 m
  RMSE Y:           12807.88 m
  Std deviation:     4055.46 m
  Maximum error:    22474.03 m
  Minimum error:     5493.57 m

Transformation Matrix:
  a (scale X):        1296.372016
  b (rotation):          3.803437
  c (translation X):     -2687932.90
  d (rotation):          5.160168
  e (scale Y):       -1113.227803
  f (translation Y):      2610536.87

Derived Parameters:
  Pixel size X:      1296.37 m/pixel
  Pixel size Y:      1113.23 m/pixel
  Rotation:           0.1681 degrees

QUALITY ASSESSMENT
--------------------------------------------------------------------------------
Overall quality: POOR (RMSE: 17924.45 m)

================================================================================