================================================================================
GEOREFERENCING REPORT
================================================================================
Date: 2026-06-16 00:20:51
Source Raster: atlas/2_general/6_geology_and_relief/23_relief_and_bottom_sediments_p_64-72/maps/P_64-65_Ia/P_64-65_Ia.tiff
Target Raster: atlas/2_general/6_geology_and_relief/23_relief_and_bottom_sediments_p_64-72/maps/P_64-65_Ia.tiff
Tie Points: atlas/2_general/6_geology_and_relief/23_relief_and_bottom_sediments_p_64-72/maps/P_64-65_Ia/P_64-65_Ia.gpkg

Target CRS: EPSG:3031
Number of tie points: 13
Source dimensions: 8264 x 5189 pixels
Source bands: 3

--------------------------------------------------------------------------------
CONTROL POINTS
--------------------------------------------------------------------------------
ID    Pixel X    Pixel Y    Map X        Map Y        Target X     Target Y    
--------------------------------------------------------------------------------
1     755.5      -786.1     -2860096     2863546      -2553329     2142497     
2     7542.3     -755.9     2888687      2837927      2553329      2142497     
3     7519.4     5851.4     2869304      -2758760     2553329      -2142497    
4     308.5      5081.5     -3238728     -2106642     -2886579     -1666567    
5     4133.4     2532.7     1147         52347        0            0           
6     1189.0     2517.6     -2492877     65103        -2194494     0           
7     4159.8     -906.6     23551        2965583      0            2194494     
8     7093.1     2546.1     2508174      41032        2194494      0           
9     4131.7     5963.2     -285         -2853438     0            -2194494    
10    4134.8     4254.7     2389         -1406298     0            -1089179    
11    5614.5     2539.3     1255775      46768        1089179      0           
12    2664.9     2525.1     -1242710     58770        -1089179     0           
13    4139.9     817.6      6667         1505155      0            1089179     

--------------------------------------------------------------------------------
RESIDUAL ANALYSIS
--------------------------------------------------------------------------------
ID    dX (m)       dY (m)       Residual (m)   
--------------------------------------------------------------------------------
1     7128.10      -15321.06    16898.07       
2     -9364.03     -14538.82    17293.42       
3     -11986.97    15032.29     19226.47       
4     18039.92     13403.10     22474.03       
5     -5490.22     -191.54      5493.57        
6     -19293.39    717.87       19306.74       
7     6778.99      20427.36     21522.82       
8     19821.94     41.43        19821.98       
9     790.08       -15070.82    15091.51       
10    -601.57      -20065.66    20074.68       
11    16219.97     -11.56       16219.98       
12    -17665.75    308.75       17668.45       
13    -4377.08     15268.66     15883.66       
--------------------------------------------------------------------------------

TRANSFORMATION STATISTICS
--------------------------------------------------------------------------------
Transformation type: Affine (1st-order polynomial, 6 parameters)
Number of GCPs used: 13
Degrees of freedom:  10

Residual Errors:
  Mean error:       17459.64 m
  RMSE (total):     17924.45 m
  RMSE X:           12539.70 m
  RMSE Y:           12807.88 m
  Std deviation:     4055.46 m
  Maximum error:    22474.03 m
  Minimum error:     5493.57 m

Transformation Matrix:
  a (scale X):         749.994507
  b (rotation):          2.200415
  c (translation X):     -3111056.15
  d (rotation):          2.985330
  e (scale Y):        -644.039464
  f (translation Y):      1618628.50

Derived Parameters:
  Pixel size X:       749.99 m/pixel
  Pixel size Y:       644.04 m/pixel
  Rotation:           0.1681 degrees

QUALITY ASSESSMENT
--------------------------------------------------------------------------------
Overall quality: POOR (RMSE: 17924.45 m)

================================================================================