================================================================================
GEOREFERENCING REPORT
================================================================================
Date: 2026-03-13 09:18:54
Source Raster: atlas/2_general/5_aeronomy_and_physics_of_the_earth/15_ionosphere_p_25-30/maps/P_25_I_G/P_25_I_G.tiff
Target Raster: atlas/2_general/5_aeronomy_and_physics_of_the_earth/15_ionosphere_p_25-30/maps/P_25_I_G.tiff
Tie Points: atlas/2_general/5_aeronomy_and_physics_of_the_earth/15_ionosphere_p_25-30/maps/P_25_I_G/P_25_I_G.gpkg

Target CRS: EPSG:3031
Number of tie points: 13
Source dimensions: 1548 x 1843 pixels
Source bands: 3

--------------------------------------------------------------------------------
CONTROL POINTS
--------------------------------------------------------------------------------
ID    Pixel X    Pixel Y    Map X        Map Y        Target X     Target Y    
--------------------------------------------------------------------------------
1     272.4      434.8      -1905183     1848590      -4095495     4095495     
2     1281.9     439.5      1929179      1830558      4095495      4095495     
3     1277.1     1448.9     1910668      -2003303     4095495      -4095495    
4     265.2      1442.3     -1932332     -1978149     -4095495     -4095495    
5     772.1      941.4      -7067        -75720       0            0           
6     488.2      940.2      -1085455     -71149       -2194494     0           
7     774.7      654.9      2723         1012592      0            2194494     
8     1061.3     943.2      1091108      -82413       2194494      0           
9     770.9      1229.0     -11641       -1167917     0            -2194494    
10    771.3      1085.3     -10171       -622072      0            -1089179    
11    917.7      942.2      545959       -78497       1089179      0           
12    631.2      941.2      -542329      -74665       -1089179     0           
13    773.4      799.0      -2132        465320       0            1089179     

--------------------------------------------------------------------------------
RESIDUAL ANALYSIS
--------------------------------------------------------------------------------
ID    dX (m)       dY (m)       Residual (m)   
--------------------------------------------------------------------------------
1     46621.31     -41943.69    62712.20       
2     -39894.88    -35577.25    53454.11       
3     -29589.20    39168.51     49088.62       
4     38577.23     47777.29     61407.43       
5     -12238.72    1961.89      12394.97       
6     -97064.68    -887.73      97068.74       
7     -5577.41     111467.45    111606.90      
8     114437.39    550.28       114438.72      
9     -7824.20     -115704.60   115968.84      
10    -11754.98    -65485.88    66532.55       
11    67483.77     2508.37      67530.37       
12    -54392.71    -2020.84     54430.24       
13    -8782.92     58186.21     58845.35       
--------------------------------------------------------------------------------

TRANSFORMATION STATISTICS
--------------------------------------------------------------------------------
Transformation type: Affine (1st-order polynomial, 6 parameters)
Number of GCPs used: 13
Degrees of freedom:  10

Residual Errors:
  Mean error:       71190.69 m
  RMSE (total):     76941.61 m
  RMSE X:           53072.08 m
  RMSE Y:           55707.86 m
  Std deviation:    29187.27 m
  Maximum error:   115968.84 m
  Minimum error:    12394.97 m

Transformation Matrix:
  a (scale X):        8027.715050
  b (rotation):         48.968998
  c (translation X):     -6256854.78
  d (rotation):         44.119414
  e (scale Y):       -8040.442492
  f (translation Y):      7537458.32

Derived Parameters:
  Pixel size X:      8027.72 m/pixel
  Pixel size Y:      8040.44 m/pixel
  Rotation:           0.3495 degrees

QUALITY ASSESSMENT
--------------------------------------------------------------------------------
Overall quality: POOR (RMSE: 76941.61 m)

================================================================================