================================================================================
GEOREFERENCING REPORT
================================================================================
Date: 2026-03-15 00:49:19
Source Raster: atlas/1_introductory/3_map_coverage/6_published_maps_of_antarctica_p_13-14/maps/P_13-14_Ia/P_13-14_Ia.tiff
Target Raster: atlas/1_introductory/3_map_coverage/6_published_maps_of_antarctica_p_13-14/maps/P_13-14_Ia.tiff
Tie Points: atlas/1_introductory/3_map_coverage/6_published_maps_of_antarctica_p_13-14/maps/P_13-14_Ia/P_13-14_Ia.gpkg

Target CRS: EPSG:3031
Number of tie points: 13
Source dimensions: 5118 x 8239 pixels
Source bands: 3

--------------------------------------------------------------------------------
CONTROL POINTS
--------------------------------------------------------------------------------
ID    Pixel X    Pixel Y    Map X        Map Y        Target X     Target Y    
--------------------------------------------------------------------------------
1     -807.3     749.1      -2860096     2863546      -2553329     2142497     
2     5959.0     779.3      2888687      2837927      2553329      2142497     
3     5936.2     7366.6     2869304      -2758760     2553329      -2142497    
4     -1253.0    6599.0     -3238728     -2106642     -2886579     -1666567    
5     2560.4     4057.9     1147         52347        0            0           
6     -375.1     4042.9     -2492877     65103        -2194494     0           
7     2586.7     629.0      23551        2965583      0            2194494     
8     5511.1     4071.2     2508174      41032        2194494      0           
9     2558.7     7478.0     -285         -2853438     0            -2194494    
10    2561.8     5774.7     2389         -1406298     0            -1089179    
11    4037.0     4064.5     1255775      46768        1089179      0           
12    1096.3     4050.3     -1242710     58770        -1089179     0           
13    2566.8     2347.9     6667         1505155      0            1089179     

--------------------------------------------------------------------------------
RESIDUAL ANALYSIS
--------------------------------------------------------------------------------
ID    dX (m)       dY (m)       Residual (m)   
--------------------------------------------------------------------------------
1     7128.10      -15321.06    16898.07       
2     -9364.03     -14538.82    17293.42       
3     -11986.97    15032.29     19226.47       
4     18039.92     13403.10     22474.03       
5     -5490.22     -191.54      5493.57        
6     -19293.39    717.87       19306.74       
7     6778.99      20427.36     21522.82       
8     19821.94     41.43        19821.98       
9     790.08       -15070.82    15091.51       
10    -601.57      -20065.66    20074.68       
11    16219.97     -11.56       16219.98       
12    -17665.75    308.75       17668.45       
13    -4377.08     15268.66     15883.66       
--------------------------------------------------------------------------------

TRANSFORMATION STATISTICS
--------------------------------------------------------------------------------
Transformation type: Affine (1st-order polynomial, 6 parameters)
Number of GCPs used: 13
Degrees of freedom:  10

Residual Errors:
  Mean error:       17459.64 m
  RMSE (total):     17924.45 m
  RMSE X:           12539.70 m
  RMSE Y:           12807.88 m
  Std deviation:     4055.46 m
  Maximum error:    22474.03 m
  Minimum error:     5493.57 m

Transformation Matrix:
  a (scale X):         752.270252
  b (rotation):          2.207092
  c (translation X):     -1940521.56
  d (rotation):          2.994388
  e (scale Y):        -645.993704
  f (translation Y):      2613511.92

Derived Parameters:
  Pixel size X:       752.27 m/pixel
  Pixel size Y:       645.99 m/pixel
  Rotation:           0.1681 degrees

QUALITY ASSESSMENT
--------------------------------------------------------------------------------
Overall quality: POOR (RMSE: 17924.45 m)

================================================================================