================================================================================
GEOREFERENCING REPORT
================================================================================
Date: 2026-06-26 23:23:22
Source Raster: atlas/1_introductory/2_history_of_exploration/5_main_expeditions_by_periods_p_7-12/maps/P_9_VI/P_9_VI.tiff
Target Raster: atlas/1_introductory/2_history_of_exploration/5_main_expeditions_by_periods_p_7-12/maps/P_9_VI.tiff
Tie Points: atlas/1_introductory/2_history_of_exploration/5_main_expeditions_by_periods_p_7-12/maps/P_9_VI/P_9_VI.gpkg

Target CRS: EPSG:3031
Number of tie points: 22
Source dimensions: 5502 x 4857 pixels
Source bands: 3

--------------------------------------------------------------------------------
CONTROL POINTS
--------------------------------------------------------------------------------
ID    Pixel X    Pixel Y    Map X        Map Y        Target X     Target Y    
--------------------------------------------------------------------------------
1     4318.5     1658.4     1994245      979775       2553329      2142497     
2     5006.3     4596.9     2869304      -2758760     2553329      -2142497    
3     2199.9     3123.3     -701137      -883955      -2886579     -1666567    
4     3322.5     2482.0     727149       -68041       0            0           
5     791.6      2377.3     -2492877     65103        -2194494     0           
6     3328.9     1619.3     735209       1029576      0            2194494     
7     4187.4     2488.5     1827428      -76329       2194494      0           
8     3317.0     3346.7     720078       -1168167     0            -2194494    
9     3319.7     2914.4     723576       -618218      0            -1089179    
10    3753.7     2485.2     1275654      -72147       1089179      0           
11    2891.9     2479.2     179253       -64543       -1089179     0           
12    3326.2     2050.5     731864       480920       0            1089179     
13    3336.4     332.8      744789       2666346      0            5791904     
14    4944.9     1903.6     2791227      667810       4251675      1547483     
15    3309.7     4632.8     710802       -2804481     0            -5791904    
16    2454.4     3969.7     -377387      -1960815     -2262269     -3918365    
17    4131.9     2785.8     1756869      -454594      2062150      -750561     
18    2459.8     2475.9     -370544      -60286       -2194494     0           
19    2028.5     2473.3     -919200      -56940       -3333134     0           
20    2109.8     2032.7     -815795      503578       -3132121     1139999     
21    3047.5     2150.2     377168       354020       -700111      834360      
22    3961.6     3608.7     1540174      -1501574     1666567      -2886579    

--------------------------------------------------------------------------------
RESIDUAL ANALYSIS
--------------------------------------------------------------------------------
ID    dX (m)       dY (m)       Residual (m)   
--------------------------------------------------------------------------------
1     -396851.33   208713.33    448388.49      
2     457677.18    -2170380.41  2218111.70     
3     707356.81    -52753.45    709321.22      
4     96411.18     122032.21    155521.63      
5     -2588271.52  -402672.34   2619407.28     
6     248423.30    -52594.93    253929.84      
7     -426137.84   369728.12    564174.03      
8     -54417.48    292282.64    297305.24      
9     20924.52     198871.00    199968.77      
10    -159276.45   245559.41    292691.67      
11    352946.24    -2467.91     352954.87      
12    173477.10    43229.41     178782.23      
13    471396.83    -638556.23   793705.88      
14    -923089.14   420642.22    1014412.86     
15    -276870.48   879155.34    921721.96      
16    438202.26    296630.62    529160.61      
17    -449244.08   407995.90    606861.51      
18    622823.19    -126024.42   635445.42      
19    927643.11    -250985.81   960997.20      
20    955230.50    -335776.61   1012527.15     
21    318107.00    -20013.99    318735.97      
22    -516460.89   567385.91    767240.91      
--------------------------------------------------------------------------------

TRANSFORMATION STATISTICS
--------------------------------------------------------------------------------
Transformation type: Affine (1st-order polynomial, 6 parameters)
Number of GCPs used: 22
Degrees of freedom:  19

Residual Errors:
  Mean error:      720516.66 m
  RMSE (total):    940567.62 m
  RMSE X:          740887.85 m
  RMSE Y:          579441.66 m
  Std deviation:   604585.14 m
  Maximum error:  2619407.28 m
  Minimum error:   155521.63 m

Transformation Matrix:
  a (scale X):        1934.509672
  b (rotation):       -161.994895
  c (translation X):     -5929005.43
  d (rotation):        304.031876
  e (scale Y):       -2339.025749
  f (translation Y):      4917289.88

Derived Parameters:
  Pixel size X:      1934.51 m/pixel
  Pixel size Y:      2339.03 m/pixel
  Rotation:          -4.7868 degrees

QUALITY ASSESSMENT
--------------------------------------------------------------------------------
Overall quality: POOR (RMSE: 940567.62 m)
WARNING: Point 5 has unusually high residual.
         Consider checking this control point.

================================================================================