================================================================================
GEOREFERENCING REPORT
================================================================================
Date: 2026-03-15 00:49:39
Source Raster: atlas/2_general/4_general_maps/10_antarctic_continent_p_19-20/maps/P_19-20_IIIa/P_19-20_IIIa.tiff
Target Raster: atlas/2_general/4_general_maps/10_antarctic_continent_p_19-20/maps/P_19-20_IIIa.tiff
Tie Points: atlas/2_general/4_general_maps/10_antarctic_continent_p_19-20/maps/P_19-20_IIIa/P_19-20_IIIa.gpkg

Target CRS: EPSG:3031
Number of tie points: 13
Source dimensions: 5216 x 8270 pixels
Source bands: 3

--------------------------------------------------------------------------------
CONTROL POINTS
--------------------------------------------------------------------------------
ID    Pixel X    Pixel Y    Map X        Map Y        Target X     Target Y    
--------------------------------------------------------------------------------
1     -771.0     751.9      -2860096     2863546      -2553329     2142497     
2     6020.8     782.2      2888687      2837927      2553329      2142497     
3     5997.9     7394.3     2869304      -2758760     2553329      -2142497    
4     -1218.3    6623.8     -3238728     -2106642     -2886579     -1666567    
5     2609.4     4073.2     1147         52347        0            0           
6     -337.2     4058.1     -2492877     65103        -2194494     0           
7     2635.8     631.4      23551        2965583      0            2194494     
8     5571.2     4086.5     2508174      41032        2194494      0           
9     2607.7     7506.1     -285         -2853438     0            -2194494    
10    2610.8     5796.4     2389         -1406298     0            -1089179    
11    4091.6     4079.7     1255775      46768        1089179      0           
12    1139.8     4065.6     -1242710     58770        -1089179     0           
13    2615.9     2356.8     6667         1505155      0            1089179     

--------------------------------------------------------------------------------
RESIDUAL ANALYSIS
--------------------------------------------------------------------------------
ID    dX (m)       dY (m)       Residual (m)   
--------------------------------------------------------------------------------
1     7128.10      -15321.06    16898.07       
2     -9364.03     -14538.82    17293.42       
3     -11986.97    15032.29     19226.47       
4     18039.92     13403.10     22474.03       
5     -5490.22     -191.54      5493.57        
6     -19293.39    717.87       19306.74       
7     6778.99      20427.36     21522.82       
8     19821.94     41.43        19821.98       
9     790.08       -15070.82    15091.51       
10    -601.57      -20065.66    20074.68       
11    16219.97     -11.56       16219.98       
12    -17665.75    308.75       17668.45       
13    -4377.08     15268.66     15883.66       
--------------------------------------------------------------------------------

TRANSFORMATION STATISTICS
--------------------------------------------------------------------------------
Transformation type: Affine (1st-order polynomial, 6 parameters)
Number of GCPs used: 13
Degrees of freedom:  10

Residual Errors:
  Mean error:       17459.64 m
  RMSE (total):     17924.45 m
  RMSE X:           12539.70 m
  RMSE Y:           12807.88 m
  Std deviation:     4055.46 m
  Maximum error:    22474.03 m
  Minimum error:     5493.57 m

Transformation Matrix:
  a (scale X):         749.450376
  b (rotation):          2.198819
  c (translation X):     -1970028.57
  d (rotation):          2.983164
  e (scale Y):        -643.572204
  f (translation Y):      2613394.47

Derived Parameters:
  Pixel size X:       749.45 m/pixel
  Pixel size Y:       643.57 m/pixel
  Rotation:           0.1681 degrees

QUALITY ASSESSMENT
--------------------------------------------------------------------------------
Overall quality: POOR (RMSE: 17924.45 m)

================================================================================