================================================================================
GEOREFERENCING REPORT
================================================================================
Date: 2026-03-15 00:50:13
Source Raster: atlas/2_general/5_aeronomy_and_physics_of_the_earth/20_gravity_measurements_p_49-54/maps/P_49-50_I/P_49-50_I.tiff
Target Raster: atlas/2_general/5_aeronomy_and_physics_of_the_earth/20_gravity_measurements_p_49-54/maps/P_49-50_I.tiff
Tie Points: atlas/2_general/5_aeronomy_and_physics_of_the_earth/20_gravity_measurements_p_49-54/maps/P_49-50_I/P_49-50_I.gpkg

Target CRS: EPSG:3031
Number of tie points: 13
Source dimensions: 2586 x 2313 pixels
Source bands: 3

--------------------------------------------------------------------------------
CONTROL POINTS
--------------------------------------------------------------------------------
ID    Pixel X    Pixel Y    Map X        Map Y        Target X     Target Y    
--------------------------------------------------------------------------------
1     322.6      303.8      -2626721     2308138      -2553329     2142497     
2     2304.5     305.1      2738000      2304539      2553329      2142497     
3     2306.6     1966.2     2743572      -2191642     2553329      -2142497    
4     196.7      1782.0     -2967589     -1693112     -2886579     -1666567    
5     1312.6     1134.9     53085        58480        0            0           
6     453.9      1133.8     -2271341     61382        -2194494     0           
7     1312.4     276.5      52389        2381977      0            2194494     
8     2174.8     1135.8     2386915      56158        2194494      0           
9     1317.2     1993.2     65624        -2264785     0            -2194494    
10    1315.1     1565.4     59819        -1106810     0            -1089179    
11    1744.4     1135.6     1221974      56622        1089179      0           
12    882.2      1134.4     -1112088     59873        -1089179     0           
13    1312.4     705.6      52621        1220403      0            1089179     

--------------------------------------------------------------------------------
RESIDUAL ANALYSIS
--------------------------------------------------------------------------------
ID    dX (m)       dY (m)       Residual (m)   
--------------------------------------------------------------------------------
1     11262.67     -9161.61     14518.36       
2     -6022.84     -10372.37    11994.20       
3     -9662.77     10323.70     14140.29       
4     13195.61     4868.70      14065.15       
5     -4266.06     799.08       4340.25        
6     -14892.04    2597.48      15116.87       
7     -313.85      9972.54      9977.47        
8     15282.47     -444.91      15288.94       
9     3016.54      -8149.30     8689.68        
10    -191.46      -15211.11    15212.32       
11    15446.88     -482.78      15454.42       
12    -20455.42    1642.01      20521.22       
13    -2399.75     13618.59     13828.41       
--------------------------------------------------------------------------------

TRANSFORMATION STATISTICS
--------------------------------------------------------------------------------
Transformation type: Affine (1st-order polynomial, 6 parameters)
Number of GCPs used: 13
Degrees of freedom:  10

Residual Errors:
  Mean error:       13319.04 m
  RMSE (total):     13843.04 m
  RMSE X:           11011.06 m
  RMSE Y:            8389.66 m
  Std deviation:     3772.66 m
  Maximum error:    20521.22 m
  Minimum error:     4340.25 m

Transformation Matrix:
  a (scale X):        2567.953965
  b (rotation):         -5.374222
  c (translation X):     -3368892.01
  d (rotation):          1.111420
  e (scale Y):       -2567.281910
  f (translation Y):      2912937.83

Derived Parameters:
  Pixel size X:      2567.95 m/pixel
  Pixel size Y:      2567.28 m/pixel
  Rotation:          -0.1199 degrees

QUALITY ASSESSMENT
--------------------------------------------------------------------------------
Overall quality: POOR (RMSE: 13843.04 m)

================================================================================