================================================================================
GEOREFERENCING REPORT
================================================================================
Date: 2026-07-03 00:04:39
Source Raster: atlas/2_general/5_aeronomy_and_physics_of_the_earth/15_ionosphere_p_25-30/maps/P_26_II_D/P_26_II_D.tiff
Target Raster: atlas/2_general/5_aeronomy_and_physics_of_the_earth/15_ionosphere_p_25-30/maps/P_26_II_D.tiff
Tie Points: atlas/2_general/5_aeronomy_and_physics_of_the_earth/15_ionosphere_p_25-30/maps/P_26_II_D/P_26_II_D.gpkg

Target CRS: EPSG:3031
Number of tie points: 17
Source dimensions: 1596 x 1830 pixels
Source bands: 3

--------------------------------------------------------------------------------
CONTROL POINTS
--------------------------------------------------------------------------------
ID    Pixel X    Pixel Y    Map X        Map Y        Target X     Target Y    
--------------------------------------------------------------------------------
1     763.8      948.0      -130901      -126152      0            0           
2     476.3      948.1      -1230733     -126774      -2194494     0           
3     762.9      659.2      -134089      978500       0            2194494     
4     1052.0     947.2      971418       -123042      2194494      0           
5     764.1      1235.1     -129735      -1224273     0            -2194494    
6     763.7      1090.5     -131134      -671247      0            -1089179    
7     906.5      947.7      415127       -124908      1089179      0           
8     620.7      948.1      -678329      -126774      -1089179     0           
9     763.3      804.8      -132923      421586       0            1089179     
10    764.4      1661.5     -128646      -2855358     0            -5147077    
11    762.4      233.1      -136111      2608341      0            5791904     
12    1478.9     947.2      2604447      -123197      5791904      0           
13    49.9       949.0      -2861584     -130196      -5791904     0           
14    357.5      543.4      -1684926     1421263      -3199331     3199331     
15    1170.4     542.1      1424523      1426551      3199331      3199331     
16    360.4      1353.7     -1674040     -1678233     -3199331     -3199331    
17    1169.4     1353.7     1420791      -1678233     3199331      -3199331    

--------------------------------------------------------------------------------
RESIDUAL ANALYSIS
--------------------------------------------------------------------------------
ID    dX (m)       dY (m)       Residual (m)   
--------------------------------------------------------------------------------
1     -1041.91     36452.19     36467.08       
2     -100403.77   37855.63     107303.15      
3     -4577.35     75848.22     75986.22       
4     103516.67    40074.72     111003.08      
5     -1704.71     10270.00     10410.52       
6     -3065.01     23315.11     23515.71       
7     48600.38     37646.88     61475.88       
8     -53601.67    36518.89     64859.61       
9     -3714.55     54941.21     55066.63       
10    -4032.05     -335609.54   335633.76      
11    -4199.66     -225612.66   225651.74      
12    -87980.28    35808.54     94988.32       
13    95624.10     34883.07     101788.00      
14    -38488.28    -29858.92    48712.45       
15    48062.54     -26690.37    54976.21       
16    -24520.39    100823.02    103761.90      
17    31525.94     93334.00     98514.57       
--------------------------------------------------------------------------------

TRANSFORMATION STATISTICS
--------------------------------------------------------------------------------
Transformation type: Affine (1st-order polynomial, 6 parameters)
Number of GCPs used: 17
Degrees of freedom:  14

Residual Errors:
  Mean error:       94712.64 m
  RMSE (total):    121616.17 m
  RMSE X:           53349.44 m
  RMSE Y:          109290.12 m
  Std deviation:    76288.99 m
  Maximum error:   335633.76 m
  Minimum error:    10410.52 m

Transformation Matrix:
  a (scale X):        7977.865105
  b (rotation):        -10.782617
  c (translation X):     -6084143.57
  d (rotation):         -9.256251
  e (scale Y):       -7735.379508
  f (translation Y):      7376505.54

Derived Parameters:
  Pixel size X:      7977.87 m/pixel
  Pixel size Y:      7735.38 m/pixel
  Rotation:          -0.0774 degrees

QUALITY ASSESSMENT
--------------------------------------------------------------------------------
Overall quality: POOR (RMSE: 121616.17 m)
WARNING: Point 10 has unusually high residual.
         Consider checking this control point.

================================================================================