================================================================================
GEOREFERENCING REPORT
================================================================================
Date: 2026-03-15 00:52:00
Source Raster: atlas/2_general/9_waters_of_the_southern_ocean/36_hydrologic_vertical_sections_p_118-123/maps/P_121_T/P_121_T.tiff
Target Raster: atlas/2_general/9_waters_of_the_southern_ocean/36_hydrologic_vertical_sections_p_118-123/maps/P_121_T.tiff
Tie Points: atlas/2_general/9_waters_of_the_southern_ocean/36_hydrologic_vertical_sections_p_118-123/maps/P_121_T/P_121_T.gpkg

Target CRS: EPSG:3031
Number of tie points: 13
Source dimensions: 3134 x 2659 pixels
Source bands: 3

--------------------------------------------------------------------------------
CONTROL POINTS
--------------------------------------------------------------------------------
ID    Pixel X    Pixel Y    Map X        Map Y        Target X     Target Y    
--------------------------------------------------------------------------------
1     286.5      47.4       -2860096     2863546      -2553329     2142497     
2     2860.3     58.9       2888687      2837927      2553329      2142497     
3     2851.6     2564.6     2869304      -2758760     2553329      -2142497    
4     117.0      2272.7     -3238728     -2106642     -2886579     -1666567    
5     1567.5     1306.1     1147         52347        0            0           
6     450.9      1300.4     -2492877     65103        -2194494     0           
7     1577.5     1.8        23551        2965583      0            2194494     
8     2689.9     1311.1     2508174      41032        2194494      0           
9     1566.9     2607.0     -285         -2853438     0            -2194494    
10    1568.1     1959.1     2389         -1406298     0            -1089179    
11    2129.2     1308.6     1255775      46768        1089179      0           
12    1010.6     1303.2     -1242710     58770        -1089179     0           
13    1570.0     655.6      6667         1505155      0            1089179     

--------------------------------------------------------------------------------
RESIDUAL ANALYSIS
--------------------------------------------------------------------------------
ID    dX (m)       dY (m)       Residual (m)   
--------------------------------------------------------------------------------
1     7128.10      -15321.06    16898.07       
2     -9364.03     -14538.82    17293.42       
3     -11986.97    15032.29     19226.47       
4     18039.92     13403.10     22474.03       
5     -5490.22     -191.54      5493.57        
6     -19293.39    717.87       19306.74       
7     6778.99      20427.36     21522.82       
8     19821.94     41.43        19821.98       
9     790.08       -15070.82    15091.51       
10    -601.57      -20065.66    20074.68       
11    16219.97     -11.56       16219.98       
12    -17665.75    308.75       17668.45       
13    -4377.08     15268.66     15883.66       
--------------------------------------------------------------------------------

TRANSFORMATION STATISTICS
--------------------------------------------------------------------------------
Transformation type: Affine (1st-order polynomial, 6 parameters)
Number of GCPs used: 13
Degrees of freedom:  10

Residual Errors:
  Mean error:       17459.64 m
  RMSE (total):     17924.45 m
  RMSE X:           12539.70 m
  RMSE Y:           12807.88 m
  Std deviation:     4055.46 m
  Maximum error:    22474.03 m
  Minimum error:     5493.57 m

Transformation Matrix:
  a (scale X):        1977.649843
  b (rotation):          5.802243
  c (translation X):     -3113061.26
  d (rotation):          7.871973
  e (scale Y):       -1698.258496
  f (translation Y):      2205502.78

Derived Parameters:
  Pixel size X:      1977.65 m/pixel
  Pixel size Y:      1698.26 m/pixel
  Rotation:           0.1681 degrees

QUALITY ASSESSMENT
--------------------------------------------------------------------------------
Overall quality: POOR (RMSE: 17924.45 m)

================================================================================