================================================================================
GEOREFERENCING REPORT
================================================================================
Date: 2026-03-13 09:21:15
Source Raster: atlas/2_general/9_waters_of_the_southern_ocean/35_physical_and_chemical_properties_p_109-117/maps/P_117_XX/P_117_XX.tiff
Target Raster: atlas/2_general/9_waters_of_the_southern_ocean/35_physical_and_chemical_properties_p_109-117/maps/P_117_XX.tiff
Tie Points: atlas/2_general/9_waters_of_the_southern_ocean/35_physical_and_chemical_properties_p_109-117/maps/P_117_XX/P_117_XX.gpkg

Target CRS: EPSG:3031
Number of tie points: 13
Source dimensions: 2073 x 2381 pixels
Source bands: 3

--------------------------------------------------------------------------------
CONTROL POINTS
--------------------------------------------------------------------------------
ID    Pixel X    Pixel Y    Map X        Map Y        Target X     Target Y    
--------------------------------------------------------------------------------
1     63.7       216.5      -2860096     2863546      -2553329     2142497     
2     2019.1     225.2      2888687      2837927      2553329      2142497     
3     2012.5     2128.9     2869304      -2758760     2553329      -2142497    
4     -65.1      1907.1     -3238728     -2106642     -2886579     -1666567    
5     1036.9     1172.7     1147         52347        0            0           
6     188.6      1168.4     -2492877     65103        -2194494     0           
7     1044.5     181.8      23551        2965583      0            2194494     
8     1889.6     1176.5     2508174      41032        2194494      0           
9     1036.4     2161.1     -285         -2853438     0            -2194494    
10    1037.3     1668.8     2389         -1406298     0            -1089179    
11    1463.6     1174.6     1255775      46768        1089179      0           
12    613.8      1170.5     -1242710     58770        -1089179     0           
13    1038.8     678.5      6667         1505155      0            1089179     

--------------------------------------------------------------------------------
RESIDUAL ANALYSIS
--------------------------------------------------------------------------------
ID    dX (m)       dY (m)       Residual (m)   
--------------------------------------------------------------------------------
1     7128.10      -15321.06    16898.07       
2     -9364.03     -14538.82    17293.42       
3     -11986.97    15032.29     19226.47       
4     18039.92     13403.10     22474.03       
5     -5490.22     -191.54      5493.57        
6     -19293.39    717.87       19306.74       
7     6778.99      20427.36     21522.82       
8     19821.94     41.43        19821.98       
9     790.08       -15070.82    15091.51       
10    -601.57      -20065.66    20074.68       
11    16219.97     -11.56       16219.98       
12    -17665.75    308.75       17668.45       
13    -4377.08     15268.66     15883.66       
--------------------------------------------------------------------------------

TRANSFORMATION STATISTICS
--------------------------------------------------------------------------------
Transformation type: Affine (1st-order polynomial, 6 parameters)
Number of GCPs used: 13
Degrees of freedom:  10

Residual Errors:
  Mean error:       17459.64 m
  RMSE (total):     17924.45 m
  RMSE X:           12539.70 m
  RMSE Y:           12807.88 m
  Std deviation:     4055.46 m
  Maximum error:    22474.03 m
  Minimum error:     5493.57 m

Transformation Matrix:
  a (scale X):        2603.088874
  b (rotation):          7.637224
  c (translation X):     -2713563.60
  d (rotation):         10.361513
  e (scale Y):       -2235.338986
  f (translation Y):      2610434.85

Derived Parameters:
  Pixel size X:      2603.09 m/pixel
  Pixel size Y:      2235.34 m/pixel
  Rotation:           0.1681 degrees

QUALITY ASSESSMENT
--------------------------------------------------------------------------------
Overall quality: POOR (RMSE: 17924.45 m)

================================================================================