================================================================================
GEOREFERENCING REPORT
================================================================================
Date: 2026-06-30 23:10:24
Source Raster: atlas/2_general/4_general_maps/12_wilkes_land_and_victoria_land_p_22/maps/P_22_V/P_22_V.tiff
Target Raster: atlas/2_general/4_general_maps/12_wilkes_land_and_victoria_land_p_22/maps/P_22_V.tiff
Tie Points: atlas/2_general/4_general_maps/12_wilkes_land_and_victoria_land_p_22/maps/P_22_V/P_22_V.gpkg

Target CRS: EPSG:3031
Number of tie points: 20
Source dimensions: 8263 x 5093 pixels
Source bands: 3

--------------------------------------------------------------------------------
CONTROL POINTS
--------------------------------------------------------------------------------
ID    Pixel X    Pixel Y    Map X        Map Y        Target X     Target Y    
--------------------------------------------------------------------------------
1     607.2      650.9      -2985586     1605891      2592144      -943463     
2     2005.4     163.7      -1801086     2018569      2388933      -1379251    
3     7812.2     667.0      3118133      1592204      943463       -2592144    
4     6415.9     171.7      1935192      2011812      1379251      -2388933    
5     7095.8     2258.1     2511244      244330       750561       -2062150    
6     5974.7     1862.3     1561495      579653       1097247      -1900488    
7     8137.7     2839.0     3393858      -247782      381070       -2161155    
8     2436.5     1852.6     -1435878     587796       1900488      -1097247    
9     274.6      2818.0     -3267375     -230024      2161155      -381070     
10    1314.7     2244.3     -2386232     256025       2062150      -750561     
11    7869.2     4840.7     3166383      -1943517     0            -1638783    
12    7169.7     4278.5     2573851      -1467279     284572       -1613886    
13    6384.8     3841.6     1908880      -1097133     560497       -1539953    
14    1233.3     4264.8     -2455207     -1455628     1613886      -284572     
15    537.8      4819.4     -3044382     -1925521     1638783      0           
16    2867.7     3535.4     -1070648     -837780      1419228      -819392     
17    4652.7     3390.4     441552       -714947      1053390      -1255381    
18    4802.5     1659.0     568456       751819       1410594      -1681080    
19    3611.4     1654.9     -440586      755327       1681080      -1410594    
20    2019.6     3830.2     -1789066     -1087518     1539953      -560497     

--------------------------------------------------------------------------------
RESIDUAL ANALYSIS
--------------------------------------------------------------------------------
ID    dX (m)       dY (m)       Residual (m)   
--------------------------------------------------------------------------------
1     -7424.62     -12561.49    14591.64       
2     -8542.39     -4273.86     9551.88        
3     12497.83     6809.32      14232.45       
4     4561.64      7621.72      8882.52        
5     4316.72      422.67       4337.36        
6     718.25       2985.21      3070.40        
7     6408.11      -4815.43     8015.76        
8     -2300.38     -525.99      2359.75        
9     4611.22      -7525.49     8825.89        
10    -204.28      -4038.35     4043.51        
11    -8218.46     -11858.05    14427.63       
12    -6894.07     -5865.81     9051.85        
13    -6182.33     -1096.54     6278.82        
14    5880.29      7162.16      9266.84        
15    11416.38     6152.47      12968.68       
16    -1850.83     5971.47      6251.72        
17    -5575.95     4469.13      7145.93        
18    -1914.64     3111.60      3653.48        
19    -2806.00     1642.43      3251.34        
20    1503.50      6212.83      6392.17        
--------------------------------------------------------------------------------

TRANSFORMATION STATISTICS
--------------------------------------------------------------------------------
Transformation type: Affine (1st-order polynomial, 6 parameters)
Number of GCPs used: 20
Degrees of freedom:  17

Residual Errors:
  Mean error:        7829.98 m
  RMSE (total):      8707.55 m
  RMSE X:            6158.06 m
  RMSE Y:            6156.28 m
  Std deviation:     3809.56 m
  Maximum error:    14591.64 m
  Minimum error:     2359.75 m

Transformation Matrix:
  a (scale X):        -225.548184
  b (rotation):       -227.937098
  c (translation X):      2870034.11
  d (rotation):       -226.644970
  e (scale Y):         227.043066
  f (translation Y):      -966172.72

Derived Parameters:
  Pixel size X:       225.55 m/pixel
  Pixel size Y:       227.04 m/pixel
  Rotation:        -134.6982 degrees

QUALITY ASSESSMENT
--------------------------------------------------------------------------------
Overall quality: POOR (RMSE: 8707.55 m)

================================================================================