================================================================================
GEOREFERENCING REPORT
================================================================================
Date: 2026-06-26 23:51:26
Source Raster: atlas/1_introductory/2_history_of_exploration/5_main_expeditions_by_periods_p_7-12/maps/P_7_II_A/P_7_II_A.tiff
Target Raster: atlas/1_introductory/2_history_of_exploration/5_main_expeditions_by_periods_p_7-12/maps/P_7_II_A.tiff
Tie Points: atlas/1_introductory/2_history_of_exploration/5_main_expeditions_by_periods_p_7-12/maps/P_7_II_A/P_7_II_A.gpkg

Target CRS: EPSG:3031
Number of tie points: 2
Source dimensions: 820 x 1144 pixels
Source bands: 3

--------------------------------------------------------------------------------
CONTROL POINTS
--------------------------------------------------------------------------------
ID    Pixel X    Pixel Y    Map X        Map Y        Target X     Target Y    
--------------------------------------------------------------------------------
1     227.4      753.1      -1117265     -1107918     -2886579     1666567     
2     485.9      386.5      464544       1134760      -2553329     2142497     

--------------------------------------------------------------------------------
RESIDUAL ANALYSIS
--------------------------------------------------------------------------------
ID    dX (m)       dY (m)       Residual (m)   
--------------------------------------------------------------------------------
1     0.00         -0.00        0.00           
2     -0.00        0.00         0.00           
--------------------------------------------------------------------------------

TRANSFORMATION STATISTICS
--------------------------------------------------------------------------------
Transformation type: Affine (1st-order polynomial, 6 parameters)
Number of GCPs used: 2
Degrees of freedom:  0

Residual Errors:
  Mean error:           0.00 m
  RMSE (total):         0.00 m
  RMSE X:               0.00 m
  RMSE Y:               0.00 m
  Std deviation:        0.00 m
  Maximum error:        0.00 m
  Minimum error:        0.00 m

Transformation Matrix:
  a (scale X):        1289.104363
  b (rotation):          0.000000
  c (translation X):     -3179730.04
  d (rotation):          0.000000
  e (scale Y):       -1298.519218
  f (translation Y):      2644437.02

Derived Parameters:
  Pixel size X:      1289.10 m/pixel
  Pixel size Y:      1298.52 m/pixel
  Rotation:           0.0000 degrees

QUALITY ASSESSMENT
--------------------------------------------------------------------------------
Overall quality: EXCELLENT (RMSE: 0.00 m)
WARNING: Less than 4 GCPs used. Consider adding more points.

================================================================================