================================================================================
GEOREFERENCING REPORT
================================================================================
Date: 2026-06-25 00:24:27
Source Raster: atlas/3_regional/12_continent_and_islands/45_wilkes_land_p_152-168/maps/P_166-167_III_B/P_166-167_III_B.tiff
Target Raster: atlas/3_regional/12_continent_and_islands/45_wilkes_land_p_152-168/maps/P_166-167_III_B.tiff
Tie Points: atlas/3_regional/12_continent_and_islands/45_wilkes_land_p_152-168/maps/P_166-167_III_B/P_166-167_III_B.gpkg

Target CRS: EPSG:3031
Number of tie points: 13
Source dimensions: 3969 x 2333 pixels
Source bands: 3

--------------------------------------------------------------------------------
CONTROL POINTS
--------------------------------------------------------------------------------
ID    Pixel X    Pixel Y    Map X        Map Y        Target X     Target Y    
--------------------------------------------------------------------------------
1     362.8      -457.1     -2860096     2863546      -2553329     2142497     
2     3622.4     -442.6     2888687      2837927      2553329      2142497     
3     3611.4     2730.7     2869304      -2758760     2553329      -2142497    
4     148.1      2361.0     -3238728     -2106642     -2886579     -1666567    
5     1985.2     1136.8     1147         52347        0            0           
6     571.0      1129.6     -2492877     65103        -2194494     0           
7     1997.9     -515.0     23551        2965583      0            2194494     
8     3406.6     1143.2     2508174      41032        2194494      0           
9     1984.3     2784.4     -285         -2853438     0            -2194494    
10    1985.9     1963.9     2389         -1406298     0            -1089179    
11    2696.5     1140.0     1255775      46768        1089179      0           
12    1279.9     1133.2     -1242710     58770        -1089179     0           
13    1988.3     313.1      6667         1505155      0            1089179     

--------------------------------------------------------------------------------
RESIDUAL ANALYSIS
--------------------------------------------------------------------------------
ID    dX (m)       dY (m)       Residual (m)   
--------------------------------------------------------------------------------
1     7128.10      -15321.06    16898.07       
2     -9364.03     -14538.82    17293.42       
3     -11986.97    15032.29     19226.47       
4     18039.92     13403.10     22474.03       
5     -5490.22     -191.54      5493.57        
6     -19293.39    717.87       19306.74       
7     6778.99      20427.36     21522.82       
8     19821.94     41.43        19821.98       
9     790.08       -15070.82    15091.51       
10    -601.57      -20065.66    20074.68       
11    16219.97     -11.56       16219.98       
12    -17665.75    308.75       17668.45       
13    -4377.08     15268.66     15883.66       
--------------------------------------------------------------------------------

TRANSFORMATION STATISTICS
--------------------------------------------------------------------------------
Transformation type: Affine (1st-order polynomial, 6 parameters)
Number of GCPs used: 13
Degrees of freedom:  10

Residual Errors:
  Mean error:       17459.64 m
  RMSE (total):     17924.45 m
  RMSE X:           12539.70 m
  RMSE Y:           12807.88 m
  Std deviation:     4055.46 m
  Maximum error:    22474.03 m
  Minimum error:     5493.57 m

Transformation Matrix:
  a (scale X):        1561.590982
  b (rotation):          4.581565
  c (translation X):     -3110691.57
  d (rotation):          6.215864
  e (scale Y):       -1340.978112
  f (translation Y):      1511919.08

Derived Parameters:
  Pixel size X:      1561.59 m/pixel
  Pixel size Y:      1340.98 m/pixel
  Rotation:           0.1681 degrees

QUALITY ASSESSMENT
--------------------------------------------------------------------------------
Overall quality: POOR (RMSE: 17924.45 m)

================================================================================