================================================================================
GEOREFERENCING REPORT
================================================================================
Date: 2026-03-13 09:21:33
Source Raster: atlas/3_regional/12_continent_and_islands/43_queen_maud_land_and_enderby_land_p_136-141/maps/P_140_IV_B/P_140_IV_B.tiff
Target Raster: atlas/3_regional/12_continent_and_islands/43_queen_maud_land_and_enderby_land_p_136-141/maps/P_140_IV_B.tiff
Tie Points: atlas/3_regional/12_continent_and_islands/43_queen_maud_land_and_enderby_land_p_136-141/maps/P_140_IV_B/P_140_IV_B.gpkg

Target CRS: EPSG:3031
Number of tie points: 13
Source dimensions: 1439 x 2248 pixels
Source bands: 3

--------------------------------------------------------------------------------
CONTROL POINTS
--------------------------------------------------------------------------------
ID    Pixel X    Pixel Y    Map X        Map Y        Target X     Target Y    
--------------------------------------------------------------------------------
1     -199.0     204.4      -2860096     2863546      -2553329     2142497     
2     1647.2     212.6      2888687      2837927      2553329      2142497     
3     1641.0     2010.0     2869304      -2758760     2553329      -2142497    
4     -320.6     1800.5     -3238728     -2106642     -2886579     -1666567    
5     719.9      1107.2     1147         52347        0            0           
6     -81.1      1103.1     -2492877     65103        -2194494     0           
7     727.1      171.6      23551        2965583      0            2194494     
8     1525.0     1110.8     2508174      41032        2194494      0           
9     719.4      2040.4     -285         -2853438     0            -2194494    
10    720.3      1575.6     2389         -1406298     0            -1089179    
11    1122.8     1109.0     1255775      46768        1089179      0           
12    320.4      1105.1     -1242710     58770        -1089179     0           
13    721.6      640.6      6667         1505155      0            1089179     

--------------------------------------------------------------------------------
RESIDUAL ANALYSIS
--------------------------------------------------------------------------------
ID    dX (m)       dY (m)       Residual (m)   
--------------------------------------------------------------------------------
1     7128.10      -15321.06    16898.07       
2     -9364.03     -14538.82    17293.42       
3     -11986.97    15032.29     19226.47       
4     18039.92     13403.10     22474.03       
5     -5490.22     -191.54      5493.57        
6     -19293.39    717.87       19306.74       
7     6778.99      20427.36     21522.82       
8     19821.94     41.43        19821.98       
9     790.08       -15070.82    15091.51       
10    -601.57      -20065.66    20074.68       
11    16219.97     -11.56       16219.98       
12    -17665.75    308.75       17668.45       
13    -4377.08     15268.66     15883.66       
--------------------------------------------------------------------------------

TRANSFORMATION STATISTICS
--------------------------------------------------------------------------------
Transformation type: Affine (1st-order polynomial, 6 parameters)
Number of GCPs used: 13
Degrees of freedom:  10

Residual Errors:
  Mean error:       17459.64 m
  RMSE (total):     17924.45 m
  RMSE X:           12539.70 m
  RMSE Y:           12807.88 m
  Std deviation:     4055.46 m
  Maximum error:    22474.03 m
  Minimum error:     5493.57 m

Transformation Matrix:
  a (scale X):        2757.097246
  b (rotation):          8.089070
  c (translation X):     -1999193.45
  d (rotation):         10.974539
  e (scale Y):       -2367.589914
  f (translation Y):      2613278.38

Derived Parameters:
  Pixel size X:      2757.10 m/pixel
  Pixel size Y:      2367.59 m/pixel
  Rotation:           0.1681 degrees

QUALITY ASSESSMENT
--------------------------------------------------------------------------------
Overall quality: POOR (RMSE: 17924.45 m)

================================================================================