================================================================================
GEOREFERENCING REPORT
================================================================================
Date: 2026-01-05 23:47:27
Source Raster: atlas/2_general/6_geology_and_relief/23_relief_and_bottom_sediments_p_64-72/maps/P_72_IX_georeferencing/P_72_IX.tiff
Target Raster: atlas/2_general/6_geology_and_relief/23_relief_and_bottom_sediments_p_64-72/maps/P_72_IX.tiff
Tie Points: atlas/2_general/6_geology_and_relief/23_relief_and_bottom_sediments_p_64-72/maps/P_72_IX_georeferencing/P_72_IX.gpkg

Target CRS: EPSG:3031
Number of tie points: 13
Source dimensions: 2895 x 3248 pixels
Source bands: 3

--------------------------------------------------------------------------------
CONTROL POINTS
--------------------------------------------------------------------------------
ID    Pixel X    Pixel Y    Map X        Map Y        Target X     Target Y    
--------------------------------------------------------------------------------
1     120.4      295.3      -2860096     2863546      -2553329     2142497     
2     2787.9     307.2      2888687      2837927      2553329      2142497     
3     2778.9     2904.1     2869304      -2758760     2553329      -2142497    
4     -55.3      2601.5     -3238728     -2106642     -2886579     -1666567    
5     1448.0     1599.7     1147         52347        0            0           
6     290.8      1593.8     -2492877     65103        -2194494     0           
7     1458.4     248.0      23551        2965583      0            2194494     
8     2611.3     1605.0     2508174      41032        2194494      0           
9     1447.4     2948.0     -285         -2853438     0            -2194494    
10    1448.6     2276.5     2389         -1406298     0            -1089179    
11    2030.2     1602.3     1255775      46768        1089179      0           
12    870.9      1596.7     -1242710     58770        -1089179     0           
13    1450.6     925.6      6667         1505155      0            1089179     

--------------------------------------------------------------------------------
RESIDUAL ANALYSIS
--------------------------------------------------------------------------------
ID    dX (m)       dY (m)       Residual (m)   
--------------------------------------------------------------------------------
1     7128.10      -15321.06    16898.07       
2     -9364.03     -14538.82    17293.42       
3     -11986.97    15032.29     19226.47       
4     18039.92     13403.10     22474.03       
5     -5490.22     -191.54      5493.57        
6     -19293.39    717.87       19306.74       
7     6778.99      20427.36     21522.82       
8     19821.94     41.43        19821.98       
9     790.08       -15070.82    15091.51       
10    -601.57      -20065.66    20074.68       
11    16219.97     -11.56       16219.98       
12    -17665.75    308.75       17668.45       
13    -4377.08     15268.66     15883.66       
--------------------------------------------------------------------------------

TRANSFORMATION STATISTICS
--------------------------------------------------------------------------------
Transformation type: Polynomial (affine)
Number of GCPs used: 13

Residual Errors:
  Mean error:       17459.64 m
  RMSE (total):     17924.45 m
  RMSE X:           12539.70 m
  RMSE Y:           12807.88 m
  Std deviation:     4055.46 m
  Maximum error:    22474.03 m
  Minimum error:     5493.57 m

Transformation Matrix:
  a (scale X):        1908.237256
  b (rotation):          5.598593
  c (translation X):     -2777635.41
  d (rotation):          7.595678
  e (scale Y):       -1638.652133
  f (translation Y):      2610179.81

Derived Parameters:
  Pixel size X:      1908.24 m/pixel
  Pixel size Y:      1638.65 m/pixel
  Rotation:           0.1681 degrees

QUALITY ASSESSMENT
--------------------------------------------------------------------------------
Overall quality: POOR (RMSE: 17924.45 m)

================================================================================