================================================================================
GEOREFERENCING REPORT
================================================================================
Date: 2026-06-16 00:21:15
Source Raster: atlas/3_regional/12_continent_and_islands/46_adelie_coast_victoria_land_and_ross_ice_shelf_p_169-171/maps/P_171_III/P_171_III.tiff
Target Raster: atlas/3_regional/12_continent_and_islands/46_adelie_coast_victoria_land_and_ross_ice_shelf_p_169-171/maps/P_171_III.tiff
Tie Points: atlas/3_regional/12_continent_and_islands/46_adelie_coast_victoria_land_and_ross_ice_shelf_p_169-171/maps/P_171_III/P_171_III.gpkg

Target CRS: EPSG:3031
Number of tie points: 13
Source dimensions: 2424 x 4145 pixels
Source bands: 3

--------------------------------------------------------------------------------
CONTROL POINTS
--------------------------------------------------------------------------------
ID    Pixel X    Pixel Y    Map X        Map Y        Target X     Target Y    
--------------------------------------------------------------------------------
1     -481.6     376.9      -2860096     2863546      -2553329     2142497     
2     2922.5     392.0      2888687      2837927      2553329      2142497     
3     2911.0     3706.1     2869304      -2758760     2553329      -2142497    
4     -705.8     3319.9     -3238728     -2106642     -2886579     -1666567    
5     1212.7     2041.5     1147         52347        0            0           
6     -264.1     2033.9     -2492877     65103        -2194494     0           
7     1225.9     316.5      23551        2965583      0            2194494     
8     2697.2     2048.2     2508174      41032        2194494      0           
9     1211.8     3762.1     -285         -2853438     0            -2194494    
10    1213.4     2905.2     2389         -1406298     0            -1089179    
11    1955.6     2044.8     1255775      46768        1089179      0           
12    476.1      2037.7     -1242710     58770        -1089179     0           
13    1215.9     1181.2     6667         1505155      0            1089179     

--------------------------------------------------------------------------------
RESIDUAL ANALYSIS
--------------------------------------------------------------------------------
ID    dX (m)       dY (m)       Residual (m)   
--------------------------------------------------------------------------------
1     7128.10      -15321.06    16898.07       
2     -9364.03     -14538.82    17293.42       
3     -11986.97    15032.29     19226.47       
4     18039.92     13403.10     22474.03       
5     -5490.22     -191.54      5493.57        
6     -19293.39    717.87       19306.74       
7     6778.99      20427.36     21522.82       
8     19821.94     41.43        19821.98       
9     790.08       -15070.82    15091.51       
10    -601.57      -20065.66    20074.68       
11    16219.97     -11.56       16219.98       
12    -17665.75    308.75       17668.45       
13    -4377.08     15268.66     15883.66       
--------------------------------------------------------------------------------

TRANSFORMATION STATISTICS
--------------------------------------------------------------------------------
Transformation type: Affine (1st-order polynomial, 6 parameters)
Number of GCPs used: 13
Degrees of freedom:  10

Residual Errors:
  Mean error:       17459.64 m
  RMSE (total):     17924.45 m
  RMSE X:           12539.70 m
  RMSE Y:           12807.88 m
  Std deviation:     4055.46 m
  Maximum error:    22474.03 m
  Minimum error:     5493.57 m

Transformation Matrix:
  a (scale X):        1495.284586
  b (rotation):          4.387028
  c (translation X):     -1827746.90
  d (rotation):          5.951933
  e (scale Y):       -1284.039114
  f (translation Y):      2613960.82

Derived Parameters:
  Pixel size X:      1495.28 m/pixel
  Pixel size Y:      1284.04 m/pixel
  Rotation:           0.1681 degrees

QUALITY ASSESSMENT
--------------------------------------------------------------------------------
Overall quality: POOR (RMSE: 17924.45 m)

================================================================================