================================================================================
GEOREFERENCING REPORT
================================================================================
Date: 2026-01-09 00:01:59
Source Raster: atlas/2_general/5_aeronomy_and_physics_of_the_earth/20_gravity_measurements_p_49-54/maps/P_49_T_georeferencing/P_49_T.tiff
Target Raster: atlas/2_general/5_aeronomy_and_physics_of_the_earth/20_gravity_measurements_p_49-54/maps/P_49_T.tiff
Tie Points: atlas/2_general/5_aeronomy_and_physics_of_the_earth/20_gravity_measurements_p_49-54/maps/P_49_T_georeferencing/P_49_T.gpkg

Target CRS: EPSG:3031
Number of tie points: 14
Source dimensions: 2551 x 3070 pixels
Source bands: 3

--------------------------------------------------------------------------------
CONTROL POINTS
--------------------------------------------------------------------------------
ID    Pixel X    Pixel Y    Map X        Map Y        Target X     Target Y    
--------------------------------------------------------------------------------
1     341.3      709.4      -2130048     1882459      -2356882     2356882     
2     2162.3     705.9      2022131      1890354      2356882      2356882     
3     1862.6     2224.0     1338654      -1571033     2356882      -2356882    
4     696.6      1943.8     -1320022     -932080      -2886579     -1666567    
5     1253.4     1619.8     -50475       -193398      0            0           
6     825.1      1620.8     -1026987     -195546      -2194494     0           
7     1253.4     1190.0     -50475       786713       0            2194494     
8     1683.5     1618.6     930216       -190611      2194494      0           
9     1254.3     2048.2     -48270       -1170142     0            -2194494    
10    1253.9     1834.0     -49314       -681828      0            -1089179    
11    1468.9     1619.3     440973       -192237      1089179      0           
12    1039.2     1620.2     -538847      -194210      -1089179     0           
13    1253.4     1404.0     -50359       298748       0            1089179     
14    1254.9     2476.8     -46992       -2147350     0            -4524538    

--------------------------------------------------------------------------------
RESIDUAL ANALYSIS
--------------------------------------------------------------------------------
ID    dX (m)       dY (m)       Residual (m)   
--------------------------------------------------------------------------------
1     -805526.06   716210.62    1077882.13     
2     789319.13    858202.66    1165991.64     
3     -330561.07   -157469.72   366152.06      
4     888600.46    123336.61    897119.11      
5     -51764.01    -285628.45   290281.11      
6     659060.86    -319502.36   732422.67      
7     -28695.19    -863812.42   864288.91      
8     -756223.80   -250571.68   796655.89      
9     -71402.17    298176.40    306606.32      
10    -61496.26    -1887.62     61525.23       
11    -394256.00   -268448.73   476972.23      
12    295410.52    -302138.22   422557.54      
13    -40004.02    -563202.87   564621.82      
14    -92462.39    1016735.77   1020931.40     
--------------------------------------------------------------------------------

TRANSFORMATION STATISTICS
--------------------------------------------------------------------------------
Transformation type: Polynomial (affine)
Number of GCPs used: 14

Residual Errors:
  Mean error:      646000.58 m
  RMSE (total):    723462.28 m
  RMSE X:          495857.97 m
  RMSE Y:          526804.08 m
  Std deviation:   325700.66 m
  Maximum error:  1165991.64 m
  Minimum error:    61525.23 m

Transformation Matrix:
  a (scale X):        3464.211813
  b (rotation):        -53.667314
  c (translation X):     -4306747.33
  d (rotation):         70.824175
  e (scale Y):       -3760.184218
  f (translation Y):      5716419.96

Derived Parameters:
  Pixel size X:      3464.21 m/pixel
  Pixel size Y:      3760.18 m/pixel
  Rotation:          -0.8876 degrees

QUALITY ASSESSMENT
--------------------------------------------------------------------------------
Overall quality: POOR (RMSE: 723462.28 m)

================================================================================