================================================================================
GEOREFERENCING REPORT
================================================================================
Date: 2026-06-25 00:23:17
Source Raster: atlas/2_general/9_waters_of_the_southern_ocean/35_physical_and_chemical_properties_p_109-117/maps/P_109_II/P_109_II.tiff
Target Raster: atlas/2_general/9_waters_of_the_southern_ocean/35_physical_and_chemical_properties_p_109-117/maps/P_109_II.tiff
Tie Points: atlas/2_general/9_waters_of_the_southern_ocean/35_physical_and_chemical_properties_p_109-117/maps/P_109_II/P_109_II.gpkg

Target CRS: EPSG:3031
Number of tie points: 13
Source dimensions: 2114 x 2424 pixels
Source bands: 3

--------------------------------------------------------------------------------
CONTROL POINTS
--------------------------------------------------------------------------------
ID    Pixel X    Pixel Y    Map X        Map Y        Target X     Target Y    
--------------------------------------------------------------------------------
1     66.6       220.4      -2860096     2863546      -2553329     2142497     
2     2057.3     229.3      2888687      2837927      2553329      2142497     
3     2050.6     2167.3     2869304      -2758760     2553329      -2142497    
4     -64.5      1941.5     -3238728     -2106642     -2886579     -1666567    
5     1057.4     1193.9     1147         52347        0            0           
6     193.8      1189.5     -2492877     65103        -2194494     0           
7     1065.2     185.1      23551        2965583      0            2194494     
8     1925.5     1197.8     2508174      41032        2194494      0           
9     1056.9     2200.1     -285         -2853438     0            -2194494    
10    1057.8     1699.0     2389         -1406298     0            -1089179    
11    1491.9     1195.8     1255775      46768        1089179      0           
12    626.7      1191.6     -1242710     58770        -1089179     0           
13    1059.3     690.8      6667         1505155      0            1089179     

--------------------------------------------------------------------------------
RESIDUAL ANALYSIS
--------------------------------------------------------------------------------
ID    dX (m)       dY (m)       Residual (m)   
--------------------------------------------------------------------------------
1     7128.10      -15321.06    16898.07       
2     -9364.03     -14538.82    17293.42       
3     -11986.97    15032.29     19226.47       
4     18039.92     13403.10     22474.03       
5     -5490.22     -191.54      5493.57        
6     -19293.39    717.87       19306.74       
7     6778.99      20427.36     21522.82       
8     19821.94     41.43        19821.98       
9     790.08       -15070.82    15091.51       
10    -601.57      -20065.66    20074.68       
11    16219.97     -11.56       16219.98       
12    -17665.75    308.75       17668.45       
13    -4377.08     15268.66     15883.66       
--------------------------------------------------------------------------------

TRANSFORMATION STATISTICS
--------------------------------------------------------------------------------
Transformation type: Affine (1st-order polynomial, 6 parameters)
Number of GCPs used: 13
Degrees of freedom:  10

Residual Errors:
  Mean error:       17459.64 m
  RMSE (total):     17924.45 m
  RMSE X:           12539.70 m
  RMSE Y:           12807.88 m
  Std deviation:     4055.46 m
  Maximum error:    22474.03 m
  Minimum error:     5493.57 m

Transformation Matrix:
  a (scale X):        2556.911967
  b (rotation):          7.501745
  c (translation X):     -2718117.93
  d (rotation):         10.177708
  e (scale Y):       -2195.685696
  f (translation Y):      2610416.72

Derived Parameters:
  Pixel size X:      2556.91 m/pixel
  Pixel size Y:      2195.69 m/pixel
  Rotation:           0.1681 degrees

QUALITY ASSESSMENT
--------------------------------------------------------------------------------
Overall quality: POOR (RMSE: 17924.45 m)

================================================================================