================================================================================
GEOREFERENCING REPORT
================================================================================
Date: 2026-01-05 23:46:32
Source Raster: atlas/2_general/5_aeronomy_and_physics_of_the_earth/15_ionosphere_p_25-30/maps/P_28_IV_Zh_georeferencing/P_28_IV_Zh.tiff
Target Raster: atlas/2_general/5_aeronomy_and_physics_of_the_earth/15_ionosphere_p_25-30/maps/P_28_IV_Zh.tiff
Tie Points: atlas/2_general/5_aeronomy_and_physics_of_the_earth/15_ionosphere_p_25-30/maps/P_28_IV_Zh_georeferencing/P_28_IV_Zh.gpkg

Target CRS: EPSG:3031
Number of tie points: 13
Source dimensions: 1539 x 1793 pixels
Source bands: 3

--------------------------------------------------------------------------------
CONTROL POINTS
--------------------------------------------------------------------------------
ID    Pixel X    Pixel Y    Map X        Map Y        Target X     Target Y    
--------------------------------------------------------------------------------
1     36.9       163.0      -2860096     2863546      -2553329     2142497     
2     1509.4     169.6      2888687      2837927      2553329      2142497     
3     1504.5     1603.1     2869304      -2758760     2553329      -2142497    
4     -60.1      1436.1     -3238728     -2106642     -2886579     -1666567    
5     769.8      883.1      1147         52347        0            0           
6     131.0      879.8      -2492877     65103        -2194494     0           
7     775.5      136.9      23551        2965583      0            2194494     
8     1412.0     886.0      2508174      41032        2194494      0           
9     769.4      1627.4     -285         -2853438     0            -2194494    
10    770.1      1256.7     2389         -1406298     0            -1089179    
11    1091.2     884.5      1255775      46768        1089179      0           
12    451.2      881.4      -1242710     58770        -1089179     0           
13    771.2      511.0      6667         1505155      0            1089179     

--------------------------------------------------------------------------------
RESIDUAL ANALYSIS
--------------------------------------------------------------------------------
ID    dX (m)       dY (m)       Residual (m)   
--------------------------------------------------------------------------------
1     7128.10      -15321.06    16898.07       
2     -9364.03     -14538.82    17293.42       
3     -11986.97    15032.29     19226.47       
4     18039.92     13403.10     22474.03       
5     -5490.22     -191.54      5493.57        
6     -19293.39    717.87       19306.74       
7     6778.99      20427.36     21522.82       
8     19821.94     41.43        19821.98       
9     790.08       -15070.82    15091.51       
10    -601.57      -20065.66    20074.68       
11    16219.97     -11.56       16219.98       
12    -17665.75    308.75       17668.45       
13    -4377.08     15268.66     15883.66       
--------------------------------------------------------------------------------

TRANSFORMATION STATISTICS
--------------------------------------------------------------------------------
Transformation type: Polynomial (affine)
Number of GCPs used: 13

Residual Errors:
  Mean error:       17459.64 m
  RMSE (total):     17924.45 m
  RMSE X:           12539.70 m
  RMSE Y:           12807.88 m
  Std deviation:     4055.46 m
  Maximum error:    22474.03 m
  Minimum error:     5493.57 m

Transformation Matrix:
  a (scale X):        3456.751037
  b (rotation):         10.141790
  c (translation X):     -2675431.91
  d (rotation):         13.759489
  e (scale Y):       -2968.400517
  f (translation Y):      2610586.63

Derived Parameters:
  Pixel size X:      3456.75 m/pixel
  Pixel size Y:      2968.40 m/pixel
  Rotation:           0.1681 degrees

QUALITY ASSESSMENT
--------------------------------------------------------------------------------
Overall quality: POOR (RMSE: 17924.45 m)

================================================================================