================================================================================
GEOREFERENCING REPORT
================================================================================
Date: 2026-06-27 23:27:51
Source Raster: atlas/1_introductory/2_history_of_exploration/5_main_expeditions_by_periods_p_7-12/maps/P_7_I/P_7_I.tiff
Target Raster: atlas/1_introductory/2_history_of_exploration/5_main_expeditions_by_periods_p_7-12/maps/P_7_I.tiff
Tie Points: atlas/1_introductory/2_history_of_exploration/5_main_expeditions_by_periods_p_7-12/maps/P_7_I/P_7_I.gpkg

Target CRS: EPSG:3031
Number of tie points: 20
Source dimensions: 4099 x 4796 pixels
Source bands: 3

--------------------------------------------------------------------------------
CONTROL POINTS
--------------------------------------------------------------------------------
ID    Pixel X    Pixel Y    Map X        Map Y        Target X     Target Y    
--------------------------------------------------------------------------------
1     975.9      1627.1     -1566913     1125102      -2553329     2142497     
2     2954.4     1633.3     1320768      1116134      2553329      2142497     
3     2946.5     3294.1     1309213      -1307886     2553329      -2142497    
4     839.5      3100.9     -1766105     -1025913     -2886579     -1666567    
5     1960.5     2458.8     -129842      -88762       0            0           
6     1098.5     2455.9     -1388071     -84537       -2194494     0           
7     1964.4     1596.8     -124194      1169424      0            2194494     
8     2823.8     2462.7     1130199      -94367       2194494      0           
9     1957.0     3322.2     -135059      -1348932     0            -2194494    
10    1959.0     2889.9     -132041      -717898      0            -1089179    
11    2391.6     2460.5     499338       -91263       1089179      0           
12    1529.4     2457.0     -759107      -86175       -1089179     0           
13    1962.2     2027.4     -127427      540892       0            1089179     
14    1971.9     312.9      -113329      3043295      0            5791904     
15    1950.8     4609.7     -144027      -3228063     0            -5791904    
16    3681.4     2466.3     2381832      -99627       4524538      0           
17    244.4      2452.1     -2634703     -78932       -4524538     0           
18    1107.2     969.1      -1375309     2085535      -2262269     3918365     
19    478.2      1596.9     -2293404     1169252      -3918365     2262269     
20    3581.4     1879.2     2235930      757157       4251675      1547483     

--------------------------------------------------------------------------------
RESIDUAL ANALYSIS
--------------------------------------------------------------------------------
ID    dX (m)       dY (m)       Residual (m)   
--------------------------------------------------------------------------------
1     -30394.23    49793.48     58336.95       
2     26304.70     57104.85     62872.10       
3     29561.16     -60638.89    67460.64       
4     -32082.89    -49566.42    59043.56       
5     -2215.59     -654.01      2310.10        
6     -57518.94    -3262.65     57611.40       
7     -4530.70     90087.90     90201.75       
8     56339.21     -536.44      56341.76       
9     890.00       -94994.57    94998.74       
10    60.21        -54165.83    54165.86       
11    33623.22     -53.94       33623.26       
12    -38209.43    -1098.17     38225.21       
13    -4111.04     53799.27     53956.11       
14    -3592.49     -103801.79   103863.94      
15    3395.71      89357.02     89421.52       
16    -35691.42    138.89       35691.69       
17    43450.88     -3270.64     43573.80       
18    11663.38     19885.56     23053.63       
19    35217.26     4272.26      35475.45       
20    -32159.01    7604.10      33045.79       
--------------------------------------------------------------------------------

TRANSFORMATION STATISTICS
--------------------------------------------------------------------------------
Transformation type: Affine (1st-order polynomial, 6 parameters)
Number of GCPs used: 20
Degrees of freedom:  17

Residual Errors:
  Mean error:       54663.66 m
  RMSE (total):     60136.72 m
  RMSE X:           30192.59 m
  RMSE Y:           52008.00 m
  Std deviation:    25066.09 m
  Maximum error:   103863.94 m
  Minimum error:     2310.10 m

Transformation Matrix:
  a (scale X):        2609.722611
  b (rotation):         14.400847
  c (translation X):     -5154089.76
  d (rotation):         11.928121
  e (scale Y):       -2650.917084
  f (translation Y):      6494074.34

Derived Parameters:
  Pixel size X:      2609.72 m/pixel
  Pixel size Y:      2650.92 m/pixel
  Rotation:           0.3162 degrees

QUALITY ASSESSMENT
--------------------------------------------------------------------------------
Overall quality: POOR (RMSE: 60136.72 m)

================================================================================