================================================================================
GEOREFERENCING REPORT
================================================================================
Date: 2026-03-13 09:19:54
Source Raster: atlas/2_general/6_geology_and_relief/23_relief_and_bottom_sediments_p_64-72/maps/P_69_V/P_69_V.tiff
Target Raster: atlas/2_general/6_geology_and_relief/23_relief_and_bottom_sediments_p_64-72/maps/P_69_V.tiff
Tie Points: atlas/2_general/6_geology_and_relief/23_relief_and_bottom_sediments_p_64-72/maps/P_69_V/P_69_V.gpkg

Target CRS: EPSG:3031
Number of tie points: 13
Source dimensions: 4169 x 4829 pixels
Source bands: 3

--------------------------------------------------------------------------------
CONTROL POINTS
--------------------------------------------------------------------------------
ID    Pixel X    Pixel Y    Map X        Map Y        Target X     Target Y    
--------------------------------------------------------------------------------
1     111.4      439.1      -2860096     2863546      -2553329     2142497     
2     4077.3     456.7      2888687      2837927      2553329      2142497     
3     4063.9     4317.7     2869304      -2758760     2553329      -2142497    
4     -149.8     3867.8     -3238728     -2106642     -2886579     -1666567    
5     2085.3     2378.4     1147         52347        0            0           
6     364.8      2369.6     -2492877     65103        -2194494     0           
7     2100.7     368.7      23551        2965583      0            2194494     
8     3814.8     2386.2     2508174      41032        2194494      0           
9     2084.3     4383.0     -285         -2853438     0            -2194494    
10    2086.1     3384.6     2389         -1406298     0            -1089179    
11    2950.8     2382.2     1255775      46768        1089179      0           
12    1227.2     2374.0     -1242710     58770        -1089179     0           
13    2089.1     1376.2     6667         1505155      0            1089179     

--------------------------------------------------------------------------------
RESIDUAL ANALYSIS
--------------------------------------------------------------------------------
ID    dX (m)       dY (m)       Residual (m)   
--------------------------------------------------------------------------------
1     7128.10      -15321.06    16898.07       
2     -9364.03     -14538.82    17293.42       
3     -11986.97    15032.29     19226.47       
4     18039.92     13403.10     22474.03       
5     -5490.22     -191.54      5493.57        
6     -19293.39    717.87       19306.74       
7     6778.99      20427.36     21522.82       
8     19821.94     41.43        19821.98       
9     790.08       -15070.82    15091.51       
10    -601.57      -20065.66    20074.68       
11    16219.97     -11.56       16219.98       
12    -17665.75    308.75       17668.45       
13    -4377.08     15268.66     15883.66       
--------------------------------------------------------------------------------

TRANSFORMATION STATISTICS
--------------------------------------------------------------------------------
Transformation type: Affine (1st-order polynomial, 6 parameters)
Number of GCPs used: 13
Degrees of freedom:  10

Residual Errors:
  Mean error:       17459.64 m
  RMSE (total):     17924.45 m
  RMSE X:           12539.70 m
  RMSE Y:           12807.88 m
  Std deviation:     4055.46 m
  Maximum error:    22474.03 m
  Minimum error:     5493.57 m

Transformation Matrix:
  a (scale X):        1283.486148
  b (rotation):          3.765631
  c (translation X):     -2690888.86
  d (rotation):          5.108876
  e (scale Y):       -1102.162379
  f (translation Y):      2610525.11

Derived Parameters:
  Pixel size X:      1283.49 m/pixel
  Pixel size Y:      1102.16 m/pixel
  Rotation:           0.1681 degrees

QUALITY ASSESSMENT
--------------------------------------------------------------------------------
Overall quality: POOR (RMSE: 17924.45 m)

================================================================================