================================================================================
GEOREFERENCING REPORT
================================================================================
Date: 2026-07-01 23:51:27
Source Raster: atlas/2_general/5_aeronomy_and_physics_of_the_earth/15_ionosphere_p_25-30/maps/P_25_I_V/P_25_I_V.tiff
Target Raster: atlas/2_general/5_aeronomy_and_physics_of_the_earth/15_ionosphere_p_25-30/maps/P_25_I_V.tiff
Tie Points: atlas/2_general/5_aeronomy_and_physics_of_the_earth/15_ionosphere_p_25-30/maps/P_25_I_V/P_25_I_V.gpkg

Target CRS: EPSG:3031
Number of tie points: 20
Source dimensions: 1599 x 1843 pixels
Source bands: 3

--------------------------------------------------------------------------------
CONTROL POINTS
--------------------------------------------------------------------------------
ID    Pixel X    Pixel Y    Map X        Map Y        Target X     Target Y    
--------------------------------------------------------------------------------
1     458.7      1164.6     -1294495     -923188      -2886579     -1666567    
2     830.5      951.4      117853       -113567      0            0           
3     544.7      950.7      -967905      -110911      -2194494     0           
4     833.0      665.3      127261       973213       0            2194494     
5     1117.7     953.3      1208430      -120865      2194494      0           
6     828.5      1240.1     110153       -1210276     0            -2194494    
7     829.1      1096.3     112331       -664093      0            -1089179    
8     974.7      952.8      665357       -118843      1089179      0           
9     686.8      951.1      -428098      -112311      -1089179     0           
10    831.5      808.0      121662       431073       0            1089179     
11    329.6      444.3      -1784692     1812549      -4095495     4095495     
12    1338.4     451.5      2046678      1785178      4095495      4095495     
13    1544.4     955.9      2829250      -130818      5791904      0           
14    323.4      1454.0     -1808331     -2022553     -4095495     -4095495    
15    1333.3     1460.2     2027627      -2045958     18673263     -18673263   
16    824.7      1666.7     95612        -2830397     0            -5791904    
17    461.6      735.8      -1283531     705486       -2886579     1666567     
18    1203.5     740.2      1534476      688690       39740599     22944245    
19    1200.8     1169.3     1524211      -941150      2886579      -1666567    
20    827.3      1381.8     105410       -1748139     0            -3333134    

--------------------------------------------------------------------------------
RESIDUAL ANALYSIS
--------------------------------------------------------------------------------
ID    dX (m)       dY (m)       Residual (m)   
--------------------------------------------------------------------------------
1     -1188144.40  -670141.04   1364102.69     
2     2358000.87   692998.79    2457725.66     
3     -157979.17   674080.31    692345.06      
4     2806982.87   2515453.42   3769172.15     
5     4893147.62   694890.35    4942243.03     
6     1912702.71   -1166108.05  2240142.77     
7     2127279.09   -252691.33   2142234.63     
8     3642644.89   687990.21    3707046.31     
9     1078585.33   683193.19    1276753.41     
10    2579078.39   1616890.78   3044007.41     
11    -1078903.38  3666012.42   3821476.10     
12    7345436.79   3666246.18   8209555.57     
13    8325288.43   700998.67    8354748.75     
14    -2621818.93  -2318025.70  3499596.78     
15    -8753849.42  12274754.85  15076454.70    
16    1241140.13   -3556991.92  3767309.43     
17    -528890.94   2016537.40   2084741.89     
18    -30934091.05 -19248639.83 36433887.03    
19    5263274.04   -661932.46   5304734.51     
20    1690116.13   -2015516.25  2630360.87     
--------------------------------------------------------------------------------

TRANSFORMATION STATISTICS
--------------------------------------------------------------------------------
Transformation type: Affine (1st-order polynomial, 6 parameters)
Number of GCPs used: 20
Degrees of freedom:  17

Residual Errors:
  Mean error:     5740931.94 m
  RMSE (total):   9627132.26 m
  RMSE X:         7953982.86 m
  RMSE Y:         5423636.45 m
  Std deviation:  7728090.07 m
  Maximum error:  36433887.03 m
  Minimum error:   692345.06 m

Transformation Matrix:
  a (scale X):       16481.480602
  b (rotation):      -1426.462308
  c (translation X):     -9973209.26
  d (rotation):        100.518349
  e (scale Y):      -14037.847372
  f (translation Y):     13965132.58

Derived Parameters:
  Pixel size X:     16481.48 m/pixel
  Pixel size Y:     14037.85 m/pixel
  Rotation:          -4.9466 degrees

QUALITY ASSESSMENT
--------------------------------------------------------------------------------
Overall quality: POOR (RMSE: 9627132.26 m)
WARNING: Point 18 has unusually high residual.
         Consider checking this control point.

================================================================================