================================================================================
GEOREFERENCING REPORT
================================================================================
Date: 2026-06-25 00:21:55
Source Raster: atlas/2_general/5_aeronomy_and_physics_of_the_earth/20_gravity_measurements_p_49-54/maps/P_54_III_B/P_54_III_B.tiff
Target Raster: atlas/2_general/5_aeronomy_and_physics_of_the_earth/20_gravity_measurements_p_49-54/maps/P_54_III_B.tiff
Tie Points: atlas/2_general/5_aeronomy_and_physics_of_the_earth/20_gravity_measurements_p_49-54/maps/P_54_III_B/P_54_III_B.gpkg

Target CRS: EPSG:3031
Number of tie points: 10
Source dimensions: 3457 x 1967 pixels
Source bands: 3

--------------------------------------------------------------------------------
CONTROL POINTS
--------------------------------------------------------------------------------
ID    Pixel X    Pixel Y    Map X        Map Y        Target X     Target Y    
--------------------------------------------------------------------------------
1     496.1      1259.1     -2495413     -558130      2326039      -846609     
2     361.9      395.5      -2767204     1190712      2592144      -943463     
3     1101.2     314.0      -1270299     1355704      2500052      -1165793    
4     1160.5     1187.4     -1150149     -412821      2243401      -1046115    
5     1840.0     291.2      225751       1401915      2388933      -1379251    
6     1827.0     1166.2     199393       -369862      2143689      -1237660    
7     2582.6     333.8      1729417      1315483      2259633      -1582212    
8     2497.0     1204.4     1556210      -447394      2027663      -1419785    
9     3159.9     1301.3     2898393      -643536      1896205      -1591105    
10    3321.0     438.1      3224611      1104280      2113135      -1773131    

--------------------------------------------------------------------------------
RESIDUAL ANALYSIS
--------------------------------------------------------------------------------
ID    dX (m)       dY (m)       Residual (m)   
--------------------------------------------------------------------------------
1     1171.19      118.30       1177.15        
2     191.30       -1161.04     1176.69        
3     -1171.50     -414.23      1242.58        
4     -592.43      719.16       931.75         
5     -11.58       818.99       819.08         
6     106.11       723.15       730.89         
7     232.12       811.01       843.58         
8     -256.11      -333.99      420.88         
9     -594.85      -929.69      1103.71        
10    925.74       -351.66      990.28         
--------------------------------------------------------------------------------

TRANSFORMATION STATISTICS
--------------------------------------------------------------------------------
Transformation type: Affine (1st-order polynomial, 6 parameters)
Number of GCPs used: 10
Degrees of freedom:  7

Residual Errors:
  Mean error:         943.66 m
  RMSE (total):       973.40 m
  RMSE X:             668.83 m
  RMSE Y:             707.23 m
  Std deviation:      238.79 m
  Maximum error:     1242.58 m
  Minimum error:      420.88 m

Transformation Matrix:
  a (scale X):        -157.553438
  b (rotation):       -282.485960
  c (translation X):      2761064.69
  d (rotation):       -282.376878
  e (scale Y):         157.507518
  f (translation Y):      -904720.67

Derived Parameters:
  Pixel size X:       157.55 m/pixel
  Pixel size Y:       157.51 m/pixel
  Rotation:        -119.1501 degrees

QUALITY ASSESSMENT
--------------------------------------------------------------------------------
Overall quality: ACCEPTABLE (RMSE: 973.40 m)

================================================================================