================================================================================
GEOREFERENCING REPORT
================================================================================
Date: 2026-01-05 23:47:36
Source Raster: atlas/2_general/7_climate/25_air_temperatures_p_76-78/maps/P_77_III_georeferencing/P_77_III.tiff
Target Raster: atlas/2_general/7_climate/25_air_temperatures_p_76-78/maps/P_77_III.tiff
Tie Points: atlas/2_general/7_climate/25_air_temperatures_p_76-78/maps/P_77_III_georeferencing/P_77_III.gpkg

Target CRS: EPSG:3031
Number of tie points: 13
Source dimensions: 4112 x 4794 pixels
Source bands: 3

--------------------------------------------------------------------------------
CONTROL POINTS
--------------------------------------------------------------------------------
ID    Pixel X    Pixel Y    Map X        Map Y        Target X     Target Y    
--------------------------------------------------------------------------------
1     97.2       435.9      -2860096     2863546      -2553329     2142497     
2     4034.3     453.4      2888687      2837927      2553329      2142497     
3     4021.1     4286.4     2869304      -2758760     2553329      -2142497    
4     -162.1     3839.7     -3238728     -2106642     -2886579     -1666567    
5     2056.8     2361.2     1147         52347        0            0           
6     348.7      2352.4     -2492877     65103        -2194494     0           
7     2072.1     366.0      23551        2965583      0            2194494     
8     3773.7     2368.9     2508174      41032        2194494      0           
9     2055.8     4351.2     -285         -2853438     0            -2194494    
10    2057.6     3360.1     2389         -1406298     0            -1089179    
11    2916.0     2365.0     1255775      46768        1089179      0           
12    1204.9     2356.8     -1242710     58770        -1089179     0           
13    2060.6     1366.2     6667         1505155      0            1089179     

--------------------------------------------------------------------------------
RESIDUAL ANALYSIS
--------------------------------------------------------------------------------
ID    dX (m)       dY (m)       Residual (m)   
--------------------------------------------------------------------------------
1     7128.10      -15321.06    16898.07       
2     -9364.03     -14538.82    17293.42       
3     -11986.97    15032.29     19226.47       
4     18039.92     13403.10     22474.03       
5     -5490.22     -191.54      5493.57        
6     -19293.39    717.87       19306.74       
7     6778.99      20427.36     21522.82       
8     19821.94     41.43        19821.98       
9     790.08       -15070.82    15091.51       
10    -601.57      -20065.66    20074.68       
11    16219.97     -11.56       16219.98       
12    -17665.75    308.75       17668.45       
13    -4377.08     15268.66     15883.66       
--------------------------------------------------------------------------------

TRANSFORMATION STATISTICS
--------------------------------------------------------------------------------
Transformation type: Polynomial (affine)
Number of GCPs used: 13

Residual Errors:
  Mean error:       17459.64 m
  RMSE (total):     17924.45 m
  RMSE X:           12539.70 m
  RMSE Y:           12807.88 m
  Std deviation:     4055.46 m
  Maximum error:    22474.03 m
  Minimum error:     5493.57 m

Transformation Matrix:
  a (scale X):        1292.856614
  b (rotation):          3.793123
  c (translation X):     -2673575.18
  d (rotation):          5.146175
  e (scale Y):       -1110.209038
  f (translation Y):      2610594.02

Derived Parameters:
  Pixel size X:      1292.86 m/pixel
  Pixel size Y:      1110.21 m/pixel
  Rotation:           0.1681 degrees

QUALITY ASSESSMENT
--------------------------------------------------------------------------------
Overall quality: POOR (RMSE: 17924.45 m)

================================================================================