================================================================================
GEOREFERENCING REPORT
================================================================================
Date: 2026-06-25 00:21:55
Source Raster: atlas/2_general/5_aeronomy_and_physics_of_the_earth/20_gravity_measurements_p_49-54/maps/P_54_III_V/P_54_III_V.tiff
Target Raster: atlas/2_general/5_aeronomy_and_physics_of_the_earth/20_gravity_measurements_p_49-54/maps/P_54_III_V.tiff
Tie Points: atlas/2_general/5_aeronomy_and_physics_of_the_earth/20_gravity_measurements_p_49-54/maps/P_54_III_V/P_54_III_V.gpkg

Target CRS: EPSG:3031
Number of tie points: 12
Source dimensions: 3873 x 1967 pixels
Source bands: 3

--------------------------------------------------------------------------------
CONTROL POINTS
--------------------------------------------------------------------------------
ID    Pixel X    Pixel Y    Map X        Map Y        Target X     Target Y    
--------------------------------------------------------------------------------
1     163.8      1423.1     -3203987     -794493      1410594      -1681080    
2     745.8      1296.8     -2152079     -566175      1258710      -1797624    
3     1338.4     1223.1     -1081003     -433017      1097247      -1900488    
4     1932.8     1199.6     -6675        -390571      927433       -1988887    
5     2528.0     1225.2     1069022      -436783      750561       -2062150    
6     3120.0     1302.6     2139072      -576786      567977       -2119719    
7     3703.5     1428.9     3193717      -804933      381070       -2161155    
8     596.7      434.6      -2421474     992004       1419785      -2027663    
9     1263.0     350.9      -1217241     1143303      1237660      -2143689    
10    1932.3     323.8      -7531        1192253      1046115      -2243401    
11    2599.6     351.9      1198414      1141591      846609       -2326039    
12    3266.2     439.8      2403332      982761       640660       -2390975    

--------------------------------------------------------------------------------
RESIDUAL ANALYSIS
--------------------------------------------------------------------------------
ID    dX (m)       dY (m)       Residual (m)   
--------------------------------------------------------------------------------
1     987.67       -419.02      1072.88        
2     591.58       -43.60       593.18         
3     -433.97      549.38       700.10         
4     -421.88      1060.24      1141.09        
5     -207.68      627.07       660.57         
6     -391.92      49.60        395.04         
7     -370.66      -1285.10     1337.49        
8     -482.12      -937.20      1053.94        
9     -927.43      -151.42      939.71         
10    -495.82      410.17       643.49         
11    1047.99      244.35       1076.10        
12    1104.22      -104.48      1109.15        
--------------------------------------------------------------------------------

TRANSFORMATION STATISTICS
--------------------------------------------------------------------------------
Transformation type: Affine (1st-order polynomial, 6 parameters)
Number of GCPs used: 12
Degrees of freedom:  9

Residual Errors:
  Mean error:         893.56 m
  RMSE (total):       934.19 m
  RMSE X:             688.11 m
  RMSE Y:             631.84 m
  Std deviation:      272.51 m
  Maximum error:     1337.49 m
  Minimum error:      395.04 m

Transformation Matrix:
  a (scale X):        -291.008770
  b (rotation):       -135.277763
  c (translation X):      1651754.09
  d (rotation):       -136.343887
  e (scale Y):         291.438595
  f (translation Y):     -2073909.63

Derived Parameters:
  Pixel size X:       291.01 m/pixel
  Pixel size Y:       291.44 m/pixel
  Rotation:        -155.0683 degrees

QUALITY ASSESSMENT
--------------------------------------------------------------------------------
Overall quality: ACCEPTABLE (RMSE: 934.19 m)

================================================================================