================================================================================
GEOREFERENCING REPORT
================================================================================
Date: 2026-03-13 09:18:54
Source Raster: atlas/2_general/5_aeronomy_and_physics_of_the_earth/15_ionosphere_p_25-30/maps/P_25_I_D/P_25_I_D.tiff
Target Raster: atlas/2_general/5_aeronomy_and_physics_of_the_earth/15_ionosphere_p_25-30/maps/P_25_I_D.tiff
Tie Points: atlas/2_general/5_aeronomy_and_physics_of_the_earth/15_ionosphere_p_25-30/maps/P_25_I_D/P_25_I_D.gpkg

Target CRS: EPSG:3031
Number of tie points: 15
Source dimensions: 1592 x 1843 pixels
Source bands: 3

--------------------------------------------------------------------------------
CONTROL POINTS
--------------------------------------------------------------------------------
ID    Pixel X    Pixel Y    Map X        Map Y        Target X     Target Y    
--------------------------------------------------------------------------------
1     364.8      553.3      -1637666     1398443      -3199331     3199331     
2     1176.9     559.6      1446716      1374409      3199331      3199331     
3     1268.0     1470.2     1792689      -2083971     4095495      -4095495    
4     260.0      1462.9     -2035805     -2056290     -4095495     -4095495    
5     766.9      961.9      -110486      -153498      0            0           
6     480.4      959.3      -1198687     -143634      -2194494     0           
7     769.3      673.5      -101597      942085       0            2194494     
8     1055.8     963.6      986853       -160069      2194494      0           
9     765.3      1249.4     -116582      -1245382     0            -2194494    
10    766.4      1104.0     -112427      -693351      0            -1089179    
11    911.0      962.4      436773       -155509      1089179      0           
12    625.0      960.5      -649451      -147986      -1089179     0           
13    768.6      819.1      -104099      389094       0            1089179     
14    772.5      246.6      -89363       2563515      0            5791904     
15    763.2      1533.7     -124613      -2325222     0            -4524538    

--------------------------------------------------------------------------------
RESIDUAL ANALYSIS
--------------------------------------------------------------------------------
ID    dX (m)       dY (m)       Residual (m)   
--------------------------------------------------------------------------------
1     -26144.35    30441.37     40127.35       
2     30525.71     28131.62     41511.53       
3     -88791.23    60650.91     107528.67      
4     89536.88     58997.99     107226.94      
5     -5715.99     -7733.23     9616.41        
6     -88749.50    -4009.09     88840.01       
7     -3837.97     100256.31    100329.74      
8     96391.02     -4395.36     96491.18       
9     -1804.71     -107906.77   107921.86      
10    -1535.81     -53074.07    53096.28       
11    50433.63     -3408.74     50548.70       
12    -44560.67    -4572.44     44794.65       
13    -632.42      43432.82     43437.42       
14    -2988.15     -89562.32    89612.15       
15    -2126.44     -47249.01    47296.84       
--------------------------------------------------------------------------------

TRANSFORMATION STATISTICS
--------------------------------------------------------------------------------
Transformation type: Affine (1st-order polynomial, 6 parameters)
Number of GCPs used: 15
Degrees of freedom:  12

Residual Errors:
  Mean error:       68558.65 m
  RMSE (total):     75249.49 m
  RMSE X:           51172.82 m
  RMSE Y:           55170.90 m
  Std deviation:    31019.30 m
  Maximum error:   107921.86 m
  Minimum error:     9616.41 m

Transformation Matrix:
  a (scale X):        7948.744381
  b (rotation):         57.984162
  c (translation X):     -6157467.72
  d (rotation):         59.351023
  e (scale Y):       -7981.744143
  f (translation Y):      7624499.01

Derived Parameters:
  Pixel size X:      7948.74 m/pixel
  Pixel size Y:      7981.74 m/pixel
  Rotation:           0.4180 degrees

QUALITY ASSESSMENT
--------------------------------------------------------------------------------
Overall quality: POOR (RMSE: 75249.49 m)

================================================================================