================================================================================
GEOREFERENCING REPORT
================================================================================
Date: 2026-06-26 23:43:25
Source Raster: atlas/1_introductory/2_history_of_exploration/5_main_expeditions_by_periods_p_7-12/maps/P_8_III_A/P_8_III_A.tiff
Target Raster: atlas/1_introductory/2_history_of_exploration/5_main_expeditions_by_periods_p_7-12/maps/P_8_III_A.tiff
Tie Points: atlas/1_introductory/2_history_of_exploration/5_main_expeditions_by_periods_p_7-12/maps/P_8_III_A/P_8_III_A.gpkg

Target CRS: EPSG:3031
Number of tie points: 3
Source dimensions: 1327 x 765 pixels
Source bands: 3

--------------------------------------------------------------------------------
CONTROL POINTS
--------------------------------------------------------------------------------
ID    Pixel X    Pixel Y    Map X        Map Y        Target X     Target Y    
--------------------------------------------------------------------------------
1     628.5      63.6       -184770      1681977      -2886579     1666567     
2     438.6      469.8      -1186422     -460329      -3132121     1139999     
3     1248.3     760.6      3084738      -1994538     -2062150     750561      

--------------------------------------------------------------------------------
RESIDUAL ANALYSIS
--------------------------------------------------------------------------------
ID    dX (m)       dY (m)       Residual (m)   
--------------------------------------------------------------------------------
1     0.00         0.00         0.00           
2     0.00         0.00         0.00           
3     0.00         -0.00        0.00           
--------------------------------------------------------------------------------

TRANSFORMATION STATISTICS
--------------------------------------------------------------------------------
Transformation type: Affine (1st-order polynomial, 6 parameters)
Number of GCPs used: 3
Degrees of freedom:  0

Residual Errors:
  Mean error:           0.00 m
  RMSE (total):         0.00 m
  RMSE X:               0.00 m
  RMSE Y:               0.00 m
  Std deviation:        0.00 m
  Maximum error:        0.00 m
  Minimum error:        0.00 m

Transformation Matrix:
  a (scale X):        1317.382743
  b (rotation):         11.345973
  c (translation X):     -3715240.08
  d (rotation):        -13.045375
  e (scale Y):       -1302.681831
  f (translation Y):      1757675.03

Derived Parameters:
  Pixel size X:      1317.38 m/pixel
  Pixel size Y:      1302.68 m/pixel
  Rotation:           0.4934 degrees

QUALITY ASSESSMENT
--------------------------------------------------------------------------------
Overall quality: EXCELLENT (RMSE: 0.00 m)
WARNING: Less than 4 GCPs used. Consider adding more points.

================================================================================