================================================================================
GEOREFERENCING REPORT
================================================================================
Date: 2026-03-15 00:49:57
Source Raster: atlas/2_general/5_aeronomy_and_physics_of_the_earth/15_ionosphere_p_25-30/maps/P_27_III_Ye/P_27_III_Ye.tiff
Target Raster: atlas/2_general/5_aeronomy_and_physics_of_the_earth/15_ionosphere_p_25-30/maps/P_27_III_Ye.tiff
Tie Points: atlas/2_general/5_aeronomy_and_physics_of_the_earth/15_ionosphere_p_25-30/maps/P_27_III_Ye/P_27_III_Ye.gpkg

Target CRS: EPSG:3031
Number of tie points: 14
Source dimensions: 1614 x 1833 pixels
Source bands: 3

--------------------------------------------------------------------------------
CONTROL POINTS
--------------------------------------------------------------------------------
ID    Pixel X    Pixel Y    Map X        Map Y        Target X     Target Y    
--------------------------------------------------------------------------------
1     834.0      901.4      102971       57732        0            0           
2     547.9      899.5      -989528      64810        -2194494     0           
3     835.7      615.8      109592       1148405      0            2194494     
4     1121.1     902.9      1199581      51796        2194494      0           
5     833.1      1188.9     99546        -1040247     0            -2194494    
6     833.7      1044.8     101830       -490002      0            -1089179    
7     977.8      902.2      652075       54764        1089179      0           
8     691.5      900.5      -441110      61157        -1089179     0           
9     834.4      759.2      104798       600900       0            1089179     
10    477.5      1519.5     -1258258     -2302844     -2895952     -5015936    
11    332.4      395.2      -1812385     1990669      -4095495     4095495     
12    1453.2     548.3      2467657      1406176      5015936      2895952     
13    1189.2     1521.8     1459406      -2311748     2895952      -5015936    
14    463.1      1114.3     -1313283     -755535      -2886579     -1666567    

--------------------------------------------------------------------------------
RESIDUAL ANALYSIS
--------------------------------------------------------------------------------
ID    dX (m)       dY (m)       Residual (m)   
--------------------------------------------------------------------------------
1     1731.11      5575.74      5838.29        
2     -95982.17    15084.30     97160.24       
3     5514.25      105691.65    105835.40      
4     108056.29    -1510.88     108066.85      
5     4722.06      -109895.27   109996.67      
6     4412.51      -57582.76    57751.57       
7     64637.96     2036.36      64670.03       
8     -50641.39    10100.53     51638.85       
9     529.11       59130.84     59133.20       
10    63605.30     48584.96     80038.32       
11    60757.16     -32807.63    69049.06       
12    -65424.76    -41847.31    77663.35       
13    -26363.31    43239.68     50642.81       
14    -75554.13    -45800.22    88352.06       
--------------------------------------------------------------------------------

TRANSFORMATION STATISTICS
--------------------------------------------------------------------------------
Transformation type: Affine (1st-order polynomial, 6 parameters)
Number of GCPs used: 14
Degrees of freedom:  11

Residual Errors:
  Mean error:       73274.05 m
  RMSE (total):     78244.16 m
  RMSE X:           57400.67 m
  RMSE Y:           53172.47 m
  Std deviation:    27441.99 m
  Maximum error:   109996.67 m
  Minimum error:     5838.29 m

Transformation Matrix:
  a (scale X):        8012.273363
  b (rotation):         35.394288
  c (translation X):     -6712118.25
  d (rotation):         18.812779
  e (scale Y):       -8034.219500
  f (translation Y):      7231791.13

Derived Parameters:
  Pixel size X:      8012.27 m/pixel
  Pixel size Y:      8034.22 m/pixel
  Rotation:           0.2531 degrees

QUALITY ASSESSMENT
--------------------------------------------------------------------------------
Overall quality: POOR (RMSE: 78244.16 m)

================================================================================