================================================================================
GEOREFERENCING REPORT
================================================================================
Date: 2026-03-15 00:51:03
Source Raster: atlas/2_general/7_climate/26_atmospheric_pressure_and_winds_p_79-86/maps/P_79_II/P_79_II.tiff
Target Raster: atlas/2_general/7_climate/26_atmospheric_pressure_and_winds_p_79-86/maps/P_79_II.tiff
Tie Points: atlas/2_general/7_climate/26_atmospheric_pressure_and_winds_p_79-86/maps/P_79_II/P_79_II.gpkg

Target CRS: EPSG:3031
Number of tie points: 13
Source dimensions: 3648 x 3679 pixels
Source bands: 3

--------------------------------------------------------------------------------
CONTROL POINTS
--------------------------------------------------------------------------------
ID    Pixel X    Pixel Y    Map X        Map Y        Target X     Target Y    
--------------------------------------------------------------------------------
1     320.8      334.5      -2860096     2863546      -2553329     2142497     
2     3342.2     348.0      2888687      2837927      2553329      2142497     
3     3332.0     3289.4     2869304      -2758760     2553329      -2142497    
4     121.8      2946.7     -3238728     -2106642     -2886579     -1666567    
5     1824.6     1812.0     1147         52347        0            0           
6     513.8      1805.3     -2492877     65103        -2194494     0           
7     1836.4     280.9      23551        2965583      0            2194494     
8     3142.2     1817.9     2508174      41032        2194494      0           
9     1823.9     3339.2     -285         -2853438     0            -2194494    
10    1825.3     2578.6     2389         -1406298     0            -1089179    
11    2484.0     1814.9     1255775      46768        1089179      0           
12    1170.9     1808.6     -1242710     58770        -1089179     0           
13    1827.5     1048.4     6667         1505155      0            1089179     

--------------------------------------------------------------------------------
RESIDUAL ANALYSIS
--------------------------------------------------------------------------------
ID    dX (m)       dY (m)       Residual (m)   
--------------------------------------------------------------------------------
1     7128.10      -15321.06    16898.07       
2     -9364.03     -14538.82    17293.42       
3     -11986.97    15032.29     19226.47       
4     18039.92     13403.10     22474.03       
5     -5490.22     -191.54      5493.57        
6     -19293.39    717.87       19306.74       
7     6778.99      20427.36     21522.82       
8     19821.94     41.43        19821.98       
9     790.08       -15070.82    15091.51       
10    -601.57      -20065.66    20074.68       
11    16219.97     -11.56       16219.98       
12    -17665.75    308.75       17668.45       
13    -4377.08     15268.66     15883.66       
--------------------------------------------------------------------------------

TRANSFORMATION STATISTICS
--------------------------------------------------------------------------------
Transformation type: Affine (1st-order polynomial, 6 parameters)
Number of GCPs used: 13
Degrees of freedom:  10

Residual Errors:
  Mean error:       17459.64 m
  RMSE (total):     17924.45 m
  RMSE X:           12539.70 m
  RMSE Y:           12807.88 m
  Std deviation:     4055.46 m
  Maximum error:    22474.03 m
  Minimum error:     5493.57 m

Transformation Matrix:
  a (scale X):        1684.684591
  b (rotation):          4.942710
  c (translation X):     -3088326.68
  d (rotation):          6.705834
  e (scale Y):       -1446.681741
  f (translation Y):      2608943.12

Derived Parameters:
  Pixel size X:      1684.68 m/pixel
  Pixel size Y:      1446.68 m/pixel
  Rotation:           0.1681 degrees

QUALITY ASSESSMENT
--------------------------------------------------------------------------------
Overall quality: POOR (RMSE: 17924.45 m)

================================================================================