================================================================================
GEOREFERENCING REPORT
================================================================================
Date: 2026-06-27 23:20:58
Source Raster: atlas/1_introductory/2_history_of_exploration/5_main_expeditions_by_periods_p_7-12/maps/P_7_II/P_7_II.tiff
Target Raster: atlas/1_introductory/2_history_of_exploration/5_main_expeditions_by_periods_p_7-12/maps/P_7_II.tiff
Tie Points: atlas/1_introductory/2_history_of_exploration/5_main_expeditions_by_periods_p_7-12/maps/P_7_II/P_7_II.gpkg

Target CRS: EPSG:3031
Number of tie points: 18
Source dimensions: 4138 x 4796 pixels
Source bands: 3

--------------------------------------------------------------------------------
CONTROL POINTS
--------------------------------------------------------------------------------
ID    Pixel X    Pixel Y    Map X        Map Y        Target X     Target Y    
--------------------------------------------------------------------------------
1     959.7      1602.7     -1619039     1160715      -2553329     2142497     
2     2939.9     1612.6     1271056      1146401      2553329      2142497     
3     2931.1     3274.8     1258294      -1279775     2553329      -2142497    
4     1947.1     2437.1     -177872      -57116       0            0           
5     1083.6     2432.3     -1438301     -50131       -2194494     0           
6     1951.4     1573.1     -171577      1204003      0            2194494     
7     2810.2     2441.8     1081867      -63928       2194494      0           
8     1943.1     3299.3     -183822      -1315475     0            -2194494    
9     1944.8     2868.2     -181235      -686338      0            -1089179    
10    2377.8     2438.7     450661       -59444       1089179      0           
11    1516.7     2434.6     -806060      -53408       -1089179     0           
12    1949.7     2005.4     -174164      572969       0            1089179     
13    1957.5     287.6      -162782      3080202      0            5791904     
14    1936.4     4587.5     -193480      -3195640     0            -5791904    
15    3011.5     4304.9     1375653      -2783287     2895952      -5015936    
16    3566.7     1857.0     2185960      789580       4251675      1547483     
17    846.6      1116.4     -1784084     1870563      -4436856     3722964     
18    1283.7     2989.8     -1146152     -863800      -1681080     -1410594    

--------------------------------------------------------------------------------
RESIDUAL ANALYSIS
--------------------------------------------------------------------------------
ID    dX (m)       dY (m)       Residual (m)   
--------------------------------------------------------------------------------
1     -349245.67   113283.14    367158.83      
2     8115.46      54248.77     54852.44       
3     156490.16    -99228.90    185298.53      
4     -91822.51    11415.86     92529.43       
5     -280349.20   38519.27     282983.05      
6     -169587.75   124028.66    210102.63      
7     95387.94     -15364.20    96617.38       
8     -13601.47    -96152.68    97109.93       
9     -53442.41    -50510.55    73535.07       
10    7247.30      12.97        7247.31        
11    -190338.43   25338.92     192017.65      
12    -129611.93   74915.90     149705.20      
13    -286357.60   -41030.20    289282.14      
14    101820.44    61659.22     119034.70      
15    142603.57    22245.75     144328.28      
16    64535.25     -13928.71    66021.26       
17    1171836.08   -166662.11   1183628.34     
18    -183679.23   -42791.12    188597.82      
--------------------------------------------------------------------------------

TRANSFORMATION STATISTICS
--------------------------------------------------------------------------------
Transformation type: Affine (1st-order polynomial, 6 parameters)
Number of GCPs used: 18
Degrees of freedom:  15

Residual Errors:
  Mean error:      211113.89 m
  RMSE (total):    328973.98 m
  RMSE X:          320705.96 m
  RMSE Y:           73291.00 m
  Std deviation:   252299.04 m
  Maximum error:  1183628.34 m
  Minimum error:     7247.31 m

Transformation Matrix:
  a (scale X):        2758.912877
  b (rotation):        103.772236
  c (translation X):     -5716697.38
  d (rotation):        -16.588273
  e (scale Y):       -2670.202673
  f (translation Y):      6551352.64

Derived Parameters:
  Pixel size X:      2758.91 m/pixel
  Pixel size Y:      2670.20 m/pixel
  Rotation:           2.1541 degrees

QUALITY ASSESSMENT
--------------------------------------------------------------------------------
Overall quality: POOR (RMSE: 328973.98 m)
WARNING: Point 17 has unusually high residual.
         Consider checking this control point.

================================================================================