================================================================================
GEOREFERENCING REPORT
================================================================================
Date: 2026-06-25 00:21:53
Source Raster: atlas/2_general/5_aeronomy_and_physics_of_the_earth/20_gravity_measurements_p_49-54/maps/P_52-53_IIIb/P_52-53_IIIb.tiff
Target Raster: atlas/2_general/5_aeronomy_and_physics_of_the_earth/20_gravity_measurements_p_49-54/maps/P_52-53_IIIb.tiff
Tie Points: atlas/2_general/5_aeronomy_and_physics_of_the_earth/20_gravity_measurements_p_49-54/maps/P_52-53_IIIb/P_52-53_IIIb.gpkg

Target CRS: EPSG:3031
Number of tie points: 31
Source dimensions: 5232 x 8260 pixels
Source bands: 3

--------------------------------------------------------------------------------
CONTROL POINTS
--------------------------------------------------------------------------------
ID    Pixel X    Pixel Y    Map X        Map Y        Target X     Target Y    
--------------------------------------------------------------------------------
1     925.0      4130.2     -1433060     -176         543593       0           
2     1786.9     4128.0     -702605      1722         1089179      0           
3     2650.1     4127.0     28894        2576         1638783      0           
4     3513.6     4124.2     760677       4901         2194494      0           
5     4377.1     4121.8     1492460      6988         2758502      0           
6     652.7      734.6      -1663830     2877473      381070       2161155     
7     666.5      7530.8     -1652158     -2881999     381070       -2161155    
8     516.4      6682.7     -1779309     -2163311     284572       -1613886    
9     367.7      5830.0     -1905322     -1440637     189134       -1072632    
10    225.8      4979.5     -2025594     -719908      94394        -535335     
11    505.6      1583.1     -1788466     2158357      284572       1613886     
12    361.6      2434.6     -1910493     1436822      189134       1072632     
13    220.3      3283.7     -2030243     717184       94394        535335      
14    3358.4     1352.0     629113       2354208      2113135      1773131     
15    2699.2     1909.6     70550        1881661      1681080      1410594     
16    2040.2     2466.1     -487966      1410087      1255381      1053390     
17    3301.6     2943.4     581052       1005552      2062150      750561      
18    3459.3     3524.8     714656       512889       2161155      381070      
19    1349.5     1888.4     -1073336     1899690      819392       1419228     
20    1780.1     1142.3     -708393      2531935      1097247      1900488     
21    2283.4     6770.2     -281868      -2237466     1410594      -1681080    
22    2838.8     7428.9     188781       -2795698     1773131      -2113135    
23    1728.9     6113.3     -751757      -1680753     1053390      -1255381    
24    3304.7     5305.7     583614       -996319      2062150      -750561     
25    2496.7     5013.6     -101104      -748849      1539953      -560497     
26    4543.0     6708.4     1633086      -2185088     2886579      -1666567    
27    4017.7     796.0      1187867      2825426      2553329      2142497     
28    1552.0     3267.0     -901682      731323       943257       544590      
29    1556.6     4993.4     -897813      -731662      943257       -544590     
30    4917.7     2349.6     1950582      1508827      3132121      1139999     
31    3797.6     6280.0     1001359      -1822056     2388933      -1379251    

--------------------------------------------------------------------------------
RESIDUAL ANALYSIS
--------------------------------------------------------------------------------
ID    dX (m)       dY (m)       Residual (m)   
--------------------------------------------------------------------------------
1     -116.99      102.16       155.31         
2     8328.45      498.09       8343.33        
3     13546.09     107.84       13546.52       
4     12875.02     822.93       12901.29       
5     3906.83      1359.66      4136.67        
6     -7532.21     2688.76      7997.72        
7     -8874.14     -4988.45     10180.12       
8     -7544.20     -11767.50    13978.16       
9     -6404.08     -9537.54     11488.12       
10    -1610.84     -4821.51     5083.48        
11    -6839.98     9502.11      11707.92       
12    -5233.35     8478.23      9963.36        
13    -2593.73     4921.30      5562.97        
14    -1394.52     -5913.45     6075.65        
15    6170.20      2151.34      6534.50        
16    7417.00      5614.25      9302.24        
17    10750.38     2804.50      11110.17       
18    12207.81     1723.11      12328.81       
19    287.30       8685.50      8690.25        
20    349.08       2232.23      2259.36        
21    2067.63      -2437.23     3196.12        
22    -4484.36     9275.21      10302.38       
23    3859.68      -8936.50     9734.38        
24    9150.26      -1083.32     9214.17        
25    12447.32     -4133.28     13115.63       
26    -21389.79    19725.58     29096.77       
27    -16956.40    -21806.44    27623.18       
28    4548.30      4703.14      6542.67        
29    4893.39      -5995.18     7738.70        
30    -19582.88    -10203.61    22081.74       
31    -2247.25     6228.06      6621.09        
--------------------------------------------------------------------------------

TRANSFORMATION STATISTICS
--------------------------------------------------------------------------------
Transformation type: Affine (1st-order polynomial, 6 parameters)
Number of GCPs used: 31
Degrees of freedom:  28

Residual Errors:
  Mean error:       10213.32 m
  RMSE (total):     11993.05 m
  RMSE X:            9099.46 m
  RMSE Y:            7812.37 m
  Std deviation:     6286.61 m
  Maximum error:    29096.77 m
  Minimum error:      155.31 m

Transformation Matrix:
  a (scale X):         642.771382
  b (rotation):         -1.500004
  c (translation X):       -44885.14
  d (rotation):         -1.195926
  e (scale Y):        -637.118573
  f (translation Y):      2632640.14

Derived Parameters:
  Pixel size X:       642.77 m/pixel
  Pixel size Y:       637.12 m/pixel
  Rotation:          -0.1337 degrees

QUALITY ASSESSMENT
--------------------------------------------------------------------------------
Overall quality: POOR (RMSE: 11993.05 m)

================================================================================