================================================================================
GEOREFERENCING REPORT
================================================================================
Date: 2026-03-13 09:20:35
Source Raster: atlas/2_general/8_glaciation/29_ice_sheet_morphology_p_94-95/maps/P_94-95_II_V/P_94-95_II_V.tiff
Target Raster: atlas/2_general/8_glaciation/29_ice_sheet_morphology_p_94-95/maps/P_94-95_II_V.tiff
Tie Points: atlas/2_general/8_glaciation/29_ice_sheet_morphology_p_94-95/maps/P_94-95_II_V/P_94-95_II_V.gpkg

Target CRS: EPSG:3031
Number of tie points: 13
Source dimensions: 1628 x 1151 pixels
Source bands: 3

--------------------------------------------------------------------------------
CONTROL POINTS
--------------------------------------------------------------------------------
ID    Pixel X    Pixel Y    Map X        Map Y        Target X     Target Y    
--------------------------------------------------------------------------------
1     148.8      -90.5      -2860096     2863546      -2553329     2142497     
2     1485.8     -84.5      2888687      2837927      2553329      2142497     
3     1481.3     1217.1     2869304      -2758760     2553329      -2142497    
4     60.8       1065.4     -3238728     -2106642     -2886579     -1666567    
5     814.3      563.3      1147         52347        0            0           
6     234.2      560.4      -2492877     65103        -2194494     0           
7     819.5      -114.2     23551        2965583      0            2194494     
8     1397.3     566.0      2508174      41032        2194494      0           
9     813.9      1239.1     -285         -2853438     0            -2194494    
10    814.6      902.6      2389         -1406298     0            -1089179    
11    1106.1     564.6      1255775      46768        1089179      0           
12    525.0      561.8      -1242710     58770        -1089179     0           
13    815.6      225.4      6667         1505155      0            1089179     

--------------------------------------------------------------------------------
RESIDUAL ANALYSIS
--------------------------------------------------------------------------------
ID    dX (m)       dY (m)       Residual (m)   
--------------------------------------------------------------------------------
1     7128.10      -15321.06    16898.07       
2     -9364.03     -14538.82    17293.42       
3     -11986.97    15032.29     19226.47       
4     18039.92     13403.10     22474.03       
5     -5490.22     -191.54      5493.57        
6     -19293.39    717.87       19306.74       
7     6778.99      20427.36     21522.82       
8     19821.94     41.43        19821.98       
9     790.08       -15070.82    15091.51       
10    -601.57      -20065.66    20074.68       
11    16219.97     -11.56       16219.98       
12    -17665.75    308.75       17668.45       
13    -4377.08     15268.66     15883.66       
--------------------------------------------------------------------------------

TRANSFORMATION STATISTICS
--------------------------------------------------------------------------------
Transformation type: Affine (1st-order polynomial, 6 parameters)
Number of GCPs used: 13
Degrees of freedom:  10

Residual Errors:
  Mean error:       17459.64 m
  RMSE (total):     17924.45 m
  RMSE X:           12539.70 m
  RMSE Y:           12807.88 m
  Std deviation:     4055.46 m
  Maximum error:    22474.03 m
  Minimum error:     5493.57 m

Transformation Matrix:
  a (scale X):        3807.097426
  b (rotation):         11.169675
  c (translation X):     -3111775.32
  d (rotation):         15.154031
  e (scale Y):       -3269.251920
  f (translation Y):      1829122.59

Derived Parameters:
  Pixel size X:      3807.10 m/pixel
  Pixel size Y:      3269.25 m/pixel
  Rotation:           0.1681 degrees

QUALITY ASSESSMENT
--------------------------------------------------------------------------------
Overall quality: POOR (RMSE: 17924.45 m)

================================================================================