================================================================================
GEOREFERENCING REPORT
================================================================================
Date: 2026-03-13 09:19:17
Source Raster: atlas/2_general/5_aeronomy_and_physics_of_the_earth/20_gravity_measurements_p_49-54/maps/P_49-50_IIb/P_49-50_IIb.tiff
Target Raster: atlas/2_general/5_aeronomy_and_physics_of_the_earth/20_gravity_measurements_p_49-54/maps/P_49-50_IIb.tiff
Tie Points: atlas/2_general/5_aeronomy_and_physics_of_the_earth/20_gravity_measurements_p_49-54/maps/P_49-50_IIb/P_49-50_IIb.gpkg

Target CRS: EPSG:3031
Number of tie points: 15
Source dimensions: 5230 x 8270 pixels
Source bands: 3

--------------------------------------------------------------------------------
CONTROL POINTS
--------------------------------------------------------------------------------
ID    Pixel X    Pixel Y    Map X        Map Y        Target X     Target Y    
--------------------------------------------------------------------------------
1     927.0      4147.9     -1428749     -10948       543593       0           
2     1787.3     4144.6     -700574      -8161        1089179      0           
3     2652.3     4141.1     31549        -5143        1638783      0           
4     3514.9     4137.9     761698       -2472        2194494      0           
5     4378.9     4134.8     1493008      198          2758502      0           
6     649.6      753.9      -1663580     2861834      381070       2161155     
7     3045.0     2415.1     363980       1455755      1900488      1097247     
8     4118.7     5611.6     1272806      -1249825     2592144      -943463     
9     1718.9     2161.7     -758469      1670306      1053390      1255381     
10    360.3      2453.0     -1908433     1423711      189134       1072632     
11    372.8      5846.6     -1897911     -1448755     189134       -1072632    
12    673.0      7547.3     -1643741     -2888272     381070       -2161155    
13    2712.3     6356.3     82385        -1880146     1681080      -1410594    
14    4015.2     812.7      1185174      2812110      2553329      2142497     
15    4546.8     6718.7     1635178      -2186957     2886579      -1666567    

--------------------------------------------------------------------------------
RESIDUAL ANALYSIS
--------------------------------------------------------------------------------
ID    dX (m)       dY (m)       Residual (m)   
--------------------------------------------------------------------------------
1     971.10       -355.57      1034.15        
2     8308.71      -393.88      8318.04        
3     14626.57     -268.70      14629.04       
4     13337.70     -400.35      13343.71       
5     4633.70      -535.42      4664.54        
6     -7836.13     5481.60      9563.10        
7     8893.01      3138.21      9430.48        
8     751.10       959.37       1218.42        
9     4216.38      10091.16     10936.60       
10    -5316.49     10266.32     11561.25       
11    -4306.54     -10564.26    11408.33       
12    -6744.13     -8296.76     10692.03       
13    6374.77      -3723.49     7382.55        
14    -17104.97    -21726.56    27651.83       
15    -20804.79    16328.34     26447.19       
--------------------------------------------------------------------------------

TRANSFORMATION STATISTICS
--------------------------------------------------------------------------------
Transformation type: Affine (1st-order polynomial, 6 parameters)
Number of GCPs used: 15
Degrees of freedom:  12

Residual Errors:
  Mean error:       11218.75 m
  RMSE (total):     13372.29 m
  RMSE X:           10001.55 m
  RMSE Y:            8876.22 m
  Std deviation:     7277.21 m
  Maximum error:    27651.83 m
  Minimum error:     1034.15 m

Transformation Matrix:
  a (scale X):         642.712122
  b (rotation):         -2.056692
  c (translation X):       -42721.05
  d (rotation):         -2.486917
  e (scale Y):        -638.276581
  f (translation Y):      2649478.86

Derived Parameters:
  Pixel size X:       642.71 m/pixel
  Pixel size Y:       638.28 m/pixel
  Rotation:          -0.1833 degrees

QUALITY ASSESSMENT
--------------------------------------------------------------------------------
Overall quality: POOR (RMSE: 13372.29 m)

================================================================================