================================================================================
GEOREFERENCING REPORT
================================================================================
Date: 2026-03-13 09:19:47
Source Raster: atlas/2_general/6_geology_and_relief/23_relief_and_bottom_sediments_p_64-72/maps/P_66_II/P_66_II.tiff
Target Raster: atlas/2_general/6_geology_and_relief/23_relief_and_bottom_sediments_p_64-72/maps/P_66_II.tiff
Tie Points: atlas/2_general/6_geology_and_relief/23_relief_and_bottom_sediments_p_64-72/maps/P_66_II/P_66_II.gpkg

Target CRS: EPSG:3031
Number of tie points: 13
Source dimensions: 4844 x 4179 pixels
Source bands: 3

--------------------------------------------------------------------------------
CONTROL POINTS
--------------------------------------------------------------------------------
ID    Pixel X    Pixel Y    Map X        Map Y        Target X     Target Y    
--------------------------------------------------------------------------------
1     466.0      456.8      -2826650     2359444      -2553329     2142497     
2     4424.2     471.2      2893397      2338615      2553329      2142497     
3     4410.3     3796.7     2873213      -2467017     2553329      -2142497    
4     1320.7     3443.0     -1591489     -1955917     -1410594     -1681080    
5     2436.7     2123.2     21293        -48698       0            0           
6     709.5      2117.2     -2474706     -39976       -2194494     0           
7     2444.2     397.6      32015        2444923      0            2194494     
8     4164.3     2129.2     2517740      -57388       2194494      0           
9     2429.5     3853.7     10840        -2549448     0            -2194494    
10    2433.0     2986.3     15908        -1295914     0            -1089179    
11    3300.9     2126.5     1270109      -53466       1089179      0           
12    1573.6     2119.9     -1225988     -43999       -1089179     0           
13    2440.9     1260.7     27251        1197638      0            1089179     

--------------------------------------------------------------------------------
RESIDUAL ANALYSIS
--------------------------------------------------------------------------------
ID    dX (m)       dY (m)       Residual (m)   
--------------------------------------------------------------------------------
1     17682.74     -13708.47    22374.12       
2     -20225.90    -21754.58    29704.36       
3     -10491.67    12495.98     16316.39       
4     -5752.96     -4940.30     7583.08        
5     1804.00      3891.02      4288.88        
6     -15498.24    7077.13      17037.65       
7     -3026.62     15089.38     15389.92       
8     19503.29     733.89       19517.09       
9     6915.01      -13612.58    15268.26       
10    4200.61      -10134.89    10970.92       
11    19248.67     1939.44      19346.13       
12    -14279.64    5784.61      15406.81       
13    -79.28       17139.37     17139.56       
--------------------------------------------------------------------------------

TRANSFORMATION STATISTICS
--------------------------------------------------------------------------------
Transformation type: Affine (1st-order polynomial, 6 parameters)
Number of GCPs used: 13
Degrees of freedom:  10

Residual Errors:
  Mean error:       16180.24 m
  RMSE (total):     17302.75 m
  RMSE X:           12823.70 m
  RMSE Y:           11616.28 m
  Std deviation:     6130.66 m
  Maximum error:    29704.36 m
  Minimum error:     4288.88 m

Transformation Matrix:
  a (scale X):        1280.515490
  b (rotation):          8.305551
  c (translation X):     -3136106.52
  d (rotation):          2.621843
  e (scale Y):       -1278.217084
  f (translation Y):      2711411.30

Derived Parameters:
  Pixel size X:      1280.52 m/pixel
  Pixel size Y:      1278.22 m/pixel
  Rotation:           0.3716 degrees

QUALITY ASSESSMENT
--------------------------------------------------------------------------------
Overall quality: POOR (RMSE: 17302.75 m)

================================================================================