================================================================================
GEOREFERENCING REPORT
================================================================================
Date: 2026-06-26 00:01:05
Source Raster: atlas/1_introductory/2_history_of_exploration/5_main_expeditions_by_periods_p_7-12/maps/P_9_VI_V/P_9_VI_V.tiff
Target Raster: atlas/1_introductory/2_history_of_exploration/5_main_expeditions_by_periods_p_7-12/maps/P_9_VI_V.tiff
Tie Points: atlas/1_introductory/2_history_of_exploration/5_main_expeditions_by_periods_p_7-12/maps/P_9_VI_V/P_9_VI_V.gpkg

Target CRS: EPSG:3031
Number of tie points: 11
Source dimensions: 807 x 794 pixels
Source bands: 3

--------------------------------------------------------------------------------
CONTROL POINTS
--------------------------------------------------------------------------------
ID    Pixel X    Pixel Y    Map X        Map Y        Target X     Target Y    
--------------------------------------------------------------------------------
1     73.8       66.9       -2860096     2863546      -2553329     2142497     
2     398.7      490.3      -41396       -809214      0            0           
3     210.0      489.0      -1678241     -798265      -2194494     0           
4     401.0      300.5      -21931       836756       0            2194494     
5     588.3      491.9      1602749      -823204      2194494      0           
6     398.5      680.1      -43220       -2455792     0            -2194494    
7     22.1       486.6      -3308396     -776976      -4524538     0           
8     74.7       298.8      -2852196     851962       -3918365     2262269     
9     590.4      164.9      1620997      2013144      2262269      3918365     
10    726.3      679.2      2800427      -2447885     3918365      -2262269    
11    214.6      162.0      -1638704     2038691      -2262269     3918365     

--------------------------------------------------------------------------------
RESIDUAL ANALYSIS
--------------------------------------------------------------------------------
ID    dX (m)       dY (m)       Residual (m)   
--------------------------------------------------------------------------------
1     -877004.31   1827873.73   2027377.35     
2     3956.18      -34004.00    34233.36       
3     13259.38     -167197.64   167722.58      
4     178012.66    -319597.08   365828.92      
5     4128.23      96316.22     96404.65       
6     -146595.34   252456.40    291932.23      
7     167978.39    -287813.52   333246.70      
8     317634.94    -621992.39   698402.81      
9     215863.13    -533978.22   575959.74      
10    -266265.58   582826.42    640768.28      
11    389032.31    -794889.92   884983.69      
--------------------------------------------------------------------------------

TRANSFORMATION STATISTICS
--------------------------------------------------------------------------------
Transformation type: Affine (1st-order polynomial, 6 parameters)
Number of GCPs used: 11
Degrees of freedom:  8

Residual Errors:
  Mean error:      556078.21 m
  RMSE (total):    768247.14 m
  RMSE X:          333094.70 m
  RMSE Y:          692280.00 m
  Std deviation:   530076.12 m
  Maximum error:  2027377.35 m
  Minimum error:    34233.36 m

Transformation Matrix:
  a (scale X):       11585.155212
  b (rotation):       -780.259745
  c (translation X):     -4232811.74
  d (rotation):        773.058220
  e (scale Y):      -10050.582902
  f (translation Y):      4585464.71

Derived Parameters:
  Pixel size X:     11585.16 m/pixel
  Pixel size Y:     10050.58 m/pixel
  Rotation:          -3.8530 degrees

QUALITY ASSESSMENT
--------------------------------------------------------------------------------
Overall quality: POOR (RMSE: 768247.14 m)
WARNING: Point 1 has unusually high residual.
         Consider checking this control point.

================================================================================