================================================================================
GEOREFERENCING REPORT
================================================================================
Date: 2026-03-15 00:49:34
Source Raster: atlas/2_general/10_biology/40_terrestrial_biology_and_regionalization_p_132/maps/P_132_XII_V/P_132_XII_V.tiff
Target Raster: atlas/2_general/10_biology/40_terrestrial_biology_and_regionalization_p_132/maps/P_132_XII_V.tiff
Tie Points: atlas/2_general/10_biology/40_terrestrial_biology_and_regionalization_p_132/maps/P_132_XII_V/P_132_XII_V.gpkg

Target CRS: EPSG:3031
Number of tie points: 13
Source dimensions: 1266 x 1671 pixels
Source bands: 3

--------------------------------------------------------------------------------
CONTROL POINTS
--------------------------------------------------------------------------------
ID    Pixel X    Pixel Y    Map X        Map Y        Target X     Target Y    
--------------------------------------------------------------------------------
1     -49.7      151.9      -2860096     2863546      -2553329     2142497     
2     1322.6     158.0      2888687      2837927      2553329      2142497     
3     1317.9     1494.1     2869304      -2758760     2553329      -2142497    
4     -140.1     1338.4     -3238728     -2106642     -2886579     -1666567    
5     633.3      823.0      1147         52347        0            0           
6     37.9       820.0      -2492877     65103        -2194494     0           
7     638.6      127.6      23551        2965583      0            2194494     
8     1231.7     825.7      2508174      41032        2194494      0           
9     632.9      1516.7     -285         -2853438     0            -2194494    
10    633.6      1171.2     2389         -1406298     0            -1089179    
11    932.8      824.3      1255775      46768        1089179      0           
12    336.3      821.5      -1242710     58770        -1089179     0           
13    634.6      476.2      6667         1505155      0            1089179     

--------------------------------------------------------------------------------
RESIDUAL ANALYSIS
--------------------------------------------------------------------------------
ID    dX (m)       dY (m)       Residual (m)   
--------------------------------------------------------------------------------
1     7128.10      -15321.06    16898.07       
2     -9364.03     -14538.82    17293.42       
3     -11986.97    15032.29     19226.47       
4     18039.92     13403.10     22474.03       
5     -5490.22     -191.54      5493.57        
6     -19293.39    717.87       19306.74       
7     6778.99      20427.36     21522.82       
8     19821.94     41.43        19821.98       
9     790.08       -15070.82    15091.51       
10    -601.57      -20065.66    20074.68       
11    16219.97     -11.56       16219.98       
12    -17665.75    308.75       17668.45       
13    -4377.08     15268.66     15883.66       
--------------------------------------------------------------------------------

TRANSFORMATION STATISTICS
--------------------------------------------------------------------------------
Transformation type: Affine (1st-order polynomial, 6 parameters)
Number of GCPs used: 13
Degrees of freedom:  10

Residual Errors:
  Mean error:       17459.64 m
  RMSE (total):     17924.45 m
  RMSE X:           12539.70 m
  RMSE Y:           12807.88 m
  Std deviation:     4055.46 m
  Maximum error:    22474.03 m
  Minimum error:     5493.57 m

Transformation Matrix:
  a (scale X):        3709.129030
  b (rotation):         10.882244
  c (translation X):     -2363340.66
  d (rotation):         14.764071
  e (scale Y):       -3185.123954
  f (translation Y):      2611828.90

Derived Parameters:
  Pixel size X:      3709.13 m/pixel
  Pixel size Y:      3185.12 m/pixel
  Rotation:           0.1681 degrees

QUALITY ASSESSMENT
--------------------------------------------------------------------------------
Overall quality: POOR (RMSE: 17924.45 m)

================================================================================