================================================================================
GEOREFERENCING REPORT
================================================================================
Date: 2026-06-25 00:22:11
Source Raster: atlas/2_general/6_geology_and_relief/23_relief_and_bottom_sediments_p_64-72/maps/P_64-65_Ib/P_64-65_Ib.tiff
Target Raster: atlas/2_general/6_geology_and_relief/23_relief_and_bottom_sediments_p_64-72/maps/P_64-65_Ib.tiff
Tie Points: atlas/2_general/6_geology_and_relief/23_relief_and_bottom_sediments_p_64-72/maps/P_64-65_Ib/P_64-65_Ib.gpkg

Target CRS: EPSG:3031
Number of tie points: 13
Source dimensions: 8269 x 5171 pixels
Source bands: 3

--------------------------------------------------------------------------------
CONTROL POINTS
--------------------------------------------------------------------------------
ID    Pixel X    Pixel Y    Map X        Map Y        Target X     Target Y    
--------------------------------------------------------------------------------
1     755.9      -797.2     -2860096     2863546      -2553329     2142497     
2     7546.9     -766.9     2888687      2837927      2553329      2142497     
3     7524.0     5844.4     2869304      -2758760     2553329      -2142497    
4     308.6      5074.0     -3238728     -2106642     -2886579     -1666567    
5     4135.9     2523.7     1147         52347        0            0           
6     1189.7     2508.6     -2492877     65103        -2194494     0           
7     4162.3     -917.7     23551        2965583      0            2194494     
8     7097.4     2537.0     2508174      41032        2194494      0           
9     4134.2     5956.2     -285         -2853438     0            -2194494    
10    4137.3     4246.7     2389         -1406298     0            -1089179    
11    5617.9     2530.3     1255775      46768        1089179      0           
12    2666.5     2516.1     -1242710     58770        -1089179     0           
13    4142.4     807.5      6667         1505155      0            1089179     

--------------------------------------------------------------------------------
RESIDUAL ANALYSIS
--------------------------------------------------------------------------------
ID    dX (m)       dY (m)       Residual (m)   
--------------------------------------------------------------------------------
1     7128.10      -15321.06    16898.07       
2     -9364.03     -14538.82    17293.42       
3     -11986.97    15032.29     19226.47       
4     18039.92     13403.10     22474.03       
5     -5490.22     -191.54      5493.57        
6     -19293.39    717.87       19306.74       
7     6778.99      20427.36     21522.82       
8     19821.94     41.43        19821.98       
9     790.08       -15070.82    15091.51       
10    -601.57      -20065.66    20074.68       
11    16219.97     -11.56       16219.98       
12    -17665.75    308.75       17668.45       
13    -4377.08     15268.66     15883.66       
--------------------------------------------------------------------------------

TRANSFORMATION STATISTICS
--------------------------------------------------------------------------------
Transformation type: Affine (1st-order polynomial, 6 parameters)
Number of GCPs used: 13
Degrees of freedom:  10

Residual Errors:
  Mean error:       17459.64 m
  RMSE (total):     17924.45 m
  RMSE X:           12539.70 m
  RMSE Y:           12807.88 m
  Std deviation:     4055.46 m
  Maximum error:    22474.03 m
  Minimum error:     5493.57 m

Transformation Matrix:
  a (scale X):         749.541010
  b (rotation):          2.199085
  c (translation X):     -3111032.91
  d (rotation):          2.983524
  e (scale Y):        -643.650033
  f (translation Y):      1611825.28

Derived Parameters:
  Pixel size X:       749.54 m/pixel
  Pixel size Y:       643.65 m/pixel
  Rotation:           0.1681 degrees

QUALITY ASSESSMENT
--------------------------------------------------------------------------------
Overall quality: POOR (RMSE: 17924.45 m)

================================================================================