================================================================================
GEOREFERENCING REPORT
================================================================================
Date: 2026-03-13 09:21:19
Source Raster: atlas/2_general/9_waters_of_the_southern_ocean/37_sea_ice_and_icebergs_p_124-126/maps/P_125_III/P_125_III.tiff
Target Raster: atlas/2_general/9_waters_of_the_southern_ocean/37_sea_ice_and_icebergs_p_124-126/maps/P_125_III.tiff
Tie Points: atlas/2_general/9_waters_of_the_southern_ocean/37_sea_ice_and_icebergs_p_124-126/maps/P_125_III/P_125_III.gpkg

Target CRS: EPSG:3031
Number of tie points: 13
Source dimensions: 8258 x 4770 pixels
Source bands: 3

--------------------------------------------------------------------------------
CONTROL POINTS
--------------------------------------------------------------------------------
ID    Pixel X    Pixel Y    Map X        Map Y        Target X     Target Y    
--------------------------------------------------------------------------------
1     754.9      -993.2     -2860096     2863546      -2553329     2142497     
2     7536.8     -962.9     2888687      2837927      2553329      2142497     
3     7514.0     5639.5     2869304      -2758760     2553329      -2142497    
4     308.2      4870.2     -3238728     -2106642     -2886579     -1666567    
5     4130.4     2323.2     1147         52347        0            0           
6     1188.1     2308.2     -2492877     65103        -2194494     0           
7     4156.8     -1113.5    23551        2965583      0            2194494     
8     7087.9     2336.6     2508174      41032        2194494      0           
9     4128.7     5751.2     -285         -2853438     0            -2194494    
10    4131.8     4044.0     2389         -1406298     0            -1089179    
11    5610.5     2329.8     1255775      46768        1089179      0           
12    2663.0     2315.7     -1242710     58770        -1089179     0           
13    4136.9     609.3      6667         1505155      0            1089179     

--------------------------------------------------------------------------------
RESIDUAL ANALYSIS
--------------------------------------------------------------------------------
ID    dX (m)       dY (m)       Residual (m)   
--------------------------------------------------------------------------------
1     7128.10      -15321.06    16898.07       
2     -9364.03     -14538.82    17293.42       
3     -11986.97    15032.29     19226.47       
4     18039.92     13403.10     22474.03       
5     -5490.22     -191.54      5493.57        
6     -19293.39    717.87       19306.74       
7     6778.99      20427.36     21522.82       
8     19821.94     41.43        19821.98       
9     790.08       -15070.82    15091.51       
10    -601.57      -20065.66    20074.68       
11    16219.97     -11.56       16219.98       
12    -17665.75    308.75       17668.45       
13    -4377.08     15268.66     15883.66       
--------------------------------------------------------------------------------

TRANSFORMATION STATISTICS
--------------------------------------------------------------------------------
Transformation type: Affine (1st-order polynomial, 6 parameters)
Number of GCPs used: 13
Degrees of freedom:  10

Residual Errors:
  Mean error:       17459.64 m
  RMSE (total):     17924.45 m
  RMSE X:           12539.70 m
  RMSE Y:           12807.88 m
  Std deviation:     4055.46 m
  Maximum error:    22474.03 m
  Minimum error:     5493.57 m

Transformation Matrix:
  a (scale X):         750.539430
  b (rotation):          2.202014
  c (translation X):     -3110598.98
  d (rotation):          2.987499
  e (scale Y):        -644.507402
  f (translation Y):      1484818.27

Derived Parameters:
  Pixel size X:       750.54 m/pixel
  Pixel size Y:       644.51 m/pixel
  Rotation:           0.1681 degrees

QUALITY ASSESSMENT
--------------------------------------------------------------------------------
Overall quality: POOR (RMSE: 17924.45 m)

================================================================================