================================================================================
GEOREFERENCING REPORT
================================================================================
Date: 2026-06-16 00:21:10
Source Raster: atlas/3_regional/12_continent_and_islands/45_wilkes_land_p_152-168/maps/P_154-155_Ib/P_154-155_Ib.tiff
Target Raster: atlas/3_regional/12_continent_and_islands/45_wilkes_land_p_152-168/maps/P_154-155_Ib.tiff
Tie Points: atlas/3_regional/12_continent_and_islands/45_wilkes_land_p_152-168/maps/P_154-155_Ib/P_154-155_Ib.gpkg

Target CRS: EPSG:3031
Number of tie points: 13
Source dimensions: 8241 x 5178 pixels
Source bands: 3

--------------------------------------------------------------------------------
CONTROL POINTS
--------------------------------------------------------------------------------
ID    Pixel X    Pixel Y    Map X        Map Y        Target X     Target Y    
--------------------------------------------------------------------------------
1     753.3      -782.2     -2860096     2863546      -2553329     2142497     
2     7521.3     -752.1     2888687      2837927      2553329      2142497     
3     7498.5     5836.8     2869304      -2758760     2553329      -2142497    
4     307.6      5069.1     -3238728     -2106642     -2886579     -1666567    
5     4121.9     2527.4     1147         52347        0            0           
6     1185.7     2512.4     -2492877     65103        -2194494     0           
7     4148.2     -902.3     23551        2965583      0            2194494     
8     7073.3     2540.7     2508174      41032        2194494      0           
9     4120.2     5948.3     -285         -2853438     0            -2194494    
10    4123.3     4244.6     2389         -1406298     0            -1089179    
11    5598.9     2533.9     1255775      46768        1089179      0           
12    2657.5     2519.8     -1242710     58770        -1089179     0           
13    4128.3     817.0      6667         1505155      0            1089179     

--------------------------------------------------------------------------------
RESIDUAL ANALYSIS
--------------------------------------------------------------------------------
ID    dX (m)       dY (m)       Residual (m)   
--------------------------------------------------------------------------------
1     7128.10      -15321.06    16898.07       
2     -9364.03     -14538.82    17293.42       
3     -11986.97    15032.29     19226.47       
4     18039.92     13403.10     22474.03       
5     -5490.22     -191.54      5493.57        
6     -19293.39    717.87       19306.74       
7     6778.99      20427.36     21522.82       
8     19821.94     41.43        19821.98       
9     790.08       -15070.82    15091.51       
10    -601.57      -20065.66    20074.68       
11    16219.97     -11.56       16219.98       
12    -17665.75    308.75       17668.45       
13    -4377.08     15268.66     15883.66       
--------------------------------------------------------------------------------

TRANSFORMATION STATISTICS
--------------------------------------------------------------------------------
Transformation type: Affine (1st-order polynomial, 6 parameters)
Number of GCPs used: 13
Degrees of freedom:  10

Residual Errors:
  Mean error:       17459.64 m
  RMSE (total):     17924.45 m
  RMSE X:           12539.70 m
  RMSE Y:           12807.88 m
  Std deviation:     4055.46 m
  Maximum error:    22474.03 m
  Minimum error:     5493.57 m

Transformation Matrix:
  a (scale X):         752.087685
  b (rotation):          2.206556
  c (translation X):     -3111059.95
  d (rotation):          2.993661
  e (scale Y):        -645.836928
  f (translation Y):      1619739.92

Derived Parameters:
  Pixel size X:       752.09 m/pixel
  Pixel size Y:       645.84 m/pixel
  Rotation:           0.1681 degrees

QUALITY ASSESSMENT
--------------------------------------------------------------------------------
Overall quality: POOR (RMSE: 17924.45 m)

================================================================================