================================================================================
GEOREFERENCING REPORT
================================================================================
Date: 2026-06-25 00:21:58
Source Raster: atlas/2_general/5_aeronomy_and_physics_of_the_earth/21_seismology_p_55-57/maps/P_55-56_Ib/P_55-56_Ib.tiff
Target Raster: atlas/2_general/5_aeronomy_and_physics_of_the_earth/21_seismology_p_55-57/maps/P_55-56_Ib.tiff
Tie Points: atlas/2_general/5_aeronomy_and_physics_of_the_earth/21_seismology_p_55-57/maps/P_55-56_Ib/P_55-56_Ib.gpkg

Target CRS: EPSG:3031
Number of tie points: 13
Source dimensions: 8721 x 5183 pixels
Source bands: 3

--------------------------------------------------------------------------------
CONTROL POINTS
--------------------------------------------------------------------------------
ID    Pixel X    Pixel Y    Map X        Map Y        Target X     Target Y    
--------------------------------------------------------------------------------
1     797.2      -976.1     -2860096     2863546      -2553329     2142497     
2     7959.4     -944.2     2888687      2837927      2553329      2142497     
3     7935.2     6028.5     2869304      -2758760     2553329      -2142497    
4     325.5      5216.1     -3238728     -2106642     -2886579     -1666567    
5     4361.9     2526.3     1147         52347        0            0           
6     1254.7     2510.4     -2492877     65103        -2194494     0           
7     4389.8     -1103.2    23551        2965583      0            2194494     
8     7485.3     2540.4     2508174      41032        2194494      0           
9     4360.1     6146.5     -285         -2853438     0            -2194494    
10    4363.5     4343.5     2389         -1406298     0            -1089179    
11    5925.0     2533.2     1255775      46768        1089179      0           
12    2812.3     2518.3     -1242710     58770        -1089179     0           
13    4368.8     716.3      6667         1505155      0            1089179     

--------------------------------------------------------------------------------
RESIDUAL ANALYSIS
--------------------------------------------------------------------------------
ID    dX (m)       dY (m)       Residual (m)   
--------------------------------------------------------------------------------
1     7128.10      -15321.06    16898.07       
2     -9364.03     -14538.82    17293.42       
3     -11986.97    15032.29     19226.47       
4     18039.92     13403.10     22474.03       
5     -5490.22     -191.54      5493.57        
6     -19293.39    717.87       19306.74       
7     6778.99      20427.36     21522.82       
8     19821.94     41.43        19821.98       
9     790.08       -15070.82    15091.51       
10    -601.57      -20065.66    20074.68       
11    16219.97     -11.56       16219.98       
12    -17665.75    308.75       17668.45       
13    -4377.08     15268.66     15883.66       
--------------------------------------------------------------------------------

TRANSFORMATION STATISTICS
--------------------------------------------------------------------------------
Transformation type: Affine (1st-order polynomial, 6 parameters)
Number of GCPs used: 13
Degrees of freedom:  10

Residual Errors:
  Mean error:       17459.64 m
  RMSE (total):     17924.45 m
  RMSE X:           12539.70 m
  RMSE Y:           12807.88 m
  Std deviation:     4055.46 m
  Maximum error:    22474.03 m
  Minimum error:     5493.57 m

Transformation Matrix:
  a (scale X):         710.693110
  b (rotation):          2.085108
  c (translation X):     -3110750.73
  d (rotation):          2.828892
  e (scale Y):        -610.290348
  f (translation Y):      1529235.55

Derived Parameters:
  Pixel size X:       710.69 m/pixel
  Pixel size Y:       610.29 m/pixel
  Rotation:           0.1681 degrees

QUALITY ASSESSMENT
--------------------------------------------------------------------------------
Overall quality: POOR (RMSE: 17924.45 m)

================================================================================