================================================================================
GEOREFERENCING REPORT
================================================================================
Date: 2026-03-15 00:53:15
Source Raster: atlas/3_regional/12_continent_and_islands/47_ellsworth_land_and_antarctic_peninsula_p_172-177/maps/P_175_V/P_175_V.tiff
Target Raster: atlas/3_regional/12_continent_and_islands/47_ellsworth_land_and_antarctic_peninsula_p_172-177/maps/P_175_V.tiff
Tie Points: atlas/3_regional/12_continent_and_islands/47_ellsworth_land_and_antarctic_peninsula_p_172-177/maps/P_175_V/P_175_V.gpkg

Target CRS: EPSG:3031
Number of tie points: 13
Source dimensions: 8316 x 4922 pixels
Source bands: 3

--------------------------------------------------------------------------------
CONTROL POINTS
--------------------------------------------------------------------------------
ID    Pixel X    Pixel Y    Map X        Map Y        Target X     Target Y    
--------------------------------------------------------------------------------
1     760.2      -940.9     -2860096     2863546      -2553329     2142497     
2     7589.8     -910.5     2888687      2837927      2553329      2142497     
3     7566.7     5738.4     2869304      -2758760     2553329      -2142497    
4     310.4      4963.7     -3238728     -2106642     -2886579     -1666567    
5     4159.4     2398.8     1147         52347        0            0           
6     1196.5     2383.7     -2492877     65103        -2194494     0           
7     4186.0     -1062.1    23551        2965583      0            2194494     
8     7137.7     2412.3     2508174      41032        2194494      0           
9     4157.7     5850.9     -285         -2853438     0            -2194494    
10    4160.8     4131.7     2389         -1406298     0            -1089179    
11    5649.9     2405.4     1255775      46768        1089179      0           
12    2681.7     2391.2     -1242710     58770        -1089179     0           
13    4165.9     672.9      6667         1505155      0            1089179     

--------------------------------------------------------------------------------
RESIDUAL ANALYSIS
--------------------------------------------------------------------------------
ID    dX (m)       dY (m)       Residual (m)   
--------------------------------------------------------------------------------
1     7128.10      -15321.06    16898.07       
2     -9364.03     -14538.82    17293.42       
3     -11986.97    15032.29     19226.47       
4     18039.92     13403.10     22474.03       
5     -5490.22     -191.54      5493.57        
6     -19293.39    717.87       19306.74       
7     6778.99      20427.36     21522.82       
8     19821.94     41.43        19821.98       
9     790.08       -15070.82    15091.51       
10    -601.57      -20065.66    20074.68       
11    16219.97     -11.56       16219.98       
12    -17665.75    308.75       17668.45       
13    -4377.08     15268.66     15883.66       
--------------------------------------------------------------------------------

TRANSFORMATION STATISTICS
--------------------------------------------------------------------------------
Transformation type: Affine (1st-order polynomial, 6 parameters)
Number of GCPs used: 13
Degrees of freedom:  10

Residual Errors:
  Mean error:       17459.64 m
  RMSE (total):     17924.45 m
  RMSE X:           12539.70 m
  RMSE Y:           12807.88 m
  Std deviation:     4055.46 m
  Maximum error:    22474.03 m
  Minimum error:     5493.57 m

Transformation Matrix:
  a (scale X):         745.304787
  b (rotation):          2.186656
  c (translation X):     -3110728.53
  d (rotation):          2.966662
  e (scale Y):        -640.012281
  f (translation Y):      1522738.34

Derived Parameters:
  Pixel size X:       745.30 m/pixel
  Pixel size Y:       640.01 m/pixel
  Rotation:           0.1681 degrees

QUALITY ASSESSMENT
--------------------------------------------------------------------------------
Overall quality: POOR (RMSE: 17924.45 m)

================================================================================