================================================================================
GEOREFERENCING REPORT
================================================================================
Date: 2026-01-05 23:47:03
Source Raster: atlas/2_general/6_geology_and_relief/22_geology_p_58-63/maps/P_58-59_Ib_georeferencing/P_58-59_Ib.tiff
Target Raster: atlas/2_general/6_geology_and_relief/22_geology_p_58-63/maps/P_58-59_Ib.tiff
Tie Points: atlas/2_general/6_geology_and_relief/22_geology_p_58-63/maps/P_58-59_Ib_georeferencing/P_58-59_Ib.gpkg

Target CRS: EPSG:3031
Number of tie points: 13
Source dimensions: 8290 x 5160 pixels
Source bands: 3

--------------------------------------------------------------------------------
CONTROL POINTS
--------------------------------------------------------------------------------
ID    Pixel X    Pixel Y    Map X        Map Y        Target X     Target Y    
--------------------------------------------------------------------------------
1     757.8      -811.3     -2860096     2863546      -2553329     2142497     
2     7566.0     -780.9     2888687      2837927      2553329      2142497     
3     7543.1     5847.2     2869304      -2758760     2553329      -2142497    
4     309.4      5074.9     -3238728     -2106642     -2886579     -1666567    
5     4146.4     2518.0     1147         52347        0            0           
6     1192.7     2502.9     -2492877     65103        -2194494     0           
7     4172.9     -932.1     23551        2965583      0            2194494     
8     7115.4     2531.4     2508174      41032        2194494      0           
9     4144.7     5959.3     -285         -2853438     0            -2194494    
10    4147.8     4245.5     2389         -1406298     0            -1089179    
11    5632.2     2524.6     1255775      46768        1089179      0           
12    2673.3     2510.4     -1242710     58770        -1089179     0           
13    4152.9     797.5      6667         1505155      0            1089179     

--------------------------------------------------------------------------------
RESIDUAL ANALYSIS
--------------------------------------------------------------------------------
ID    dX (m)       dY (m)       Residual (m)   
--------------------------------------------------------------------------------
1     7128.10      -15321.06    16898.07       
2     -9364.03     -14538.82    17293.42       
3     -11986.97    15032.29     19226.47       
4     18039.92     13403.10     22474.03       
5     -5490.22     -191.54      5493.57        
6     -19293.39    717.87       19306.74       
7     6778.99      20427.36     21522.82       
8     19821.94     41.43        19821.98       
9     790.08       -15070.82    15091.51       
10    -601.57      -20065.66    20074.68       
11    16219.97     -11.56       16219.98       
12    -17665.75    308.75       17668.45       
13    -4377.08     15268.66     15883.66       
--------------------------------------------------------------------------------

TRANSFORMATION STATISTICS
--------------------------------------------------------------------------------
Transformation type: Polynomial (affine)
Number of GCPs used: 13

Residual Errors:
  Mean error:       17459.64 m
  RMSE (total):     17924.45 m
  RMSE X:           12539.70 m
  RMSE Y:           12807.88 m
  Std deviation:     4055.46 m
  Maximum error:    22474.03 m
  Minimum error:     5493.57 m

Transformation Matrix:
  a (scale X):         747.642293
  b (rotation):          2.193514
  c (translation X):     -3111006.44
  d (rotation):          2.975967
  e (scale Y):        -642.019557
  f (translation Y):      1604078.57

Derived Parameters:
  Pixel size X:       747.64 m/pixel
  Pixel size Y:       642.02 m/pixel
  Rotation:           0.1681 degrees

QUALITY ASSESSMENT
--------------------------------------------------------------------------------
Overall quality: POOR (RMSE: 17924.45 m)

================================================================================