================================================================================
GEOREFERENCING REPORT
================================================================================
Date: 2026-06-16 00:21:16
Source Raster: atlas/3_regional/12_continent_and_islands/47_ellsworth_land_and_antarctic_peninsula_p_172-177/maps/P_177_VII/P_177_VII.tiff
Target Raster: atlas/3_regional/12_continent_and_islands/47_ellsworth_land_and_antarctic_peninsula_p_172-177/maps/P_177_VII.tiff
Tie Points: atlas/3_regional/12_continent_and_islands/47_ellsworth_land_and_antarctic_peninsula_p_172-177/maps/P_177_VII/P_177_VII.gpkg

Target CRS: EPSG:3031
Number of tie points: 13
Source dimensions: 8225 x 4808 pixels
Source bands: 3

--------------------------------------------------------------------------------
CONTROL POINTS
--------------------------------------------------------------------------------
ID    Pixel X    Pixel Y    Map X        Map Y        Target X     Target Y    
--------------------------------------------------------------------------------
1     751.9      -960.7     -2860096     2863546      -2553329     2142497     
2     7506.7     -930.6     2888687      2837927      2553329      2142497     
3     7483.9     5645.5     2869304      -2758760     2553329      -2142497    
4     307.0      4879.3     -3238728     -2106642     -2886579     -1666567    
5     4113.8     2342.5     1147         52347        0            0           
6     1183.4     2327.5     -2492877     65103        -2194494     0           
7     4140.2     -1080.6    23551        2965583      0            2194494     
8     7059.6     2355.8     2508174      41032        2194494      0           
9     4112.2     5756.8     -285         -2853438     0            -2194494    
10    4115.3     4056.4     2389         -1406298     0            -1089179    
11    5588.0     2349.0     1255775      46768        1089179      0           
12    2652.3     2334.9     -1242710     58770        -1089179     0           
13    4120.3     635.4      6667         1505155      0            1089179     

--------------------------------------------------------------------------------
RESIDUAL ANALYSIS
--------------------------------------------------------------------------------
ID    dX (m)       dY (m)       Residual (m)   
--------------------------------------------------------------------------------
1     7128.10      -15321.06    16898.07       
2     -9364.03     -14538.82    17293.42       
3     -11986.97    15032.29     19226.47       
4     18039.92     13403.10     22474.03       
5     -5490.22     -191.54      5493.57        
6     -19293.39    717.87       19306.74       
7     6778.99      20427.36     21522.82       
8     19821.94     41.43        19821.98       
9     790.08       -15070.82    15091.51       
10    -601.57      -20065.66    20074.68       
11    16219.97     -11.56       16219.98       
12    -17665.75    308.75       17668.45       
13    -4377.08     15268.66     15883.66       
--------------------------------------------------------------------------------

TRANSFORMATION STATISTICS
--------------------------------------------------------------------------------
Transformation type: Affine (1st-order polynomial, 6 parameters)
Number of GCPs used: 13
Degrees of freedom:  10

Residual Errors:
  Mean error:       17459.64 m
  RMSE (total):     17924.45 m
  RMSE X:           12539.70 m
  RMSE Y:           12807.88 m
  Std deviation:     4055.46 m
  Maximum error:    22474.03 m
  Minimum error:     5493.57 m

Transformation Matrix:
  a (scale X):         753.550712
  b (rotation):          2.210849
  c (translation X):     -3110662.05
  d (rotation):          2.999485
  e (scale Y):        -647.093268
  f (translation Y):      1503280.33

Derived Parameters:
  Pixel size X:       753.55 m/pixel
  Pixel size Y:       647.09 m/pixel
  Rotation:           0.1681 degrees

QUALITY ASSESSMENT
--------------------------------------------------------------------------------
Overall quality: POOR (RMSE: 17924.45 m)

================================================================================