================================================================================
GEOREFERENCING REPORT
================================================================================
Date: 2026-06-30 23:10:30
Source Raster: atlas/2_general/5_aeronomy_and_physics_of_the_earth/15_ionosphere_p_25-30/maps/P_25_I_K/P_25_I_K.tiff
Target Raster: atlas/2_general/5_aeronomy_and_physics_of_the_earth/15_ionosphere_p_25-30/maps/P_25_I_K.tiff
Tie Points: atlas/2_general/5_aeronomy_and_physics_of_the_earth/15_ionosphere_p_25-30/maps/P_25_I_K/P_25_I_K.gpkg

Target CRS: EPSG:3031
Number of tie points: 20
Source dimensions: 1683 x 1822 pixels
Source bands: 3

--------------------------------------------------------------------------------
CONTROL POINTS
--------------------------------------------------------------------------------
ID    Pixel X    Pixel Y    Map X        Map Y        Target X     Target Y    
--------------------------------------------------------------------------------
1     798.8      874.9      -164057      138569       0            0           
2     512.4      873.4      -1264522     144266       -2194494     0           
3     800.3      589.2      -158120      1236517      0            2194494     
4     1085.1     877.0      936049       130595       2194494      0           
5     797.0      1160.6     -171072      -958778      0            -2194494    
6     798.0      1017.4     -166995      -408815      0            -1089179    
7     941.7      876.2      385127       133713       1089179      0           
8     655.9      874.1      -712880      141627       -1089179     0           
9     799.7      732.3      -160519      686554       0            1089179     
10    802.3      163.8      -150685      2870816      0            5791904     
11    795.5      1445.8     -176588      -2054627     0            -4524538    
12    794.5      1587.1     -180426      -2597634     0            -5791904    
13    581.5      1244.1     -999015      -1279930     -1666567     -2886579    
14    391.1      1276.4     -1730300     -1403689     -2908317     -3465997    
15    1293.7     1163.7     1737369      -970770      3918365      -2262269    
16    514.8      379.8      -1255168     2040955      -1547483     4251675     
17    226.6      872.4      -2362530     148343       -4524538     0           
18    86.1       871.5      -2902179     151941       -5791904     0           
19    1512.9     879.9      2579463      119562       5791904      0           
20    1227.6     877.9      1483494      127237       3333134      0           

--------------------------------------------------------------------------------
RESIDUAL ANALYSIS
--------------------------------------------------------------------------------
ID    dX (m)       dY (m)       Residual (m)   
--------------------------------------------------------------------------------
1     54689.50     20066.85     58254.78       
2     4955.13      16052.76     16800.14       
3     91744.53     148976.97    174960.56      
4     103638.36    19254.20     105411.74      
5     15446.90     -107590.22   108693.43      
6     36259.23     -49093.10    61031.67       
7     85438.66     17808.05     87274.81       
8     24633.19     18524.46     30821.26       
9     74356.28     90504.36     117131.95      
10    144044.22    9943.99      144387.05      
11    -20704.43    -96504.17    98700.19       
12    -40869.56    21771.78     46306.92       
13    -13841.07    -107168.97   108059.08      
14    -266332.17   199689.49    332879.43      
15    -10996.65    -37326.88    38913.01       
16    -579880.93   -221986.08   620918.44      
17    95747.01     8648.79      96136.84       
18    262599.80    8382.28      262733.55      
19    -142342.92   19903.39     143727.70      
20    81414.90     20142.04     83869.47       
--------------------------------------------------------------------------------

TRANSFORMATION STATISTICS
--------------------------------------------------------------------------------
Transformation type: Affine (1st-order polynomial, 6 parameters)
Number of GCPs used: 20
Degrees of freedom:  17

Residual Errors:
  Mean error:      136850.60 m
  RMSE (total):    191240.76 m
  RMSE X:          169194.15 m
  RMSE Y:           89142.41 m
  Std deviation:   133584.97 m
  Maximum error:   620918.44 m
  Minimum error:    16800.14 m

Transformation Matrix:
  a (scale X):        7835.474712
  b (rotation):        -87.299626
  c (translation X):     -6127894.02
  d (rotation):         56.095620
  e (scale Y):       -8129.742171
  f (translation Y):      7088232.27

Derived Parameters:
  Pixel size X:      7835.47 m/pixel
  Pixel size Y:      8129.74 m/pixel
  Rotation:          -0.6383 degrees

QUALITY ASSESSMENT
--------------------------------------------------------------------------------
Overall quality: POOR (RMSE: 191240.76 m)
WARNING: Point 16 has unusually high residual.
         Consider checking this control point.

================================================================================