================================================================================
GEOREFERENCING REPORT
================================================================================
Date: 2026-03-13 09:18:31
Source Raster: atlas/2_general/10_biology/40_terrestrial_biology_and_regionalization_p_132/maps/P_132_XII_B/P_132_XII_B.tiff
Target Raster: atlas/2_general/10_biology/40_terrestrial_biology_and_regionalization_p_132/maps/P_132_XII_B.tiff
Tie Points: atlas/2_general/10_biology/40_terrestrial_biology_and_regionalization_p_132/maps/P_132_XII_B/P_132_XII_B.gpkg

Target CRS: EPSG:3031
Number of tie points: 13
Source dimensions: 1376 x 1593 pixels
Source bands: 3

--------------------------------------------------------------------------------
CONTROL POINTS
--------------------------------------------------------------------------------
ID    Pixel X    Pixel Y    Map X        Map Y        Target X     Target Y    
--------------------------------------------------------------------------------
1     37.1       144.8      -2860096     2863546      -2553329     2142497     
2     1345.4     150.7      2888687      2837927      2553329      2142497     
3     1341.0     1424.3     2869304      -2758760     2553329      -2142497    
4     -49.0      1275.9     -3238728     -2106642     -2886579     -1666567    
5     688.3      784.6      1147         52347        0            0           
6     120.7      781.7      -2492877     65103        -2194494     0           
7     693.4      121.6      23551        2965583      0            2194494     
8     1258.8     787.2      2508174      41032        2194494      0           
9     687.9      1445.9     -285         -2853438     0            -2194494    
10    688.5      1116.5     2389         -1406298     0            -1089179    
11    973.8      785.9      1255775      46768        1089179      0           
12    405.2      783.1      -1242710     58770        -1089179     0           
13    689.5      454.0      6667         1505155      0            1089179     

--------------------------------------------------------------------------------
RESIDUAL ANALYSIS
--------------------------------------------------------------------------------
ID    dX (m)       dY (m)       Residual (m)   
--------------------------------------------------------------------------------
1     7128.10      -15321.06    16898.07       
2     -9364.03     -14538.82    17293.42       
3     -11986.97    15032.29     19226.47       
4     18039.92     13403.10     22474.03       
5     -5490.22     -191.54      5493.57        
6     -19293.39    717.87       19306.74       
7     6778.99      20427.36     21522.82       
8     19821.94     41.43        19821.98       
9     790.08       -15070.82    15091.51       
10    -601.57      -20065.66    20074.68       
11    16219.97     -11.56       16219.98       
12    -17665.75    308.75       17668.45       
13    -4377.08     15268.66     15883.66       
--------------------------------------------------------------------------------

TRANSFORMATION STATISTICS
--------------------------------------------------------------------------------
Transformation type: Affine (1st-order polynomial, 6 parameters)
Number of GCPs used: 13
Degrees of freedom:  10

Residual Errors:
  Mean error:       17459.64 m
  RMSE (total):     17924.45 m
  RMSE X:           12539.70 m
  RMSE Y:           12807.88 m
  Std deviation:     4055.46 m
  Maximum error:    22474.03 m
  Minimum error:     5493.57 m

Transformation Matrix:
  a (scale X):        3890.743634
  b (rotation):         11.415085
  c (translation X):     -2692293.60
  d (rotation):         15.486983
  e (scale Y):       -3341.081059
  f (translation Y):      2610519.51

Derived Parameters:
  Pixel size X:      3890.74 m/pixel
  Pixel size Y:      3341.08 m/pixel
  Rotation:           0.1681 degrees

QUALITY ASSESSMENT
--------------------------------------------------------------------------------
Overall quality: POOR (RMSE: 17924.45 m)

================================================================================