================================================================================
GEOREFERENCING REPORT
================================================================================
Date: 2026-06-16 00:20:51
Source Raster: atlas/2_general/6_geology_and_relief/23_relief_and_bottom_sediments_p_64-72/maps/P_67-68_IVb/P_67-68_IVb.tiff
Target Raster: atlas/2_general/6_geology_and_relief/23_relief_and_bottom_sediments_p_64-72/maps/P_67-68_IVb.tiff
Tie Points: atlas/2_general/6_geology_and_relief/23_relief_and_bottom_sediments_p_64-72/maps/P_67-68_IVb/P_67-68_IVb.gpkg

Target CRS: EPSG:3031
Number of tie points: 13
Source dimensions: 8289 x 5161 pixels
Source bands: 3

--------------------------------------------------------------------------------
CONTROL POINTS
--------------------------------------------------------------------------------
ID    Pixel X    Pixel Y    Map X        Map Y        Target X     Target Y    
--------------------------------------------------------------------------------
1     757.7      -810.3     -2860096     2863546      -2553329     2142497     
2     7565.1     -780.0     2888687      2837927      2553329      2142497     
3     7542.2     5847.3     2869304      -2758760     2553329      -2142497    
4     309.4      5075.1     -3238728     -2106642     -2886579     -1666567    
5     4145.9     2518.5     1147         52347        0            0           
6     1192.6     2503.4     -2492877     65103        -2194494     0           
7     4172.4     -931.2     23551        2965583      0            2194494     
8     7114.5     2531.9     2508174      41032        2194494      0           
9     4144.2     5959.4     -285         -2853438     0            -2194494    
10    4147.3     4245.8     2389         -1406298     0            -1089179    
11    5631.5     2525.1     1255775      46768        1089179      0           
12    2673.0     2510.9     -1242710     58770        -1089179     0           
13    4152.4     798.2      6667         1505155      0            1089179     

--------------------------------------------------------------------------------
RESIDUAL ANALYSIS
--------------------------------------------------------------------------------
ID    dX (m)       dY (m)       Residual (m)   
--------------------------------------------------------------------------------
1     7128.10      -15321.06    16898.07       
2     -9364.03     -14538.82    17293.42       
3     -11986.97    15032.29     19226.47       
4     18039.92     13403.10     22474.03       
5     -5490.22     -191.54      5493.57        
6     -19293.39    717.87       19306.74       
7     6778.99      20427.36     21522.82       
8     19821.94     41.43        19821.98       
9     790.08       -15070.82    15091.51       
10    -601.57      -20065.66    20074.68       
11    16219.97     -11.56       16219.98       
12    -17665.75    308.75       17668.45       
13    -4377.08     15268.66     15883.66       
--------------------------------------------------------------------------------

TRANSFORMATION STATISTICS
--------------------------------------------------------------------------------
Transformation type: Affine (1st-order polynomial, 6 parameters)
Number of GCPs used: 13
Degrees of freedom:  10

Residual Errors:
  Mean error:       17459.64 m
  RMSE (total):     17924.45 m
  RMSE X:           12539.70 m
  RMSE Y:           12807.88 m
  Std deviation:     4055.46 m
  Maximum error:    22474.03 m
  Minimum error:     5493.57 m

Transformation Matrix:
  a (scale X):         747.732490
  b (rotation):          2.193779
  c (translation X):     -3111008.22
  d (rotation):          2.976326
  e (scale Y):        -642.097011
  f (translation Y):      1604599.45

Derived Parameters:
  Pixel size X:       747.73 m/pixel
  Pixel size Y:       642.10 m/pixel
  Rotation:           0.1681 degrees

QUALITY ASSESSMENT
--------------------------------------------------------------------------------
Overall quality: POOR (RMSE: 17924.45 m)

================================================================================