================================================================================
GEOREFERENCING REPORT
================================================================================
Date: 2026-01-05 23:50:59
Source Raster: atlas/3_regional/13_southern_ocean/51_pacific_sector_ross_sea_and_bellingshausen_sea_p_208-225/maps/P_208-209_Ib_georeferencing/P_208-209_Ib.tiff
Target Raster: atlas/3_regional/13_southern_ocean/51_pacific_sector_ross_sea_and_bellingshausen_sea_p_208-225/maps/P_208-209_Ib.tiff
Tie Points: atlas/3_regional/13_southern_ocean/51_pacific_sector_ross_sea_and_bellingshausen_sea_p_208-225/maps/P_208-209_Ib_georeferencing/P_208-209_Ib.gpkg

Target CRS: EPSG:9354
Number of tie points: 13
Source dimensions: 7716 x 8259 pixels
Source bands: 3

--------------------------------------------------------------------------------
CONTROL POINTS
--------------------------------------------------------------------------------
ID    Pixel X    Pixel Y    Map X        Map Y        Target X     Target Y    
--------------------------------------------------------------------------------
1     551.4      819.0      -2802507     2805887      -2501917     2099358     
2     7197.6     848.6      2830522      2780785      2501917      2099358     
3     7175.2     7318.9     2811530      -2703212     2501917      -2099358    
4     113.7      6565.0     -3173516     -2064224     -2828457     -1633010    
5     3859.3     4069.0     1124         51293        0            0           
6     976.0      4054.2     -2442683     63792        -2150308     0           
7     3885.2     701.0      23077        2905870      0            2150308     
8     6757.7     4082.1     2457671      40206        2150308      0           
9     3857.7     7428.4     -280         -2795983     0            -2150308    
10    3860.8     5755.3     2341         -1377982     0            -1067249    
11    5309.8     4075.4     1230490      45826        1067249      0           
12    2421.3     4061.6     -1217687     57587        -1067249     0           
13    3865.7     2389.4     6532         1474848      0            1067249     

--------------------------------------------------------------------------------
RESIDUAL ANALYSIS
--------------------------------------------------------------------------------
ID    dX (m)       dY (m)       Residual (m)   
--------------------------------------------------------------------------------
1     6984.58      -15012.56    16557.82       
2     -9175.48     -14246.08    16945.21       
3     -11745.61    14729.61     18839.34       
4     17676.68     13133.22     22021.51       
5     -5379.68     -187.68      5382.95        
6     -18904.92    703.41       18918.00       
7     6642.50      20016.05     21089.46       
8     19422.82     40.60        19422.86       
9     774.17       -14767.36    14787.64       
10    -589.45      -19661.64    19670.47       
11    15893.38     -11.33       15893.38       
12    -17310.04    302.53       17312.69       
13    -4288.94     14961.22     15563.84       
--------------------------------------------------------------------------------

TRANSFORMATION STATISTICS
--------------------------------------------------------------------------------
Transformation type: Polynomial (affine)
Number of GCPs used: 13

Residual Errors:
  Mean error:       17108.09 m
  RMSE (total):     17563.54 m
  RMSE X:           12287.21 m
  RMSE Y:           12549.99 m
  Std deviation:     3973.81 m
  Maximum error:    22021.51 m
  Minimum error:     5382.95 m

Transformation Matrix:
  a (scale X):         750.448554
  b (rotation):          2.201747
  c (translation X):     -2910564.25
  d (rotation):          2.987137
  e (scale Y):        -644.429365
  f (translation Y):      2610455.52

Derived Parameters:
  Pixel size X:       750.45 m/pixel
  Pixel size Y:       644.43 m/pixel
  Rotation:           0.1681 degrees

QUALITY ASSESSMENT
--------------------------------------------------------------------------------
Overall quality: POOR (RMSE: 17563.54 m)

================================================================================