================================================================================
GEOREFERENCING REPORT
================================================================================
Date: 2026-01-05 23:49:54
Source Raster: atlas/3_regional/12_continent_and_islands/47_ellsworth_land_and_antarctic_peninsula_p_172-177/maps/P_174_III_A_georeferencing/P_174_III_A.tiff
Target Raster: atlas/3_regional/12_continent_and_islands/47_ellsworth_land_and_antarctic_peninsula_p_172-177/maps/P_174_III_A.tiff
Tie Points: atlas/3_regional/12_continent_and_islands/47_ellsworth_land_and_antarctic_peninsula_p_172-177/maps/P_174_III_A_georeferencing/P_174_III_A.gpkg

Target CRS: EPSG:3031
Number of tie points: 13
Source dimensions: 1260 x 2389 pixels
Source bands: 3

--------------------------------------------------------------------------------
CONTROL POINTS
--------------------------------------------------------------------------------
ID    Pixel X    Pixel Y    Map X        Map Y        Target X     Target Y    
--------------------------------------------------------------------------------
1     -346.1     217.2      -2860096     2863546      -2553329     2142497     
2     1615.9     226.0      2888687      2837927      2553329      2142497     
3     1609.3     2136.0     2869304      -2758760     2553329      -2142497    
4     -475.3     1913.5     -3238728     -2106642     -2886579     -1666567    
5     630.4      1176.6     1147         52347        0            0           
6     -220.8     1172.3     -2492877     65103        -2194494     0           
7     638.0      182.4      23551        2965583      0            2194494     
8     1486.0     1180.5     2508174      41032        2194494      0           
9     629.9      2168.3     -285         -2853438     0            -2194494    
10    630.8      1674.4     2389         -1406298     0            -1089179    
11    1058.6     1178.5     1255775      46768        1089179      0           
12    205.9      1174.4     -1242710     58770        -1089179     0           
13    632.3      680.8      6667         1505155      0            1089179     

--------------------------------------------------------------------------------
RESIDUAL ANALYSIS
--------------------------------------------------------------------------------
ID    dX (m)       dY (m)       Residual (m)   
--------------------------------------------------------------------------------
1     7128.10      -15321.06    16898.07       
2     -9364.03     -14538.82    17293.42       
3     -11986.97    15032.29     19226.47       
4     18039.92     13403.10     22474.03       
5     -5490.22     -191.54      5493.57        
6     -19293.39    717.87       19306.74       
7     6778.99      20427.36     21522.82       
8     19821.94     41.43        19821.98       
9     790.08       -15070.82    15091.51       
10    -601.57      -20065.66    20074.68       
11    16219.97     -11.56       16219.98       
12    -17665.75    308.75       17668.45       
13    -4377.08     15268.66     15883.66       
--------------------------------------------------------------------------------

TRANSFORMATION STATISTICS
--------------------------------------------------------------------------------
Transformation type: Polynomial (affine)
Number of GCPs used: 13

Residual Errors:
  Mean error:       17459.64 m
  RMSE (total):     17924.45 m
  RMSE X:           12539.70 m
  RMSE Y:           12807.88 m
  Std deviation:     4055.46 m
  Maximum error:    22474.03 m
  Minimum error:     5493.57 m

Transformation Matrix:
  a (scale X):        2594.371958
  b (rotation):          7.611649
  c (translation X):     -1649916.32
  d (rotation):         10.326816
  e (scale Y):       -2227.853548
  f (translation Y):      2614668.66

Derived Parameters:
  Pixel size X:      2594.37 m/pixel
  Pixel size Y:      2227.85 m/pixel
  Rotation:           0.1681 degrees

QUALITY ASSESSMENT
--------------------------------------------------------------------------------
Overall quality: POOR (RMSE: 17924.45 m)

================================================================================