================================================================================
GEOREFERENCING REPORT
================================================================================
Date: 2026-07-01 23:51:27
Source Raster: atlas/2_general/5_aeronomy_and_physics_of_the_earth/15_ionosphere_p_25-30/maps/P_25_I_Z/P_25_I_Z.tiff
Target Raster: atlas/2_general/5_aeronomy_and_physics_of_the_earth/15_ionosphere_p_25-30/maps/P_25_I_Z.tiff
Tie Points: atlas/2_general/5_aeronomy_and_physics_of_the_earth/15_ionosphere_p_25-30/maps/P_25_I_Z/P_25_I_Z.gpkg

Target CRS: EPSG:3031
Number of tie points: 17
Source dimensions: 1596 x 1816 pixels
Source bands: 3

--------------------------------------------------------------------------------
CONTROL POINTS
--------------------------------------------------------------------------------
ID    Pixel X    Pixel Y    Map X        Map Y        Target X     Target Y    
--------------------------------------------------------------------------------
1     766.2      889.9      -122659      69880        0            0           
2     477.3      887.8      -1236176     77967        -2194494     0           
3     768.4      601.2      -114105      1182619      0            2194494     
4     1053.6     891.6      985260       63037        2194494      0           
5     763.8      1176.7     -131990      -1035862     0            -2194494    
6     765.0      1032.9     -127013      -481280      0            -1089179    
7     908.6      890.7      426324       66769        1089179      0           
8     622.5      888.8      -676618      74079        -1089179     0           
9     766.7      746.6      -120637      622128       0            1089179     
10    771.7      175.9      -101508      2821791      0            5791904     
11    1479.3     894.3      2625987      52617        5791904      0           
12    760.4      1603.0     -144742      -2678921     0            -5791904    
13    51.5       884.7      -2877525     89631        -5791904     0           
14    1071.3     588.7      1053377      1230830      2356882      2356882     
15    1067.1     1194.3     1037359      -1103668     2356882      -2356882    
16    459.3      1190.3     -1305382     -1088116     -2356882     -2356882    
17    465.3      583.4      -1282520     1251203      -2356882     2356882     

--------------------------------------------------------------------------------
RESIDUAL ANALYSIS
--------------------------------------------------------------------------------
ID    dX (m)       dY (m)       Residual (m)   
--------------------------------------------------------------------------------
1     3354.11      -3231.83     4657.76        
2     -104119.47   -2490.77     104149.26      
3     2798.88      104227.92    104265.49      
4     99233.82     -1479.59     99244.85       
5     2187.21      -96225.81    96250.66       
6     3385.59      -54253.22    54358.75       
7     49069.00     -1783.74     49101.41       
8     -52666.16    -2499.39     52725.44       
9     -1517.50     50008.04     50031.06       
10    1974.47      -102183.14   102202.21      
11    -106334.33   523.37       106335.62      
12    2753.86      102140.28    102177.40      
13    100142.35    -1928.98     100160.92      
14    58517.78     58333.09     82626.15       
15    63665.36     -57314.25    85663.30       
16    -65681.87    -58780.28    88143.23       
17    -56763.10    66938.30     87765.52       
--------------------------------------------------------------------------------

TRANSFORMATION STATISTICS
--------------------------------------------------------------------------------
Transformation type: Affine (1st-order polynomial, 6 parameters)
Number of GCPs used: 17
Degrees of freedom:  14

Residual Errors:
  Mean error:       80579.94 m
  RMSE (total):     85186.64 m
  RMSE X:           60521.30 m
  RMSE Y:           59949.44 m
  Std deviation:    27633.96 m
  Maximum error:   106335.62 m
  Minimum error:     4657.76 m

Transformation Matrix:
  a (scale X):        7968.187944
  b (rotation):         63.174266
  c (translation X):     -6157919.82
  d (rotation):         55.344565
  e (scale Y):       -7973.741993
  f (translation Y):      7049968.01

Derived Parameters:
  Pixel size X:      7968.19 m/pixel
  Pixel size Y:      7973.74 m/pixel
  Rotation:           0.4542 degrees

QUALITY ASSESSMENT
--------------------------------------------------------------------------------
Overall quality: POOR (RMSE: 85186.64 m)

================================================================================