================================================================================
GEOREFERENCING REPORT
================================================================================
Date: 2026-06-26 00:01:05
Source Raster: atlas/1_introductory/2_history_of_exploration/5_main_expeditions_by_periods_p_7-12/maps/P_9_VI_B/P_9_VI_B.tiff
Target Raster: atlas/1_introductory/2_history_of_exploration/5_main_expeditions_by_periods_p_7-12/maps/P_9_VI_B.tiff
Tie Points: atlas/1_introductory/2_history_of_exploration/5_main_expeditions_by_periods_p_7-12/maps/P_9_VI_B/P_9_VI_B.gpkg

Target CRS: EPSG:3031
Number of tie points: 4
Source dimensions: 1638 x 2212 pixels
Source bands: 3

--------------------------------------------------------------------------------
CONTROL POINTS
--------------------------------------------------------------------------------
ID    Pixel X    Pixel Y    Map X        Map Y        Target X     Target Y    
--------------------------------------------------------------------------------
1     499.8      2104.0     -1010060     -3158340     -2592144     943463      
2     744.5      1540.7     -235737      -1375510     -2500052     1165793     
3     1030.3     1001.8     668756       329765       -2388933     1379251     
4     1367.6     485.6      1735960      1963266      -2259633     1582212     

--------------------------------------------------------------------------------
RESIDUAL ANALYSIS
--------------------------------------------------------------------------------
ID    dX (m)       dY (m)       Residual (m)   
--------------------------------------------------------------------------------
1     -264.64      -122.88      291.77         
2     757.59       351.78       835.28         
3     -718.74      -333.74      792.44         
4     225.78       104.84       248.94         
--------------------------------------------------------------------------------

TRANSFORMATION STATISTICS
--------------------------------------------------------------------------------
Transformation type: Affine (1st-order polynomial, 6 parameters)
Number of GCPs used: 4
Degrees of freedom:  1

Residual Errors:
  Mean error:         542.11 m
  RMSE (total):       606.79 m
  RMSE X:             550.35 m
  RMSE Y:             255.55 m
  Std deviation:      272.59 m
  Maximum error:      835.28 m
  Minimum error:      248.94 m

Transformation Matrix:
  a (scale X):         397.449038
  b (rotation):          7.341404
  c (translation X):     -2806508.49
  d (rotation):         -6.575459
  e (scale Y):        -398.338537
  f (translation Y):      1784745.31

Derived Parameters:
  Pixel size X:       397.45 m/pixel
  Pixel size Y:       398.34 m/pixel
  Rotation:           1.0582 degrees

QUALITY ASSESSMENT
--------------------------------------------------------------------------------
Overall quality: ACCEPTABLE (RMSE: 606.79 m)

================================================================================