================================================================================
GEOREFERENCING REPORT
================================================================================
Date: 2026-01-05 23:51:26
Source Raster: atlas/3_regional/13_southern_ocean/51_pacific_sector_ross_sea_and_bellingshausen_sea_p_208-225/maps/P_219_IX_V_georeferencing/P_219_IX_V.tiff
Target Raster: atlas/3_regional/13_southern_ocean/51_pacific_sector_ross_sea_and_bellingshausen_sea_p_208-225/maps/P_219_IX_V.tiff
Tie Points: atlas/3_regional/13_southern_ocean/51_pacific_sector_ross_sea_and_bellingshausen_sea_p_208-225/maps/P_219_IX_V_georeferencing/P_219_IX_V.gpkg

Target CRS: EPSG:9354
Number of tie points: 13
Source dimensions: 4144 x 2387 pixels
Source bands: 3

--------------------------------------------------------------------------------
CONTROL POINTS
--------------------------------------------------------------------------------
ID    Pixel X    Pixel Y    Map X        Map Y        Target X     Target Y    
--------------------------------------------------------------------------------
1     412.9      -467.6     -2802507     2805887      -2501917     2099358     
2     3747.7     -452.7     2830522      2780785      2501917      2099358     
3     3736.4     2793.8     2811530      -2703212     2501917      -2099358    
4     193.3      2415.5     -3173516     -2064224     -2828457     -1633010    
5     2072.7     1163.1     1124         51293        0            0           
6     625.9      1155.7     -2442683     63792        -2150308     0           
7     2085.7     -526.8     23077        2905870      0            2150308     
8     3526.9     1169.7     2457671      40206        2150308      0           
9     2071.8     2848.7     -280         -2795983     0            -2150308    
10    2073.4     2009.3     2341         -1377982     0            -1067249    
11    2800.4     1166.4     1230490      45826        1067249      0           
12    1351.1     1159.4     -1217687     57587        -1067249     0           
13    2075.9     320.4      6532         1474848      0            1067249     

--------------------------------------------------------------------------------
RESIDUAL ANALYSIS
--------------------------------------------------------------------------------
ID    dX (m)       dY (m)       Residual (m)   
--------------------------------------------------------------------------------
1     6984.58      -15012.56    16557.82       
2     -9175.48     -14246.08    16945.21       
3     -11745.61    14729.61     18839.34       
4     17676.68     13133.22     22021.51       
5     -5379.68     -187.68      5382.95        
6     -18904.92    703.41       18918.00       
7     6642.50      20016.05     21089.46       
8     19422.82     40.60        19422.86       
9     774.17       -14767.36    14787.64       
10    -589.45      -19661.64    19670.47       
11    15893.38     -11.33       15893.38       
12    -17310.04    302.53       17312.69       
13    -4288.94     14961.22     15563.84       
--------------------------------------------------------------------------------

TRANSFORMATION STATISTICS
--------------------------------------------------------------------------------
Transformation type: Polynomial (affine)
Number of GCPs used: 13

Residual Errors:
  Mean error:       17108.09 m
  RMSE (total):     17563.54 m
  RMSE X:           12287.21 m
  RMSE Y:           12549.99 m
  Std deviation:     3973.81 m
  Maximum error:    22021.51 m
  Minimum error:     5382.95 m

Transformation Matrix:
  a (scale X):        1495.645417
  b (rotation):          4.388086
  c (translation X):     -3110456.10
  d (rotation):          5.953369
  e (scale Y):       -1284.348969
  f (translation Y):      1481343.95

Derived Parameters:
  Pixel size X:      1495.65 m/pixel
  Pixel size Y:      1284.35 m/pixel
  Rotation:           0.1681 degrees

QUALITY ASSESSMENT
--------------------------------------------------------------------------------
Overall quality: POOR (RMSE: 17563.54 m)

================================================================================