================================================================================
GEOREFERENCING REPORT
================================================================================
Date: 2026-06-25 00:22:41
Source Raster: atlas/2_general/7_climate/26_atmospheric_pressure_and_winds_p_79-86/maps/P_84_VI/P_84_VI.tiff
Target Raster: atlas/2_general/7_climate/26_atmospheric_pressure_and_winds_p_79-86/maps/P_84_VI.tiff
Tie Points: atlas/2_general/7_climate/26_atmospheric_pressure_and_winds_p_79-86/maps/P_84_VI/P_84_VI.gpkg

Target CRS: EPSG:3031
Number of tie points: 13
Source dimensions: 3727 x 3709 pixels
Source bands: 3

--------------------------------------------------------------------------------
CONTROL POINTS
--------------------------------------------------------------------------------
ID    Pixel X    Pixel Y    Map X        Map Y        Target X     Target Y    
--------------------------------------------------------------------------------
1     340.7      329.9      -2860096     2863546      -2553329     2142497     
2     3401.5     343.5      2888687      2837927      2553329      2142497     
3     3391.2     3323.3     2869304      -2758760     2553329      -2142497    
4     139.1      2976.1     -3238728     -2106642     -2886579     -1666567    
5     1864.1     1826.6     1147         52347        0            0           
6     536.2      1819.8     -2492877     65103        -2194494     0           
7     1876.0     275.5      23551        2965583      0            2194494     
8     3198.9     1832.7     2508174      41032        2194494      0           
9     1863.3     3373.8     -285         -2853438     0            -2194494    
10    1864.8     2603.3     2389         -1406298     0            -1089179    
11    2532.1     1829.6     1255775      46768        1089179      0           
12    1201.8     1823.2     -1242710     58770        -1089179     0           
13    1867.0     1053.1     6667         1505155      0            1089179     

--------------------------------------------------------------------------------
RESIDUAL ANALYSIS
--------------------------------------------------------------------------------
ID    dX (m)       dY (m)       Residual (m)   
--------------------------------------------------------------------------------
1     7128.10      -15321.06    16898.07       
2     -9364.03     -14538.82    17293.42       
3     -11986.97    15032.29     19226.47       
4     18039.92     13403.10     22474.03       
5     -5490.22     -191.54      5493.57        
6     -19293.39    717.87       19306.74       
7     6778.99      20427.36     21522.82       
8     19821.94     41.43        19821.98       
9     790.08       -15070.82    15091.51       
10    -601.57      -20065.66    20074.68       
11    16219.97     -11.56       16219.98       
12    -17665.75    308.75       17668.45       
13    -4377.08     15268.66     15883.66       
--------------------------------------------------------------------------------

TRANSFORMATION STATISTICS
--------------------------------------------------------------------------------
Transformation type: Affine (1st-order polynomial, 6 parameters)
Number of GCPs used: 13
Degrees of freedom:  10

Residual Errors:
  Mean error:       17459.64 m
  RMSE (total):     17924.45 m
  RMSE X:           12539.70 m
  RMSE Y:           12807.88 m
  Std deviation:     4055.46 m
  Maximum error:    22474.03 m
  Minimum error:     5493.57 m

Transformation Matrix:
  a (scale X):        1662.987553
  b (rotation):          4.879053
  c (translation X):     -3114395.38
  d (rotation):          6.619470
  e (scale Y):       -1428.049940
  f (translation Y):      2595986.73

Derived Parameters:
  Pixel size X:      1662.99 m/pixel
  Pixel size Y:      1428.05 m/pixel
  Rotation:           0.1681 degrees

QUALITY ASSESSMENT
--------------------------------------------------------------------------------
Overall quality: POOR (RMSE: 17924.45 m)

================================================================================