================================================================================
GEOREFERENCING REPORT
================================================================================
Date: 2026-01-06 16:21:00
Source Raster: atlas/2_general/5_aeronomy_and_physics_of_the_earth/18_geomagnetism_p_34-41/maps/P_34_I_georeferencing/P_34_I.tiff
Target Raster: atlas/2_general/5_aeronomy_and_physics_of_the_earth/18_geomagnetism_p_34-41/maps/P_34_I.tiff
Tie Points: atlas/2_general/5_aeronomy_and_physics_of_the_earth/18_geomagnetism_p_34-41/maps/P_34_I_georeferencing/P_34_I.gpkg

Target CRS: EPSG:3031
Number of tie points: 13
Source dimensions: 4119 x 4818 pixels
Source bands: 3

--------------------------------------------------------------------------------
CONTROL POINTS
--------------------------------------------------------------------------------
ID    Pixel X    Pixel Y    Map X        Map Y        Target X     Target Y    
--------------------------------------------------------------------------------
1     996.9      1623.8     -1543821     1140824      -2553329     2142497     
2     2973.2     1624.1     1327567      1140369      2553329      2142497     
3     2975.7     3282.0     1331185      -1268303     2553329      -2142497    
4     870.8      3105.0     -1727071     -1011220     -2886579     -1666567    
5     1987.2     2455.6     -105099      -67723       0            0           
6     1125.0     2457.9     -1357747     -71011       -2194494     0           
7     1985.9     1594.0     -106887      1184167      0            2194494     
8     2848.2     2453.8     1145849      -65075       2194494      0           
9     1987.4     3319.0     -104688      -1322177     0            -2194494    
10    1986.4     2884.7     -106174      -691183      0            -1089179    
11    2416.8     2454.0     519064       -65434       1089179      0           
12    1558.6     2456.3     -727802      -68774       -1089179     0           
13    1986.7     2025.0     -105730      557868       0            1089179     

--------------------------------------------------------------------------------
RESIDUAL ANALYSIS
--------------------------------------------------------------------------------
ID    dX (m)       dY (m)       Residual (m)   
--------------------------------------------------------------------------------
1     9443.60      -5472.16     10914.50       
2     -13520.37    -16997.13    21718.72       
3     -11964.62    18622.04     22134.42       
4     13920.54     7656.68      15887.30       
5     890.03       -456.61      1000.32        
6     -22394.01    -1580.35     22449.71       
7     245.65       13630.60     13632.82       
8     21161.36     -457.20      21166.30       
9     -909.49      -19062.13    19083.82       
10    -2270.52     -11177.57    11405.84       
11    16773.83     1250.71      16820.39       
12    -12407.32    13.86        12407.33       
13    1031.33      14029.27     14067.12       
--------------------------------------------------------------------------------

TRANSFORMATION STATISTICS
--------------------------------------------------------------------------------
Transformation type: Polynomial (affine)
Number of GCPs used: 13

Residual Errors:
  Mean error:       15591.43 m
  RMSE (total):     16643.46 m
  RMSE X:           12407.85 m
  RMSE Y:           11092.78 m
  Std deviation:     5823.40 m
  Maximum error:    22449.71 m
  Minimum error:     1000.32 m

Transformation Matrix:
  a (scale X):        2572.283824
  b (rotation):         -2.926295
  c (translation X):     -5103469.21
  d (rotation):         -5.425275
  e (scale Y):       -2563.168685
  f (translation Y):      6304473.62

Derived Parameters:
  Pixel size X:      2572.28 m/pixel
  Pixel size Y:      2563.17 m/pixel
  Rotation:          -0.0652 degrees

QUALITY ASSESSMENT
--------------------------------------------------------------------------------
Overall quality: POOR (RMSE: 16643.46 m)

================================================================================