================================================================================
GEOREFERENCING REPORT
================================================================================
Date: 2026-01-05 23:47:48
Source Raster: atlas/2_general/7_climate/26_atmospheric_pressure_and_winds_p_79-86/maps/P_86_IV_georeferencing/P_86_IV.tiff
Target Raster: atlas/2_general/7_climate/26_atmospheric_pressure_and_winds_p_79-86/maps/P_86_IV.tiff
Tie Points: atlas/2_general/7_climate/26_atmospheric_pressure_and_winds_p_79-86/maps/P_86_IV_georeferencing/P_86_IV.gpkg

Target CRS: EPSG:3031
Number of tie points: 13
Source dimensions: 4184 x 4801 pixels
Source bands: 3

--------------------------------------------------------------------------------
CONTROL POINTS
--------------------------------------------------------------------------------
ID    Pixel X    Pixel Y    Map X        Map Y        Target X     Target Y    
--------------------------------------------------------------------------------
1     130.4      436.5      -2860096     2863546      -2553329     2142497     
2     4073.2     454.1      2888687      2837927      2553329      2142497     
3     4059.9     4292.6     2869304      -2758760     2553329      -2142497    
4     -129.3     3845.4     -3238728     -2106642     -2886579     -1666567    
5     2092.8     2364.6     1147         52347        0            0           
6     382.2      2355.8     -2492877     65103        -2194494     0           
7     2108.2     366.5      23551        2965583      0            2194494     
8     3812.2     2372.4     2508174      41032        2194494      0           
9     2091.8     4357.6     -285         -2853438     0            -2194494    
10    2093.6     3365.0     2389         -1406298     0            -1089179    
11    2953.3     2368.4     1255775      46768        1089179      0           
12    1239.7     2360.2     -1242710     58770        -1089179     0           
13    2096.6     1368.2     6667         1505155      0            1089179     

--------------------------------------------------------------------------------
RESIDUAL ANALYSIS
--------------------------------------------------------------------------------
ID    dX (m)       dY (m)       Residual (m)   
--------------------------------------------------------------------------------
1     7128.10      -15321.06    16898.07       
2     -9364.03     -14538.82    17293.42       
3     -11986.97    15032.29     19226.47       
4     18039.92     13403.10     22474.03       
5     -5490.22     -191.54      5493.57        
6     -19293.39    717.87       19306.74       
7     6778.99      20427.36     21522.82       
8     19821.94     41.43        19821.98       
9     790.08       -15070.82    15091.51       
10    -601.57      -20065.66    20074.68       
11    16219.97     -11.56       16219.98       
12    -17665.75    308.75       17668.45       
13    -4377.08     15268.66     15883.66       
--------------------------------------------------------------------------------

TRANSFORMATION STATISTICS
--------------------------------------------------------------------------------
Transformation type: Polynomial (affine)
Number of GCPs used: 13

Residual Errors:
  Mean error:       17459.64 m
  RMSE (total):     17924.45 m
  RMSE X:           12539.70 m
  RMSE Y:           12807.88 m
  Std deviation:     4055.46 m
  Maximum error:    22474.03 m
  Minimum error:     5493.57 m

Transformation Matrix:
  a (scale X):        1290.971591
  b (rotation):          3.787592
  c (translation X):     -2716174.55
  d (rotation):          5.138672
  e (scale Y):       -1108.590320
  f (translation Y):      2610424.46

Derived Parameters:
  Pixel size X:      1290.97 m/pixel
  Pixel size Y:      1108.59 m/pixel
  Rotation:           0.1681 degrees

QUALITY ASSESSMENT
--------------------------------------------------------------------------------
Overall quality: POOR (RMSE: 17924.45 m)

================================================================================