================================================================================
GEOREFERENCING REPORT
================================================================================
Date: 2026-03-15 00:50:09
Source Raster: atlas/2_general/5_aeronomy_and_physics_of_the_earth/18_geomagnetism_p_34-41/maps/P_38_VI/P_38_VI.tiff
Target Raster: atlas/2_general/5_aeronomy_and_physics_of_the_earth/18_geomagnetism_p_34-41/maps/P_38_VI.tiff
Tie Points: atlas/2_general/5_aeronomy_and_physics_of_the_earth/18_geomagnetism_p_34-41/maps/P_38_VI/P_38_VI.gpkg

Target CRS: EPSG:3031
Number of tie points: 13
Source dimensions: 2010 x 2367 pixels
Source bands: 3

--------------------------------------------------------------------------------
CONTROL POINTS
--------------------------------------------------------------------------------
ID    Pixel X    Pixel Y    Map X        Map Y        Target X     Target Y    
--------------------------------------------------------------------------------
1     37.9       215.2      -2860096     2863546      -2553329     2142497     
2     1981.8     223.9      2888687      2837927      2553329      2142497     
3     1975.2     2116.4     2869304      -2758760     2553329      -2142497    
4     -90.2      1895.8     -3238728     -2106642     -2886579     -1666567    
5     1005.4     1165.8     1147         52347        0            0           
6     162.1      1161.5     -2492877     65103        -2194494     0           
7     1013.0     180.7      23551        2965583      0            2194494     
8     1853.1     1169.6     2508174      41032        2194494      0           
9     1004.9     2148.4     -285         -2853438     0            -2194494    
10    1005.8     1659.0     2389         -1406298     0            -1089179    
11    1429.6     1167.7     1255775      46768        1089179      0           
12    584.8      1163.6     -1242710     58770        -1089179     0           
13    1007.3     674.5      6667         1505155      0            1089179     

--------------------------------------------------------------------------------
RESIDUAL ANALYSIS
--------------------------------------------------------------------------------
ID    dX (m)       dY (m)       Residual (m)   
--------------------------------------------------------------------------------
1     7128.10      -15321.06    16898.07       
2     -9364.03     -14538.82    17293.42       
3     -11986.97    15032.29     19226.47       
4     18039.92     13403.10     22474.03       
5     -5490.22     -191.54      5493.57        
6     -19293.39    717.87       19306.74       
7     6778.99      20427.36     21522.82       
8     19821.94     41.43        19821.98       
9     790.08       -15070.82    15091.51       
10    -601.57      -20065.66    20074.68       
11    16219.97     -11.56       16219.98       
12    -17665.75    308.75       17668.45       
13    -4377.08     15268.66     15883.66       
--------------------------------------------------------------------------------

TRANSFORMATION STATISTICS
--------------------------------------------------------------------------------
Transformation type: Affine (1st-order polynomial, 6 parameters)
Number of GCPs used: 13
Degrees of freedom:  10

Residual Errors:
  Mean error:       17459.64 m
  RMSE (total):     17924.45 m
  RMSE X:           12539.70 m
  RMSE Y:           12807.88 m
  Std deviation:     4055.46 m
  Maximum error:    22474.03 m
  Minimum error:     5493.57 m

Transformation Matrix:
  a (scale X):        2618.485259
  b (rotation):          7.682396
  c (translation X):     -2647039.67
  d (rotation):         10.422798
  e (scale Y):       -2248.560256
  f (translation Y):      2610699.65

Derived Parameters:
  Pixel size X:      2618.49 m/pixel
  Pixel size Y:      2248.56 m/pixel
  Rotation:           0.1681 degrees

QUALITY ASSESSMENT
--------------------------------------------------------------------------------
Overall quality: POOR (RMSE: 17924.45 m)

================================================================================