================================================================================
GEOREFERENCING REPORT
================================================================================
Date: 2026-06-25 00:21:30
Source Raster: atlas/2_general/5_aeronomy_and_physics_of_the_earth/15_ionosphere_p_25-30/maps/P_27_III_G/P_27_III_G.tiff
Target Raster: atlas/2_general/5_aeronomy_and_physics_of_the_earth/15_ionosphere_p_25-30/maps/P_27_III_G.tiff
Tie Points: atlas/2_general/5_aeronomy_and_physics_of_the_earth/15_ionosphere_p_25-30/maps/P_27_III_G/P_27_III_G.gpkg

Target CRS: EPSG:3031
Number of tie points: 13
Source dimensions: 1524 x 1864 pixels
Source bands: 3

--------------------------------------------------------------------------------
CONTROL POINTS
--------------------------------------------------------------------------------
ID    Pixel X    Pixel Y    Map X        Map Y        Target X     Target Y    
--------------------------------------------------------------------------------
1     0.4        169.5      -2860096     2863546      -2553329     2142497     
2     1531.2     176.3      2888687      2837927      2553329      2142497     
3     1526.1     1666.6     2869304      -2758760     2553329      -2142497    
4     -100.4     1493.0     -3238728     -2106642     -2886579     -1666567    
5     762.3      918.1      1147         52347        0            0           
6     98.2       914.7      -2492877     65103        -2194494     0           
7     768.3      142.3      23551        2965583      0            2194494     
8     1429.9     921.1      2508174      41032        2194494      0           
9     761.9      1691.8     -285         -2853438     0            -2194494    
10    762.6      1306.5     2389         -1406298     0            -1089179    
11    1096.4     919.5      1255775      46768        1089179      0           
12    431.1      916.4      -1242710     58770        -1089179     0           
13    763.8      531.2      6667         1505155      0            1089179     

--------------------------------------------------------------------------------
RESIDUAL ANALYSIS
--------------------------------------------------------------------------------
ID    dX (m)       dY (m)       Residual (m)   
--------------------------------------------------------------------------------
1     7128.10      -15321.06    16898.07       
2     -9364.03     -14538.82    17293.42       
3     -11986.97    15032.29     19226.47       
4     18039.92     13403.10     22474.03       
5     -5490.22     -191.54      5493.57        
6     -19293.39    717.87       19306.74       
7     6778.99      20427.36     21522.82       
8     19821.94     41.43        19821.98       
9     790.08       -15070.82    15091.51       
10    -601.57      -20065.66    20074.68       
11    16219.97     -11.56       16219.98       
12    -17665.75    308.75       17668.45       
13    -4377.08     15268.66     15883.66       
--------------------------------------------------------------------------------

TRANSFORMATION STATISTICS
--------------------------------------------------------------------------------
Transformation type: Affine (1st-order polynomial, 6 parameters)
Number of GCPs used: 13
Degrees of freedom:  10

Residual Errors:
  Mean error:       17459.64 m
  RMSE (total):     17924.45 m
  RMSE X:           12539.70 m
  RMSE Y:           12807.88 m
  Std deviation:     4055.46 m
  Maximum error:    22474.03 m
  Minimum error:     5493.57 m

Transformation Matrix:
  a (scale X):        3325.082945
  b (rotation):          9.755488
  c (translation X):     -2549175.19
  d (rotation):         13.235388
  e (scale Y):       -2855.333759
  f (translation Y):      2611089.19

Derived Parameters:
  Pixel size X:      3325.08 m/pixel
  Pixel size Y:      2855.33 m/pixel
  Rotation:           0.1681 degrees

QUALITY ASSESSMENT
--------------------------------------------------------------------------------
Overall quality: POOR (RMSE: 17924.45 m)

================================================================================