================================================================================
GEOREFERENCING REPORT
================================================================================
Date: 2026-06-25 00:21:30
Source Raster: atlas/2_general/5_aeronomy_and_physics_of_the_earth/15_ionosphere_p_25-30/maps/P_27_III_I/P_27_III_I.tiff
Target Raster: atlas/2_general/5_aeronomy_and_physics_of_the_earth/15_ionosphere_p_25-30/maps/P_27_III_I.tiff
Tie Points: atlas/2_general/5_aeronomy_and_physics_of_the_earth/15_ionosphere_p_25-30/maps/P_27_III_I/P_27_III_I.gpkg

Target CRS: EPSG:3031
Number of tie points: 13
Source dimensions: 1605 x 1837 pixels
Source bands: 3

--------------------------------------------------------------------------------
CONTROL POINTS
--------------------------------------------------------------------------------
ID    Pixel X    Pixel Y    Map X        Map Y        Target X     Target Y    
--------------------------------------------------------------------------------
1     51.9       167.0      -2860096     2863546      -2553329     2142497     
2     1560.6     173.7      2888687      2837927      2553329      2142497     
3     1555.5     1642.5     2869304      -2758760     2553329      -2142497    
4     -47.4      1471.3     -3238728     -2106642     -2886579     -1666567    
5     802.8      904.8      1147         52347        0            0           
6     148.3      901.4      -2492877     65103        -2194494     0           
7     808.7      140.2      23551        2965583      0            2194494     
8     1460.7     907.7      2508174      41032        2194494      0           
9     802.4      1667.3     -285         -2853438     0            -2194494    
10    803.1      1287.6     2389         -1406298     0            -1089179    
11    1132.1     906.2      1255775      46768        1089179      0           
12    476.4      903.1      -1242710     58770        -1089179     0           
13    804.2      523.5      6667         1505155      0            1089179     

--------------------------------------------------------------------------------
RESIDUAL ANALYSIS
--------------------------------------------------------------------------------
ID    dX (m)       dY (m)       Residual (m)   
--------------------------------------------------------------------------------
1     7128.10      -15321.06    16898.07       
2     -9364.03     -14538.82    17293.42       
3     -11986.97    15032.29     19226.47       
4     18039.92     13403.10     22474.03       
5     -5490.22     -191.54      5493.57        
6     -19293.39    717.87       19306.74       
7     6778.99      20427.36     21522.82       
8     19821.94     41.43        19821.98       
9     790.08       -15070.82    15091.51       
10    -601.57      -20065.66    20074.68       
11    16219.97     -11.56       16219.98       
12    -17665.75    308.75       17668.45       
13    -4377.08     15268.66     15883.66       
--------------------------------------------------------------------------------

TRANSFORMATION STATISTICS
--------------------------------------------------------------------------------
Transformation type: Affine (1st-order polynomial, 6 parameters)
Number of GCPs used: 13
Degrees of freedom:  10

Residual Errors:
  Mean error:       17459.64 m
  RMSE (total):     17924.45 m
  RMSE X:           12539.70 m
  RMSE Y:           12807.88 m
  Std deviation:     4055.46 m
  Maximum error:    22474.03 m
  Minimum error:     5493.57 m

Transformation Matrix:
  a (scale X):        3373.954605
  b (rotation):          9.898873
  c (translation X):     -2723060.55
  d (rotation):         13.429920
  e (scale Y):       -2897.301103
  f (translation Y):      2610397.05

Derived Parameters:
  Pixel size X:      3373.95 m/pixel
  Pixel size Y:      2897.30 m/pixel
  Rotation:           0.1681 degrees

QUALITY ASSESSMENT
--------------------------------------------------------------------------------
Overall quality: POOR (RMSE: 17924.45 m)

================================================================================