================================================================================
GEOREFERENCING REPORT
================================================================================
Date: 2026-06-25 00:21:07
Source Raster: atlas/2_general/10_biology/40_terrestrial_biology_and_regionalization_p_132/maps/P_132_XII_A/P_132_XII_A.tiff
Target Raster: atlas/2_general/10_biology/40_terrestrial_biology_and_regionalization_p_132/maps/P_132_XII_A.tiff
Tie Points: atlas/2_general/10_biology/40_terrestrial_biology_and_regionalization_p_132/maps/P_132_XII_A/P_132_XII_A.gpkg

Target CRS: EPSG:3031
Number of tie points: 15
Source dimensions: 1376 x 1609 pixels
Source bands: 3

--------------------------------------------------------------------------------
CONTROL POINTS
--------------------------------------------------------------------------------
ID    Pixel X    Pixel Y    Map X        Map Y        Target X     Target Y    
--------------------------------------------------------------------------------
1     667.9      786.8      -87480       76908        0            0           
2     384.4      787.0      -1320910     76079        -2194494     0           
3     667.6      502.8      -88724       1312411      0            2194494     
4     955.2      787.7      1162534      73177        2194494      0           
5     667.6      1073.5     -88724       -1170204     0            -2194494    
6     668.0      930.0      -87066       -545819      0            -1089179    
7     812.7      787.6      542295       73591        1089179      0           
8     527.5      787.0      -698184      76079        -1089179     0           
9     667.7      646.0      -88309       689684       0            1089179     
10    1177.8     280.5      2131036      2279669      4095495      4095495     
11    164.2      280.3      -2278633     2280498      -4095495     4095495     
12    667.2      1505.3     -90382       -3048749     0            -5791904    
13    1290.5     1146.2     2621091      -1486542     5015936      -2895952    
14    116.7      933.3      -2485517     -560330      -4370368     -1171037    
15    954.5      1283.4     1159217      -2083564     2262269      -3918365    

--------------------------------------------------------------------------------
RESIDUAL ANALYSIS
--------------------------------------------------------------------------------
ID    dX (m)       dY (m)       Residual (m)   
--------------------------------------------------------------------------------
1     -4682.18     8895.51      10052.50       
2     -71054.03    6966.64      71394.75       
3     -14428.24    86329.92     87527.31       
4     92115.51     2443.49      92147.91       
5     574.30       -89886.70    89888.54       
6     -159.06      -47038.14    47038.41       
7     60532.61     3002.69      60607.03       
8     -34913.90    7170.65      35642.65       
9     -9905.12     46531.61     47574.17       
10    -46959.87    -35281.88    58737.04       
11    61124.92     -35201.73    70536.64       
12    8886.58      53122.85     53861.01       
13    -46373.11    30753.41     55643.85       
14    -26052.93    7349.45      27069.71       
15    31294.51     -45157.77    54941.52       
--------------------------------------------------------------------------------

TRANSFORMATION STATISTICS
--------------------------------------------------------------------------------
Transformation type: Affine (1st-order polynomial, 6 parameters)
Number of GCPs used: 15
Degrees of freedom:  12

Residual Errors:
  Mean error:       57510.87 m
  RMSE (total):     61657.14 m
  RMSE X:           43646.08 m
  RMSE Y:           43550.23 m
  Std deviation:    22228.43 m
  Maximum error:    92147.91 m
  Minimum error:    10052.50 m

Transformation Matrix:
  a (scale X):        7974.495830
  b (rotation):         26.290397
  c (translation X):     -5351470.31
  d (rotation):          1.425263
  e (scale Y):       -8000.053734
  f (translation Y):      6302563.04

Derived Parameters:
  Pixel size X:      7974.50 m/pixel
  Pixel size Y:      8000.05 m/pixel
  Rotation:           0.1889 degrees

QUALITY ASSESSMENT
--------------------------------------------------------------------------------
Overall quality: POOR (RMSE: 61657.14 m)

================================================================================