================================================================================
GEOREFERENCING REPORT
================================================================================
Date: 2026-06-16 00:20:47
Source Raster: atlas/2_general/5_aeronomy_and_physics_of_the_earth/20_gravity_measurements_p_49-54/maps/P_49-50_IIa/P_49-50_IIa.tiff
Target Raster: atlas/2_general/5_aeronomy_and_physics_of_the_earth/20_gravity_measurements_p_49-54/maps/P_49-50_IIa.tiff
Tie Points: atlas/2_general/5_aeronomy_and_physics_of_the_earth/20_gravity_measurements_p_49-54/maps/P_49-50_IIa/P_49-50_IIa.gpkg

Target CRS: EPSG:3031
Number of tie points: 14
Source dimensions: 5198 x 8283 pixels
Source bands: 3

--------------------------------------------------------------------------------
CONTROL POINTS
--------------------------------------------------------------------------------
ID    Pixel X    Pixel Y    Map X        Map Y        Target X     Target Y    
--------------------------------------------------------------------------------
1     4288.7     4141.1     1427934      314          -543593      0           
2     3423.2     4140.4     696508       953          -1089179     0           
3     2558.0     4139.8     -34686       1475         -1638783     0           
4     1696.9     4139.4     -762397      1765         -2194494     0           
5     835.9      4138.8     -1489992     2288         -2758502     0           
6     2506.8     1922.3     -77933       1875435      -1681080     1410594     
7     1831.2     183.2      -648910      3345137      -2142497     2553329     
8     4555.6     742.7      1653573      2872381      -381070      2161155     
9     4701.3     6692.3     1776639      -2155652     -284572      -1613886    
10    2903.8     5436.6     257594       -1094503     -1419228     -819392     
11    673.5      1553.8     -1627279     2186872      -2886579     1666567     
12    4040.6     2818.6     1218317      1118003      -700111      834360      
13    1907.1     2959.5     -584707      998885       -2062150     750561      
14    4995.9     4991.1     2025672      -717993      -94394       -535335     

--------------------------------------------------------------------------------
RESIDUAL ANALYSIS
--------------------------------------------------------------------------------
ID    dX (m)       dY (m)       Residual (m)   
--------------------------------------------------------------------------------
1     1597.00      1046.13      1909.13        
2     -7307.91     2779.46      7818.63        
3     -12018.65    4424.74      12807.28       
4     -7980.73     5888.74      9918.13        
5     4440.88      7527.86      8740.14        
6     -10720.92    8808.14      13875.21       
7     11401.32     -23275.55    25917.97       
8     -2459.98     8012.33      8381.46        
9     16375.52     -13490.66    21216.87       
10    -5194.82     -4184.12     6670.31        
11    18865.65     -9369.65     21064.26       
12    -5693.59     10937.56     12330.74       
13    -9990.06     7882.44      12725.33       
14    8686.29      -6987.42     11147.90       
--------------------------------------------------------------------------------

TRANSFORMATION STATISTICS
--------------------------------------------------------------------------------
Transformation type: Affine (1st-order polynomial, 6 parameters)
Number of GCPs used: 14
Degrees of freedom:  11

Residual Errors:
  Mean error:       12465.95 m
  RMSE (total):     13925.01 m
  RMSE X:            9976.84 m
  RMSE Y:            9714.34 m
  Std deviation:     6205.30 m
  Maximum error:    25917.97 m
  Minimum error:     1909.13 m

Transformation Matrix:
  a (scale X):         640.666861
  b (rotation):          3.704258
  c (translation X):     -3304934.67
  d (rotation):         -1.445671
  e (scale Y):        -638.082333
  f (translation Y):      2649626.95

Derived Parameters:
  Pixel size X:       640.67 m/pixel
  Pixel size Y:       638.08 m/pixel
  Rotation:           0.3313 degrees

QUALITY ASSESSMENT
--------------------------------------------------------------------------------
Overall quality: POOR (RMSE: 13925.01 m)

================================================================================