================================================================================
GEOREFERENCING REPORT
================================================================================
Date: 2026-06-28 23:35:11
Source Raster: atlas/2_general/4_general_maps/8_antarctica_p_16-17/maps/P_16-17_Ib/P_16-17_Ib.tiff
Target Raster: atlas/2_general/4_general_maps/8_antarctica_p_16-17/maps/P_16-17_Ib.tiff
Tie Points: atlas/2_general/4_general_maps/8_antarctica_p_16-17/maps/P_16-17_Ib/P_16-17_Ib.gpkg

Target CRS: EPSG:3031
Number of tie points: 15
Source dimensions: 8291 x 5172 pixels
Source bands: 3

--------------------------------------------------------------------------------
CONTROL POINTS
--------------------------------------------------------------------------------
ID    Pixel X    Pixel Y    Map X        Map Y        Target X     Target Y    
--------------------------------------------------------------------------------
1     3947.5     165.1      -167136      2043951      0            0           
2     5660.5     155.9      1279118      2051712      2194494      0           
3     7370.9     145.8      2723131      2060248      4524538      0           
4     3964.3     4448.1     -152995      -1572118     0            -5791904    
5     6107.7     3860.6     1656635      -1076121     2895952      -5015936    
6     3952.2     1871.6     -163170      603128       0            -2194494    
7     3947.7     1008.0     -166964      1332292      0            -1089179    
8     5437.9     1001.3     1091136      1337983      1900488      -1097247    
9     4688.6     577.0      458551       1696141      943257       -544590     
10    1712.0     1450.0     -2054546     959087       -2886579     -1666567    
11    560.4      762.1      -3026879     1539935      -4455800     -785678     
12    2253.3     462.6      -1597525     1792762      -2161155     -381070     
13    2454.4     1018.1     -1427737     1323755      -1900488     -1097247    
14    3073.2     2579.6     -905354      5380         -1139999     -3132121    
15    3103.1     313.9      -880089      1918313      -1072632     -189134     

--------------------------------------------------------------------------------
RESIDUAL ANALYSIS
--------------------------------------------------------------------------------
ID    dX (m)       dY (m)       Residual (m)   
--------------------------------------------------------------------------------
1     4821.62      22920.85     23422.50       
2     48797.06     14374.46     50870.21       
3     -46249.44    7097.58      46790.88       
4     38915.97     50534.73     63782.53       
5     -57787.53    39022.94     69729.40       
6     15824.50     -79342.02    80904.70       
7     7490.73      -22300.60    23525.04       
8     54256.29     -23356.91    59070.21       
9     31169.64     4045.19      31431.04       
10    -26246.93    -12508.95    29075.34       
11    36048.11     46547.02     58873.52       
12    -47113.66    24278.28     53001.24       
13    -43402.68    -9606.23     44453.04       
14    9097.17      -83803.82    84296.13       
15    -25620.85    22097.48     33833.81       
--------------------------------------------------------------------------------

TRANSFORMATION STATISTICS
--------------------------------------------------------------------------------
Transformation type: Affine (1st-order polynomial, 6 parameters)
Number of GCPs used: 15
Degrees of freedom:  12

Residual Errors:
  Mean error:       50203.97 m
  RMSE (total):     53652.97 m
  RMSE X:           36923.46 m
  RMSE Y:           38926.84 m
  Std deviation:    18926.22 m
  Maximum error:    84296.13 m
  Minimum error:    23422.50 m

Transformation Matrix:
  a (scale X):        1306.780346
  b (rotation):          2.849863
  c (translation X):     -5154215.11
  d (rotation):        -12.210929
  e (scale Y):       -1345.813595
  f (translation Y):       293299.36

Derived Parameters:
  Pixel size X:      1306.78 m/pixel
  Pixel size Y:      1345.81 m/pixel
  Rotation:           0.1250 degrees

QUALITY ASSESSMENT
--------------------------------------------------------------------------------
Overall quality: POOR (RMSE: 53652.97 m)

================================================================================