================================================================================
GEOREFERENCING REPORT
================================================================================
Date: 2026-01-05 23:45:49
Source Raster: atlas/1_introductory/2_history_of_exploration/5_main_expeditions_by_periods_p_7-12/maps/P_8_IV_georeferencing/P_8_IV.tiff
Target Raster: atlas/1_introductory/2_history_of_exploration/5_main_expeditions_by_periods_p_7-12/maps/P_8_IV.tiff
Tie Points: atlas/1_introductory/2_history_of_exploration/5_main_expeditions_by_periods_p_7-12/maps/P_8_IV_georeferencing/P_8_IV.gpkg

Target CRS: EPSG:3031
Number of tie points: 13
Source dimensions: 4129 x 4784 pixels
Source bands: 3

--------------------------------------------------------------------------------
CONTROL POINTS
--------------------------------------------------------------------------------
ID    Pixel X    Pixel Y    Map X        Map Y        Target X     Target Y    
--------------------------------------------------------------------------------
1     109.8      435.0      -2860096     2863546      -2553329     2142497     
2     4038.7     452.5      2888687      2837927      2553329      2142497     
3     4025.5     4277.4     2869304      -2758760     2553329      -2142497    
4     -148.9     3831.7     -3238728     -2106642     -2886579     -1666567    
5     2065.3     2356.2     1147         52347        0            0           
6     360.8      2347.5     -2492877     65103        -2194494     0           
7     2080.6     365.2      23551        2965583      0            2194494     
8     3778.7     2364.0     2508174      41032        2194494      0           
9     2064.3     4342.1     -285         -2853438     0            -2194494    
10    2066.1     3353.1     2389         -1406298     0            -1089179    
11    2922.7     2360.0     1255775      46768        1089179      0           
12    1215.2     2351.8     -1242710     58770        -1089179     0           
13    2069.1     1363.3     6667         1505155      0            1089179     

--------------------------------------------------------------------------------
RESIDUAL ANALYSIS
--------------------------------------------------------------------------------
ID    dX (m)       dY (m)       Residual (m)   
--------------------------------------------------------------------------------
1     7128.10      -15321.06    16898.07       
2     -9364.03     -14538.82    17293.42       
3     -11986.97    15032.29     19226.47       
4     18039.92     13403.10     22474.03       
5     -5490.22     -191.54      5493.57        
6     -19293.39    717.87       19306.74       
7     6778.99      20427.36     21522.82       
8     19821.94     41.43        19821.98       
9     790.08       -15070.82    15091.51       
10    -601.57      -20065.66    20074.68       
11    16219.97     -11.56       16219.98       
12    -17665.75    308.75       17668.45       
13    -4377.08     15268.66     15883.66       
--------------------------------------------------------------------------------

TRANSFORMATION STATISTICS
--------------------------------------------------------------------------------
Transformation type: Polynomial (affine)
Number of GCPs used: 13

Residual Errors:
  Mean error:       17459.64 m
  RMSE (total):     17924.45 m
  RMSE X:           12539.70 m
  RMSE Y:           12807.88 m
  Std deviation:     4055.46 m
  Maximum error:    22474.03 m
  Minimum error:     5493.57 m

Transformation Matrix:
  a (scale X):        1295.559074
  b (rotation):          3.801051
  c (translation X):     -2690143.69
  d (rotation):          5.156932
  e (scale Y):       -1112.529709
  f (translation Y):      2610528.07

Derived Parameters:
  Pixel size X:      1295.56 m/pixel
  Pixel size Y:      1112.53 m/pixel
  Rotation:           0.1681 degrees

QUALITY ASSESSMENT
--------------------------------------------------------------------------------
Overall quality: POOR (RMSE: 17924.45 m)

================================================================================