================================================================================
GEOREFERENCING REPORT
================================================================================
Date: 2026-03-13 09:18:57
Source Raster: atlas/2_general/5_aeronomy_and_physics_of_the_earth/15_ionosphere_p_25-30/maps/P_27_III_V/P_27_III_V.tiff
Target Raster: atlas/2_general/5_aeronomy_and_physics_of_the_earth/15_ionosphere_p_25-30/maps/P_27_III_V.tiff
Tie Points: atlas/2_general/5_aeronomy_and_physics_of_the_earth/15_ionosphere_p_25-30/maps/P_27_III_V/P_27_III_V.gpkg

Target CRS: EPSG:3031
Number of tie points: 14
Source dimensions: 1610 x 1856 pixels
Source bands: 3

--------------------------------------------------------------------------------
CONTROL POINTS
--------------------------------------------------------------------------------
ID    Pixel X    Pixel Y    Map X        Map Y        Target X     Target Y    
--------------------------------------------------------------------------------
1     837.4      942.0      122378       -52774       0            0           
2     552.0      941.4      -954139      -50491       -2194494     0           
3     839.0      655.5      128200       1027625      0            2194494     
4     1125.1     943.1      1207343      -57112       2194494      0           
5     835.4      1230.2     114615       -1139794     0            -2194494    
6     836.1      1086.1     117355       -596170      0            -1089179    
7     981.9      942.8      667372       -55856       1089179      0           
8     694.0      941.0      -418506      -49121       -1089179     0           
9     837.8      798.0      123634       490166       0            1089179     
10    330.6      1444.9     -1789325     -1949636     -4095495     -4095495    
11    335.7      435.2      -1770146     1858701      -4095495     4095495     
12    843.0      228.1      143155       2639547      0            5791904     
13    1344.9     440.4      2036365      1838838      4095495      4095495     
14    1191.8     1562.9     1458694      -2394494     2895952      -5015936    

--------------------------------------------------------------------------------
RESIDUAL ANALYSIS
--------------------------------------------------------------------------------
ID    dX (m)       dY (m)       Residual (m)   
--------------------------------------------------------------------------------
1     -3834.51     5362.92      6592.75        
2     -100064.34   -1565.22     100076.58      
3     -3920.22     118599.16    118663.93      
4     110394.83    7994.65      110683.93      
5     -7801.91     -122037.11   122286.24      
6     -8248.69     -66173.44    66685.57       
7     66702.53     4755.64      66871.84       
8     -65633.15    7234.45      66030.66       
9     -7431.28     75882.63     76245.64       
10    45690.39     28310.29     53750.20       
11    42528.69     -28089.79    50967.89       
12    9290.30      -35678.07    36867.79       
13    -48440.45    -28775.88    56342.96       
14    -29232.19    34179.77     44975.30       
--------------------------------------------------------------------------------

TRANSFORMATION STATISTICS
--------------------------------------------------------------------------------
Transformation type: Affine (1st-order polynomial, 6 parameters)
Number of GCPs used: 14
Degrees of freedom:  11

Residual Errors:
  Mean error:       69788.66 m
  RMSE (total):     76755.82 m
  RMSE X:           52341.35 m
  RMSE Y:           56141.23 m
  Std deviation:    31953.06 m
  Maximum error:   122286.24 m
  Minimum error:     6592.75 m

Transformation Matrix:
  a (scale X):        8025.401592
  b (rotation):         43.546847
  c (translation X):     -6765709.53
  d (rotation):         41.358069
  e (scale Y):       -8055.806478
  f (translation Y):      7559237.58

Derived Parameters:
  Pixel size X:      8025.40 m/pixel
  Pixel size Y:      8055.81 m/pixel
  Rotation:           0.3109 degrees

QUALITY ASSESSMENT
--------------------------------------------------------------------------------
Overall quality: POOR (RMSE: 76755.82 m)

================================================================================