================================================================================
GEOREFERENCING REPORT
================================================================================
Date: 2026-03-13 09:18:21
Source Raster: atlas/2_general/10_biology/38_marine_biology_p_127-129/maps/P_127_II_A/P_127_II_A.tiff
Target Raster: atlas/2_general/10_biology/38_marine_biology_p_127-129/maps/P_127_II_A.tiff
Tie Points: atlas/2_general/10_biology/38_marine_biology_p_127-129/maps/P_127_II_A/P_127_II_A.gpkg

Target CRS: EPSG:3031
Number of tie points: 13
Source dimensions: 2297 x 1343 pixels
Source bands: 3

--------------------------------------------------------------------------------
CONTROL POINTS
--------------------------------------------------------------------------------
ID    Pixel X    Pixel Y    Map X        Map Y        Target X     Target Y    
--------------------------------------------------------------------------------
1     210.0      -268.2     -2860096     2863546      -2553329     2142497     
2     2096.4     -259.7     2888687      2837927      2553329      2142497     
3     2090.0     1576.8     2869304      -2758760     2553329      -2142497    
4     85.7       1362.8     -3238728     -2106642     -2886579     -1666567    
5     1148.9     654.3      1147         52347        0            0           
6     330.5      650.1      -2492877     65103        -2194494     0           
7     1156.2     -301.6     23551        2965583      0            2194494     
8     1971.5     658.0      2508174      41032        2194494      0           
9     1148.4     1607.8     -285         -2853438     0            -2194494    
10    1149.3     1133.0     2389         -1406298     0            -1089179    
11    1560.6     656.2      1255775      46768        1089179      0           
12    740.7      652.2      -1242710     58770        -1089179     0           
13    1150.7     177.6      6667         1505155      0            1089179     

--------------------------------------------------------------------------------
RESIDUAL ANALYSIS
--------------------------------------------------------------------------------
ID    dX (m)       dY (m)       Residual (m)   
--------------------------------------------------------------------------------
1     7128.10      -15321.06    16898.07       
2     -9364.03     -14538.82    17293.42       
3     -11986.97    15032.29     19226.47       
4     18039.92     13403.10     22474.03       
5     -5490.22     -191.54      5493.57        
6     -19293.39    717.87       19306.74       
7     6778.99      20427.36     21522.82       
8     19821.94     41.43        19821.98       
9     790.08       -15070.82    15091.51       
10    -601.57      -20065.66    20074.68       
11    16219.97     -11.56       16219.98       
12    -17665.75    308.75       17668.45       
13    -4377.08     15268.66     15883.66       
--------------------------------------------------------------------------------

TRANSFORMATION STATISTICS
--------------------------------------------------------------------------------
Transformation type: Affine (1st-order polynomial, 6 parameters)
Number of GCPs used: 13
Degrees of freedom:  10

Residual Errors:
  Mean error:       17459.64 m
  RMSE (total):     17924.45 m
  RMSE X:           12539.70 m
  RMSE Y:           12807.88 m
  Std deviation:     4055.46 m
  Maximum error:    22474.03 m
  Minimum error:     5493.57 m

Transformation Matrix:
  a (scale X):        2698.282372
  b (rotation):          7.916513
  c (translation X):     -3110663.11
  d (rotation):         10.740428
  e (scale Y):       -2317.084078
  f (translation Y):      1503590.07

Derived Parameters:
  Pixel size X:      2698.28 m/pixel
  Pixel size Y:      2317.08 m/pixel
  Rotation:           0.1681 degrees

QUALITY ASSESSMENT
--------------------------------------------------------------------------------
Overall quality: POOR (RMSE: 17924.45 m)

================================================================================