================================================================================
GEOREFERENCING REPORT
================================================================================
Date: 2026-03-15 00:50:10
Source Raster: atlas/2_general/5_aeronomy_and_physics_of_the_earth/18_geomagnetism_p_34-41/maps/P_40-41_I_Ab/P_40-41_I_Ab.tiff
Target Raster: atlas/2_general/5_aeronomy_and_physics_of_the_earth/18_geomagnetism_p_34-41/maps/P_40-41_I_Ab.tiff
Tie Points: atlas/2_general/5_aeronomy_and_physics_of_the_earth/18_geomagnetism_p_34-41/maps/P_40-41_I_Ab/P_40-41_I_Ab.gpkg

Target CRS: EPSG:3031
Number of tie points: 13
Source dimensions: 1646 x 3057 pixels
Source bands: 3

--------------------------------------------------------------------------------
CONTROL POINTS
--------------------------------------------------------------------------------
ID    Pixel X    Pixel Y    Map X        Map Y        Target X     Target Y    
--------------------------------------------------------------------------------
1     -426.0     277.9      -2860096     2863546      -2553329     2142497     
2     2084.5     289.1      2888687      2837927      2553329      2142497     
3     2076.1     2733.3     2869304      -2758760     2553329      -2142497    
4     -591.4     2448.5     -3238728     -2106642     -2886579     -1666567    
5     823.5      1505.6     1147         52347        0            0           
6     -265.7     1500.1     -2492877     65103        -2194494     0           
7     833.3      233.4      23551        2965583      0            2194494     
8     1918.4     1510.6     2508174      41032        2194494      0           
9     822.9      2774.6     -285         -2853438     0            -2194494    
10    824.0      2142.7     2389         -1406298     0            -1089179    
11    1371.4     1508.1     1255775      46768        1089179      0           
12    280.3      1502.8     -1242710     58770        -1089179     0           
13    825.9      871.2      6667         1505155      0            1089179     

--------------------------------------------------------------------------------
RESIDUAL ANALYSIS
--------------------------------------------------------------------------------
ID    dX (m)       dY (m)       Residual (m)   
--------------------------------------------------------------------------------
1     7128.10      -15321.06    16898.07       
2     -9364.03     -14538.82    17293.42       
3     -11986.97    15032.29     19226.47       
4     18039.92     13403.10     22474.03       
5     -5490.22     -191.54      5493.57        
6     -19293.39    717.87       19306.74       
7     6778.99      20427.36     21522.82       
8     19821.94     41.43        19821.98       
9     790.08       -15070.82    15091.51       
10    -601.57      -20065.66    20074.68       
11    16219.97     -11.56       16219.98       
12    -17665.75    308.75       17668.45       
13    -4377.08     15268.66     15883.66       
--------------------------------------------------------------------------------

TRANSFORMATION STATISTICS
--------------------------------------------------------------------------------
Transformation type: Affine (1st-order polynomial, 6 parameters)
Number of GCPs used: 13
Degrees of freedom:  10

Residual Errors:
  Mean error:       17459.64 m
  RMSE (total):     17924.45 m
  RMSE X:           12539.70 m
  RMSE Y:           12807.88 m
  Std deviation:     4055.46 m
  Maximum error:    22474.03 m
  Minimum error:     5493.57 m

Transformation Matrix:
  a (scale X):        2027.463071
  b (rotation):          5.948391
  c (translation X):     -1684064.09
  d (rotation):          8.070253
  e (scale Y):       -1741.034389
  f (translation Y):      2614532.74

Derived Parameters:
  Pixel size X:      2027.46 m/pixel
  Pixel size Y:      1741.03 m/pixel
  Rotation:           0.1681 degrees

QUALITY ASSESSMENT
--------------------------------------------------------------------------------
Overall quality: POOR (RMSE: 17924.45 m)

================================================================================