================================================================================
GEOREFERENCING REPORT
================================================================================
Date: 2026-01-05 23:45:50
Source Raster: atlas/1_introductory/2_history_of_exploration/5_main_expeditions_by_periods_p_7-12/maps/P_9_VI_georeferencing/P_9_VI.tiff
Target Raster: atlas/1_introductory/2_history_of_exploration/5_main_expeditions_by_periods_p_7-12/maps/P_9_VI.tiff
Tie Points: atlas/1_introductory/2_history_of_exploration/5_main_expeditions_by_periods_p_7-12/maps/P_9_VI_georeferencing/P_9_VI.gpkg

Target CRS: EPSG:3031
Number of tie points: 13
Source dimensions: 5502 x 4857 pixels
Source bands: 3

--------------------------------------------------------------------------------
CONTROL POINTS
--------------------------------------------------------------------------------
ID    Pixel X    Pixel Y    Map X        Map Y        Target X     Target Y    
--------------------------------------------------------------------------------
1     503.0      177.8      -2860096     2863546      -2553329     2142497     
2     5021.5     197.9      2888687      2837927      2553329      2142497     
3     5006.3     4596.9     2869304      -2758760     2553329      -2142497    
4     205.4      4084.3     -3238728     -2106642     -2886579     -1666567    
5     2751.9     2387.4     1147         52347        0            0           
6     791.6      2377.3     -2492877     65103        -2194494     0           
7     2769.5     97.6       23551        2965583      0            2194494     
8     4722.4     2396.2     2508174      41032        2194494      0           
9     2750.8     4671.3     -285         -2853438     0            -2194494    
10    2752.9     3533.9     2389         -1406298     0            -1089179    
11    3738.0     2391.7     1255775      46768        1089179      0           
12    1774.2     2382.3     -1242710     58770        -1089179     0           
13    2756.2     1245.4     6667         1505155      0            1089179     

--------------------------------------------------------------------------------
RESIDUAL ANALYSIS
--------------------------------------------------------------------------------
ID    dX (m)       dY (m)       Residual (m)   
--------------------------------------------------------------------------------
1     7128.10      -15321.06    16898.07       
2     -9364.03     -14538.82    17293.42       
3     -11986.97    15032.29     19226.47       
4     18039.92     13403.10     22474.03       
5     -5490.22     -191.54      5493.57        
6     -19293.39    717.87       19306.74       
7     6778.99      20427.36     21522.82       
8     19821.94     41.43        19821.98       
9     790.08       -15070.82    15091.51       
10    -601.57      -20065.66    20074.68       
11    16219.97     -11.56       16219.98       
12    -17665.75    308.75       17668.45       
13    -4377.08     15268.66     15883.66       
--------------------------------------------------------------------------------

TRANSFORMATION STATISTICS
--------------------------------------------------------------------------------
Transformation type: Polynomial (affine)
Number of GCPs used: 13

Residual Errors:
  Mean error:       17459.64 m
  RMSE (total):     17924.45 m
  RMSE X:           12539.70 m
  RMSE Y:           12807.88 m
  Std deviation:     4055.46 m
  Maximum error:    22474.03 m
  Minimum error:     5493.57 m

Transformation Matrix:
  a (scale X):        1126.491205
  b (rotation):          3.305022
  c (translation X):     -3113373.42
  d (rotation):          4.483963
  e (scale Y):        -967.346806
  f (translation Y):      2296869.83

Derived Parameters:
  Pixel size X:      1126.49 m/pixel
  Pixel size Y:       967.35 m/pixel
  Rotation:           0.1681 degrees

QUALITY ASSESSMENT
--------------------------------------------------------------------------------
Overall quality: POOR (RMSE: 17924.45 m)

================================================================================