================================================================================
GEOREFERENCING REPORT
================================================================================
Date: 2026-03-15 00:52:23
Source Raster: atlas/3_regional/12_continent_and_islands/44_mac_robertson_land_and_princess_elizabeth_land_p_142-151/maps/P_145-146_I_A/P_145-146_I_A.tiff
Target Raster: atlas/3_regional/12_continent_and_islands/44_mac_robertson_land_and_princess_elizabeth_land_p_142-151/maps/P_145-146_I_A.tiff
Tie Points: atlas/3_regional/12_continent_and_islands/44_mac_robertson_land_and_princess_elizabeth_land_p_142-151/maps/P_145-146_I_A/P_145-146_I_A.gpkg

Target CRS: EPSG:3031
Number of tie points: 13
Source dimensions: 2072 x 1427 pixels
Source bands: 3

--------------------------------------------------------------------------------
CONTROL POINTS
--------------------------------------------------------------------------------
ID    Pixel X    Pixel Y    Map X        Map Y        Target X     Target Y    
--------------------------------------------------------------------------------
1     189.4      -134.1     -2860096     2863546      -2553329     2142497     
2     1891.1     -126.5     2888687      2837927      2553329      2142497     
3     1885.3     1530.1     2869304      -2758760     2553329      -2142497    
4     77.3       1337.1     -3238728     -2106642     -2886579     -1666567    
5     1036.3     698.0      1147         52347        0            0           
6     298.1      694.2      -2492877     65103        -2194494     0           
7     1043.0     -164.3     23551        2965583      0            2194494     
8     1778.4     701.4      2508174      41032        2194494      0           
9     1035.9     1558.1     -285         -2853438     0            -2194494    
10    1036.7     1129.8     2389         -1406298     0            -1089179    
11    1407.7     699.7      1255775      46768        1089179      0           
12    668.2      696.1      -1242710     58770        -1089179     0           
13    1038.0     268.0      6667         1505155      0            1089179     

--------------------------------------------------------------------------------
RESIDUAL ANALYSIS
--------------------------------------------------------------------------------
ID    dX (m)       dY (m)       Residual (m)   
--------------------------------------------------------------------------------
1     7128.10      -15321.06    16898.07       
2     -9364.03     -14538.82    17293.42       
3     -11986.97    15032.29     19226.47       
4     18039.92     13403.10     22474.03       
5     -5490.22     -191.54      5493.57        
6     -19293.39    717.87       19306.74       
7     6778.99      20427.36     21522.82       
8     19821.94     41.43        19821.98       
9     790.08       -15070.82    15091.51       
10    -601.57      -20065.66    20074.68       
11    16219.97     -11.56       16219.98       
12    -17665.75    308.75       17668.45       
13    -4377.08     15268.66     15883.66       
--------------------------------------------------------------------------------

TRANSFORMATION STATISTICS
--------------------------------------------------------------------------------
Transformation type: Affine (1st-order polynomial, 6 parameters)
Number of GCPs used: 13
Degrees of freedom:  10

Residual Errors:
  Mean error:       17459.64 m
  RMSE (total):     17924.45 m
  RMSE X:           12539.70 m
  RMSE Y:           12807.88 m
  Std deviation:     4055.46 m
  Maximum error:    22474.03 m
  Minimum error:     5493.57 m

Transformation Matrix:
  a (scale X):        2991.290834
  b (rotation):          8.776173
  c (translation X):     -3111608.97
  d (rotation):         11.906739
  e (scale Y):       -2568.697938
  f (translation Y):      1780434.09

Derived Parameters:
  Pixel size X:      2991.29 m/pixel
  Pixel size Y:      2568.70 m/pixel
  Rotation:           0.1681 degrees

QUALITY ASSESSMENT
--------------------------------------------------------------------------------
Overall quality: POOR (RMSE: 17924.45 m)

================================================================================