================================================================================
GEOREFERENCING REPORT
================================================================================
Date: 2026-01-05 23:49:22
Source Raster: atlas/3_regional/12_continent_and_islands/45_wilkes_land_p_152-168/maps/P_157_III_georeferencing/P_157_III.tiff
Target Raster: atlas/3_regional/12_continent_and_islands/45_wilkes_land_p_152-168/maps/P_157_III.tiff
Tie Points: atlas/3_regional/12_continent_and_islands/45_wilkes_land_p_152-168/maps/P_157_III_georeferencing/P_157_III.gpkg

Target CRS: EPSG:3031
Number of tie points: 13
Source dimensions: 2419 x 2366 pixels
Source bands: 3

--------------------------------------------------------------------------------
CONTROL POINTS
--------------------------------------------------------------------------------
ID    Pixel X    Pixel Y    Map X        Map Y        Target X     Target Y    
--------------------------------------------------------------------------------
1     221.1      193.4      -2860096     2863546      -2553329     2142497     
2     2207.7     202.3      2888687      2837927      2553329      2142497     
3     2201.0     2136.3     2869304      -2758760     2553329      -2142497    
4     90.3       1911.0     -3238728     -2106642     -2886579     -1666567    
5     1209.9     1164.9     1147         52347        0            0           
6     348.0      1160.5     -2492877     65103        -2194494     0           
7     1217.6     158.2      23551        2965583      0            2194494     
8     2076.3     1168.8     2508174      41032        2194494      0           
9     1209.4     2169.1     -285         -2853438     0            -2194494    
10    1210.3     1669.0     2389         -1406298     0            -1089179    
11    1643.5     1166.8     1255775      46768        1089179      0           
12    780.1      1162.7     -1242710     58770        -1089179     0           
13    1211.8     662.9      6667         1505155      0            1089179     

--------------------------------------------------------------------------------
RESIDUAL ANALYSIS
--------------------------------------------------------------------------------
ID    dX (m)       dY (m)       Residual (m)   
--------------------------------------------------------------------------------
1     7128.10      -15321.06    16898.07       
2     -9364.03     -14538.82    17293.42       
3     -11986.97    15032.29     19226.47       
4     18039.92     13403.10     22474.03       
5     -5490.22     -191.54      5493.57        
6     -19293.39    717.87       19306.74       
7     6778.99      20427.36     21522.82       
8     19821.94     41.43        19821.98       
9     790.08       -15070.82    15091.51       
10    -601.57      -20065.66    20074.68       
11    16219.97     -11.56       16219.98       
12    -17665.75    308.75       17668.45       
13    -4377.08     15268.66     15883.66       
--------------------------------------------------------------------------------

TRANSFORMATION STATISTICS
--------------------------------------------------------------------------------
Transformation type: Polynomial (affine)
Number of GCPs used: 13

Residual Errors:
  Mean error:       17459.64 m
  RMSE (total):     17924.45 m
  RMSE X:           12539.70 m
  RMSE Y:           12807.88 m
  Std deviation:     4055.46 m
  Maximum error:    22474.03 m
  Minimum error:     5493.57 m

Transformation Matrix:
  a (scale X):        2562.197027
  b (rotation):          7.517251
  c (translation X):     -3114240.08
  d (rotation):         10.198745
  e (scale Y):       -2200.224112
  f (translation Y):      2550533.24

Derived Parameters:
  Pixel size X:      2562.20 m/pixel
  Pixel size Y:      2200.22 m/pixel
  Rotation:           0.1681 degrees

QUALITY ASSESSMENT
--------------------------------------------------------------------------------
Overall quality: POOR (RMSE: 17924.45 m)

================================================================================