================================================================================
GEOREFERENCING REPORT
================================================================================
Date: 2026-01-05 23:49:08
Source Raster: atlas/3_regional/12_continent_and_islands/44_mac_robertson_land_and_princess_elizabeth_land_p_142-151/maps/P_149_III_georeferencing/P_149_III.tiff
Target Raster: atlas/3_regional/12_continent_and_islands/44_mac_robertson_land_and_princess_elizabeth_land_p_142-151/maps/P_149_III.tiff
Tie Points: atlas/3_regional/12_continent_and_islands/44_mac_robertson_land_and_princess_elizabeth_land_p_142-151/maps/P_149_III_georeferencing/P_149_III.gpkg

Target CRS: EPSG:3031
Number of tie points: 13
Source dimensions: 4104 x 3307 pixels
Source bands: 3

--------------------------------------------------------------------------------
CONTROL POINTS
--------------------------------------------------------------------------------
ID    Pixel X    Pixel Y    Map X        Map Y        Target X     Target Y    
--------------------------------------------------------------------------------
1     375.2      -25.4      -2860096     2863546      -2553329     2142497     
2     3745.6     -10.3      2888687      2837927      2553329      2142497     
3     3734.2     3270.9     2869304      -2758760     2553329      -2142497    
4     153.2      2888.6     -3238728     -2106642     -2886579     -1666567    
5     2052.7     1622.8     1147         52347        0            0           
6     590.5      1615.3     -2492877     65103        -2194494     0           
7     2065.8     -85.2      23551        2965583      0            2194494     
8     3522.5     1629.4     2508174      41032        2194494      0           
9     2051.8     3326.4     -285         -2853438     0            -2194494    
10    2053.4     2478.0     2389         -1406298     0            -1089179    
11    2788.2     1626.1     1255775      46768        1089179      0           
12    1323.4     1619.0     -1242710     58770        -1089179     0           
13    2055.9     771.0      6667         1505155      0            1089179     

--------------------------------------------------------------------------------
RESIDUAL ANALYSIS
--------------------------------------------------------------------------------
ID    dX (m)       dY (m)       Residual (m)   
--------------------------------------------------------------------------------
1     7128.10      -15321.06    16898.07       
2     -9364.03     -14538.82    17293.42       
3     -11986.97    15032.29     19226.47       
4     18039.92     13403.10     22474.03       
5     -5490.22     -191.54      5493.57        
6     -19293.39    717.87       19306.74       
7     6778.99      20427.36     21522.82       
8     19821.94     41.43        19821.98       
9     790.08       -15070.82    15091.51       
10    -601.57      -20065.66    20074.68       
11    16219.97     -11.56       16219.98       
12    -17665.75    308.75       17668.45       
13    -4377.08     15268.66     15883.66       
--------------------------------------------------------------------------------

TRANSFORMATION STATISTICS
--------------------------------------------------------------------------------
Transformation type: Polynomial (affine)
Number of GCPs used: 13

Residual Errors:
  Mean error:       17459.64 m
  RMSE (total):     17924.45 m
  RMSE X:           12539.70 m
  RMSE Y:           12807.88 m
  Std deviation:     4055.46 m
  Maximum error:    22474.03 m
  Minimum error:     5493.57 m

Transformation Matrix:
  a (scale X):        1510.222858
  b (rotation):          4.430855
  c (translation X):     -3112673.59
  d (rotation):          6.011395
  e (scale Y):       -1296.866990
  f (translation Y):      2092037.68

Derived Parameters:
  Pixel size X:      1510.22 m/pixel
  Pixel size Y:      1296.87 m/pixel
  Rotation:           0.1681 degrees

QUALITY ASSESSMENT
--------------------------------------------------------------------------------
Overall quality: POOR (RMSE: 17924.45 m)

================================================================================