================================================================================
GEOREFERENCING REPORT
================================================================================
Date: 2026-03-13 09:19:02
Source Raster: atlas/2_general/5_aeronomy_and_physics_of_the_earth/18_geomagnetism_p_34-41/maps/P_34_II/P_34_II.tiff
Target Raster: atlas/2_general/5_aeronomy_and_physics_of_the_earth/18_geomagnetism_p_34-41/maps/P_34_II.tiff
Tie Points: atlas/2_general/5_aeronomy_and_physics_of_the_earth/18_geomagnetism_p_34-41/maps/P_34_II/P_34_II.gpkg

Target CRS: EPSG:3031
Number of tie points: 13
Source dimensions: 4119 x 4797 pixels
Source bands: 3

--------------------------------------------------------------------------------
CONTROL POINTS
--------------------------------------------------------------------------------
ID    Pixel X    Pixel Y    Map X        Map Y        Target X     Target Y    
--------------------------------------------------------------------------------
1     99.5       436.2      -2860096     2863546      -2553329     2142497     
2     4039.1     453.7      2888687      2837927      2553329      2142497     
3     4025.8     4289.0     2869304      -2758760     2553329      -2142497    
4     -160.0     3842.2     -3238728     -2106642     -2886579     -1666567    
5     2060.3     2362.6     1147         52347        0            0           
6     351.2      2353.9     -2492877     65103        -2194494     0           
7     2075.6     366.2      23551        2965583      0            2194494     
8     3778.3     2370.4     2508174      41032        2194494      0           
9     2059.3     4353.9     -285         -2853438     0            -2194494    
10    2061.1     3362.2     2389         -1406298     0            -1089179    
11    2920.1     2366.5     1255775      46768        1089179      0           
12    1207.9     2358.2     -1242710     58770        -1089179     0           
13    2064.1     1367.0     6667         1505155      0            1089179     

--------------------------------------------------------------------------------
RESIDUAL ANALYSIS
--------------------------------------------------------------------------------
ID    dX (m)       dY (m)       Residual (m)   
--------------------------------------------------------------------------------
1     7128.10      -15321.06    16898.07       
2     -9364.03     -14538.82    17293.42       
3     -11986.97    15032.29     19226.47       
4     18039.92     13403.10     22474.03       
5     -5490.22     -191.54      5493.57        
6     -19293.39    717.87       19306.74       
7     6778.99      20427.36     21522.82       
8     19821.94     41.43        19821.98       
9     790.08       -15070.82    15091.51       
10    -601.57      -20065.66    20074.68       
11    16219.97     -11.56       16219.98       
12    -17665.75    308.75       17668.45       
13    -4377.08     15268.66     15883.66       
--------------------------------------------------------------------------------

TRANSFORMATION STATISTICS
--------------------------------------------------------------------------------
Transformation type: Affine (1st-order polynomial, 6 parameters)
Number of GCPs used: 13
Degrees of freedom:  10

Residual Errors:
  Mean error:       17459.64 m
  RMSE (total):     17924.45 m
  RMSE X:           12539.70 m
  RMSE Y:           12807.88 m
  Std deviation:     4055.46 m
  Maximum error:    22474.03 m
  Minimum error:     5493.57 m

Transformation Matrix:
  a (scale X):        1292.048074
  b (rotation):          3.790751
  c (translation X):     -2676434.99
  d (rotation):          5.142957
  e (scale Y):       -1109.514723
  f (translation Y):      2610582.64

Derived Parameters:
  Pixel size X:      1292.05 m/pixel
  Pixel size Y:      1109.51 m/pixel
  Rotation:           0.1681 degrees

QUALITY ASSESSMENT
--------------------------------------------------------------------------------
Overall quality: POOR (RMSE: 17924.45 m)

================================================================================