================================================================================
GEOREFERENCING REPORT
================================================================================
Date: 2026-06-25 00:21:07
Source Raster: atlas/2_general/10_biology/40_terrestrial_biology_and_regionalization_p_132/maps/P_132_XII/P_132_XII.tiff
Target Raster: atlas/2_general/10_biology/40_terrestrial_biology_and_regionalization_p_132/maps/P_132_XII.tiff
Tie Points: atlas/2_general/10_biology/40_terrestrial_biology_and_regionalization_p_132/maps/P_132_XII/P_132_XII.gpkg

Target CRS: EPSG:3031
Number of tie points: 18
Source dimensions: 2724 x 3178 pixels
Source bands: 3

--------------------------------------------------------------------------------
CONTROL POINTS
--------------------------------------------------------------------------------
ID    Pixel X    Pixel Y    Map X        Map Y        Target X     Target Y    
--------------------------------------------------------------------------------
1     683.1      962.3      -1495459     1380459      -2553329     2142497     
2     2003.8     966.0      1413604      1372173      2553329      2142497     
3     2002.5     2074.1     1410885      -1068576     2553329      -2142497    
4     594.4      1949.1     -1690708     -793181      -2886579     -1666567    
5     1341.3     1520.6     -45588       150698       0            0           
6     767.5      1519.1     -1309532     154064       -2194494     0           
7     1342.8     943.9      -42352       1420856      0            2194494     
8     1917.1     1521.4     1222757      148885       2194494      0           
9     1341.1     2091.8     -45977       -1107549     0            -2194494    
10    1341.1     1806.1     -45977       -478296      0            -1089179    
11    1630.8     1521.1     592080       149662       1089179      0           
12    1055.1     1520.1     -676006      151863       -1089179     0           
13    1342.2     1231.1     -43646       788237       0            1089179     
14    1344.4     86.2       -38856       3310167      0            5791904     
15    1341.8     2948.5     -44553       -2994530     0            -5791904    
16    194.1      1517.3     -2572568     157948       -4524538     0           
17    2489.8     1522.9     2484240      145519       4524538      0           
18    2448.2     205.7      2392571      3046813      4605106      5488152     

--------------------------------------------------------------------------------
RESIDUAL ANALYSIS
--------------------------------------------------------------------------------
ID    dX (m)       dY (m)       Residual (m)   
--------------------------------------------------------------------------------
1     -8204.13     73852.86     74307.15       
2     81772.90     115555.36    141562.17      
3     35036.85     -49765.73    60862.21       
4     -61045.50    -84134.31    103947.75      
5     7428.32      2418.02      7811.96        
6     -55939.17    -16127.67    58217.63       
7     35004.34     123889.34    128739.55      
8     78686.55     23882.59     82231.09       
9     -14854.79    -97278.70    98406.36       
10    -4057.96     -55265.73    55414.51       
11    57367.90     12982.50     58818.54       
12    -29556.42    -7768.78     30560.36       
13    21836.78     75713.11     78799.23       
14    73666.51     -28635.81    79036.47       
15    -44687.69    59591.88     74486.12       
16    17870.52     -33711.35    38155.09       
17    2110.19      42380.23     42432.74       
18    -192435.20   -157577.81   248720.87      
--------------------------------------------------------------------------------

TRANSFORMATION STATISTICS
--------------------------------------------------------------------------------
Transformation type: Affine (1st-order polynomial, 6 parameters)
Number of GCPs used: 18
Degrees of freedom:  15

Residual Errors:
  Mean error:       81250.55 m
  RMSE (total):     96358.04 m
  RMSE X:           63231.05 m
  RMSE Y:           72709.74 m
  Std deviation:    51799.82 m
  Maximum error:   248720.87 m
  Minimum error:     7811.96 m

Transformation Matrix:
  a (scale X):        3934.821569
  b (rotation):        -37.793354
  c (translation X):     -5212891.18
  d (rotation):         43.015608
  e (scale Y):       -4016.119523
  f (translation Y):      6051565.14

Derived Parameters:
  Pixel size X:      3934.82 m/pixel
  Pixel size Y:      4016.12 m/pixel
  Rotation:          -0.5503 degrees

QUALITY ASSESSMENT
--------------------------------------------------------------------------------
Overall quality: POOR (RMSE: 96358.04 m)
WARNING: Point 18 has unusually high residual.
         Consider checking this control point.

================================================================================