================================================================================
GEOREFERENCING REPORT
================================================================================
Date: 2026-06-16 00:21:07
Source Raster: atlas/3_regional/12_continent_and_islands/44_mac_robertson_land_and_princess_elizabeth_land_p_142-151/maps/P_144_III/P_144_III.tiff
Target Raster: atlas/3_regional/12_continent_and_islands/44_mac_robertson_land_and_princess_elizabeth_land_p_142-151/maps/P_144_III.tiff
Tie Points: atlas/3_regional/12_continent_and_islands/44_mac_robertson_land_and_princess_elizabeth_land_p_142-151/maps/P_144_III/P_144_III.gpkg

Target CRS: EPSG:3031
Number of tie points: 13
Source dimensions: 8293 x 4793 pixels
Source bands: 3

--------------------------------------------------------------------------------
CONTROL POINTS
--------------------------------------------------------------------------------
ID    Pixel X    Pixel Y    Map X        Map Y        Target X     Target Y    
--------------------------------------------------------------------------------
1     758.1      -996.0     -2860096     2863546      -2553329     2142497     
2     7568.8     -965.6     2888687      2837927      2553329      2142497     
3     7545.8     5664.8     2869304      -2758760     2553329      -2142497    
4     309.5      4892.3     -3238728     -2106642     -2886579     -1666567    
5     4147.9     2334.5     1147         52347        0            0           
6     1193.2     2319.4     -2492877     65103        -2194494     0           
7     4174.4     -1116.9    23551        2965583      0            2194494     
8     7118.0     2347.9     2508174      41032        2194494      0           
9     4146.2     5777.0     -285         -2853438     0            -2194494    
10    4149.3     4062.6     2389         -1406298     0            -1089179    
11    5634.2     2341.1     1255775      46768        1089179      0           
12    2674.2     2326.9     -1242710     58770        -1089179     0           
13    4154.4     613.3      6667         1505155      0            1089179     

--------------------------------------------------------------------------------
RESIDUAL ANALYSIS
--------------------------------------------------------------------------------
ID    dX (m)       dY (m)       Residual (m)   
--------------------------------------------------------------------------------
1     7128.10      -15321.06    16898.07       
2     -9364.03     -14538.82    17293.42       
3     -11986.97    15032.29     19226.47       
4     18039.92     13403.10     22474.03       
5     -5490.22     -191.54      5493.57        
6     -19293.39    717.87       19306.74       
7     6778.99      20427.36     21522.82       
8     19821.94     41.43        19821.98       
9     790.08       -15070.82    15091.51       
10    -601.57      -20065.66    20074.68       
11    16219.97     -11.56       16219.98       
12    -17665.75    308.75       17668.45       
13    -4377.08     15268.66     15883.66       
--------------------------------------------------------------------------------

TRANSFORMATION STATISTICS
--------------------------------------------------------------------------------
Transformation type: Affine (1st-order polynomial, 6 parameters)
Number of GCPs used: 13
Degrees of freedom:  10

Residual Errors:
  Mean error:       17459.64 m
  RMSE (total):     17924.45 m
  RMSE X:           12539.70 m
  RMSE Y:           12807.88 m
  Std deviation:     4055.46 m
  Maximum error:    22474.03 m
  Minimum error:     5493.57 m

Transformation Matrix:
  a (scale X):         747.371833
  b (rotation):          2.192720
  c (translation X):     -3110602.03
  d (rotation):          2.974890
  e (scale Y):        -641.787306
  f (translation Y):      1485711.39

Derived Parameters:
  Pixel size X:       747.37 m/pixel
  Pixel size Y:       641.79 m/pixel
  Rotation:           0.1681 degrees

QUALITY ASSESSMENT
--------------------------------------------------------------------------------
Overall quality: POOR (RMSE: 17924.45 m)

================================================================================