================================================================================
GEOREFERENCING REPORT
================================================================================
Date: 2026-03-15 00:50:27
Source Raster: atlas/2_general/6_geology_and_relief/22_geology_p_58-63/maps/P_58-59_Ia/P_58-59_Ia.tiff
Target Raster: atlas/2_general/6_geology_and_relief/22_geology_p_58-63/maps/P_58-59_Ia.tiff
Tie Points: atlas/2_general/6_geology_and_relief/22_geology_p_58-63/maps/P_58-59_Ia/P_58-59_Ia.gpkg

Target CRS: EPSG:3031
Number of tie points: 13
Source dimensions: 8283 x 5223 pixels
Source bands: 3

--------------------------------------------------------------------------------
CONTROL POINTS
--------------------------------------------------------------------------------
ID    Pixel X    Pixel Y    Map X        Map Y        Target X     Target Y    
--------------------------------------------------------------------------------
1     757.2      -776.9     -2860096     2863546      -2553329     2142497     
2     7559.6     -746.6     2888687      2837927      2553329      2142497     
3     7536.7     5875.9     2869304      -2758760     2553329      -2142497    
4     309.2      5104.3     -3238728     -2106642     -2886579     -1666567    
5     4142.9     2549.6     1147         52347        0            0           
6     1191.7     2534.5     -2492877     65103        -2194494     0           
7     4169.4     -897.6     23551        2965583      0            2194494     
8     7109.4     2562.9     2508174      41032        2194494      0           
9     4141.2     5987.9     -285         -2853438     0            -2194494    
10    4144.3     4275.6     2389         -1406298     0            -1089179    
11    5627.4     2556.2     1255775      46768        1089179      0           
12    2671.0     2542.0     -1242710     58770        -1089179     0           
13    4149.4     830.5      6667         1505155      0            1089179     

--------------------------------------------------------------------------------
RESIDUAL ANALYSIS
--------------------------------------------------------------------------------
ID    dX (m)       dY (m)       Residual (m)   
--------------------------------------------------------------------------------
1     7128.10      -15321.06    16898.07       
2     -9364.03     -14538.82    17293.42       
3     -11986.97    15032.29     19226.47       
4     18039.92     13403.10     22474.03       
5     -5490.22     -191.54      5493.57        
6     -19293.39    717.87       19306.74       
7     6778.99      20427.36     21522.82       
8     19821.94     41.43        19821.98       
9     790.08       -15070.82    15091.51       
10    -601.57      -20065.66    20074.68       
11    16219.97     -11.56       16219.98       
12    -17665.75    308.75       17668.45       
13    -4377.08     15268.66     15883.66       
--------------------------------------------------------------------------------

TRANSFORMATION STATISTICS
--------------------------------------------------------------------------------
Transformation type: Affine (1st-order polynomial, 6 parameters)
Number of GCPs used: 13
Degrees of freedom:  10

Residual Errors:
  Mean error:       17459.64 m
  RMSE (total):     17924.45 m
  RMSE X:           12539.70 m
  RMSE Y:           12807.88 m
  Std deviation:     4055.46 m
  Maximum error:    22474.03 m
  Minimum error:     5493.57 m

Transformation Matrix:
  a (scale X):         748.274129
  b (rotation):          2.195368
  c (translation X):     -3111080.38
  d (rotation):          2.978482
  e (scale Y):        -642.562130
  f (translation Y):      1625719.12

Derived Parameters:
  Pixel size X:       748.27 m/pixel
  Pixel size Y:       642.56 m/pixel
  Rotation:           0.1681 degrees

QUALITY ASSESSMENT
--------------------------------------------------------------------------------
Overall quality: POOR (RMSE: 17924.45 m)

================================================================================