================================================================================
GEOREFERENCING REPORT
================================================================================
Date: 2026-03-13 09:21:31
Source Raster: atlas/3_regional/12_continent_and_islands/43_queen_maud_land_and_enderby_land_p_136-141/maps/P_140_IV/P_140_IV.tiff
Target Raster: atlas/3_regional/12_continent_and_islands/43_queen_maud_land_and_enderby_land_p_136-141/maps/P_140_IV.tiff
Tie Points: atlas/3_regional/12_continent_and_islands/43_queen_maud_land_and_enderby_land_p_136-141/maps/P_140_IV/P_140_IV.gpkg

Target CRS: EPSG:3031
Number of tie points: 13
Source dimensions: 4886 x 8305 pixels
Source bands: 3

--------------------------------------------------------------------------------
CONTROL POINTS
--------------------------------------------------------------------------------
ID    Pixel X    Pixel Y    Map X        Map Y        Target X     Target Y    
--------------------------------------------------------------------------------
1     -950.3     755.1      -2860096     2863546      -2553329     2142497     
2     5870.2     785.5      2888687      2837927      2553329      2142497     
3     5847.2     7425.6     2869304      -2758760     2553329      -2142497    
4     -1399.5    6651.9     -3238728     -2106642     -2886579     -1666567    
5     2444.4     4090.4     1147         52347        0            0           
6     -514.6     4075.3     -2492877     65103        -2194494     0           
7     2470.9     634.0      23551        2965583      0            2194494     
8     5418.8     4103.8     2508174      41032        2194494      0           
9     2442.7     7537.9     -285         -2853438     0            -2194494    
10    2445.8     5821.0     2389         -1406298     0            -1089179    
11    3932.9     4097.0     1255775      46768        1089179      0           
12    968.6      4082.8     -1242710     58770        -1089179     0           
13    2450.9     2366.7     6667         1505155      0            1089179     

--------------------------------------------------------------------------------
RESIDUAL ANALYSIS
--------------------------------------------------------------------------------
ID    dX (m)       dY (m)       Residual (m)   
--------------------------------------------------------------------------------
1     7128.10      -15321.06    16898.07       
2     -9364.03     -14538.82    17293.42       
3     -11986.97    15032.29     19226.47       
4     18039.92     13403.10     22474.03       
5     -5490.22     -191.54      5493.57        
6     -19293.39    717.87       19306.74       
7     6778.99      20427.36     21522.82       
8     19821.94     41.43        19821.98       
9     790.08       -15070.82    15091.51       
10    -601.57      -20065.66    20074.68       
11    16219.97     -11.56       16219.98       
12    -17665.75    308.75       17668.45       
13    -4377.08     15268.66     15883.66       
--------------------------------------------------------------------------------

TRANSFORMATION STATISTICS
--------------------------------------------------------------------------------
Transformation type: Affine (1st-order polynomial, 6 parameters)
Number of GCPs used: 13
Degrees of freedom:  10

Residual Errors:
  Mean error:       17459.64 m
  RMSE (total):     17924.45 m
  RMSE X:           12539.70 m
  RMSE Y:           12807.88 m
  Std deviation:     4055.46 m
  Maximum error:    22474.03 m
  Minimum error:     5493.57 m

Transformation Matrix:
  a (scale X):         746.291946
  b (rotation):          2.189552
  c (translation X):     -1838653.21
  d (rotation):          2.970592
  e (scale Y):        -640.859979
  f (translation Y):      2613917.40

Derived Parameters:
  Pixel size X:       746.29 m/pixel
  Pixel size Y:       640.86 m/pixel
  Rotation:           0.1681 degrees

QUALITY ASSESSMENT
--------------------------------------------------------------------------------
Overall quality: POOR (RMSE: 17924.45 m)

================================================================================