================================================================================
GEOREFERENCING REPORT
================================================================================
Date: 2026-06-30 23:10:22
Source Raster: atlas/2_general/4_general_maps/10_antarctic_continent_p_19-20/maps/P_19_T/P_19_T.tiff
Target Raster: atlas/2_general/4_general_maps/10_antarctic_continent_p_19-20/maps/P_19_T.tiff
Tie Points: atlas/2_general/4_general_maps/10_antarctic_continent_p_19-20/maps/P_19_T/P_19_T.gpkg

Target CRS: EPSG:3031
Number of tie points: 21
Source dimensions: 2449 x 3246 pixels
Source bands: 3

--------------------------------------------------------------------------------
CONTROL POINTS
--------------------------------------------------------------------------------
ID    Pixel X    Pixel Y    Map X        Map Y        Target X     Target Y    
--------------------------------------------------------------------------------
1     561.3      1134.1     -1430109     1054307      -2553329     2142497     
2     1882.3     1128.8     1418596      1065689      2553329      2142497     
3     1886.0     2234.5     1426529      -1318751     2553329      -2142497    
4     481.7      2119.4     -1601879     -1070408     -2886579     -1666567    
5     1225.1     1684.8     1315         -133257      0            0           
6     652.7      1688.0     -1233159     -140155      -2194494     0           
7     1222.6     1111.1     -4204        1103976      0            2194494     
8     1797.1     1682.1     1234753      -127393      2194494      0           
9     1228.8     2256.3     9248         -1365661     0            -2194494    
10    1227.2     1969.8     5799         -747907      0            -1089179    
11    1510.8     1683.8     617344       -131187      1089179      0           
12    938.3      1686.4     -617129      -136706      -1089179     0           
13    1223.7     1397.4     -1790        486567       0            1089179     
14    493.5      2567.2     -1576355     -2036188     -2908317     -3465997    
15    1944.5     2918.0     1552770      -2792600     2895952      -5015936    
16    1219.7     537.2      -10413       2341553      0            4524538     
17    1957.5     803.7      1580709      1766914      2908317      3465997     
18    299.0      592.4      -1995780     2222555      -3722964     4436856     
19    1229.9     2545.0     11662        -1988243     0            -3333134    
20    1789.4     1782.4     1218197      -343659      2161155      -381070     
21    685.1      1492.4     -1163312     281683       -2062150     750561      

--------------------------------------------------------------------------------
RESIDUAL ANALYSIS
--------------------------------------------------------------------------------
ID    dX (m)       dY (m)       Residual (m)   
--------------------------------------------------------------------------------
1     -47194.42    64529.33     79945.91       
2     17116.58     20328.93     26575.23       
3     36093.64     -60713.45    70631.96       
4     -21665.96    -12788.54    25158.71       
5     86.53        -57.57       103.93         
6     -46231.12    15496.93     48759.32       
7     -12305.87    70918.41     71978.16       
8     44527.85     -17483.07    47837.09       
9     16852.38     -62247.07    64487.99       
10    9405.63      -36389.86    37585.74       
11    29124.31     -10333.42    30903.15       
12    -33331.33    7747.25      34219.84       
13    -6738.09     45716.37     46210.26       
14    48257.46     17738.65     51414.41       
15    -74546.65    111260.24    133925.52      
16    -25951.13    6992.48      26876.68       
17    -44948.59    -22945.50    50466.54       
18    93388.43     -77878.21    121599.40      
19    22430.08     -63597.28    67436.80       
20    48229.27     -32012.50    57886.64       
21    -52598.99    35717.88     63580.04       
--------------------------------------------------------------------------------

TRANSFORMATION STATISTICS
--------------------------------------------------------------------------------
Transformation type: Affine (1st-order polynomial, 6 parameters)
Number of GCPs used: 21
Degrees of freedom:  18

Residual Errors:
  Mean error:       55123.01 m
  RMSE (total):     62858.52 m
  RMSE X:           41310.71 m
  RMSE Y:           47377.41 m
  Std deviation:    30210.04 m
  Maximum error:   133925.52 m
  Minimum error:      103.93 m

Transformation Matrix:
  a (scale X):        3914.495736
  b (rotation):          4.139168
  c (translation X):     -4802573.32
  d (rotation):        -49.236977
  e (scale Y):       -3948.502178
  f (translation Y):      6712672.50

Derived Parameters:
  Pixel size X:      3914.50 m/pixel
  Pixel size Y:      3948.50 m/pixel
  Rotation:           0.0606 degrees

QUALITY ASSESSMENT
--------------------------------------------------------------------------------
Overall quality: POOR (RMSE: 62858.52 m)

================================================================================