================================================================================
GEOREFERENCING REPORT
================================================================================
Date: 2026-03-13 09:18:40
Source Raster: atlas/2_general/4_general_maps/11_enderby_land_igy_valley_pravda_coast_p_21/maps/P_21_IV/P_21_IV.tiff
Target Raster: atlas/2_general/4_general_maps/11_enderby_land_igy_valley_pravda_coast_p_21/maps/P_21_IV.tiff
Tie Points: atlas/2_general/4_general_maps/11_enderby_land_igy_valley_pravda_coast_p_21/maps/P_21_IV/P_21_IV.gpkg

Target CRS: EPSG:3031
Number of tie points: 13
Source dimensions: 8250 x 4813 pixels
Source bands: 3

--------------------------------------------------------------------------------
CONTROL POINTS
--------------------------------------------------------------------------------
ID    Pixel X    Pixel Y    Map X        Map Y        Target X     Target Y    
--------------------------------------------------------------------------------
1     754.2      -968.4     -2860096     2863546      -2553329     2142497     
2     7529.5     -938.2     2888687      2837927      2553329      2142497     
3     7506.7     5657.9     2869304      -2758760     2553329      -2142497    
4     307.9      4889.3     -3238728     -2106642     -2886579     -1666567    
5     4126.4     2344.8     1147         52347        0            0           
6     1187.0     2329.8     -2492877     65103        -2194494     0           
7     4152.8     -1088.7    23551        2965583      0            2194494     
8     7081.1     2358.1     2508174      41032        2194494      0           
9     4124.7     5769.5     -285         -2853438     0            -2194494    
10    4127.8     4063.9     2389         -1406298     0            -1089179    
11    5605.0     2351.4     1255775      46768        1089179      0           
12    2660.4     2337.2     -1242710     58770        -1089179     0           
13    4132.9     632.6      6667         1505155      0            1089179     

--------------------------------------------------------------------------------
RESIDUAL ANALYSIS
--------------------------------------------------------------------------------
ID    dX (m)       dY (m)       Residual (m)   
--------------------------------------------------------------------------------
1     7128.10      -15321.06    16898.07       
2     -9364.03     -14538.82    17293.42       
3     -11986.97    15032.29     19226.47       
4     18039.92     13403.10     22474.03       
5     -5490.22     -191.54      5493.57        
6     -19293.39    717.87       19306.74       
7     6778.99      20427.36     21522.82       
8     19821.94     41.43        19821.98       
9     790.08       -15070.82    15091.51       
10    -601.57      -20065.66    20074.68       
11    16219.97     -11.56       16219.98       
12    -17665.75    308.75       17668.45       
13    -4377.08     15268.66     15883.66       
--------------------------------------------------------------------------------

TRANSFORMATION STATISTICS
--------------------------------------------------------------------------------
Transformation type: Affine (1st-order polynomial, 6 parameters)
Number of GCPs used: 13
Degrees of freedom:  10

Residual Errors:
  Mean error:       17459.64 m
  RMSE (total):     17924.45 m
  RMSE X:           12539.70 m
  RMSE Y:           12807.88 m
  Std deviation:     4055.46 m
  Maximum error:    22474.03 m
  Minimum error:     5493.57 m

Transformation Matrix:
  a (scale X):         751.267225
  b (rotation):          2.204149
  c (translation X):     -3110651.46
  d (rotation):          2.990396
  e (scale Y):        -645.132379
  f (translation Y):      1500179.18

Derived Parameters:
  Pixel size X:       751.27 m/pixel
  Pixel size Y:       645.13 m/pixel
  Rotation:           0.1681 degrees

QUALITY ASSESSMENT
--------------------------------------------------------------------------------
Overall quality: POOR (RMSE: 17924.45 m)

================================================================================