================================================================================
GEOREFERENCING REPORT
================================================================================
Date: 2026-06-16 00:20:37
Source Raster: atlas/1_introductory/3_map_coverage/6_published_maps_of_antarctica_p_13-14/maps/P_13-14_I_A/P_13-14_I_A.tiff
Target Raster: atlas/1_introductory/3_map_coverage/6_published_maps_of_antarctica_p_13-14/maps/P_13-14_I_A.tiff
Tie Points: atlas/1_introductory/3_map_coverage/6_published_maps_of_antarctica_p_13-14/maps/P_13-14_I_A/P_13-14_I_A.gpkg

Target CRS: EPSG:3031
Number of tie points: 13
Source dimensions: 1239 x 2252 pixels
Source bands: 3

--------------------------------------------------------------------------------
CONTROL POINTS
--------------------------------------------------------------------------------
ID    Pixel X    Pixel Y    Map X        Map Y        Target X     Target Y    
--------------------------------------------------------------------------------
1     -300.6     204.8      -2860096     2863546      -2553329     2142497     
2     1548.8     213.0      2888687      2837927      2553329      2142497     
3     1542.6     2013.5     2869304      -2758760     2553329      -2142497    
4     -422.4     1803.7     -3238728     -2106642     -2886579     -1666567    
5     619.9      1109.2     1147         52347        0            0           
6     -182.5     1105.1     -2492877     65103        -2194494     0           
7     627.1      171.9      23551        2965583      0            2194494     
8     1426.4     1112.8     2508174      41032        2194494      0           
9     619.4      2044.0     -285         -2853438     0            -2194494    
10    620.3      1578.4     2389         -1406298     0            -1089179    
11    1023.5     1111.0     1255775      46768        1089179      0           
12    219.7      1107.1     -1242710     58770        -1089179     0           
13    621.6      641.8      6667         1505155      0            1089179     

--------------------------------------------------------------------------------
RESIDUAL ANALYSIS
--------------------------------------------------------------------------------
ID    dX (m)       dY (m)       Residual (m)   
--------------------------------------------------------------------------------
1     7128.10      -15321.06    16898.07       
2     -9364.03     -14538.82    17293.42       
3     -11986.97    15032.29     19226.47       
4     18039.92     13403.10     22474.03       
5     -5490.22     -191.54      5493.57        
6     -19293.39    717.87       19306.74       
7     6778.99      20427.36     21522.82       
8     19821.94     41.43        19821.98       
9     790.08       -15070.82    15091.51       
10    -601.57      -20065.66    20074.68       
11    16219.97     -11.56       16219.98       
12    -17665.75    308.75       17668.45       
13    -4377.08     15268.66     15883.66       
--------------------------------------------------------------------------------

TRANSFORMATION STATISTICS
--------------------------------------------------------------------------------
Transformation type: Affine (1st-order polynomial, 6 parameters)
Number of GCPs used: 13
Degrees of freedom:  10

Residual Errors:
  Mean error:       17459.64 m
  RMSE (total):     17924.45 m
  RMSE X:           12539.70 m
  RMSE Y:           12807.88 m
  Std deviation:     4055.46 m
  Maximum error:    22474.03 m
  Minimum error:     5493.57 m

Transformation Matrix:
  a (scale X):        2752.200093
  b (rotation):          8.074703
  c (translation X):     -1720449.94
  d (rotation):         10.955046
  e (scale Y):       -2363.384603
  f (translation Y):      2614387.91

Derived Parameters:
  Pixel size X:      2752.20 m/pixel
  Pixel size Y:      2363.38 m/pixel
  Rotation:           0.1681 degrees

QUALITY ASSESSMENT
--------------------------------------------------------------------------------
Overall quality: POOR (RMSE: 17924.45 m)

================================================================================