================================================================================
GEOREFERENCING REPORT
================================================================================
Date: 2026-06-30 23:10:28
Source Raster: atlas/2_general/4_general_maps/14_antarctic_peninsula_p_24/maps/P_24_VII/P_24_VII.tiff
Target Raster: atlas/2_general/4_general_maps/14_antarctic_peninsula_p_24/maps/P_24_VII.tiff
Tie Points: atlas/2_general/4_general_maps/14_antarctic_peninsula_p_24/maps/P_24_VII/P_24_VII.gpkg

Target CRS: EPSG:3031
Number of tie points: 19
Source dimensions: 4839 x 8328 pixels
Source bands: 3

--------------------------------------------------------------------------------
CONTROL POINTS
--------------------------------------------------------------------------------
ID    Pixel X    Pixel Y    Map X        Map Y        Target X     Target Y    
--------------------------------------------------------------------------------
1     1969.2     1303.9     -378477      2404003      -2592144     943463      
2     3441.1     1436.5     858691       2292561      -2388933     1379251     
3     770.3      3132.8     -1386177     866726       -2161155     381070      
4     1043.0     4849.6     -1156969     -576261      -1613886     284572      
5     1937.5     4782.0     -405157      -519436      -1485242     692580      
6     2827.5     4860.9     342930       -585790      -1419228     819392      
7     3693.9     5097.5     1071180      -784679      -1255381     1053390     
8     171.4      5066.2     -1889637     -758346      -1638783     0           
9     731.4      6710.8     -1418921     -2140696     -1089179     0           
10    176.3      6949.7     -1885479     -2341491     -1072632     -189134     
11    1316.3     6565.1     -927242      -2018209     -1072632     189134      
12    1919.9     6519.5     -419970      -1979921     -1023494     372521      
13    2523.7     6571.3     87562        -2023406     -943257      544590      
14    3106.3     6730.4     577249       -2157154     -834360      700111      
15    3657.7     6985.0     1040775      -2371138     -700111      834360      
16    4156.1     7325.1     1459690      -2657020     -544590      943257      
17    4591.5     7748.0     1825613      -3012461     -372521      1023494     
18    4282.4     3460.2     1565826      591542       -1681080     1410594     
19    3132.5     3149.6     599273       852628       -1900488     1097247     

--------------------------------------------------------------------------------
RESIDUAL ANALYSIS
--------------------------------------------------------------------------------
ID    dX (m)       dY (m)       Residual (m)   
--------------------------------------------------------------------------------
1     14507.79     15255.22     21052.26       
2     5802.47      1139.18      5913.24        
3     6180.53      23098.32     23910.91       
4     2616.06      13301.27     13556.09       
5     -52283.59    -122313.32   133019.26      
6     -1052.90     5983.91      6075.83        
7     -2831.13     2918.03      4065.74        
8     870.27       15987.36     16011.03       
9     3532.53      2689.69      4439.96        
10    302.89       1319.94      1354.25        
11    4760.00      2761.71      5503.15        
12    5398.80      3159.99      6255.61        
13    4158.66      4366.20      6029.77        
14    4243.26      4125.75      5918.37        
15    4342.53      5532.64      7033.32        
16    3252.05      7242.71      7939.31        
17    3814.28      9913.62      10622.08       
18    -6474.96     -1477.66     6641.42        
19    -1139.55     4995.42      5123.75        
--------------------------------------------------------------------------------

TRANSFORMATION STATISTICS
--------------------------------------------------------------------------------
Transformation type: Affine (1st-order polynomial, 6 parameters)
Number of GCPs used: 19
Degrees of freedom:  16

Residual Errors:
  Mean error:       15287.65 m
  RMSE (total):     32196.46 m
  RMSE X:           13017.24 m
  RMSE Y:           29447.64 m
  Std deviation:    28335.48 m
  Maximum error:   133019.26 m
  Minimum error:     1354.25 m

Transformation Matrix:
  a (scale X):         105.123931
  b (rotation):        300.008683
  c (translation X):     -3175836.57
  d (rotation):        296.302813
  e (scale Y):        -108.982345
  f (translation Y):       517337.41

Derived Parameters:
  Pixel size X:       105.12 m/pixel
  Pixel size Y:       108.98 m/pixel
  Rotation:          70.6894 degrees

QUALITY ASSESSMENT
--------------------------------------------------------------------------------
Overall quality: POOR (RMSE: 32196.46 m)
WARNING: Point 5 has unusually high residual.
         Consider checking this control point.

================================================================================