================================================================================
GEOREFERENCING REPORT
================================================================================
Date: 2026-06-16 00:20:48
Source Raster: atlas/2_general/5_aeronomy_and_physics_of_the_earth/20_gravity_measurements_p_49-54/maps/P_54_III_A/P_54_III_A.tiff
Target Raster: atlas/2_general/5_aeronomy_and_physics_of_the_earth/20_gravity_measurements_p_49-54/maps/P_54_III_A.tiff
Tie Points: atlas/2_general/5_aeronomy_and_physics_of_the_earth/20_gravity_measurements_p_49-54/maps/P_54_III_A/P_54_III_A.gpkg

Target CRS: EPSG:3031
Number of tie points: 13
Source dimensions: 5703 x 2293 pixels
Source bands: 3

--------------------------------------------------------------------------------
CONTROL POINTS
--------------------------------------------------------------------------------
ID    Pixel X    Pixel Y    Map X        Map Y        Target X     Target Y    
--------------------------------------------------------------------------------
1     521.3      -1186.5    -2860096     2863546      -2553329     2142497     
2     5205.0     -1165.6    2888687      2837927      2553329      2142497     
3     5189.2     3394.1     2869304      -2758760     2553329      -2142497    
4     212.9      2862.8     -3238728     -2106642     -2886579     -1666567    
5     2852.4     1103.9     1147         52347        0            0           
6     820.5      1093.5     -2492877     65103        -2194494     0           
7     2870.7     -1269.6    23551        2965583      0            2194494     
8     4894.9     1113.1     2508174      41032        2194494      0           
9     2851.3     3471.2     -285         -2853438     0            -2194494    
10    2853.4     2292.2     2389         -1406298     0            -1089179    
11    3874.6     1108.4     1255775      46768        1089179      0           
12    1839.0     1098.6     -1242710     58770        -1089179     0           
13    2856.9     -79.8      6667         1505155      0            1089179     

--------------------------------------------------------------------------------
RESIDUAL ANALYSIS
--------------------------------------------------------------------------------
ID    dX (m)       dY (m)       Residual (m)   
--------------------------------------------------------------------------------
1     7128.10      -15321.06    16898.07       
2     -9364.03     -14538.82    17293.42       
3     -11986.97    15032.29     19226.47       
4     18039.92     13403.10     22474.03       
5     -5490.22     -191.54      5493.57        
6     -19293.39    717.87       19306.74       
7     6778.99      20427.36     21522.82       
8     19821.94     41.43        19821.98       
9     790.08       -15070.82    15091.51       
10    -601.57      -20065.66    20074.68       
11    16219.97     -11.56       16219.98       
12    -17665.75    308.75       17668.45       
13    -4377.08     15268.66     15883.66       
--------------------------------------------------------------------------------

TRANSFORMATION STATISTICS
--------------------------------------------------------------------------------
Transformation type: Affine (1st-order polynomial, 6 parameters)
Number of GCPs used: 13
Degrees of freedom:  10

Residual Errors:
  Mean error:       17459.64 m
  RMSE (total):     17924.45 m
  RMSE X:           12539.70 m
  RMSE Y:           12807.88 m
  Std deviation:     4055.46 m
  Maximum error:    22474.03 m
  Minimum error:     5493.57 m

Transformation Matrix:
  a (scale X):        1086.788464
  b (rotation):          3.188538
  c (translation X):     -3109002.83
  d (rotation):          4.325927
  e (scale Y):        -933.253047
  f (translation Y):      1017642.73

Derived Parameters:
  Pixel size X:      1086.79 m/pixel
  Pixel size Y:       933.25 m/pixel
  Rotation:           0.1681 degrees

QUALITY ASSESSMENT
--------------------------------------------------------------------------------
Overall quality: POOR (RMSE: 17924.45 m)

================================================================================