================================================================================
GEOREFERENCING REPORT
================================================================================
Date: 2026-06-16 00:20:58
Source Raster: atlas/2_general/8_glaciation/29_ice_sheet_morphology_p_94-95/maps/P_94-95_II_Zh/P_94-95_II_Zh.tiff
Target Raster: atlas/2_general/8_glaciation/29_ice_sheet_morphology_p_94-95/maps/P_94-95_II_Zh.tiff
Tie Points: atlas/2_general/8_glaciation/29_ice_sheet_morphology_p_94-95/maps/P_94-95_II_Zh/P_94-95_II_Zh.gpkg

Target CRS: EPSG:3031
Number of tie points: 13
Source dimensions: 1137 x 875 pixels
Source bands: 3

--------------------------------------------------------------------------------
CONTROL POINTS
--------------------------------------------------------------------------------
ID    Pixel X    Pixel Y    Map X        Map Y        Target X     Target Y    
--------------------------------------------------------------------------------
1     103.9      -27.6      -2860096     2863546      -2553329     2142497     
2     1037.7     -23.5      2888687      2837927      2553329      2142497     
3     1034.6     885.6      2869304      -2758760     2553329      -2142497    
4     42.4       779.7      -3238728     -2106642     -2886579     -1666567    
5     568.7      429.0      1147         52347        0            0           
6     163.6      426.9      -2492877     65103        -2194494     0           
7     572.3      -44.2      23551        2965583      0            2194494     
8     975.9      430.8      2508174      41032        2194494      0           
9     568.5      901.0      -285         -2853438     0            -2194494    
10    568.9      665.9      2389         -1406298     0            -1089179    
11    772.5      429.9      1255775      46768        1089179      0           
12    366.6      428.0      -1242710     58770        -1089179     0           
13    569.6      193.0      6667         1505155      0            1089179     

--------------------------------------------------------------------------------
RESIDUAL ANALYSIS
--------------------------------------------------------------------------------
ID    dX (m)       dY (m)       Residual (m)   
--------------------------------------------------------------------------------
1     7128.10      -15321.06    16898.07       
2     -9364.03     -14538.82    17293.42       
3     -11986.97    15032.29     19226.47       
4     18039.92     13403.10     22474.03       
5     -5490.22     -191.54      5493.57        
6     -19293.39    717.87       19306.74       
7     6778.99      20427.36     21522.82       
8     19821.94     41.43        19821.98       
9     790.08       -15070.82    15091.51       
10    -601.57      -20065.66    20074.68       
11    16219.97     -11.56       16219.98       
12    -17665.75    308.75       17668.45       
13    -4377.08     15268.66     15883.66       
--------------------------------------------------------------------------------

TRANSFORMATION STATISTICS
--------------------------------------------------------------------------------
Transformation type: Affine (1st-order polynomial, 6 parameters)
Number of GCPs used: 13
Degrees of freedom:  10

Residual Errors:
  Mean error:       17459.64 m
  RMSE (total):     17924.45 m
  RMSE X:           12539.70 m
  RMSE Y:           12807.88 m
  Std deviation:     4055.46 m
  Maximum error:    22474.03 m
  Minimum error:     5493.57 m

Transformation Matrix:
  a (scale X):        5451.147413
  b (rotation):         15.993167
  c (translation X):     -3112344.18
  d (rotation):         21.698121
  e (scale Y):       -4681.039689
  f (translation Y):      1995622.98

Derived Parameters:
  Pixel size X:      5451.15 m/pixel
  Pixel size Y:      4681.04 m/pixel
  Rotation:           0.1681 degrees

QUALITY ASSESSMENT
--------------------------------------------------------------------------------
Overall quality: POOR (RMSE: 17924.45 m)

================================================================================