================================================================================
GEOREFERENCING REPORT
================================================================================
Date: 2026-01-05 23:48:10
Source Raster: atlas/2_general/9_waters_of_the_southern_ocean/32_wave_characteristics_p_100-102/maps/P_101_IV_georeferencing/P_101_IV.tiff
Target Raster: atlas/2_general/9_waters_of_the_southern_ocean/32_wave_characteristics_p_100-102/maps/P_101_IV.tiff
Tie Points: atlas/2_general/9_waters_of_the_southern_ocean/32_wave_characteristics_p_100-102/maps/P_101_IV_georeferencing/P_101_IV.gpkg

Target CRS: EPSG:3031
Number of tie points: 13
Source dimensions: 4147 x 4789 pixels
Source bands: 3

--------------------------------------------------------------------------------
CONTROL POINTS
--------------------------------------------------------------------------------
ID    Pixel X    Pixel Y    Map X        Map Y        Target X     Target Y    
--------------------------------------------------------------------------------
1     116.8      435.4      -2860096     2863546      -2553329     2142497     
2     4049.8     453.0      2888687      2837927      2553329      2142497     
3     4036.5     4281.9     2869304      -2758760     2553329      -2142497    
4     -142.3     3835.7     -3238728     -2106642     -2886579     -1666567    
5     2074.3     2358.7     1147         52347        0            0           
6     368.0      2350.0     -2492877     65103        -2194494     0           
7     2089.6     365.6      23551        2965583      0            2194494     
8     3789.4     2366.4     2508174      41032        2194494      0           
9     2073.3     4346.7     -285         -2853438     0            -2194494    
10    2075.1     3356.6     2389         -1406298     0            -1089179    
11    2932.6     2362.5     1255775      46768        1089179      0           
12    1223.3     2354.3     -1242710     58770        -1089179     0           
13    2078.1     1364.8     6667         1505155      0            1089179     

--------------------------------------------------------------------------------
RESIDUAL ANALYSIS
--------------------------------------------------------------------------------
ID    dX (m)       dY (m)       Residual (m)   
--------------------------------------------------------------------------------
1     7128.10      -15321.06    16898.07       
2     -9364.03     -14538.82    17293.42       
3     -11986.97    15032.29     19226.47       
4     18039.92     13403.10     22474.03       
5     -5490.22     -191.54      5493.57        
6     -19293.39    717.87       19306.74       
7     6778.99      20427.36     21522.82       
8     19821.94     41.43        19821.98       
9     790.08       -15070.82    15091.51       
10    -601.57      -20065.66    20074.68       
11    16219.97     -11.56       16219.98       
12    -17665.75    308.75       17668.45       
13    -4377.08     15268.66     15883.66       
--------------------------------------------------------------------------------

TRANSFORMATION STATISTICS
--------------------------------------------------------------------------------
Transformation type: Polynomial (affine)
Number of GCPs used: 13

Residual Errors:
  Mean error:       17459.64 m
  RMSE (total):     17924.45 m
  RMSE X:           12539.70 m
  RMSE Y:           12807.88 m
  Std deviation:     4055.46 m
  Maximum error:    22474.03 m
  Minimum error:     5493.57 m

Transformation Matrix:
  a (scale X):        1294.206433
  b (rotation):          3.797083
  c (translation X):     -2698999.02
  d (rotation):          5.151548
  e (scale Y):       -1111.368162
  f (translation Y):      2610492.82

Derived Parameters:
  Pixel size X:      1294.21 m/pixel
  Pixel size Y:      1111.37 m/pixel
  Rotation:           0.1681 degrees

QUALITY ASSESSMENT
--------------------------------------------------------------------------------
Overall quality: POOR (RMSE: 17924.45 m)

================================================================================