================================================================================
GEOREFERENCING REPORT
================================================================================
Date: 2026-01-05 23:49:02
Source Raster: atlas/3_regional/12_continent_and_islands/44_mac_robertson_land_and_princess_elizabeth_land_p_142-151/maps/P_145-146_Ib_georeferencing/P_145-146_Ib.tiff
Target Raster: atlas/3_regional/12_continent_and_islands/44_mac_robertson_land_and_princess_elizabeth_land_p_142-151/maps/P_145-146_Ib.tiff
Tie Points: atlas/3_regional/12_continent_and_islands/44_mac_robertson_land_and_princess_elizabeth_land_p_142-151/maps/P_145-146_Ib_georeferencing/P_145-146_Ib.gpkg

Target CRS: EPSG:3031
Number of tie points: 13
Source dimensions: 6073 x 5167 pixels
Source bands: 3

--------------------------------------------------------------------------------
CONTROL POINTS
--------------------------------------------------------------------------------
ID    Pixel X    Pixel Y    Map X        Map Y        Target X     Target Y    
--------------------------------------------------------------------------------
1     555.2      99.2       -2860096     2863546      -2553329     2142497     
2     5542.6     121.4      2888687      2837927      2553329      2142497     
3     5525.8     4976.9     2869304      -2758760     2553329      -2142497    
4     226.7      4411.2     -3238728     -2106642     -2886579     -1666567    
5     3037.5     2538.1     1147         52347        0            0           
6     873.8      2527.0     -2492877     65103        -2194494     0           
7     3056.9     10.6       23551        2965583      0            2194494     
8     5212.5     2547.9     2508174      41032        2194494      0           
9     3036.3     5059.1     -285         -2853438     0            -2194494    
10    3038.6     3803.6     2389         -1406298     0            -1089179    
11    4126.0     2542.9     1255775      46768        1089179      0           
12    1958.4     2532.5     -1242710     58770        -1089179     0           
13    3042.3     1277.7     6667         1505155      0            1089179     

--------------------------------------------------------------------------------
RESIDUAL ANALYSIS
--------------------------------------------------------------------------------
ID    dX (m)       dY (m)       Residual (m)   
--------------------------------------------------------------------------------
1     7128.10      -15321.06    16898.07       
2     -9364.03     -14538.82    17293.42       
3     -11986.97    15032.29     19226.47       
4     18039.92     13403.10     22474.03       
5     -5490.22     -191.54      5493.57        
6     -19293.39    717.87       19306.74       
7     6778.99      20427.36     21522.82       
8     19821.94     41.43        19821.98       
9     790.08       -15070.82    15091.51       
10    -601.57      -20065.66    20074.68       
11    16219.97     -11.56       16219.98       
12    -17665.75    308.75       17668.45       
13    -4377.08     15268.66     15883.66       
--------------------------------------------------------------------------------

TRANSFORMATION STATISTICS
--------------------------------------------------------------------------------
Transformation type: Polynomial (affine)
Number of GCPs used: 13

Residual Errors:
  Mean error:       17459.64 m
  RMSE (total):     17924.45 m
  RMSE X:           12539.70 m
  RMSE Y:           12807.88 m
  Std deviation:     4055.46 m
  Maximum error:    22474.03 m
  Minimum error:     5493.57 m

Transformation Matrix:
  a (scale X):        1020.575434
  b (rotation):          2.994275
  c (translation X):     -3113082.88
  d (rotation):          4.062368
  e (scale Y):        -876.394225
  f (translation Y):      2211832.59

Derived Parameters:
  Pixel size X:      1020.58 m/pixel
  Pixel size Y:       876.39 m/pixel
  Rotation:           0.1681 degrees

QUALITY ASSESSMENT
--------------------------------------------------------------------------------
Overall quality: POOR (RMSE: 17924.45 m)

================================================================================