================================================================================
GEOREFERENCING REPORT
================================================================================
Date: 2026-06-25 00:21:30
Source Raster: atlas/2_general/5_aeronomy_and_physics_of_the_earth/15_ionosphere_p_25-30/maps/P_27_III_Zh/P_27_III_Zh.tiff
Target Raster: atlas/2_general/5_aeronomy_and_physics_of_the_earth/15_ionosphere_p_25-30/maps/P_27_III_Zh.tiff
Tie Points: atlas/2_general/5_aeronomy_and_physics_of_the_earth/15_ionosphere_p_25-30/maps/P_27_III_Zh/P_27_III_Zh.gpkg

Target CRS: EPSG:3031
Number of tie points: 13
Source dimensions: 1519 x 1786 pixels
Source bands: 3

--------------------------------------------------------------------------------
CONTROL POINTS
--------------------------------------------------------------------------------
ID    Pixel X    Pixel Y    Map X        Map Y        Target X     Target Y    
--------------------------------------------------------------------------------
1     29.8       162.4      -2860096     2863546      -2553329     2142497     
2     1496.5     168.9      2888687      2837927      2553329      2142497     
3     1491.6     1596.9     2869304      -2758760     2553329      -2142497    
4     -66.8      1430.5     -3238728     -2106642     -2886579     -1666567    
5     759.8      879.6      1147         52347        0            0           
6     123.5      876.4      -2492877     65103        -2194494     0           
7     765.5      136.4      23551        2965583      0            2194494     
8     1399.4     882.5      2508174      41032        2194494      0           
9     759.4      1621.0     -285         -2853438     0            -2194494    
10    760.1      1251.8     2389         -1406298     0            -1089179    
11    1079.9     881.1      1255775      46768        1089179      0           
12    442.4      878.0      -1242710     58770        -1089179     0           
13    761.2      509.0      6667         1505155      0            1089179     

--------------------------------------------------------------------------------
RESIDUAL ANALYSIS
--------------------------------------------------------------------------------
ID    dX (m)       dY (m)       Residual (m)   
--------------------------------------------------------------------------------
1     7128.10      -15321.06    16898.07       
2     -9364.03     -14538.82    17293.42       
3     -11986.97    15032.29     19226.47       
4     18039.92     13403.10     22474.03       
5     -5490.22     -191.54      5493.57        
6     -19293.39    717.87       19306.74       
7     6778.99      20427.36     21522.82       
8     19821.94     41.43        19821.98       
9     790.08       -15070.82    15091.51       
10    -601.57      -20065.66    20074.68       
11    16219.97     -11.56       16219.98       
12    -17665.75    308.75       17668.45       
13    -4377.08     15268.66     15883.66       
--------------------------------------------------------------------------------

TRANSFORMATION STATISTICS
--------------------------------------------------------------------------------
Transformation type: Affine (1st-order polynomial, 6 parameters)
Number of GCPs used: 13
Degrees of freedom:  10

Residual Errors:
  Mean error:       17459.64 m
  RMSE (total):     17924.45 m
  RMSE X:           12539.70 m
  RMSE Y:           12807.88 m
  Std deviation:     4055.46 m
  Maximum error:    22474.03 m
  Minimum error:     5493.57 m

Transformation Matrix:
  a (scale X):        3470.299333
  b (rotation):         10.181540
  c (translation X):     -2651154.33
  d (rotation):         13.813417
  e (scale Y):       -2980.034785
  f (translation Y):      2610683.27

Derived Parameters:
  Pixel size X:      3470.30 m/pixel
  Pixel size Y:      2980.03 m/pixel
  Rotation:           0.1681 degrees

QUALITY ASSESSMENT
--------------------------------------------------------------------------------
Overall quality: POOR (RMSE: 17924.45 m)

================================================================================