================================================================================
GEOREFERENCING REPORT
================================================================================
Date: 2026-06-25 00:21:41
Source Raster: atlas/2_general/5_aeronomy_and_physics_of_the_earth/18_geomagnetism_p_34-41/maps/P_38_V/P_38_V.tiff
Target Raster: atlas/2_general/5_aeronomy_and_physics_of_the_earth/18_geomagnetism_p_34-41/maps/P_38_V.tiff
Tie Points: atlas/2_general/5_aeronomy_and_physics_of_the_earth/18_geomagnetism_p_34-41/maps/P_38_V/P_38_V.gpkg

Target CRS: EPSG:3031
Number of tie points: 13
Source dimensions: 2079 x 2374 pixels
Source bands: 3

--------------------------------------------------------------------------------
CONTROL POINTS
--------------------------------------------------------------------------------
ID    Pixel X    Pixel Y    Map X        Map Y        Target X     Target Y    
--------------------------------------------------------------------------------
1     69.5       215.8      -2860096     2863546      -2553329     2142497     
2     2019.2     224.5      2888687      2837927      2553329      2142497     
3     2012.6     2122.6     2869304      -2758760     2553329      -2142497    
4     -58.9      1901.5     -3238728     -2106642     -2886579     -1666567    
5     1039.9     1169.2     1147         52347        0            0           
6     194.1      1164.9     -2492877     65103        -2194494     0           
7     1047.5     181.2      23551        2965583      0            2194494     
8     1890.1     1173.1     2508174      41032        2194494      0           
9     1039.4     2154.7     -285         -2853438     0            -2194494    
10    1040.3     1663.9     2389         -1406298     0            -1089179    
11    1465.4     1171.1     1255775      46768        1089179      0           
12    618.0      1167.1     -1242710     58770        -1089179     0           
13    1041.8     676.5      6667         1505155      0            1089179     

--------------------------------------------------------------------------------
RESIDUAL ANALYSIS
--------------------------------------------------------------------------------
ID    dX (m)       dY (m)       Residual (m)   
--------------------------------------------------------------------------------
1     7128.10      -15321.06    16898.07       
2     -9364.03     -14538.82    17293.42       
3     -11986.97    15032.29     19226.47       
4     18039.92     13403.10     22474.03       
5     -5490.22     -191.54      5493.57        
6     -19293.39    717.87       19306.74       
7     6778.99      20427.36     21522.82       
8     19821.94     41.43        19821.98       
9     790.08       -15070.82    15091.51       
10    -601.57      -20065.66    20074.68       
11    16219.97     -11.56       16219.98       
12    -17665.75    308.75       17668.45       
13    -4377.08     15268.66     15883.66       
--------------------------------------------------------------------------------

TRANSFORMATION STATISTICS
--------------------------------------------------------------------------------
Transformation type: Affine (1st-order polynomial, 6 parameters)
Number of GCPs used: 13
Degrees of freedom:  10

Residual Errors:
  Mean error:       17459.64 m
  RMSE (total):     17924.45 m
  RMSE X:           12539.70 m
  RMSE Y:           12807.88 m
  Std deviation:     4055.46 m
  Maximum error:    22474.03 m
  Minimum error:     5493.57 m

Transformation Matrix:
  a (scale X):        2610.764368
  b (rotation):          7.659743
  c (translation X):     -2729351.54
  d (rotation):         10.392065
  e (scale Y):       -2241.930129
  f (translation Y):      2610372.01

Derived Parameters:
  Pixel size X:      2610.76 m/pixel
  Pixel size Y:      2241.93 m/pixel
  Rotation:           0.1681 degrees

QUALITY ASSESSMENT
--------------------------------------------------------------------------------
Overall quality: POOR (RMSE: 17924.45 m)

================================================================================